[
    {
        "func_name": "_add_test_info",
        "original": "@staticmethod\ndef _add_test_info(test_case: unittest.TestCase, status: TestStatus) -> None:\n    test_case_started_at: float = min(PDFTestRunner._test_id_to_start_time.values())\n    if id(test_case) in PDFTestRunner._test_id_to_start_time:\n        test_case_started_at = PDFTestRunner._test_id_to_start_time[id(test_case)]\n    PDFTestRunner._test_statuses.append(TestResult(file=test_case.__module__, method=test_case._testMethodName, class_name=test_case.__class__.__name__, started_at=test_case_started_at, status=status, stopped_at=time.time()))",
        "mutated": [
            "@staticmethod\ndef _add_test_info(test_case: unittest.TestCase, status: TestStatus) -> None:\n    if False:\n        i = 10\n    test_case_started_at: float = min(PDFTestRunner._test_id_to_start_time.values())\n    if id(test_case) in PDFTestRunner._test_id_to_start_time:\n        test_case_started_at = PDFTestRunner._test_id_to_start_time[id(test_case)]\n    PDFTestRunner._test_statuses.append(TestResult(file=test_case.__module__, method=test_case._testMethodName, class_name=test_case.__class__.__name__, started_at=test_case_started_at, status=status, stopped_at=time.time()))",
            "@staticmethod\ndef _add_test_info(test_case: unittest.TestCase, status: TestStatus) -> None:\n    if False:\n        i = 10\n        while True:\n            print('Mutation')\n    test_case_started_at: float = min(PDFTestRunner._test_id_to_start_time.values())\n    if id(test_case) in PDFTestRunner._test_id_to_start_time:\n        test_case_started_at = PDFTestRunner._test_id_to_start_time[id(test_case)]\n    PDFTestRunner._test_statuses.append(TestResult(file=test_case.__module__, method=test_case._testMethodName, class_name=test_case.__class__.__name__, started_at=test_case_started_at, status=status, stopped_at=time.time()))",
            "@staticmethod\ndef _add_test_info(test_case: unittest.TestCase, status: TestStatus) -> None:\n    if False:\n        i = 10\n        while True:\n            print('Mutation')\n        n = 10\n        dp = [0, 1]\n        for i in range(2, n + 1):\n            dp.append(dp[i - 1] + dp[i - 2])\n        print(dp[n])\n    test_case_started_at: float = min(PDFTestRunner._test_id_to_start_time.values())\n    if id(test_case) in PDFTestRunner._test_id_to_start_time:\n        test_case_started_at = PDFTestRunner._test_id_to_start_time[id(test_case)]\n    PDFTestRunner._test_statuses.append(TestResult(file=test_case.__module__, method=test_case._testMethodName, class_name=test_case.__class__.__name__, started_at=test_case_started_at, status=status, stopped_at=time.time()))",
            "@staticmethod\ndef _add_test_info(test_case: unittest.TestCase, status: TestStatus) -> None:\n    if False:\n        i = 10\n        while True:\n            print('Mutation')\n        n = 10\n        dp = [0, 1]\n        for i in range(2, n + 1):\n            dp.append(dp[i - 1] + dp[i - 2])\n        print(dp[n])\n\n        def dfs(node):\n            if node == None:\n                return []\n            left = dfs(node.left)\n            right = dfs(node.right)\n    test_case_started_at: float = min(PDFTestRunner._test_id_to_start_time.values())\n    if id(test_case) in PDFTestRunner._test_id_to_start_time:\n        test_case_started_at = PDFTestRunner._test_id_to_start_time[id(test_case)]\n    PDFTestRunner._test_statuses.append(TestResult(file=test_case.__module__, method=test_case._testMethodName, class_name=test_case.__class__.__name__, started_at=test_case_started_at, status=status, stopped_at=time.time()))",
            "@staticmethod\ndef _add_test_info(test_case: unittest.TestCase, status: TestStatus) -> None:\n    if False:\n        i = 10\n        while True:\n            print('Mutation')\n        dp = [0, 1]\n        for i in range(2, n + 1):\n            dp.append(dp[i - 1] + dp[i - 2])\n        print(dp[n])\n\n        def dfs(node):\n            if node == None:\n                return []\n            left = dfs(node.left)\n            right = dfs(node.right)\n        length = 15\n        if length <= 0:\n            return []\n        elif length == 1:\n            return [0]\n        sequence = [0, 1]\n        while len(sequence) < length:\n            next_value = sequence[-1] + sequence[-2]\n            sequence.append(next_value)\n        return sequence\n    test_case_started_at: float = min(PDFTestRunner._test_id_to_start_time.values())\n    if id(test_case) in PDFTestRunner._test_id_to_start_time:\n        test_case_started_at = PDFTestRunner._test_id_to_start_time[id(test_case)]\n    PDFTestRunner._test_statuses.append(TestResult(file=test_case.__module__, method=test_case._testMethodName, class_name=test_case.__class__.__name__, started_at=test_case_started_at, status=status, stopped_at=time.time()))"
        ]
    },
    {
        "func_name": "_build_pdf",
        "original": "@staticmethod\ndef _build_pdf(renderer: TestRenderer, report_name: Path, open_when_finished: bool) -> None:\n    PDFTestRunner._test_statuses.sort(key=lambda x: x.get_file() + '/' + x.get_class_name() + '/' + x.get_method())\n    logger.debug('creating empty Document')\n    doc: Document = Document()\n    logger.debug('adding (front) cover page(s) to Document')\n    renderer.build_pdf_front_cover_page(doc)\n    logger.debug('adding summary Page(s) to Document')\n    renderer.build_pdf_summary_page(doc, PDFTestRunner._test_statuses)\n    file_name_sorted: typing.List[str] = sorted([x for x in set([x.get_file() for x in PDFTestRunner._test_statuses])])\n    for (i, class_name) in enumerate(file_name_sorted):\n        logger.debug('building class level results %d/%d' % (i + 1, len(file_name_sorted)))\n        renderer.build_pdf_module_page(doc, [x for x in PDFTestRunner._test_statuses if x.get_file() == class_name])\n    logger.debug('adding (back) cover page(s) to Document')\n    renderer.build_pdf_back_cover_page(doc)\n    logger.debug('writing PDF to file')\n    with open(report_name, 'wb') as fh:\n        PDF.dumps(fh, doc)\n    if open_when_finished:\n        logger.debug('opening PDF')\n        subprocess.call(('xdg-open', report_name))",
        "mutated": [
            "@staticmethod\ndef _build_pdf(renderer: TestRenderer, report_name: Path, open_when_finished: bool) -> None:\n    if False:\n        i = 10\n    PDFTestRunner._test_statuses.sort(key=lambda x: x.get_file() + '/' + x.get_class_name() + '/' + x.get_method())\n    logger.debug('creating empty Document')\n    doc: Document = Document()\n    logger.debug('adding (front) cover page(s) to Document')\n    renderer.build_pdf_front_cover_page(doc)\n    logger.debug('adding summary Page(s) to Document')\n    renderer.build_pdf_summary_page(doc, PDFTestRunner._test_statuses)\n    file_name_sorted: typing.List[str] = sorted([x for x in set([x.get_file() for x in PDFTestRunner._test_statuses])])\n    for (i, class_name) in enumerate(file_name_sorted):\n        logger.debug('building class level results %d/%d' % (i + 1, len(file_name_sorted)))\n        renderer.build_pdf_module_page(doc, [x for x in PDFTestRunner._test_statuses if x.get_file() == class_name])\n    logger.debug('adding (back) cover page(s) to Document')\n    renderer.build_pdf_back_cover_page(doc)\n    logger.debug('writing PDF to file')\n    with open(report_name, 'wb') as fh:\n        PDF.dumps(fh, doc)\n    if open_when_finished:\n        logger.debug('opening PDF')\n        subprocess.call(('xdg-open', report_name))",
            "@staticmethod\ndef _build_pdf(renderer: TestRenderer, report_name: Path, open_when_finished: bool) -> None:\n    if False:\n        i = 10\n        while True:\n            print('Mutation')\n    PDFTestRunner._test_statuses.sort(key=lambda x: x.get_file() + '/' + x.get_class_name() + '/' + x.get_method())\n    logger.debug('creating empty Document')\n    doc: Document = Document()\n    logger.debug('adding (front) cover page(s) to Document')\n    renderer.build_pdf_front_cover_page(doc)\n    logger.debug('adding summary Page(s) to Document')\n    renderer.build_pdf_summary_page(doc, PDFTestRunner._test_statuses)\n    file_name_sorted: typing.List[str] = sorted([x for x in set([x.get_file() for x in PDFTestRunner._test_statuses])])\n    for (i, class_name) in enumerate(file_name_sorted):\n        logger.debug('building class level results %d/%d' % (i + 1, len(file_name_sorted)))\n        renderer.build_pdf_module_page(doc, [x for x in PDFTestRunner._test_statuses if x.get_file() == class_name])\n    logger.debug('adding (back) cover page(s) to Document')\n    renderer.build_pdf_back_cover_page(doc)\n    logger.debug('writing PDF to file')\n    with open(report_name, 'wb') as fh:\n        PDF.dumps(fh, doc)\n    if open_when_finished:\n        logger.debug('opening PDF')\n        subprocess.call(('xdg-open', report_name))",
            "@staticmethod\ndef _build_pdf(renderer: TestRenderer, report_name: Path, open_when_finished: bool) -> None:\n    if False:\n        i = 10\n        while True:\n            print('Mutation')\n        n = 10\n        dp = [0, 1]\n        for i in range(2, n + 1):\n            dp.append(dp[i - 1] + dp[i - 2])\n        print(dp[n])\n    PDFTestRunner._test_statuses.sort(key=lambda x: x.get_file() + '/' + x.get_class_name() + '/' + x.get_method())\n    logger.debug('creating empty Document')\n    doc: Document = Document()\n    logger.debug('adding (front) cover page(s) to Document')\n    renderer.build_pdf_front_cover_page(doc)\n    logger.debug('adding summary Page(s) to Document')\n    renderer.build_pdf_summary_page(doc, PDFTestRunner._test_statuses)\n    file_name_sorted: typing.List[str] = sorted([x for x in set([x.get_file() for x in PDFTestRunner._test_statuses])])\n    for (i, class_name) in enumerate(file_name_sorted):\n        logger.debug('building class level results %d/%d' % (i + 1, len(file_name_sorted)))\n        renderer.build_pdf_module_page(doc, [x for x in PDFTestRunner._test_statuses if x.get_file() == class_name])\n    logger.debug('adding (back) cover page(s) to Document')\n    renderer.build_pdf_back_cover_page(doc)\n    logger.debug('writing PDF to file')\n    with open(report_name, 'wb') as fh:\n        PDF.dumps(fh, doc)\n    if open_when_finished:\n        logger.debug('opening PDF')\n        subprocess.call(('xdg-open', report_name))",
            "@staticmethod\ndef _build_pdf(renderer: TestRenderer, report_name: Path, open_when_finished: bool) -> None:\n    if False:\n        i = 10\n        while True:\n            print('Mutation')\n        n = 10\n        dp = [0, 1]\n        for i in range(2, n + 1):\n            dp.append(dp[i - 1] + dp[i - 2])\n        print(dp[n])\n\n        def dfs(node):\n            if node == None:\n                return []\n            left = dfs(node.left)\n            right = dfs(node.right)\n    PDFTestRunner._test_statuses.sort(key=lambda x: x.get_file() + '/' + x.get_class_name() + '/' + x.get_method())\n    logger.debug('creating empty Document')\n    doc: Document = Document()\n    logger.debug('adding (front) cover page(s) to Document')\n    renderer.build_pdf_front_cover_page(doc)\n    logger.debug('adding summary Page(s) to Document')\n    renderer.build_pdf_summary_page(doc, PDFTestRunner._test_statuses)\n    file_name_sorted: typing.List[str] = sorted([x for x in set([x.get_file() for x in PDFTestRunner._test_statuses])])\n    for (i, class_name) in enumerate(file_name_sorted):\n        logger.debug('building class level results %d/%d' % (i + 1, len(file_name_sorted)))\n        renderer.build_pdf_module_page(doc, [x for x in PDFTestRunner._test_statuses if x.get_file() == class_name])\n    logger.debug('adding (back) cover page(s) to Document')\n    renderer.build_pdf_back_cover_page(doc)\n    logger.debug('writing PDF to file')\n    with open(report_name, 'wb') as fh:\n        PDF.dumps(fh, doc)\n    if open_when_finished:\n        logger.debug('opening PDF')\n        subprocess.call(('xdg-open', report_name))",
            "@staticmethod\ndef _build_pdf(renderer: TestRenderer, report_name: Path, open_when_finished: bool) -> None:\n    if False:\n        i = 10\n        while True:\n            print('Mutation')\n        dp = [0, 1]\n        for i in range(2, n + 1):\n            dp.append(dp[i - 1] + dp[i - 2])\n        print(dp[n])\n\n        def dfs(node):\n            if node == None:\n                return []\n            left = dfs(node.left)\n            right = dfs(node.right)\n        length = 15\n        if length <= 0:\n            return []\n        elif length == 1:\n            return [0]\n        sequence = [0, 1]\n        while len(sequence) < length:\n            next_value = sequence[-1] + sequence[-2]\n            sequence.append(next_value)\n        return sequence\n    PDFTestRunner._test_statuses.sort(key=lambda x: x.get_file() + '/' + x.get_class_name() + '/' + x.get_method())\n    logger.debug('creating empty Document')\n    doc: Document = Document()\n    logger.debug('adding (front) cover page(s) to Document')\n    renderer.build_pdf_front_cover_page(doc)\n    logger.debug('adding summary Page(s) to Document')\n    renderer.build_pdf_summary_page(doc, PDFTestRunner._test_statuses)\n    file_name_sorted: typing.List[str] = sorted([x for x in set([x.get_file() for x in PDFTestRunner._test_statuses])])\n    for (i, class_name) in enumerate(file_name_sorted):\n        logger.debug('building class level results %d/%d' % (i + 1, len(file_name_sorted)))\n        renderer.build_pdf_module_page(doc, [x for x in PDFTestRunner._test_statuses if x.get_file() == class_name])\n    logger.debug('adding (back) cover page(s) to Document')\n    renderer.build_pdf_back_cover_page(doc)\n    logger.debug('writing PDF to file')\n    with open(report_name, 'wb') as fh:\n        PDF.dumps(fh, doc)\n    if open_when_finished:\n        logger.debug('opening PDF')\n        subprocess.call(('xdg-open', report_name))"
        ]
    },
    {
        "func_name": "new_add_error",
        "original": "def new_add_error(t: unittest.TestCase, err: typing.Any):\n    \"\"\"\n            Called when an error has occurred. 'err' is a tuple of values as\n            returned by sys.exc_info().\n            :param t:\n            :param err:\n            :return:\n            \"\"\"\n    PDFTestRunner._add_test_info(t, TestStatus.ERROR)\n    prev_add_error(t, err)",
        "mutated": [
            "def new_add_error(t: unittest.TestCase, err: typing.Any):\n    if False:\n        i = 10\n    \"\\n            Called when an error has occurred. 'err' is a tuple of values as\\n            returned by sys.exc_info().\\n            :param t:\\n            :param err:\\n            :return:\\n            \"\n    PDFTestRunner._add_test_info(t, TestStatus.ERROR)\n    prev_add_error(t, err)",
            "def new_add_error(t: unittest.TestCase, err: typing.Any):\n    if False:\n        i = 10\n        while True:\n            print('Mutation')\n    \"\\n            Called when an error has occurred. 'err' is a tuple of values as\\n            returned by sys.exc_info().\\n            :param t:\\n            :param err:\\n            :return:\\n            \"\n    PDFTestRunner._add_test_info(t, TestStatus.ERROR)\n    prev_add_error(t, err)",
            "def new_add_error(t: unittest.TestCase, err: typing.Any):\n    if False:\n        i = 10\n        while True:\n            print('Mutation')\n        n = 10\n        dp = [0, 1]\n        for i in range(2, n + 1):\n            dp.append(dp[i - 1] + dp[i - 2])\n        print(dp[n])\n    \"\\n            Called when an error has occurred. 'err' is a tuple of values as\\n            returned by sys.exc_info().\\n            :param t:\\n            :param err:\\n            :return:\\n            \"\n    PDFTestRunner._add_test_info(t, TestStatus.ERROR)\n    prev_add_error(t, err)",
            "def new_add_error(t: unittest.TestCase, err: typing.Any):\n    if False:\n        i = 10\n        while True:\n            print('Mutation')\n        n = 10\n        dp = [0, 1]\n        for i in range(2, n + 1):\n            dp.append(dp[i - 1] + dp[i - 2])\n        print(dp[n])\n\n        def dfs(node):\n            if node == None:\n                return []\n            left = dfs(node.left)\n            right = dfs(node.right)\n    \"\\n            Called when an error has occurred. 'err' is a tuple of values as\\n            returned by sys.exc_info().\\n            :param t:\\n            :param err:\\n            :return:\\n            \"\n    PDFTestRunner._add_test_info(t, TestStatus.ERROR)\n    prev_add_error(t, err)",
            "def new_add_error(t: unittest.TestCase, err: typing.Any):\n    if False:\n        i = 10\n        while True:\n            print('Mutation')\n        dp = [0, 1]\n        for i in range(2, n + 1):\n            dp.append(dp[i - 1] + dp[i - 2])\n        print(dp[n])\n\n        def dfs(node):\n            if node == None:\n                return []\n            left = dfs(node.left)\n            right = dfs(node.right)\n        length = 15\n        if length <= 0:\n            return []\n        elif length == 1:\n            return [0]\n        sequence = [0, 1]\n        while len(sequence) < length:\n            next_value = sequence[-1] + sequence[-2]\n            sequence.append(next_value)\n        return sequence\n    \"\\n            Called when an error has occurred. 'err' is a tuple of values as\\n            returned by sys.exc_info().\\n            :param t:\\n            :param err:\\n            :return:\\n            \"\n    PDFTestRunner._add_test_info(t, TestStatus.ERROR)\n    prev_add_error(t, err)"
        ]
    },
    {
        "func_name": "new_add_expected_failure",
        "original": "def new_add_expected_failure(t: unittest.TestCase, err: str):\n    \"\"\"\n            Called when an expected failure/error occurred.\"\n            :param t:\n            :param err:\n            :return:\n            \"\"\"\n    PDFTestRunner._add_test_info(t, TestStatus.EXPECTED_FAILURE)\n    prev_add_expected_failure(t, err)",
        "mutated": [
            "def new_add_expected_failure(t: unittest.TestCase, err: str):\n    if False:\n        i = 10\n    '\\n            Called when an expected failure/error occurred.\"\\n            :param t:\\n            :param err:\\n            :return:\\n            '\n    PDFTestRunner._add_test_info(t, TestStatus.EXPECTED_FAILURE)\n    prev_add_expected_failure(t, err)",
            "def new_add_expected_failure(t: unittest.TestCase, err: str):\n    if False:\n        i = 10\n        while True:\n            print('Mutation')\n    '\\n            Called when an expected failure/error occurred.\"\\n            :param t:\\n            :param err:\\n            :return:\\n            '\n    PDFTestRunner._add_test_info(t, TestStatus.EXPECTED_FAILURE)\n    prev_add_expected_failure(t, err)",
            "def new_add_expected_failure(t: unittest.TestCase, err: str):\n    if False:\n        i = 10\n        while True:\n            print('Mutation')\n        n = 10\n        dp = [0, 1]\n        for i in range(2, n + 1):\n            dp.append(dp[i - 1] + dp[i - 2])\n        print(dp[n])\n    '\\n            Called when an expected failure/error occurred.\"\\n            :param t:\\n            :param err:\\n            :return:\\n            '\n    PDFTestRunner._add_test_info(t, TestStatus.EXPECTED_FAILURE)\n    prev_add_expected_failure(t, err)",
            "def new_add_expected_failure(t: unittest.TestCase, err: str):\n    if False:\n        i = 10\n        while True:\n            print('Mutation')\n        n = 10\n        dp = [0, 1]\n        for i in range(2, n + 1):\n            dp.append(dp[i - 1] + dp[i - 2])\n        print(dp[n])\n\n        def dfs(node):\n            if node == None:\n                return []\n            left = dfs(node.left)\n            right = dfs(node.right)\n    '\\n            Called when an expected failure/error occurred.\"\\n            :param t:\\n            :param err:\\n            :return:\\n            '\n    PDFTestRunner._add_test_info(t, TestStatus.EXPECTED_FAILURE)\n    prev_add_expected_failure(t, err)",
            "def new_add_expected_failure(t: unittest.TestCase, err: str):\n    if False:\n        i = 10\n        while True:\n            print('Mutation')\n        dp = [0, 1]\n        for i in range(2, n + 1):\n            dp.append(dp[i - 1] + dp[i - 2])\n        print(dp[n])\n\n        def dfs(node):\n            if node == None:\n                return []\n            left = dfs(node.left)\n            right = dfs(node.right)\n        length = 15\n        if length <= 0:\n            return []\n        elif length == 1:\n            return [0]\n        sequence = [0, 1]\n        while len(sequence) < length:\n            next_value = sequence[-1] + sequence[-2]\n            sequence.append(next_value)\n        return sequence\n    '\\n            Called when an expected failure/error occurred.\"\\n            :param t:\\n            :param err:\\n            :return:\\n            '\n    PDFTestRunner._add_test_info(t, TestStatus.EXPECTED_FAILURE)\n    prev_add_expected_failure(t, err)"
        ]
    },
    {
        "func_name": "new_add_failure",
        "original": "def new_add_failure(t: unittest.TestCase, err: typing.Any):\n    \"\"\"\n            Called when an error has occurred. 'err' is a tuple of values as\n            returned by sys.exc_info().\n            :param t:\n            :param err:\n            :return:\n            \"\"\"\n    PDFTestRunner._add_test_info(t, TestStatus.FAILURE)\n    prev_add_failure(t, err)",
        "mutated": [
            "def new_add_failure(t: unittest.TestCase, err: typing.Any):\n    if False:\n        i = 10\n    \"\\n            Called when an error has occurred. 'err' is a tuple of values as\\n            returned by sys.exc_info().\\n            :param t:\\n            :param err:\\n            :return:\\n            \"\n    PDFTestRunner._add_test_info(t, TestStatus.FAILURE)\n    prev_add_failure(t, err)",
            "def new_add_failure(t: unittest.TestCase, err: typing.Any):\n    if False:\n        i = 10\n        while True:\n            print('Mutation')\n    \"\\n            Called when an error has occurred. 'err' is a tuple of values as\\n            returned by sys.exc_info().\\n            :param t:\\n            :param err:\\n            :return:\\n            \"\n    PDFTestRunner._add_test_info(t, TestStatus.FAILURE)\n    prev_add_failure(t, err)",
            "def new_add_failure(t: unittest.TestCase, err: typing.Any):\n    if False:\n        i = 10\n        while True:\n            print('Mutation')\n        n = 10\n        dp = [0, 1]\n        for i in range(2, n + 1):\n            dp.append(dp[i - 1] + dp[i - 2])\n        print(dp[n])\n    \"\\n            Called when an error has occurred. 'err' is a tuple of values as\\n            returned by sys.exc_info().\\n            :param t:\\n            :param err:\\n            :return:\\n            \"\n    PDFTestRunner._add_test_info(t, TestStatus.FAILURE)\n    prev_add_failure(t, err)",
            "def new_add_failure(t: unittest.TestCase, err: typing.Any):\n    if False:\n        i = 10\n        while True:\n            print('Mutation')\n        n = 10\n        dp = [0, 1]\n        for i in range(2, n + 1):\n            dp.append(dp[i - 1] + dp[i - 2])\n        print(dp[n])\n\n        def dfs(node):\n            if node == None:\n                return []\n            left = dfs(node.left)\n            right = dfs(node.right)\n    \"\\n            Called when an error has occurred. 'err' is a tuple of values as\\n            returned by sys.exc_info().\\n            :param t:\\n            :param err:\\n            :return:\\n            \"\n    PDFTestRunner._add_test_info(t, TestStatus.FAILURE)\n    prev_add_failure(t, err)",
            "def new_add_failure(t: unittest.TestCase, err: typing.Any):\n    if False:\n        i = 10\n        while True:\n            print('Mutation')\n        dp = [0, 1]\n        for i in range(2, n + 1):\n            dp.append(dp[i - 1] + dp[i - 2])\n        print(dp[n])\n\n        def dfs(node):\n            if node == None:\n                return []\n            left = dfs(node.left)\n            right = dfs(node.right)\n        length = 15\n        if length <= 0:\n            return []\n        elif length == 1:\n            return [0]\n        sequence = [0, 1]\n        while len(sequence) < length:\n            next_value = sequence[-1] + sequence[-2]\n            sequence.append(next_value)\n        return sequence\n    \"\\n            Called when an error has occurred. 'err' is a tuple of values as\\n            returned by sys.exc_info().\\n            :param t:\\n            :param err:\\n            :return:\\n            \"\n    PDFTestRunner._add_test_info(t, TestStatus.FAILURE)\n    prev_add_failure(t, err)"
        ]
    },
    {
        "func_name": "new_add_skip",
        "original": "def new_add_skip(t: unittest.TestCase, r: str):\n    \"\"\"\n            Called when a test is skipped.\n            :param t:\n            :param r:\n            :return:\n            \"\"\"\n    PDFTestRunner._add_test_info(t, TestStatus.SKIP)\n    prev_add_skip(t, r)",
        "mutated": [
            "def new_add_skip(t: unittest.TestCase, r: str):\n    if False:\n        i = 10\n    '\\n            Called when a test is skipped.\\n            :param t:\\n            :param r:\\n            :return:\\n            '\n    PDFTestRunner._add_test_info(t, TestStatus.SKIP)\n    prev_add_skip(t, r)",
            "def new_add_skip(t: unittest.TestCase, r: str):\n    if False:\n        i = 10\n        while True:\n            print('Mutation')\n    '\\n            Called when a test is skipped.\\n            :param t:\\n            :param r:\\n            :return:\\n            '\n    PDFTestRunner._add_test_info(t, TestStatus.SKIP)\n    prev_add_skip(t, r)",
            "def new_add_skip(t: unittest.TestCase, r: str):\n    if False:\n        i = 10\n        while True:\n            print('Mutation')\n        n = 10\n        dp = [0, 1]\n        for i in range(2, n + 1):\n            dp.append(dp[i - 1] + dp[i - 2])\n        print(dp[n])\n    '\\n            Called when a test is skipped.\\n            :param t:\\n            :param r:\\n            :return:\\n            '\n    PDFTestRunner._add_test_info(t, TestStatus.SKIP)\n    prev_add_skip(t, r)",
            "def new_add_skip(t: unittest.TestCase, r: str):\n    if False:\n        i = 10\n        while True:\n            print('Mutation')\n        n = 10\n        dp = [0, 1]\n        for i in range(2, n + 1):\n            dp.append(dp[i - 1] + dp[i - 2])\n        print(dp[n])\n\n        def dfs(node):\n            if node == None:\n                return []\n            left = dfs(node.left)\n            right = dfs(node.right)\n    '\\n            Called when a test is skipped.\\n            :param t:\\n            :param r:\\n            :return:\\n            '\n    PDFTestRunner._add_test_info(t, TestStatus.SKIP)\n    prev_add_skip(t, r)",
            "def new_add_skip(t: unittest.TestCase, r: str):\n    if False:\n        i = 10\n        while True:\n            print('Mutation')\n        dp = [0, 1]\n        for i in range(2, n + 1):\n            dp.append(dp[i - 1] + dp[i - 2])\n        print(dp[n])\n\n        def dfs(node):\n            if node == None:\n                return []\n            left = dfs(node.left)\n            right = dfs(node.right)\n        length = 15\n        if length <= 0:\n            return []\n        elif length == 1:\n            return [0]\n        sequence = [0, 1]\n        while len(sequence) < length:\n            next_value = sequence[-1] + sequence[-2]\n            sequence.append(next_value)\n        return sequence\n    '\\n            Called when a test is skipped.\\n            :param t:\\n            :param r:\\n            :return:\\n            '\n    PDFTestRunner._add_test_info(t, TestStatus.SKIP)\n    prev_add_skip(t, r)"
        ]
    },
    {
        "func_name": "new_add_success",
        "original": "def new_add_success(t: unittest.TestCase):\n    \"\"\"\n            Called when a test has completed successfully\n            :param t:\n            :return:\n            \"\"\"\n    PDFTestRunner._add_test_info(t, TestStatus.SUCCESS)\n    prev_add_success(t)",
        "mutated": [
            "def new_add_success(t: unittest.TestCase):\n    if False:\n        i = 10\n    '\\n            Called when a test has completed successfully\\n            :param t:\\n            :return:\\n            '\n    PDFTestRunner._add_test_info(t, TestStatus.SUCCESS)\n    prev_add_success(t)",
            "def new_add_success(t: unittest.TestCase):\n    if False:\n        i = 10\n        while True:\n            print('Mutation')\n    '\\n            Called when a test has completed successfully\\n            :param t:\\n            :return:\\n            '\n    PDFTestRunner._add_test_info(t, TestStatus.SUCCESS)\n    prev_add_success(t)",
            "def new_add_success(t: unittest.TestCase):\n    if False:\n        i = 10\n        while True:\n            print('Mutation')\n        n = 10\n        dp = [0, 1]\n        for i in range(2, n + 1):\n            dp.append(dp[i - 1] + dp[i - 2])\n        print(dp[n])\n    '\\n            Called when a test has completed successfully\\n            :param t:\\n            :return:\\n            '\n    PDFTestRunner._add_test_info(t, TestStatus.SUCCESS)\n    prev_add_success(t)",
            "def new_add_success(t: unittest.TestCase):\n    if False:\n        i = 10\n        while True:\n            print('Mutation')\n        n = 10\n        dp = [0, 1]\n        for i in range(2, n + 1):\n            dp.append(dp[i - 1] + dp[i - 2])\n        print(dp[n])\n\n        def dfs(node):\n            if node == None:\n                return []\n            left = dfs(node.left)\n            right = dfs(node.right)\n    '\\n            Called when a test has completed successfully\\n            :param t:\\n            :return:\\n            '\n    PDFTestRunner._add_test_info(t, TestStatus.SUCCESS)\n    prev_add_success(t)",
            "def new_add_success(t: unittest.TestCase):\n    if False:\n        i = 10\n        while True:\n            print('Mutation')\n        dp = [0, 1]\n        for i in range(2, n + 1):\n            dp.append(dp[i - 1] + dp[i - 2])\n        print(dp[n])\n\n        def dfs(node):\n            if node == None:\n                return []\n            left = dfs(node.left)\n            right = dfs(node.right)\n        length = 15\n        if length <= 0:\n            return []\n        elif length == 1:\n            return [0]\n        sequence = [0, 1]\n        while len(sequence) < length:\n            next_value = sequence[-1] + sequence[-2]\n            sequence.append(next_value)\n        return sequence\n    '\\n            Called when a test has completed successfully\\n            :param t:\\n            :return:\\n            '\n    PDFTestRunner._add_test_info(t, TestStatus.SUCCESS)\n    prev_add_success(t)"
        ]
    },
    {
        "func_name": "new_add_unexpected_success",
        "original": "def new_add_unexpected_success(t: unittest.TestCase):\n    \"\"\"\n            Called when a test was expected to fail, but succeed.\n            :param t:\n            :return:\n            \"\"\"\n    PDFTestRunner._add_test_info(t, TestStatus.UNEXPECTED_SUCCESS)\n    prev_add_unexpected_success(t)",
        "mutated": [
            "def new_add_unexpected_success(t: unittest.TestCase):\n    if False:\n        i = 10\n    '\\n            Called when a test was expected to fail, but succeed.\\n            :param t:\\n            :return:\\n            '\n    PDFTestRunner._add_test_info(t, TestStatus.UNEXPECTED_SUCCESS)\n    prev_add_unexpected_success(t)",
            "def new_add_unexpected_success(t: unittest.TestCase):\n    if False:\n        i = 10\n        while True:\n            print('Mutation')\n    '\\n            Called when a test was expected to fail, but succeed.\\n            :param t:\\n            :return:\\n            '\n    PDFTestRunner._add_test_info(t, TestStatus.UNEXPECTED_SUCCESS)\n    prev_add_unexpected_success(t)",
            "def new_add_unexpected_success(t: unittest.TestCase):\n    if False:\n        i = 10\n        while True:\n            print('Mutation')\n        n = 10\n        dp = [0, 1]\n        for i in range(2, n + 1):\n            dp.append(dp[i - 1] + dp[i - 2])\n        print(dp[n])\n    '\\n            Called when a test was expected to fail, but succeed.\\n            :param t:\\n            :return:\\n            '\n    PDFTestRunner._add_test_info(t, TestStatus.UNEXPECTED_SUCCESS)\n    prev_add_unexpected_success(t)",
            "def new_add_unexpected_success(t: unittest.TestCase):\n    if False:\n        i = 10\n        while True:\n            print('Mutation')\n        n = 10\n        dp = [0, 1]\n        for i in range(2, n + 1):\n            dp.append(dp[i - 1] + dp[i - 2])\n        print(dp[n])\n\n        def dfs(node):\n            if node == None:\n                return []\n            left = dfs(node.left)\n            right = dfs(node.right)\n    '\\n            Called when a test was expected to fail, but succeed.\\n            :param t:\\n            :return:\\n            '\n    PDFTestRunner._add_test_info(t, TestStatus.UNEXPECTED_SUCCESS)\n    prev_add_unexpected_success(t)",
            "def new_add_unexpected_success(t: unittest.TestCase):\n    if False:\n        i = 10\n        while True:\n            print('Mutation')\n        dp = [0, 1]\n        for i in range(2, n + 1):\n            dp.append(dp[i - 1] + dp[i - 2])\n        print(dp[n])\n\n        def dfs(node):\n            if node == None:\n                return []\n            left = dfs(node.left)\n            right = dfs(node.right)\n        length = 15\n        if length <= 0:\n            return []\n        elif length == 1:\n            return [0]\n        sequence = [0, 1]\n        while len(sequence) < length:\n            next_value = sequence[-1] + sequence[-2]\n            sequence.append(next_value)\n        return sequence\n    '\\n            Called when a test was expected to fail, but succeed.\\n            :param t:\\n            :return:\\n            '\n    PDFTestRunner._add_test_info(t, TestStatus.UNEXPECTED_SUCCESS)\n    prev_add_unexpected_success(t)"
        ]
    },
    {
        "func_name": "new_start_test",
        "original": "def new_start_test(t: unittest.TestCase):\n    \"\"\"\n            Called when the given test is about to be run\n            :param t:\n            :return:\n            \"\"\"\n    PDFTestRunner._test_id_to_start_time[id(t)] = time.time()\n    prev_start_test(t)",
        "mutated": [
            "def new_start_test(t: unittest.TestCase):\n    if False:\n        i = 10\n    '\\n            Called when the given test is about to be run\\n            :param t:\\n            :return:\\n            '\n    PDFTestRunner._test_id_to_start_time[id(t)] = time.time()\n    prev_start_test(t)",
            "def new_start_test(t: unittest.TestCase):\n    if False:\n        i = 10\n        while True:\n            print('Mutation')\n    '\\n            Called when the given test is about to be run\\n            :param t:\\n            :return:\\n            '\n    PDFTestRunner._test_id_to_start_time[id(t)] = time.time()\n    prev_start_test(t)",
            "def new_start_test(t: unittest.TestCase):\n    if False:\n        i = 10\n        while True:\n            print('Mutation')\n        n = 10\n        dp = [0, 1]\n        for i in range(2, n + 1):\n            dp.append(dp[i - 1] + dp[i - 2])\n        print(dp[n])\n    '\\n            Called when the given test is about to be run\\n            :param t:\\n            :return:\\n            '\n    PDFTestRunner._test_id_to_start_time[id(t)] = time.time()\n    prev_start_test(t)",
            "def new_start_test(t: unittest.TestCase):\n    if False:\n        i = 10\n        while True:\n            print('Mutation')\n        n = 10\n        dp = [0, 1]\n        for i in range(2, n + 1):\n            dp.append(dp[i - 1] + dp[i - 2])\n        print(dp[n])\n\n        def dfs(node):\n            if node == None:\n                return []\n            left = dfs(node.left)\n            right = dfs(node.right)\n    '\\n            Called when the given test is about to be run\\n            :param t:\\n            :return:\\n            '\n    PDFTestRunner._test_id_to_start_time[id(t)] = time.time()\n    prev_start_test(t)",
            "def new_start_test(t: unittest.TestCase):\n    if False:\n        i = 10\n        while True:\n            print('Mutation')\n        dp = [0, 1]\n        for i in range(2, n + 1):\n            dp.append(dp[i - 1] + dp[i - 2])\n        print(dp[n])\n\n        def dfs(node):\n            if node == None:\n                return []\n            left = dfs(node.left)\n            right = dfs(node.right)\n        length = 15\n        if length <= 0:\n            return []\n        elif length == 1:\n            return [0]\n        sequence = [0, 1]\n        while len(sequence) < length:\n            next_value = sequence[-1] + sequence[-2]\n            sequence.append(next_value)\n        return sequence\n    '\\n            Called when the given test is about to be run\\n            :param t:\\n            :return:\\n            '\n    PDFTestRunner._test_id_to_start_time[id(t)] = time.time()\n    prev_start_test(t)"
        ]
    },
    {
        "func_name": "new_start_test_run",
        "original": "def new_start_test_run():\n    \"\"\"\n            Called once before any tests are executed.\n            See startTest for a method called before each test.\n            :return:\n            \"\"\"\n    PDFTestRunner._test_id_to_start_time.clear()\n    PDFTestRunner._test_statuses.clear()\n    PDFTestRunner._test_id_to_start_time[-1] = time.time()\n    prev_start_test_run()",
        "mutated": [
            "def new_start_test_run():\n    if False:\n        i = 10\n    '\\n            Called once before any tests are executed.\\n            See startTest for a method called before each test.\\n            :return:\\n            '\n    PDFTestRunner._test_id_to_start_time.clear()\n    PDFTestRunner._test_statuses.clear()\n    PDFTestRunner._test_id_to_start_time[-1] = time.time()\n    prev_start_test_run()",
            "def new_start_test_run():\n    if False:\n        i = 10\n        while True:\n            print('Mutation')\n    '\\n            Called once before any tests are executed.\\n            See startTest for a method called before each test.\\n            :return:\\n            '\n    PDFTestRunner._test_id_to_start_time.clear()\n    PDFTestRunner._test_statuses.clear()\n    PDFTestRunner._test_id_to_start_time[-1] = time.time()\n    prev_start_test_run()",
            "def new_start_test_run():\n    if False:\n        i = 10\n        while True:\n            print('Mutation')\n        n = 10\n        dp = [0, 1]\n        for i in range(2, n + 1):\n            dp.append(dp[i - 1] + dp[i - 2])\n        print(dp[n])\n    '\\n            Called once before any tests are executed.\\n            See startTest for a method called before each test.\\n            :return:\\n            '\n    PDFTestRunner._test_id_to_start_time.clear()\n    PDFTestRunner._test_statuses.clear()\n    PDFTestRunner._test_id_to_start_time[-1] = time.time()\n    prev_start_test_run()",
            "def new_start_test_run():\n    if False:\n        i = 10\n        while True:\n            print('Mutation')\n        n = 10\n        dp = [0, 1]\n        for i in range(2, n + 1):\n            dp.append(dp[i - 1] + dp[i - 2])\n        print(dp[n])\n\n        def dfs(node):\n            if node == None:\n                return []\n            left = dfs(node.left)\n            right = dfs(node.right)\n    '\\n            Called once before any tests are executed.\\n            See startTest for a method called before each test.\\n            :return:\\n            '\n    PDFTestRunner._test_id_to_start_time.clear()\n    PDFTestRunner._test_statuses.clear()\n    PDFTestRunner._test_id_to_start_time[-1] = time.time()\n    prev_start_test_run()",
            "def new_start_test_run():\n    if False:\n        i = 10\n        while True:\n            print('Mutation')\n        dp = [0, 1]\n        for i in range(2, n + 1):\n            dp.append(dp[i - 1] + dp[i - 2])\n        print(dp[n])\n\n        def dfs(node):\n            if node == None:\n                return []\n            left = dfs(node.left)\n            right = dfs(node.right)\n        length = 15\n        if length <= 0:\n            return []\n        elif length == 1:\n            return [0]\n        sequence = [0, 1]\n        while len(sequence) < length:\n            next_value = sequence[-1] + sequence[-2]\n            sequence.append(next_value)\n        return sequence\n    '\\n            Called once before any tests are executed.\\n            See startTest for a method called before each test.\\n            :return:\\n            '\n    PDFTestRunner._test_id_to_start_time.clear()\n    PDFTestRunner._test_statuses.clear()\n    PDFTestRunner._test_id_to_start_time[-1] = time.time()\n    prev_start_test_run()"
        ]
    },
    {
        "func_name": "new_stop_test_run",
        "original": "def new_stop_test_run():\n    \"\"\"\n            Called once after all tests are executed.\n            See stopTest for a method called after each test.\n            :return:\n            \"\"\"\n    prev_stop_test_run()\n    PDFTestRunner._build_pdf(renderer=DefaultTestRenderer(), report_name=report_name, open_when_finished=True)",
        "mutated": [
            "def new_stop_test_run():\n    if False:\n        i = 10\n    '\\n            Called once after all tests are executed.\\n            See stopTest for a method called after each test.\\n            :return:\\n            '\n    prev_stop_test_run()\n    PDFTestRunner._build_pdf(renderer=DefaultTestRenderer(), report_name=report_name, open_when_finished=True)",
            "def new_stop_test_run():\n    if False:\n        i = 10\n        while True:\n            print('Mutation')\n    '\\n            Called once after all tests are executed.\\n            See stopTest for a method called after each test.\\n            :return:\\n            '\n    prev_stop_test_run()\n    PDFTestRunner._build_pdf(renderer=DefaultTestRenderer(), report_name=report_name, open_when_finished=True)",
            "def new_stop_test_run():\n    if False:\n        i = 10\n        while True:\n            print('Mutation')\n        n = 10\n        dp = [0, 1]\n        for i in range(2, n + 1):\n            dp.append(dp[i - 1] + dp[i - 2])\n        print(dp[n])\n    '\\n            Called once after all tests are executed.\\n            See stopTest for a method called after each test.\\n            :return:\\n            '\n    prev_stop_test_run()\n    PDFTestRunner._build_pdf(renderer=DefaultTestRenderer(), report_name=report_name, open_when_finished=True)",
            "def new_stop_test_run():\n    if False:\n        i = 10\n        while True:\n            print('Mutation')\n        n = 10\n        dp = [0, 1]\n        for i in range(2, n + 1):\n            dp.append(dp[i - 1] + dp[i - 2])\n        print(dp[n])\n\n        def dfs(node):\n            if node == None:\n                return []\n            left = dfs(node.left)\n            right = dfs(node.right)\n    '\\n            Called once after all tests are executed.\\n            See stopTest for a method called after each test.\\n            :return:\\n            '\n    prev_stop_test_run()\n    PDFTestRunner._build_pdf(renderer=DefaultTestRenderer(), report_name=report_name, open_when_finished=True)",
            "def new_stop_test_run():\n    if False:\n        i = 10\n        while True:\n            print('Mutation')\n        dp = [0, 1]\n        for i in range(2, n + 1):\n            dp.append(dp[i - 1] + dp[i - 2])\n        print(dp[n])\n\n        def dfs(node):\n            if node == None:\n                return []\n            left = dfs(node.left)\n            right = dfs(node.right)\n        length = 15\n        if length <= 0:\n            return []\n        elif length == 1:\n            return [0]\n        sequence = [0, 1]\n        while len(sequence) < length:\n            next_value = sequence[-1] + sequence[-2]\n            sequence.append(next_value)\n        return sequence\n    '\\n            Called once after all tests are executed.\\n            See stopTest for a method called after each test.\\n            :return:\\n            '\n    prev_stop_test_run()\n    PDFTestRunner._build_pdf(renderer=DefaultTestRenderer(), report_name=report_name, open_when_finished=True)"
        ]
    },
    {
        "func_name": "set_up",
        "original": "@staticmethod\ndef set_up(test_case: unittest.TestCase, report_name: Path=Path('Test Report %s.pdf' % datetime.datetime.now().strftime('%d-%m-%Y %H:%M:%S'))):\n    \"\"\"\n        This function sinks its hooks into the unittest framework and ensures\n        every test (result) is captured and its results can be output to PDF.\n        :param test_case:       the unittest.TestCase that provides the entrypoint into the unittest code\n        :param report_name:     the Path determining where to write the output PDF\n        :return:            None\n        \"\"\"\n    test_result: typing.Optional[unittest.TestResult] = None\n    try:\n        test_result = test_case._outcome.result\n    except:\n        pass\n    if test_result is None:\n        return\n    if PDFTestRunner._is_initialized:\n        return\n    PDFTestRunner._is_initialized = True\n    prev_add_error = test_result.addError\n\n    def new_add_error(t: unittest.TestCase, err: typing.Any):\n        \"\"\"\n            Called when an error has occurred. 'err' is a tuple of values as\n            returned by sys.exc_info().\n            :param t:\n            :param err:\n            :return:\n            \"\"\"\n        PDFTestRunner._add_test_info(t, TestStatus.ERROR)\n        prev_add_error(t, err)\n    test_result.addError = new_add_error\n    prev_add_expected_failure = test_result.addExpectedFailure\n\n    def new_add_expected_failure(t: unittest.TestCase, err: str):\n        \"\"\"\n            Called when an expected failure/error occurred.\"\n            :param t:\n            :param err:\n            :return:\n            \"\"\"\n        PDFTestRunner._add_test_info(t, TestStatus.EXPECTED_FAILURE)\n        prev_add_expected_failure(t, err)\n    test_result.addExpectedFailure = new_add_expected_failure\n    prev_add_failure = test_result.addFailure\n\n    def new_add_failure(t: unittest.TestCase, err: typing.Any):\n        \"\"\"\n            Called when an error has occurred. 'err' is a tuple of values as\n            returned by sys.exc_info().\n            :param t:\n            :param err:\n            :return:\n            \"\"\"\n        PDFTestRunner._add_test_info(t, TestStatus.FAILURE)\n        prev_add_failure(t, err)\n    test_result.addFailure = new_add_failure\n    prev_add_skip = test_result.addSkip\n\n    def new_add_skip(t: unittest.TestCase, r: str):\n        \"\"\"\n            Called when a test is skipped.\n            :param t:\n            :param r:\n            :return:\n            \"\"\"\n        PDFTestRunner._add_test_info(t, TestStatus.SKIP)\n        prev_add_skip(t, r)\n    test_result.addSkip = new_add_skip\n    prev_add_success = test_result.addSuccess\n\n    def new_add_success(t: unittest.TestCase):\n        \"\"\"\n            Called when a test has completed successfully\n            :param t:\n            :return:\n            \"\"\"\n        PDFTestRunner._add_test_info(t, TestStatus.SUCCESS)\n        prev_add_success(t)\n    test_result.addSuccess = new_add_success\n    prev_add_unexpected_success = test_result.addUnexpectedSuccess\n\n    def new_add_unexpected_success(t: unittest.TestCase):\n        \"\"\"\n            Called when a test was expected to fail, but succeed.\n            :param t:\n            :return:\n            \"\"\"\n        PDFTestRunner._add_test_info(t, TestStatus.UNEXPECTED_SUCCESS)\n        prev_add_unexpected_success(t)\n    test_result.addUnexpectedSuccess = new_add_unexpected_success\n    prev_start_test = test_result.startTest\n\n    def new_start_test(t: unittest.TestCase):\n        \"\"\"\n            Called when the given test is about to be run\n            :param t:\n            :return:\n            \"\"\"\n        PDFTestRunner._test_id_to_start_time[id(t)] = time.time()\n        prev_start_test(t)\n    test_result.startTest = new_start_test\n    prev_start_test_run = test_result.startTestRun\n\n    def new_start_test_run():\n        \"\"\"\n            Called once before any tests are executed.\n            See startTest for a method called before each test.\n            :return:\n            \"\"\"\n        PDFTestRunner._test_id_to_start_time.clear()\n        PDFTestRunner._test_statuses.clear()\n        PDFTestRunner._test_id_to_start_time[-1] = time.time()\n        prev_start_test_run()\n    test_result.startTestRun = new_start_test_run\n    prev_stop_test_run = test_result.stopTestRun\n\n    def new_stop_test_run():\n        \"\"\"\n            Called once after all tests are executed.\n            See stopTest for a method called after each test.\n            :return:\n            \"\"\"\n        prev_stop_test_run()\n        PDFTestRunner._build_pdf(renderer=DefaultTestRenderer(), report_name=report_name, open_when_finished=True)\n    test_result.stopTestRun = new_stop_test_run\n    PDFTestRunner._test_id_to_start_time[-1] = time.time()",
        "mutated": [
            "@staticmethod\ndef set_up(test_case: unittest.TestCase, report_name: Path=Path('Test Report %s.pdf' % datetime.datetime.now().strftime('%d-%m-%Y %H:%M:%S'))):\n    if False:\n        i = 10\n    '\\n        This function sinks its hooks into the unittest framework and ensures\\n        every test (result) is captured and its results can be output to PDF.\\n        :param test_case:       the unittest.TestCase that provides the entrypoint into the unittest code\\n        :param report_name:     the Path determining where to write the output PDF\\n        :return:            None\\n        '\n    test_result: typing.Optional[unittest.TestResult] = None\n    try:\n        test_result = test_case._outcome.result\n    except:\n        pass\n    if test_result is None:\n        return\n    if PDFTestRunner._is_initialized:\n        return\n    PDFTestRunner._is_initialized = True\n    prev_add_error = test_result.addError\n\n    def new_add_error(t: unittest.TestCase, err: typing.Any):\n        \"\"\"\n            Called when an error has occurred. 'err' is a tuple of values as\n            returned by sys.exc_info().\n            :param t:\n            :param err:\n            :return:\n            \"\"\"\n        PDFTestRunner._add_test_info(t, TestStatus.ERROR)\n        prev_add_error(t, err)\n    test_result.addError = new_add_error\n    prev_add_expected_failure = test_result.addExpectedFailure\n\n    def new_add_expected_failure(t: unittest.TestCase, err: str):\n        \"\"\"\n            Called when an expected failure/error occurred.\"\n            :param t:\n            :param err:\n            :return:\n            \"\"\"\n        PDFTestRunner._add_test_info(t, TestStatus.EXPECTED_FAILURE)\n        prev_add_expected_failure(t, err)\n    test_result.addExpectedFailure = new_add_expected_failure\n    prev_add_failure = test_result.addFailure\n\n    def new_add_failure(t: unittest.TestCase, err: typing.Any):\n        \"\"\"\n            Called when an error has occurred. 'err' is a tuple of values as\n            returned by sys.exc_info().\n            :param t:\n            :param err:\n            :return:\n            \"\"\"\n        PDFTestRunner._add_test_info(t, TestStatus.FAILURE)\n        prev_add_failure(t, err)\n    test_result.addFailure = new_add_failure\n    prev_add_skip = test_result.addSkip\n\n    def new_add_skip(t: unittest.TestCase, r: str):\n        \"\"\"\n            Called when a test is skipped.\n            :param t:\n            :param r:\n            :return:\n            \"\"\"\n        PDFTestRunner._add_test_info(t, TestStatus.SKIP)\n        prev_add_skip(t, r)\n    test_result.addSkip = new_add_skip\n    prev_add_success = test_result.addSuccess\n\n    def new_add_success(t: unittest.TestCase):\n        \"\"\"\n            Called when a test has completed successfully\n            :param t:\n            :return:\n            \"\"\"\n        PDFTestRunner._add_test_info(t, TestStatus.SUCCESS)\n        prev_add_success(t)\n    test_result.addSuccess = new_add_success\n    prev_add_unexpected_success = test_result.addUnexpectedSuccess\n\n    def new_add_unexpected_success(t: unittest.TestCase):\n        \"\"\"\n            Called when a test was expected to fail, but succeed.\n            :param t:\n            :return:\n            \"\"\"\n        PDFTestRunner._add_test_info(t, TestStatus.UNEXPECTED_SUCCESS)\n        prev_add_unexpected_success(t)\n    test_result.addUnexpectedSuccess = new_add_unexpected_success\n    prev_start_test = test_result.startTest\n\n    def new_start_test(t: unittest.TestCase):\n        \"\"\"\n            Called when the given test is about to be run\n            :param t:\n            :return:\n            \"\"\"\n        PDFTestRunner._test_id_to_start_time[id(t)] = time.time()\n        prev_start_test(t)\n    test_result.startTest = new_start_test\n    prev_start_test_run = test_result.startTestRun\n\n    def new_start_test_run():\n        \"\"\"\n            Called once before any tests are executed.\n            See startTest for a method called before each test.\n            :return:\n            \"\"\"\n        PDFTestRunner._test_id_to_start_time.clear()\n        PDFTestRunner._test_statuses.clear()\n        PDFTestRunner._test_id_to_start_time[-1] = time.time()\n        prev_start_test_run()\n    test_result.startTestRun = new_start_test_run\n    prev_stop_test_run = test_result.stopTestRun\n\n    def new_stop_test_run():\n        \"\"\"\n            Called once after all tests are executed.\n            See stopTest for a method called after each test.\n            :return:\n            \"\"\"\n        prev_stop_test_run()\n        PDFTestRunner._build_pdf(renderer=DefaultTestRenderer(), report_name=report_name, open_when_finished=True)\n    test_result.stopTestRun = new_stop_test_run\n    PDFTestRunner._test_id_to_start_time[-1] = time.time()",
            "@staticmethod\ndef set_up(test_case: unittest.TestCase, report_name: Path=Path('Test Report %s.pdf' % datetime.datetime.now().strftime('%d-%m-%Y %H:%M:%S'))):\n    if False:\n        i = 10\n        while True:\n            print('Mutation')\n    '\\n        This function sinks its hooks into the unittest framework and ensures\\n        every test (result) is captured and its results can be output to PDF.\\n        :param test_case:       the unittest.TestCase that provides the entrypoint into the unittest code\\n        :param report_name:     the Path determining where to write the output PDF\\n        :return:            None\\n        '\n    test_result: typing.Optional[unittest.TestResult] = None\n    try:\n        test_result = test_case._outcome.result\n    except:\n        pass\n    if test_result is None:\n        return\n    if PDFTestRunner._is_initialized:\n        return\n    PDFTestRunner._is_initialized = True\n    prev_add_error = test_result.addError\n\n    def new_add_error(t: unittest.TestCase, err: typing.Any):\n        \"\"\"\n            Called when an error has occurred. 'err' is a tuple of values as\n            returned by sys.exc_info().\n            :param t:\n            :param err:\n            :return:\n            \"\"\"\n        PDFTestRunner._add_test_info(t, TestStatus.ERROR)\n        prev_add_error(t, err)\n    test_result.addError = new_add_error\n    prev_add_expected_failure = test_result.addExpectedFailure\n\n    def new_add_expected_failure(t: unittest.TestCase, err: str):\n        \"\"\"\n            Called when an expected failure/error occurred.\"\n            :param t:\n            :param err:\n            :return:\n            \"\"\"\n        PDFTestRunner._add_test_info(t, TestStatus.EXPECTED_FAILURE)\n        prev_add_expected_failure(t, err)\n    test_result.addExpectedFailure = new_add_expected_failure\n    prev_add_failure = test_result.addFailure\n\n    def new_add_failure(t: unittest.TestCase, err: typing.Any):\n        \"\"\"\n            Called when an error has occurred. 'err' is a tuple of values as\n            returned by sys.exc_info().\n            :param t:\n            :param err:\n            :return:\n            \"\"\"\n        PDFTestRunner._add_test_info(t, TestStatus.FAILURE)\n        prev_add_failure(t, err)\n    test_result.addFailure = new_add_failure\n    prev_add_skip = test_result.addSkip\n\n    def new_add_skip(t: unittest.TestCase, r: str):\n        \"\"\"\n            Called when a test is skipped.\n            :param t:\n            :param r:\n            :return:\n            \"\"\"\n        PDFTestRunner._add_test_info(t, TestStatus.SKIP)\n        prev_add_skip(t, r)\n    test_result.addSkip = new_add_skip\n    prev_add_success = test_result.addSuccess\n\n    def new_add_success(t: unittest.TestCase):\n        \"\"\"\n            Called when a test has completed successfully\n            :param t:\n            :return:\n            \"\"\"\n        PDFTestRunner._add_test_info(t, TestStatus.SUCCESS)\n        prev_add_success(t)\n    test_result.addSuccess = new_add_success\n    prev_add_unexpected_success = test_result.addUnexpectedSuccess\n\n    def new_add_unexpected_success(t: unittest.TestCase):\n        \"\"\"\n            Called when a test was expected to fail, but succeed.\n            :param t:\n            :return:\n            \"\"\"\n        PDFTestRunner._add_test_info(t, TestStatus.UNEXPECTED_SUCCESS)\n        prev_add_unexpected_success(t)\n    test_result.addUnexpectedSuccess = new_add_unexpected_success\n    prev_start_test = test_result.startTest\n\n    def new_start_test(t: unittest.TestCase):\n        \"\"\"\n            Called when the given test is about to be run\n            :param t:\n            :return:\n            \"\"\"\n        PDFTestRunner._test_id_to_start_time[id(t)] = time.time()\n        prev_start_test(t)\n    test_result.startTest = new_start_test\n    prev_start_test_run = test_result.startTestRun\n\n    def new_start_test_run():\n        \"\"\"\n            Called once before any tests are executed.\n            See startTest for a method called before each test.\n            :return:\n            \"\"\"\n        PDFTestRunner._test_id_to_start_time.clear()\n        PDFTestRunner._test_statuses.clear()\n        PDFTestRunner._test_id_to_start_time[-1] = time.time()\n        prev_start_test_run()\n    test_result.startTestRun = new_start_test_run\n    prev_stop_test_run = test_result.stopTestRun\n\n    def new_stop_test_run():\n        \"\"\"\n            Called once after all tests are executed.\n            See stopTest for a method called after each test.\n            :return:\n            \"\"\"\n        prev_stop_test_run()\n        PDFTestRunner._build_pdf(renderer=DefaultTestRenderer(), report_name=report_name, open_when_finished=True)\n    test_result.stopTestRun = new_stop_test_run\n    PDFTestRunner._test_id_to_start_time[-1] = time.time()",
            "@staticmethod\ndef set_up(test_case: unittest.TestCase, report_name: Path=Path('Test Report %s.pdf' % datetime.datetime.now().strftime('%d-%m-%Y %H:%M:%S'))):\n    if False:\n        i = 10\n        while True:\n            print('Mutation')\n        n = 10\n        dp = [0, 1]\n        for i in range(2, n + 1):\n            dp.append(dp[i - 1] + dp[i - 2])\n        print(dp[n])\n    '\\n        This function sinks its hooks into the unittest framework and ensures\\n        every test (result) is captured and its results can be output to PDF.\\n        :param test_case:       the unittest.TestCase that provides the entrypoint into the unittest code\\n        :param report_name:     the Path determining where to write the output PDF\\n        :return:            None\\n        '\n    test_result: typing.Optional[unittest.TestResult] = None\n    try:\n        test_result = test_case._outcome.result\n    except:\n        pass\n    if test_result is None:\n        return\n    if PDFTestRunner._is_initialized:\n        return\n    PDFTestRunner._is_initialized = True\n    prev_add_error = test_result.addError\n\n    def new_add_error(t: unittest.TestCase, err: typing.Any):\n        \"\"\"\n            Called when an error has occurred. 'err' is a tuple of values as\n            returned by sys.exc_info().\n            :param t:\n            :param err:\n            :return:\n            \"\"\"\n        PDFTestRunner._add_test_info(t, TestStatus.ERROR)\n        prev_add_error(t, err)\n    test_result.addError = new_add_error\n    prev_add_expected_failure = test_result.addExpectedFailure\n\n    def new_add_expected_failure(t: unittest.TestCase, err: str):\n        \"\"\"\n            Called when an expected failure/error occurred.\"\n            :param t:\n            :param err:\n            :return:\n            \"\"\"\n        PDFTestRunner._add_test_info(t, TestStatus.EXPECTED_FAILURE)\n        prev_add_expected_failure(t, err)\n    test_result.addExpectedFailure = new_add_expected_failure\n    prev_add_failure = test_result.addFailure\n\n    def new_add_failure(t: unittest.TestCase, err: typing.Any):\n        \"\"\"\n            Called when an error has occurred. 'err' is a tuple of values as\n            returned by sys.exc_info().\n            :param t:\n            :param err:\n            :return:\n            \"\"\"\n        PDFTestRunner._add_test_info(t, TestStatus.FAILURE)\n        prev_add_failure(t, err)\n    test_result.addFailure = new_add_failure\n    prev_add_skip = test_result.addSkip\n\n    def new_add_skip(t: unittest.TestCase, r: str):\n        \"\"\"\n            Called when a test is skipped.\n            :param t:\n            :param r:\n            :return:\n            \"\"\"\n        PDFTestRunner._add_test_info(t, TestStatus.SKIP)\n        prev_add_skip(t, r)\n    test_result.addSkip = new_add_skip\n    prev_add_success = test_result.addSuccess\n\n    def new_add_success(t: unittest.TestCase):\n        \"\"\"\n            Called when a test has completed successfully\n            :param t:\n            :return:\n            \"\"\"\n        PDFTestRunner._add_test_info(t, TestStatus.SUCCESS)\n        prev_add_success(t)\n    test_result.addSuccess = new_add_success\n    prev_add_unexpected_success = test_result.addUnexpectedSuccess\n\n    def new_add_unexpected_success(t: unittest.TestCase):\n        \"\"\"\n            Called when a test was expected to fail, but succeed.\n            :param t:\n            :return:\n            \"\"\"\n        PDFTestRunner._add_test_info(t, TestStatus.UNEXPECTED_SUCCESS)\n        prev_add_unexpected_success(t)\n    test_result.addUnexpectedSuccess = new_add_unexpected_success\n    prev_start_test = test_result.startTest\n\n    def new_start_test(t: unittest.TestCase):\n        \"\"\"\n            Called when the given test is about to be run\n            :param t:\n            :return:\n            \"\"\"\n        PDFTestRunner._test_id_to_start_time[id(t)] = time.time()\n        prev_start_test(t)\n    test_result.startTest = new_start_test\n    prev_start_test_run = test_result.startTestRun\n\n    def new_start_test_run():\n        \"\"\"\n            Called once before any tests are executed.\n            See startTest for a method called before each test.\n            :return:\n            \"\"\"\n        PDFTestRunner._test_id_to_start_time.clear()\n        PDFTestRunner._test_statuses.clear()\n        PDFTestRunner._test_id_to_start_time[-1] = time.time()\n        prev_start_test_run()\n    test_result.startTestRun = new_start_test_run\n    prev_stop_test_run = test_result.stopTestRun\n\n    def new_stop_test_run():\n        \"\"\"\n            Called once after all tests are executed.\n            See stopTest for a method called after each test.\n            :return:\n            \"\"\"\n        prev_stop_test_run()\n        PDFTestRunner._build_pdf(renderer=DefaultTestRenderer(), report_name=report_name, open_when_finished=True)\n    test_result.stopTestRun = new_stop_test_run\n    PDFTestRunner._test_id_to_start_time[-1] = time.time()",
            "@staticmethod\ndef set_up(test_case: unittest.TestCase, report_name: Path=Path('Test Report %s.pdf' % datetime.datetime.now().strftime('%d-%m-%Y %H:%M:%S'))):\n    if False:\n        i = 10\n        while True:\n            print('Mutation')\n        n = 10\n        dp = [0, 1]\n        for i in range(2, n + 1):\n            dp.append(dp[i - 1] + dp[i - 2])\n        print(dp[n])\n\n        def dfs(node):\n            if node == None:\n                return []\n            left = dfs(node.left)\n            right = dfs(node.right)\n    '\\n        This function sinks its hooks into the unittest framework and ensures\\n        every test (result) is captured and its results can be output to PDF.\\n        :param test_case:       the unittest.TestCase that provides the entrypoint into the unittest code\\n        :param report_name:     the Path determining where to write the output PDF\\n        :return:            None\\n        '\n    test_result: typing.Optional[unittest.TestResult] = None\n    try:\n        test_result = test_case._outcome.result\n    except:\n        pass\n    if test_result is None:\n        return\n    if PDFTestRunner._is_initialized:\n        return\n    PDFTestRunner._is_initialized = True\n    prev_add_error = test_result.addError\n\n    def new_add_error(t: unittest.TestCase, err: typing.Any):\n        \"\"\"\n            Called when an error has occurred. 'err' is a tuple of values as\n            returned by sys.exc_info().\n            :param t:\n            :param err:\n            :return:\n            \"\"\"\n        PDFTestRunner._add_test_info(t, TestStatus.ERROR)\n        prev_add_error(t, err)\n    test_result.addError = new_add_error\n    prev_add_expected_failure = test_result.addExpectedFailure\n\n    def new_add_expected_failure(t: unittest.TestCase, err: str):\n        \"\"\"\n            Called when an expected failure/error occurred.\"\n            :param t:\n            :param err:\n            :return:\n            \"\"\"\n        PDFTestRunner._add_test_info(t, TestStatus.EXPECTED_FAILURE)\n        prev_add_expected_failure(t, err)\n    test_result.addExpectedFailure = new_add_expected_failure\n    prev_add_failure = test_result.addFailure\n\n    def new_add_failure(t: unittest.TestCase, err: typing.Any):\n        \"\"\"\n            Called when an error has occurred. 'err' is a tuple of values as\n            returned by sys.exc_info().\n            :param t:\n            :param err:\n            :return:\n            \"\"\"\n        PDFTestRunner._add_test_info(t, TestStatus.FAILURE)\n        prev_add_failure(t, err)\n    test_result.addFailure = new_add_failure\n    prev_add_skip = test_result.addSkip\n\n    def new_add_skip(t: unittest.TestCase, r: str):\n        \"\"\"\n            Called when a test is skipped.\n            :param t:\n            :param r:\n            :return:\n            \"\"\"\n        PDFTestRunner._add_test_info(t, TestStatus.SKIP)\n        prev_add_skip(t, r)\n    test_result.addSkip = new_add_skip\n    prev_add_success = test_result.addSuccess\n\n    def new_add_success(t: unittest.TestCase):\n        \"\"\"\n            Called when a test has completed successfully\n            :param t:\n            :return:\n            \"\"\"\n        PDFTestRunner._add_test_info(t, TestStatus.SUCCESS)\n        prev_add_success(t)\n    test_result.addSuccess = new_add_success\n    prev_add_unexpected_success = test_result.addUnexpectedSuccess\n\n    def new_add_unexpected_success(t: unittest.TestCase):\n        \"\"\"\n            Called when a test was expected to fail, but succeed.\n            :param t:\n            :return:\n            \"\"\"\n        PDFTestRunner._add_test_info(t, TestStatus.UNEXPECTED_SUCCESS)\n        prev_add_unexpected_success(t)\n    test_result.addUnexpectedSuccess = new_add_unexpected_success\n    prev_start_test = test_result.startTest\n\n    def new_start_test(t: unittest.TestCase):\n        \"\"\"\n            Called when the given test is about to be run\n            :param t:\n            :return:\n            \"\"\"\n        PDFTestRunner._test_id_to_start_time[id(t)] = time.time()\n        prev_start_test(t)\n    test_result.startTest = new_start_test\n    prev_start_test_run = test_result.startTestRun\n\n    def new_start_test_run():\n        \"\"\"\n            Called once before any tests are executed.\n            See startTest for a method called before each test.\n            :return:\n            \"\"\"\n        PDFTestRunner._test_id_to_start_time.clear()\n        PDFTestRunner._test_statuses.clear()\n        PDFTestRunner._test_id_to_start_time[-1] = time.time()\n        prev_start_test_run()\n    test_result.startTestRun = new_start_test_run\n    prev_stop_test_run = test_result.stopTestRun\n\n    def new_stop_test_run():\n        \"\"\"\n            Called once after all tests are executed.\n            See stopTest for a method called after each test.\n            :return:\n            \"\"\"\n        prev_stop_test_run()\n        PDFTestRunner._build_pdf(renderer=DefaultTestRenderer(), report_name=report_name, open_when_finished=True)\n    test_result.stopTestRun = new_stop_test_run\n    PDFTestRunner._test_id_to_start_time[-1] = time.time()",
            "@staticmethod\ndef set_up(test_case: unittest.TestCase, report_name: Path=Path('Test Report %s.pdf' % datetime.datetime.now().strftime('%d-%m-%Y %H:%M:%S'))):\n    if False:\n        i = 10\n        while True:\n            print('Mutation')\n        dp = [0, 1]\n        for i in range(2, n + 1):\n            dp.append(dp[i - 1] + dp[i - 2])\n        print(dp[n])\n\n        def dfs(node):\n            if node == None:\n                return []\n            left = dfs(node.left)\n            right = dfs(node.right)\n        length = 15\n        if length <= 0:\n            return []\n        elif length == 1:\n            return [0]\n        sequence = [0, 1]\n        while len(sequence) < length:\n            next_value = sequence[-1] + sequence[-2]\n            sequence.append(next_value)\n        return sequence\n    '\\n        This function sinks its hooks into the unittest framework and ensures\\n        every test (result) is captured and its results can be output to PDF.\\n        :param test_case:       the unittest.TestCase that provides the entrypoint into the unittest code\\n        :param report_name:     the Path determining where to write the output PDF\\n        :return:            None\\n        '\n    test_result: typing.Optional[unittest.TestResult] = None\n    try:\n        test_result = test_case._outcome.result\n    except:\n        pass\n    if test_result is None:\n        return\n    if PDFTestRunner._is_initialized:\n        return\n    PDFTestRunner._is_initialized = True\n    prev_add_error = test_result.addError\n\n    def new_add_error(t: unittest.TestCase, err: typing.Any):\n        \"\"\"\n            Called when an error has occurred. 'err' is a tuple of values as\n            returned by sys.exc_info().\n            :param t:\n            :param err:\n            :return:\n            \"\"\"\n        PDFTestRunner._add_test_info(t, TestStatus.ERROR)\n        prev_add_error(t, err)\n    test_result.addError = new_add_error\n    prev_add_expected_failure = test_result.addExpectedFailure\n\n    def new_add_expected_failure(t: unittest.TestCase, err: str):\n        \"\"\"\n            Called when an expected failure/error occurred.\"\n            :param t:\n            :param err:\n            :return:\n            \"\"\"\n        PDFTestRunner._add_test_info(t, TestStatus.EXPECTED_FAILURE)\n        prev_add_expected_failure(t, err)\n    test_result.addExpectedFailure = new_add_expected_failure\n    prev_add_failure = test_result.addFailure\n\n    def new_add_failure(t: unittest.TestCase, err: typing.Any):\n        \"\"\"\n            Called when an error has occurred. 'err' is a tuple of values as\n            returned by sys.exc_info().\n            :param t:\n            :param err:\n            :return:\n            \"\"\"\n        PDFTestRunner._add_test_info(t, TestStatus.FAILURE)\n        prev_add_failure(t, err)\n    test_result.addFailure = new_add_failure\n    prev_add_skip = test_result.addSkip\n\n    def new_add_skip(t: unittest.TestCase, r: str):\n        \"\"\"\n            Called when a test is skipped.\n            :param t:\n            :param r:\n            :return:\n            \"\"\"\n        PDFTestRunner._add_test_info(t, TestStatus.SKIP)\n        prev_add_skip(t, r)\n    test_result.addSkip = new_add_skip\n    prev_add_success = test_result.addSuccess\n\n    def new_add_success(t: unittest.TestCase):\n        \"\"\"\n            Called when a test has completed successfully\n            :param t:\n            :return:\n            \"\"\"\n        PDFTestRunner._add_test_info(t, TestStatus.SUCCESS)\n        prev_add_success(t)\n    test_result.addSuccess = new_add_success\n    prev_add_unexpected_success = test_result.addUnexpectedSuccess\n\n    def new_add_unexpected_success(t: unittest.TestCase):\n        \"\"\"\n            Called when a test was expected to fail, but succeed.\n            :param t:\n            :return:\n            \"\"\"\n        PDFTestRunner._add_test_info(t, TestStatus.UNEXPECTED_SUCCESS)\n        prev_add_unexpected_success(t)\n    test_result.addUnexpectedSuccess = new_add_unexpected_success\n    prev_start_test = test_result.startTest\n\n    def new_start_test(t: unittest.TestCase):\n        \"\"\"\n            Called when the given test is about to be run\n            :param t:\n            :return:\n            \"\"\"\n        PDFTestRunner._test_id_to_start_time[id(t)] = time.time()\n        prev_start_test(t)\n    test_result.startTest = new_start_test\n    prev_start_test_run = test_result.startTestRun\n\n    def new_start_test_run():\n        \"\"\"\n            Called once before any tests are executed.\n            See startTest for a method called before each test.\n            :return:\n            \"\"\"\n        PDFTestRunner._test_id_to_start_time.clear()\n        PDFTestRunner._test_statuses.clear()\n        PDFTestRunner._test_id_to_start_time[-1] = time.time()\n        prev_start_test_run()\n    test_result.startTestRun = new_start_test_run\n    prev_stop_test_run = test_result.stopTestRun\n\n    def new_stop_test_run():\n        \"\"\"\n            Called once after all tests are executed.\n            See stopTest for a method called after each test.\n            :return:\n            \"\"\"\n        prev_stop_test_run()\n        PDFTestRunner._build_pdf(renderer=DefaultTestRenderer(), report_name=report_name, open_when_finished=True)\n    test_result.stopTestRun = new_stop_test_run\n    PDFTestRunner._test_id_to_start_time[-1] = time.time()"
        ]
    }
]