[
    {
        "func_name": "testSetupErrorAndTearDownError",
        "original": "def testSetupErrorAndTearDownError(self):\n    p = gtest_test_utils.Subprocess(COMMAND)\n    self.assertNotEqual(p.exit_code, 0, msg=p.output)\n    self.assertIn('[  FAILED  ] SetupFailTest: SetUpTestSuite or TearDownTestSuite\\n[  FAILED  ] TearDownFailTest: SetUpTestSuite or TearDownTestSuite\\n\\n 2 FAILED TEST SUITES\\n', p.output)",
        "mutated": [
            "def testSetupErrorAndTearDownError(self):\n    if False:\n        i = 10\n    p = gtest_test_utils.Subprocess(COMMAND)\n    self.assertNotEqual(p.exit_code, 0, msg=p.output)\n    self.assertIn('[  FAILED  ] SetupFailTest: SetUpTestSuite or TearDownTestSuite\\n[  FAILED  ] TearDownFailTest: SetUpTestSuite or TearDownTestSuite\\n\\n 2 FAILED TEST SUITES\\n', p.output)",
            "def testSetupErrorAndTearDownError(self):\n    if False:\n        i = 10\n        while True:\n            print('Mutation')\n    p = gtest_test_utils.Subprocess(COMMAND)\n    self.assertNotEqual(p.exit_code, 0, msg=p.output)\n    self.assertIn('[  FAILED  ] SetupFailTest: SetUpTestSuite or TearDownTestSuite\\n[  FAILED  ] TearDownFailTest: SetUpTestSuite or TearDownTestSuite\\n\\n 2 FAILED TEST SUITES\\n', p.output)",
            "def testSetupErrorAndTearDownError(self):\n    if False:\n        i = 10\n        while True:\n            print('Mutation')\n        n = 10\n        dp = [0, 1]\n        for i in range(2, n + 1):\n            dp.append(dp[i - 1] + dp[i - 2])\n        print(dp[n])\n    p = gtest_test_utils.Subprocess(COMMAND)\n    self.assertNotEqual(p.exit_code, 0, msg=p.output)\n    self.assertIn('[  FAILED  ] SetupFailTest: SetUpTestSuite or TearDownTestSuite\\n[  FAILED  ] TearDownFailTest: SetUpTestSuite or TearDownTestSuite\\n\\n 2 FAILED TEST SUITES\\n', p.output)",
            "def testSetupErrorAndTearDownError(self):\n    if False:\n        i = 10\n        while True:\n            print('Mutation')\n        n = 10\n        dp = [0, 1]\n        for i in range(2, n + 1):\n            dp.append(dp[i - 1] + dp[i - 2])\n        print(dp[n])\n\n        def dfs(node):\n            if node == None:\n                return []\n            left = dfs(node.left)\n            right = dfs(node.right)\n    p = gtest_test_utils.Subprocess(COMMAND)\n    self.assertNotEqual(p.exit_code, 0, msg=p.output)\n    self.assertIn('[  FAILED  ] SetupFailTest: SetUpTestSuite or TearDownTestSuite\\n[  FAILED  ] TearDownFailTest: SetUpTestSuite or TearDownTestSuite\\n\\n 2 FAILED TEST SUITES\\n', p.output)",
            "def testSetupErrorAndTearDownError(self):\n    if False:\n        i = 10\n        while True:\n            print('Mutation')\n        dp = [0, 1]\n        for i in range(2, n + 1):\n            dp.append(dp[i - 1] + dp[i - 2])\n        print(dp[n])\n\n        def dfs(node):\n            if node == None:\n                return []\n            left = dfs(node.left)\n            right = dfs(node.right)\n        length = 15\n        if length <= 0:\n            return []\n        elif length == 1:\n            return [0]\n        sequence = [0, 1]\n        while len(sequence) < length:\n            next_value = sequence[-1] + sequence[-2]\n            sequence.append(next_value)\n        return sequence\n    p = gtest_test_utils.Subprocess(COMMAND)\n    self.assertNotEqual(p.exit_code, 0, msg=p.output)\n    self.assertIn('[  FAILED  ] SetupFailTest: SetUpTestSuite or TearDownTestSuite\\n[  FAILED  ] TearDownFailTest: SetUpTestSuite or TearDownTestSuite\\n\\n 2 FAILED TEST SUITES\\n', p.output)"
        ]
    }
]