[
    {
        "func_name": "test_check_callable",
        "original": "def test_check_callable(self) -> None:\n    with pytest.raises(TypeError, match='.* must be callable'):\n        pytest.raises(RuntimeError, \"int('qwe')\")",
        "mutated": [
            "def test_check_callable(self) -> None:\n    if False:\n        i = 10\n    with pytest.raises(TypeError, match='.* must be callable'):\n        pytest.raises(RuntimeError, \"int('qwe')\")",
            "def test_check_callable(self) -> None:\n    if False:\n        i = 10\n        while True:\n            print('Mutation')\n    with pytest.raises(TypeError, match='.* must be callable'):\n        pytest.raises(RuntimeError, \"int('qwe')\")",
            "def test_check_callable(self) -> None:\n    if False:\n        i = 10\n        while True:\n            print('Mutation')\n        n = 10\n        dp = [0, 1]\n        for i in range(2, n + 1):\n            dp.append(dp[i - 1] + dp[i - 2])\n        print(dp[n])\n    with pytest.raises(TypeError, match='.* must be callable'):\n        pytest.raises(RuntimeError, \"int('qwe')\")",
            "def test_check_callable(self) -> None:\n    if False:\n        i = 10\n        while True:\n            print('Mutation')\n        n = 10\n        dp = [0, 1]\n        for i in range(2, n + 1):\n            dp.append(dp[i - 1] + dp[i - 2])\n        print(dp[n])\n\n        def dfs(node):\n            if node == None:\n                return []\n            left = dfs(node.left)\n            right = dfs(node.right)\n    with pytest.raises(TypeError, match='.* must be callable'):\n        pytest.raises(RuntimeError, \"int('qwe')\")",
            "def test_check_callable(self) -> None:\n    if False:\n        i = 10\n        while True:\n            print('Mutation')\n        dp = [0, 1]\n        for i in range(2, n + 1):\n            dp.append(dp[i - 1] + dp[i - 2])\n        print(dp[n])\n\n        def dfs(node):\n            if node == None:\n                return []\n            left = dfs(node.left)\n            right = dfs(node.right)\n        length = 15\n        if length <= 0:\n            return []\n        elif length == 1:\n            return [0]\n        sequence = [0, 1]\n        while len(sequence) < length:\n            next_value = sequence[-1] + sequence[-2]\n            sequence.append(next_value)\n        return sequence\n    with pytest.raises(TypeError, match='.* must be callable'):\n        pytest.raises(RuntimeError, \"int('qwe')\")"
        ]
    },
    {
        "func_name": "test_raises",
        "original": "def test_raises(self):\n    excinfo = pytest.raises(ValueError, int, 'qwe')\n    assert 'invalid literal' in str(excinfo.value)",
        "mutated": [
            "def test_raises(self):\n    if False:\n        i = 10\n    excinfo = pytest.raises(ValueError, int, 'qwe')\n    assert 'invalid literal' in str(excinfo.value)",
            "def test_raises(self):\n    if False:\n        i = 10\n        while True:\n            print('Mutation')\n    excinfo = pytest.raises(ValueError, int, 'qwe')\n    assert 'invalid literal' in str(excinfo.value)",
            "def test_raises(self):\n    if False:\n        i = 10\n        while True:\n            print('Mutation')\n        n = 10\n        dp = [0, 1]\n        for i in range(2, n + 1):\n            dp.append(dp[i - 1] + dp[i - 2])\n        print(dp[n])\n    excinfo = pytest.raises(ValueError, int, 'qwe')\n    assert 'invalid literal' in str(excinfo.value)",
            "def test_raises(self):\n    if False:\n        i = 10\n        while True:\n            print('Mutation')\n        n = 10\n        dp = [0, 1]\n        for i in range(2, n + 1):\n            dp.append(dp[i - 1] + dp[i - 2])\n        print(dp[n])\n\n        def dfs(node):\n            if node == None:\n                return []\n            left = dfs(node.left)\n            right = dfs(node.right)\n    excinfo = pytest.raises(ValueError, int, 'qwe')\n    assert 'invalid literal' in str(excinfo.value)",
            "def test_raises(self):\n    if False:\n        i = 10\n        while True:\n            print('Mutation')\n        dp = [0, 1]\n        for i in range(2, n + 1):\n            dp.append(dp[i - 1] + dp[i - 2])\n        print(dp[n])\n\n        def dfs(node):\n            if node == None:\n                return []\n            left = dfs(node.left)\n            right = dfs(node.right)\n        length = 15\n        if length <= 0:\n            return []\n        elif length == 1:\n            return [0]\n        sequence = [0, 1]\n        while len(sequence) < length:\n            next_value = sequence[-1] + sequence[-2]\n            sequence.append(next_value)\n        return sequence\n    excinfo = pytest.raises(ValueError, int, 'qwe')\n    assert 'invalid literal' in str(excinfo.value)"
        ]
    },
    {
        "func_name": "test_raises_function",
        "original": "def test_raises_function(self):\n    excinfo = pytest.raises(ValueError, int, 'hello')\n    assert 'invalid literal' in str(excinfo.value)",
        "mutated": [
            "def test_raises_function(self):\n    if False:\n        i = 10\n    excinfo = pytest.raises(ValueError, int, 'hello')\n    assert 'invalid literal' in str(excinfo.value)",
            "def test_raises_function(self):\n    if False:\n        i = 10\n        while True:\n            print('Mutation')\n    excinfo = pytest.raises(ValueError, int, 'hello')\n    assert 'invalid literal' in str(excinfo.value)",
            "def test_raises_function(self):\n    if False:\n        i = 10\n        while True:\n            print('Mutation')\n        n = 10\n        dp = [0, 1]\n        for i in range(2, n + 1):\n            dp.append(dp[i - 1] + dp[i - 2])\n        print(dp[n])\n    excinfo = pytest.raises(ValueError, int, 'hello')\n    assert 'invalid literal' in str(excinfo.value)",
            "def test_raises_function(self):\n    if False:\n        i = 10\n        while True:\n            print('Mutation')\n        n = 10\n        dp = [0, 1]\n        for i in range(2, n + 1):\n            dp.append(dp[i - 1] + dp[i - 2])\n        print(dp[n])\n\n        def dfs(node):\n            if node == None:\n                return []\n            left = dfs(node.left)\n            right = dfs(node.right)\n    excinfo = pytest.raises(ValueError, int, 'hello')\n    assert 'invalid literal' in str(excinfo.value)",
            "def test_raises_function(self):\n    if False:\n        i = 10\n        while True:\n            print('Mutation')\n        dp = [0, 1]\n        for i in range(2, n + 1):\n            dp.append(dp[i - 1] + dp[i - 2])\n        print(dp[n])\n\n        def dfs(node):\n            if node == None:\n                return []\n            left = dfs(node.left)\n            right = dfs(node.right)\n        length = 15\n        if length <= 0:\n            return []\n        elif length == 1:\n            return [0]\n        sequence = [0, 1]\n        while len(sequence) < length:\n            next_value = sequence[-1] + sequence[-2]\n            sequence.append(next_value)\n        return sequence\n    excinfo = pytest.raises(ValueError, int, 'hello')\n    assert 'invalid literal' in str(excinfo.value)"
        ]
    },
    {
        "func_name": "test_raises_does_not_allow_none",
        "original": "def test_raises_does_not_allow_none(self):\n    with pytest.raises(ValueError, match='Expected an exception type or'):\n        pytest.raises(expected_exception=None)",
        "mutated": [
            "def test_raises_does_not_allow_none(self):\n    if False:\n        i = 10\n    with pytest.raises(ValueError, match='Expected an exception type or'):\n        pytest.raises(expected_exception=None)",
            "def test_raises_does_not_allow_none(self):\n    if False:\n        i = 10\n        while True:\n            print('Mutation')\n    with pytest.raises(ValueError, match='Expected an exception type or'):\n        pytest.raises(expected_exception=None)",
            "def test_raises_does_not_allow_none(self):\n    if False:\n        i = 10\n        while True:\n            print('Mutation')\n        n = 10\n        dp = [0, 1]\n        for i in range(2, n + 1):\n            dp.append(dp[i - 1] + dp[i - 2])\n        print(dp[n])\n    with pytest.raises(ValueError, match='Expected an exception type or'):\n        pytest.raises(expected_exception=None)",
            "def test_raises_does_not_allow_none(self):\n    if False:\n        i = 10\n        while True:\n            print('Mutation')\n        n = 10\n        dp = [0, 1]\n        for i in range(2, n + 1):\n            dp.append(dp[i - 1] + dp[i - 2])\n        print(dp[n])\n\n        def dfs(node):\n            if node == None:\n                return []\n            left = dfs(node.left)\n            right = dfs(node.right)\n    with pytest.raises(ValueError, match='Expected an exception type or'):\n        pytest.raises(expected_exception=None)",
            "def test_raises_does_not_allow_none(self):\n    if False:\n        i = 10\n        while True:\n            print('Mutation')\n        dp = [0, 1]\n        for i in range(2, n + 1):\n            dp.append(dp[i - 1] + dp[i - 2])\n        print(dp[n])\n\n        def dfs(node):\n            if node == None:\n                return []\n            left = dfs(node.left)\n            right = dfs(node.right)\n        length = 15\n        if length <= 0:\n            return []\n        elif length == 1:\n            return [0]\n        sequence = [0, 1]\n        while len(sequence) < length:\n            next_value = sequence[-1] + sequence[-2]\n            sequence.append(next_value)\n        return sequence\n    with pytest.raises(ValueError, match='Expected an exception type or'):\n        pytest.raises(expected_exception=None)"
        ]
    },
    {
        "func_name": "test_raises_does_not_allow_empty_tuple",
        "original": "def test_raises_does_not_allow_empty_tuple(self):\n    with pytest.raises(ValueError, match='Expected an exception type or'):\n        pytest.raises(expected_exception=())",
        "mutated": [
            "def test_raises_does_not_allow_empty_tuple(self):\n    if False:\n        i = 10\n    with pytest.raises(ValueError, match='Expected an exception type or'):\n        pytest.raises(expected_exception=())",
            "def test_raises_does_not_allow_empty_tuple(self):\n    if False:\n        i = 10\n        while True:\n            print('Mutation')\n    with pytest.raises(ValueError, match='Expected an exception type or'):\n        pytest.raises(expected_exception=())",
            "def test_raises_does_not_allow_empty_tuple(self):\n    if False:\n        i = 10\n        while True:\n            print('Mutation')\n        n = 10\n        dp = [0, 1]\n        for i in range(2, n + 1):\n            dp.append(dp[i - 1] + dp[i - 2])\n        print(dp[n])\n    with pytest.raises(ValueError, match='Expected an exception type or'):\n        pytest.raises(expected_exception=())",
            "def test_raises_does_not_allow_empty_tuple(self):\n    if False:\n        i = 10\n        while True:\n            print('Mutation')\n        n = 10\n        dp = [0, 1]\n        for i in range(2, n + 1):\n            dp.append(dp[i - 1] + dp[i - 2])\n        print(dp[n])\n\n        def dfs(node):\n            if node == None:\n                return []\n            left = dfs(node.left)\n            right = dfs(node.right)\n    with pytest.raises(ValueError, match='Expected an exception type or'):\n        pytest.raises(expected_exception=())",
            "def test_raises_does_not_allow_empty_tuple(self):\n    if False:\n        i = 10\n        while True:\n            print('Mutation')\n        dp = [0, 1]\n        for i in range(2, n + 1):\n            dp.append(dp[i - 1] + dp[i - 2])\n        print(dp[n])\n\n        def dfs(node):\n            if node == None:\n                return []\n            left = dfs(node.left)\n            right = dfs(node.right)\n        length = 15\n        if length <= 0:\n            return []\n        elif length == 1:\n            return [0]\n        sequence = [0, 1]\n        while len(sequence) < length:\n            next_value = sequence[-1] + sequence[-2]\n            sequence.append(next_value)\n        return sequence\n    with pytest.raises(ValueError, match='Expected an exception type or'):\n        pytest.raises(expected_exception=())"
        ]
    },
    {
        "func_name": "__call__",
        "original": "def __call__(self):\n    pass",
        "mutated": [
            "def __call__(self):\n    if False:\n        i = 10\n    pass",
            "def __call__(self):\n    if False:\n        i = 10\n        while True:\n            print('Mutation')\n    pass",
            "def __call__(self):\n    if False:\n        i = 10\n        while True:\n            print('Mutation')\n        n = 10\n        dp = [0, 1]\n        for i in range(2, n + 1):\n            dp.append(dp[i - 1] + dp[i - 2])\n        print(dp[n])\n    pass",
            "def __call__(self):\n    if False:\n        i = 10\n        while True:\n            print('Mutation')\n        n = 10\n        dp = [0, 1]\n        for i in range(2, n + 1):\n            dp.append(dp[i - 1] + dp[i - 2])\n        print(dp[n])\n\n        def dfs(node):\n            if node == None:\n                return []\n            left = dfs(node.left)\n            right = dfs(node.right)\n    pass",
            "def __call__(self):\n    if False:\n        i = 10\n        while True:\n            print('Mutation')\n        dp = [0, 1]\n        for i in range(2, n + 1):\n            dp.append(dp[i - 1] + dp[i - 2])\n        print(dp[n])\n\n        def dfs(node):\n            if node == None:\n                return []\n            left = dfs(node.left)\n            right = dfs(node.right)\n        length = 15\n        if length <= 0:\n            return []\n        elif length == 1:\n            return [0]\n        sequence = [0, 1]\n        while len(sequence) < length:\n            next_value = sequence[-1] + sequence[-2]\n            sequence.append(next_value)\n        return sequence\n    pass"
        ]
    },
    {
        "func_name": "test_raises_callable_no_exception",
        "original": "def test_raises_callable_no_exception(self) -> None:\n\n    class A:\n\n        def __call__(self):\n            pass\n    try:\n        pytest.raises(ValueError, A())\n    except pytest.fail.Exception:\n        pass",
        "mutated": [
            "def test_raises_callable_no_exception(self) -> None:\n    if False:\n        i = 10\n\n    class A:\n\n        def __call__(self):\n            pass\n    try:\n        pytest.raises(ValueError, A())\n    except pytest.fail.Exception:\n        pass",
            "def test_raises_callable_no_exception(self) -> None:\n    if False:\n        i = 10\n        while True:\n            print('Mutation')\n\n    class A:\n\n        def __call__(self):\n            pass\n    try:\n        pytest.raises(ValueError, A())\n    except pytest.fail.Exception:\n        pass",
            "def test_raises_callable_no_exception(self) -> None:\n    if False:\n        i = 10\n        while True:\n            print('Mutation')\n        n = 10\n        dp = [0, 1]\n        for i in range(2, n + 1):\n            dp.append(dp[i - 1] + dp[i - 2])\n        print(dp[n])\n\n    class A:\n\n        def __call__(self):\n            pass\n    try:\n        pytest.raises(ValueError, A())\n    except pytest.fail.Exception:\n        pass",
            "def test_raises_callable_no_exception(self) -> None:\n    if False:\n        i = 10\n        while True:\n            print('Mutation')\n        n = 10\n        dp = [0, 1]\n        for i in range(2, n + 1):\n            dp.append(dp[i - 1] + dp[i - 2])\n        print(dp[n])\n\n        def dfs(node):\n            if node == None:\n                return []\n            left = dfs(node.left)\n            right = dfs(node.right)\n\n    class A:\n\n        def __call__(self):\n            pass\n    try:\n        pytest.raises(ValueError, A())\n    except pytest.fail.Exception:\n        pass",
            "def test_raises_callable_no_exception(self) -> None:\n    if False:\n        i = 10\n        while True:\n            print('Mutation')\n        dp = [0, 1]\n        for i in range(2, n + 1):\n            dp.append(dp[i - 1] + dp[i - 2])\n        print(dp[n])\n\n        def dfs(node):\n            if node == None:\n                return []\n            left = dfs(node.left)\n            right = dfs(node.right)\n        length = 15\n        if length <= 0:\n            return []\n        elif length == 1:\n            return [0]\n        sequence = [0, 1]\n        while len(sequence) < length:\n            next_value = sequence[-1] + sequence[-2]\n            sequence.append(next_value)\n        return sequence\n\n    class A:\n\n        def __call__(self):\n            pass\n    try:\n        pytest.raises(ValueError, A())\n    except pytest.fail.Exception:\n        pass"
        ]
    },
    {
        "func_name": "test_raises_falsey_type_error",
        "original": "def test_raises_falsey_type_error(self) -> None:\n    with pytest.raises(TypeError):\n        with pytest.raises(AssertionError, match=0):\n            raise AssertionError('ohai')",
        "mutated": [
            "def test_raises_falsey_type_error(self) -> None:\n    if False:\n        i = 10\n    with pytest.raises(TypeError):\n        with pytest.raises(AssertionError, match=0):\n            raise AssertionError('ohai')",
            "def test_raises_falsey_type_error(self) -> None:\n    if False:\n        i = 10\n        while True:\n            print('Mutation')\n    with pytest.raises(TypeError):\n        with pytest.raises(AssertionError, match=0):\n            raise AssertionError('ohai')",
            "def test_raises_falsey_type_error(self) -> None:\n    if False:\n        i = 10\n        while True:\n            print('Mutation')\n        n = 10\n        dp = [0, 1]\n        for i in range(2, n + 1):\n            dp.append(dp[i - 1] + dp[i - 2])\n        print(dp[n])\n    with pytest.raises(TypeError):\n        with pytest.raises(AssertionError, match=0):\n            raise AssertionError('ohai')",
            "def test_raises_falsey_type_error(self) -> None:\n    if False:\n        i = 10\n        while True:\n            print('Mutation')\n        n = 10\n        dp = [0, 1]\n        for i in range(2, n + 1):\n            dp.append(dp[i - 1] + dp[i - 2])\n        print(dp[n])\n\n        def dfs(node):\n            if node == None:\n                return []\n            left = dfs(node.left)\n            right = dfs(node.right)\n    with pytest.raises(TypeError):\n        with pytest.raises(AssertionError, match=0):\n            raise AssertionError('ohai')",
            "def test_raises_falsey_type_error(self) -> None:\n    if False:\n        i = 10\n        while True:\n            print('Mutation')\n        dp = [0, 1]\n        for i in range(2, n + 1):\n            dp.append(dp[i - 1] + dp[i - 2])\n        print(dp[n])\n\n        def dfs(node):\n            if node == None:\n                return []\n            left = dfs(node.left)\n            right = dfs(node.right)\n        length = 15\n        if length <= 0:\n            return []\n        elif length == 1:\n            return [0]\n        sequence = [0, 1]\n        while len(sequence) < length:\n            next_value = sequence[-1] + sequence[-2]\n            sequence.append(next_value)\n        return sequence\n    with pytest.raises(TypeError):\n        with pytest.raises(AssertionError, match=0):\n            raise AssertionError('ohai')"
        ]
    },
    {
        "func_name": "test_raises_repr_inflight",
        "original": "def test_raises_repr_inflight(self):\n    \"\"\"Ensure repr() on an exception info inside a pytest.raises with block works (#4386)\"\"\"\n\n    class E(Exception):\n        pass\n    with pytest.raises(E) as excinfo:\n        print(str(excinfo))\n        print(repr(excinfo))\n        import pprint\n        pprint.pprint(excinfo)\n        raise E()",
        "mutated": [
            "def test_raises_repr_inflight(self):\n    if False:\n        i = 10\n    'Ensure repr() on an exception info inside a pytest.raises with block works (#4386)'\n\n    class E(Exception):\n        pass\n    with pytest.raises(E) as excinfo:\n        print(str(excinfo))\n        print(repr(excinfo))\n        import pprint\n        pprint.pprint(excinfo)\n        raise E()",
            "def test_raises_repr_inflight(self):\n    if False:\n        i = 10\n        while True:\n            print('Mutation')\n    'Ensure repr() on an exception info inside a pytest.raises with block works (#4386)'\n\n    class E(Exception):\n        pass\n    with pytest.raises(E) as excinfo:\n        print(str(excinfo))\n        print(repr(excinfo))\n        import pprint\n        pprint.pprint(excinfo)\n        raise E()",
            "def test_raises_repr_inflight(self):\n    if False:\n        i = 10\n        while True:\n            print('Mutation')\n        n = 10\n        dp = [0, 1]\n        for i in range(2, n + 1):\n            dp.append(dp[i - 1] + dp[i - 2])\n        print(dp[n])\n    'Ensure repr() on an exception info inside a pytest.raises with block works (#4386)'\n\n    class E(Exception):\n        pass\n    with pytest.raises(E) as excinfo:\n        print(str(excinfo))\n        print(repr(excinfo))\n        import pprint\n        pprint.pprint(excinfo)\n        raise E()",
            "def test_raises_repr_inflight(self):\n    if False:\n        i = 10\n        while True:\n            print('Mutation')\n        n = 10\n        dp = [0, 1]\n        for i in range(2, n + 1):\n            dp.append(dp[i - 1] + dp[i - 2])\n        print(dp[n])\n\n        def dfs(node):\n            if node == None:\n                return []\n            left = dfs(node.left)\n            right = dfs(node.right)\n    'Ensure repr() on an exception info inside a pytest.raises with block works (#4386)'\n\n    class E(Exception):\n        pass\n    with pytest.raises(E) as excinfo:\n        print(str(excinfo))\n        print(repr(excinfo))\n        import pprint\n        pprint.pprint(excinfo)\n        raise E()",
            "def test_raises_repr_inflight(self):\n    if False:\n        i = 10\n        while True:\n            print('Mutation')\n        dp = [0, 1]\n        for i in range(2, n + 1):\n            dp.append(dp[i - 1] + dp[i - 2])\n        print(dp[n])\n\n        def dfs(node):\n            if node == None:\n                return []\n            left = dfs(node.left)\n            right = dfs(node.right)\n        length = 15\n        if length <= 0:\n            return []\n        elif length == 1:\n            return [0]\n        sequence = [0, 1]\n        while len(sequence) < length:\n            next_value = sequence[-1] + sequence[-2]\n            sequence.append(next_value)\n        return sequence\n    'Ensure repr() on an exception info inside a pytest.raises with block works (#4386)'\n\n    class E(Exception):\n        pass\n    with pytest.raises(E) as excinfo:\n        print(str(excinfo))\n        print(repr(excinfo))\n        import pprint\n        pprint.pprint(excinfo)\n        raise E()"
        ]
    },
    {
        "func_name": "test_raises_as_contextmanager",
        "original": "def test_raises_as_contextmanager(self, pytester: Pytester) -> None:\n    pytester.makepyfile('\\n            import pytest\\n            import _pytest._code\\n\\n            def test_simple():\\n                with pytest.raises(ZeroDivisionError) as excinfo:\\n                    assert isinstance(excinfo, _pytest._code.ExceptionInfo)\\n                    1/0\\n                print(excinfo)\\n                assert excinfo.type == ZeroDivisionError\\n                assert isinstance(excinfo.value, ZeroDivisionError)\\n\\n            def test_noraise():\\n                with pytest.raises(pytest.raises.Exception):\\n                    with pytest.raises(ValueError):\\n                           int()\\n\\n            def test_raise_wrong_exception_passes_by():\\n                with pytest.raises(ZeroDivisionError):\\n                    with pytest.raises(ValueError):\\n                           1/0\\n        ')\n    result = pytester.runpytest()\n    result.stdout.fnmatch_lines(['*3 passed*'])",
        "mutated": [
            "def test_raises_as_contextmanager(self, pytester: Pytester) -> None:\n    if False:\n        i = 10\n    pytester.makepyfile('\\n            import pytest\\n            import _pytest._code\\n\\n            def test_simple():\\n                with pytest.raises(ZeroDivisionError) as excinfo:\\n                    assert isinstance(excinfo, _pytest._code.ExceptionInfo)\\n                    1/0\\n                print(excinfo)\\n                assert excinfo.type == ZeroDivisionError\\n                assert isinstance(excinfo.value, ZeroDivisionError)\\n\\n            def test_noraise():\\n                with pytest.raises(pytest.raises.Exception):\\n                    with pytest.raises(ValueError):\\n                           int()\\n\\n            def test_raise_wrong_exception_passes_by():\\n                with pytest.raises(ZeroDivisionError):\\n                    with pytest.raises(ValueError):\\n                           1/0\\n        ')\n    result = pytester.runpytest()\n    result.stdout.fnmatch_lines(['*3 passed*'])",
            "def test_raises_as_contextmanager(self, pytester: Pytester) -> None:\n    if False:\n        i = 10\n        while True:\n            print('Mutation')\n    pytester.makepyfile('\\n            import pytest\\n            import _pytest._code\\n\\n            def test_simple():\\n                with pytest.raises(ZeroDivisionError) as excinfo:\\n                    assert isinstance(excinfo, _pytest._code.ExceptionInfo)\\n                    1/0\\n                print(excinfo)\\n                assert excinfo.type == ZeroDivisionError\\n                assert isinstance(excinfo.value, ZeroDivisionError)\\n\\n            def test_noraise():\\n                with pytest.raises(pytest.raises.Exception):\\n                    with pytest.raises(ValueError):\\n                           int()\\n\\n            def test_raise_wrong_exception_passes_by():\\n                with pytest.raises(ZeroDivisionError):\\n                    with pytest.raises(ValueError):\\n                           1/0\\n        ')\n    result = pytester.runpytest()\n    result.stdout.fnmatch_lines(['*3 passed*'])",
            "def test_raises_as_contextmanager(self, pytester: Pytester) -> None:\n    if False:\n        i = 10\n        while True:\n            print('Mutation')\n        n = 10\n        dp = [0, 1]\n        for i in range(2, n + 1):\n            dp.append(dp[i - 1] + dp[i - 2])\n        print(dp[n])\n    pytester.makepyfile('\\n            import pytest\\n            import _pytest._code\\n\\n            def test_simple():\\n                with pytest.raises(ZeroDivisionError) as excinfo:\\n                    assert isinstance(excinfo, _pytest._code.ExceptionInfo)\\n                    1/0\\n                print(excinfo)\\n                assert excinfo.type == ZeroDivisionError\\n                assert isinstance(excinfo.value, ZeroDivisionError)\\n\\n            def test_noraise():\\n                with pytest.raises(pytest.raises.Exception):\\n                    with pytest.raises(ValueError):\\n                           int()\\n\\n            def test_raise_wrong_exception_passes_by():\\n                with pytest.raises(ZeroDivisionError):\\n                    with pytest.raises(ValueError):\\n                           1/0\\n        ')\n    result = pytester.runpytest()\n    result.stdout.fnmatch_lines(['*3 passed*'])",
            "def test_raises_as_contextmanager(self, pytester: Pytester) -> None:\n    if False:\n        i = 10\n        while True:\n            print('Mutation')\n        n = 10\n        dp = [0, 1]\n        for i in range(2, n + 1):\n            dp.append(dp[i - 1] + dp[i - 2])\n        print(dp[n])\n\n        def dfs(node):\n            if node == None:\n                return []\n            left = dfs(node.left)\n            right = dfs(node.right)\n    pytester.makepyfile('\\n            import pytest\\n            import _pytest._code\\n\\n            def test_simple():\\n                with pytest.raises(ZeroDivisionError) as excinfo:\\n                    assert isinstance(excinfo, _pytest._code.ExceptionInfo)\\n                    1/0\\n                print(excinfo)\\n                assert excinfo.type == ZeroDivisionError\\n                assert isinstance(excinfo.value, ZeroDivisionError)\\n\\n            def test_noraise():\\n                with pytest.raises(pytest.raises.Exception):\\n                    with pytest.raises(ValueError):\\n                           int()\\n\\n            def test_raise_wrong_exception_passes_by():\\n                with pytest.raises(ZeroDivisionError):\\n                    with pytest.raises(ValueError):\\n                           1/0\\n        ')\n    result = pytester.runpytest()\n    result.stdout.fnmatch_lines(['*3 passed*'])",
            "def test_raises_as_contextmanager(self, pytester: Pytester) -> None:\n    if False:\n        i = 10\n        while True:\n            print('Mutation')\n        dp = [0, 1]\n        for i in range(2, n + 1):\n            dp.append(dp[i - 1] + dp[i - 2])\n        print(dp[n])\n\n        def dfs(node):\n            if node == None:\n                return []\n            left = dfs(node.left)\n            right = dfs(node.right)\n        length = 15\n        if length <= 0:\n            return []\n        elif length == 1:\n            return [0]\n        sequence = [0, 1]\n        while len(sequence) < length:\n            next_value = sequence[-1] + sequence[-2]\n            sequence.append(next_value)\n        return sequence\n    pytester.makepyfile('\\n            import pytest\\n            import _pytest._code\\n\\n            def test_simple():\\n                with pytest.raises(ZeroDivisionError) as excinfo:\\n                    assert isinstance(excinfo, _pytest._code.ExceptionInfo)\\n                    1/0\\n                print(excinfo)\\n                assert excinfo.type == ZeroDivisionError\\n                assert isinstance(excinfo.value, ZeroDivisionError)\\n\\n            def test_noraise():\\n                with pytest.raises(pytest.raises.Exception):\\n                    with pytest.raises(ValueError):\\n                           int()\\n\\n            def test_raise_wrong_exception_passes_by():\\n                with pytest.raises(ZeroDivisionError):\\n                    with pytest.raises(ValueError):\\n                           1/0\\n        ')\n    result = pytester.runpytest()\n    result.stdout.fnmatch_lines(['*3 passed*'])"
        ]
    },
    {
        "func_name": "test_does_not_raise",
        "original": "def test_does_not_raise(self, pytester: Pytester) -> None:\n    pytester.makepyfile(\"\\n            from contextlib import nullcontext as does_not_raise\\n            import pytest\\n\\n            @pytest.mark.parametrize('example_input,expectation', [\\n                (3, does_not_raise()),\\n                (2, does_not_raise()),\\n                (1, does_not_raise()),\\n                (0, pytest.raises(ZeroDivisionError)),\\n            ])\\n            def test_division(example_input, expectation):\\n                '''Test how much I know division.'''\\n                with expectation:\\n                    assert (6 / example_input) is not None\\n        \")\n    result = pytester.runpytest()\n    result.stdout.fnmatch_lines(['*4 passed*'])",
        "mutated": [
            "def test_does_not_raise(self, pytester: Pytester) -> None:\n    if False:\n        i = 10\n    pytester.makepyfile(\"\\n            from contextlib import nullcontext as does_not_raise\\n            import pytest\\n\\n            @pytest.mark.parametrize('example_input,expectation', [\\n                (3, does_not_raise()),\\n                (2, does_not_raise()),\\n                (1, does_not_raise()),\\n                (0, pytest.raises(ZeroDivisionError)),\\n            ])\\n            def test_division(example_input, expectation):\\n                '''Test how much I know division.'''\\n                with expectation:\\n                    assert (6 / example_input) is not None\\n        \")\n    result = pytester.runpytest()\n    result.stdout.fnmatch_lines(['*4 passed*'])",
            "def test_does_not_raise(self, pytester: Pytester) -> None:\n    if False:\n        i = 10\n        while True:\n            print('Mutation')\n    pytester.makepyfile(\"\\n            from contextlib import nullcontext as does_not_raise\\n            import pytest\\n\\n            @pytest.mark.parametrize('example_input,expectation', [\\n                (3, does_not_raise()),\\n                (2, does_not_raise()),\\n                (1, does_not_raise()),\\n                (0, pytest.raises(ZeroDivisionError)),\\n            ])\\n            def test_division(example_input, expectation):\\n                '''Test how much I know division.'''\\n                with expectation:\\n                    assert (6 / example_input) is not None\\n        \")\n    result = pytester.runpytest()\n    result.stdout.fnmatch_lines(['*4 passed*'])",
            "def test_does_not_raise(self, pytester: Pytester) -> None:\n    if False:\n        i = 10\n        while True:\n            print('Mutation')\n        n = 10\n        dp = [0, 1]\n        for i in range(2, n + 1):\n            dp.append(dp[i - 1] + dp[i - 2])\n        print(dp[n])\n    pytester.makepyfile(\"\\n            from contextlib import nullcontext as does_not_raise\\n            import pytest\\n\\n            @pytest.mark.parametrize('example_input,expectation', [\\n                (3, does_not_raise()),\\n                (2, does_not_raise()),\\n                (1, does_not_raise()),\\n                (0, pytest.raises(ZeroDivisionError)),\\n            ])\\n            def test_division(example_input, expectation):\\n                '''Test how much I know division.'''\\n                with expectation:\\n                    assert (6 / example_input) is not None\\n        \")\n    result = pytester.runpytest()\n    result.stdout.fnmatch_lines(['*4 passed*'])",
            "def test_does_not_raise(self, pytester: Pytester) -> None:\n    if False:\n        i = 10\n        while True:\n            print('Mutation')\n        n = 10\n        dp = [0, 1]\n        for i in range(2, n + 1):\n            dp.append(dp[i - 1] + dp[i - 2])\n        print(dp[n])\n\n        def dfs(node):\n            if node == None:\n                return []\n            left = dfs(node.left)\n            right = dfs(node.right)\n    pytester.makepyfile(\"\\n            from contextlib import nullcontext as does_not_raise\\n            import pytest\\n\\n            @pytest.mark.parametrize('example_input,expectation', [\\n                (3, does_not_raise()),\\n                (2, does_not_raise()),\\n                (1, does_not_raise()),\\n                (0, pytest.raises(ZeroDivisionError)),\\n            ])\\n            def test_division(example_input, expectation):\\n                '''Test how much I know division.'''\\n                with expectation:\\n                    assert (6 / example_input) is not None\\n        \")\n    result = pytester.runpytest()\n    result.stdout.fnmatch_lines(['*4 passed*'])",
            "def test_does_not_raise(self, pytester: Pytester) -> None:\n    if False:\n        i = 10\n        while True:\n            print('Mutation')\n        dp = [0, 1]\n        for i in range(2, n + 1):\n            dp.append(dp[i - 1] + dp[i - 2])\n        print(dp[n])\n\n        def dfs(node):\n            if node == None:\n                return []\n            left = dfs(node.left)\n            right = dfs(node.right)\n        length = 15\n        if length <= 0:\n            return []\n        elif length == 1:\n            return [0]\n        sequence = [0, 1]\n        while len(sequence) < length:\n            next_value = sequence[-1] + sequence[-2]\n            sequence.append(next_value)\n        return sequence\n    pytester.makepyfile(\"\\n            from contextlib import nullcontext as does_not_raise\\n            import pytest\\n\\n            @pytest.mark.parametrize('example_input,expectation', [\\n                (3, does_not_raise()),\\n                (2, does_not_raise()),\\n                (1, does_not_raise()),\\n                (0, pytest.raises(ZeroDivisionError)),\\n            ])\\n            def test_division(example_input, expectation):\\n                '''Test how much I know division.'''\\n                with expectation:\\n                    assert (6 / example_input) is not None\\n        \")\n    result = pytester.runpytest()\n    result.stdout.fnmatch_lines(['*4 passed*'])"
        ]
    },
    {
        "func_name": "test_does_not_raise_does_raise",
        "original": "def test_does_not_raise_does_raise(self, pytester: Pytester) -> None:\n    pytester.makepyfile(\"\\n            from contextlib import nullcontext as does_not_raise\\n            import pytest\\n\\n            @pytest.mark.parametrize('example_input,expectation', [\\n                (0, does_not_raise()),\\n                (1, pytest.raises(ZeroDivisionError)),\\n            ])\\n            def test_division(example_input, expectation):\\n                '''Test how much I know division.'''\\n                with expectation:\\n                    assert (6 / example_input) is not None\\n        \")\n    result = pytester.runpytest()\n    result.stdout.fnmatch_lines(['*2 failed*'])",
        "mutated": [
            "def test_does_not_raise_does_raise(self, pytester: Pytester) -> None:\n    if False:\n        i = 10\n    pytester.makepyfile(\"\\n            from contextlib import nullcontext as does_not_raise\\n            import pytest\\n\\n            @pytest.mark.parametrize('example_input,expectation', [\\n                (0, does_not_raise()),\\n                (1, pytest.raises(ZeroDivisionError)),\\n            ])\\n            def test_division(example_input, expectation):\\n                '''Test how much I know division.'''\\n                with expectation:\\n                    assert (6 / example_input) is not None\\n        \")\n    result = pytester.runpytest()\n    result.stdout.fnmatch_lines(['*2 failed*'])",
            "def test_does_not_raise_does_raise(self, pytester: Pytester) -> None:\n    if False:\n        i = 10\n        while True:\n            print('Mutation')\n    pytester.makepyfile(\"\\n            from contextlib import nullcontext as does_not_raise\\n            import pytest\\n\\n            @pytest.mark.parametrize('example_input,expectation', [\\n                (0, does_not_raise()),\\n                (1, pytest.raises(ZeroDivisionError)),\\n            ])\\n            def test_division(example_input, expectation):\\n                '''Test how much I know division.'''\\n                with expectation:\\n                    assert (6 / example_input) is not None\\n        \")\n    result = pytester.runpytest()\n    result.stdout.fnmatch_lines(['*2 failed*'])",
            "def test_does_not_raise_does_raise(self, pytester: Pytester) -> None:\n    if False:\n        i = 10\n        while True:\n            print('Mutation')\n        n = 10\n        dp = [0, 1]\n        for i in range(2, n + 1):\n            dp.append(dp[i - 1] + dp[i - 2])\n        print(dp[n])\n    pytester.makepyfile(\"\\n            from contextlib import nullcontext as does_not_raise\\n            import pytest\\n\\n            @pytest.mark.parametrize('example_input,expectation', [\\n                (0, does_not_raise()),\\n                (1, pytest.raises(ZeroDivisionError)),\\n            ])\\n            def test_division(example_input, expectation):\\n                '''Test how much I know division.'''\\n                with expectation:\\n                    assert (6 / example_input) is not None\\n        \")\n    result = pytester.runpytest()\n    result.stdout.fnmatch_lines(['*2 failed*'])",
            "def test_does_not_raise_does_raise(self, pytester: Pytester) -> None:\n    if False:\n        i = 10\n        while True:\n            print('Mutation')\n        n = 10\n        dp = [0, 1]\n        for i in range(2, n + 1):\n            dp.append(dp[i - 1] + dp[i - 2])\n        print(dp[n])\n\n        def dfs(node):\n            if node == None:\n                return []\n            left = dfs(node.left)\n            right = dfs(node.right)\n    pytester.makepyfile(\"\\n            from contextlib import nullcontext as does_not_raise\\n            import pytest\\n\\n            @pytest.mark.parametrize('example_input,expectation', [\\n                (0, does_not_raise()),\\n                (1, pytest.raises(ZeroDivisionError)),\\n            ])\\n            def test_division(example_input, expectation):\\n                '''Test how much I know division.'''\\n                with expectation:\\n                    assert (6 / example_input) is not None\\n        \")\n    result = pytester.runpytest()\n    result.stdout.fnmatch_lines(['*2 failed*'])",
            "def test_does_not_raise_does_raise(self, pytester: Pytester) -> None:\n    if False:\n        i = 10\n        while True:\n            print('Mutation')\n        dp = [0, 1]\n        for i in range(2, n + 1):\n            dp.append(dp[i - 1] + dp[i - 2])\n        print(dp[n])\n\n        def dfs(node):\n            if node == None:\n                return []\n            left = dfs(node.left)\n            right = dfs(node.right)\n        length = 15\n        if length <= 0:\n            return []\n        elif length == 1:\n            return [0]\n        sequence = [0, 1]\n        while len(sequence) < length:\n            next_value = sequence[-1] + sequence[-2]\n            sequence.append(next_value)\n        return sequence\n    pytester.makepyfile(\"\\n            from contextlib import nullcontext as does_not_raise\\n            import pytest\\n\\n            @pytest.mark.parametrize('example_input,expectation', [\\n                (0, does_not_raise()),\\n                (1, pytest.raises(ZeroDivisionError)),\\n            ])\\n            def test_division(example_input, expectation):\\n                '''Test how much I know division.'''\\n                with expectation:\\n                    assert (6 / example_input) is not None\\n        \")\n    result = pytester.runpytest()\n    result.stdout.fnmatch_lines(['*2 failed*'])"
        ]
    },
    {
        "func_name": "test_noclass",
        "original": "def test_noclass(self) -> None:\n    with pytest.raises(TypeError):\n        pytest.raises('wrong', lambda : None)",
        "mutated": [
            "def test_noclass(self) -> None:\n    if False:\n        i = 10\n    with pytest.raises(TypeError):\n        pytest.raises('wrong', lambda : None)",
            "def test_noclass(self) -> None:\n    if False:\n        i = 10\n        while True:\n            print('Mutation')\n    with pytest.raises(TypeError):\n        pytest.raises('wrong', lambda : None)",
            "def test_noclass(self) -> None:\n    if False:\n        i = 10\n        while True:\n            print('Mutation')\n        n = 10\n        dp = [0, 1]\n        for i in range(2, n + 1):\n            dp.append(dp[i - 1] + dp[i - 2])\n        print(dp[n])\n    with pytest.raises(TypeError):\n        pytest.raises('wrong', lambda : None)",
            "def test_noclass(self) -> None:\n    if False:\n        i = 10\n        while True:\n            print('Mutation')\n        n = 10\n        dp = [0, 1]\n        for i in range(2, n + 1):\n            dp.append(dp[i - 1] + dp[i - 2])\n        print(dp[n])\n\n        def dfs(node):\n            if node == None:\n                return []\n            left = dfs(node.left)\n            right = dfs(node.right)\n    with pytest.raises(TypeError):\n        pytest.raises('wrong', lambda : None)",
            "def test_noclass(self) -> None:\n    if False:\n        i = 10\n        while True:\n            print('Mutation')\n        dp = [0, 1]\n        for i in range(2, n + 1):\n            dp.append(dp[i - 1] + dp[i - 2])\n        print(dp[n])\n\n        def dfs(node):\n            if node == None:\n                return []\n            left = dfs(node.left)\n            right = dfs(node.right)\n        length = 15\n        if length <= 0:\n            return []\n        elif length == 1:\n            return [0]\n        sequence = [0, 1]\n        while len(sequence) < length:\n            next_value = sequence[-1] + sequence[-2]\n            sequence.append(next_value)\n        return sequence\n    with pytest.raises(TypeError):\n        pytest.raises('wrong', lambda : None)"
        ]
    },
    {
        "func_name": "test_invalid_arguments_to_raises",
        "original": "def test_invalid_arguments_to_raises(self) -> None:\n    with pytest.raises(TypeError, match='unknown'):\n        with pytest.raises(TypeError, unknown='bogus'):\n            raise ValueError()",
        "mutated": [
            "def test_invalid_arguments_to_raises(self) -> None:\n    if False:\n        i = 10\n    with pytest.raises(TypeError, match='unknown'):\n        with pytest.raises(TypeError, unknown='bogus'):\n            raise ValueError()",
            "def test_invalid_arguments_to_raises(self) -> None:\n    if False:\n        i = 10\n        while True:\n            print('Mutation')\n    with pytest.raises(TypeError, match='unknown'):\n        with pytest.raises(TypeError, unknown='bogus'):\n            raise ValueError()",
            "def test_invalid_arguments_to_raises(self) -> None:\n    if False:\n        i = 10\n        while True:\n            print('Mutation')\n        n = 10\n        dp = [0, 1]\n        for i in range(2, n + 1):\n            dp.append(dp[i - 1] + dp[i - 2])\n        print(dp[n])\n    with pytest.raises(TypeError, match='unknown'):\n        with pytest.raises(TypeError, unknown='bogus'):\n            raise ValueError()",
            "def test_invalid_arguments_to_raises(self) -> None:\n    if False:\n        i = 10\n        while True:\n            print('Mutation')\n        n = 10\n        dp = [0, 1]\n        for i in range(2, n + 1):\n            dp.append(dp[i - 1] + dp[i - 2])\n        print(dp[n])\n\n        def dfs(node):\n            if node == None:\n                return []\n            left = dfs(node.left)\n            right = dfs(node.right)\n    with pytest.raises(TypeError, match='unknown'):\n        with pytest.raises(TypeError, unknown='bogus'):\n            raise ValueError()",
            "def test_invalid_arguments_to_raises(self) -> None:\n    if False:\n        i = 10\n        while True:\n            print('Mutation')\n        dp = [0, 1]\n        for i in range(2, n + 1):\n            dp.append(dp[i - 1] + dp[i - 2])\n        print(dp[n])\n\n        def dfs(node):\n            if node == None:\n                return []\n            left = dfs(node.left)\n            right = dfs(node.right)\n        length = 15\n        if length <= 0:\n            return []\n        elif length == 1:\n            return [0]\n        sequence = [0, 1]\n        while len(sequence) < length:\n            next_value = sequence[-1] + sequence[-2]\n            sequence.append(next_value)\n        return sequence\n    with pytest.raises(TypeError, match='unknown'):\n        with pytest.raises(TypeError, unknown='bogus'):\n            raise ValueError()"
        ]
    },
    {
        "func_name": "test_tuple",
        "original": "def test_tuple(self):\n    with pytest.raises((KeyError, ValueError)):\n        raise KeyError('oops')",
        "mutated": [
            "def test_tuple(self):\n    if False:\n        i = 10\n    with pytest.raises((KeyError, ValueError)):\n        raise KeyError('oops')",
            "def test_tuple(self):\n    if False:\n        i = 10\n        while True:\n            print('Mutation')\n    with pytest.raises((KeyError, ValueError)):\n        raise KeyError('oops')",
            "def test_tuple(self):\n    if False:\n        i = 10\n        while True:\n            print('Mutation')\n        n = 10\n        dp = [0, 1]\n        for i in range(2, n + 1):\n            dp.append(dp[i - 1] + dp[i - 2])\n        print(dp[n])\n    with pytest.raises((KeyError, ValueError)):\n        raise KeyError('oops')",
            "def test_tuple(self):\n    if False:\n        i = 10\n        while True:\n            print('Mutation')\n        n = 10\n        dp = [0, 1]\n        for i in range(2, n + 1):\n            dp.append(dp[i - 1] + dp[i - 2])\n        print(dp[n])\n\n        def dfs(node):\n            if node == None:\n                return []\n            left = dfs(node.left)\n            right = dfs(node.right)\n    with pytest.raises((KeyError, ValueError)):\n        raise KeyError('oops')",
            "def test_tuple(self):\n    if False:\n        i = 10\n        while True:\n            print('Mutation')\n        dp = [0, 1]\n        for i in range(2, n + 1):\n            dp.append(dp[i - 1] + dp[i - 2])\n        print(dp[n])\n\n        def dfs(node):\n            if node == None:\n                return []\n            left = dfs(node.left)\n            right = dfs(node.right)\n        length = 15\n        if length <= 0:\n            return []\n        elif length == 1:\n            return [0]\n        sequence = [0, 1]\n        while len(sequence) < length:\n            next_value = sequence[-1] + sequence[-2]\n            sequence.append(next_value)\n        return sequence\n    with pytest.raises((KeyError, ValueError)):\n        raise KeyError('oops')"
        ]
    },
    {
        "func_name": "test_no_raise_message",
        "original": "def test_no_raise_message(self) -> None:\n    try:\n        pytest.raises(ValueError, int, '0')\n    except pytest.fail.Exception as e:\n        assert e.msg == f'DID NOT RAISE {repr(ValueError)}'\n    else:\n        assert False, 'Expected pytest.raises.Exception'\n    try:\n        with pytest.raises(ValueError):\n            pass\n    except pytest.fail.Exception as e:\n        assert e.msg == f'DID NOT RAISE {repr(ValueError)}'\n    else:\n        assert False, 'Expected pytest.raises.Exception'",
        "mutated": [
            "def test_no_raise_message(self) -> None:\n    if False:\n        i = 10\n    try:\n        pytest.raises(ValueError, int, '0')\n    except pytest.fail.Exception as e:\n        assert e.msg == f'DID NOT RAISE {repr(ValueError)}'\n    else:\n        assert False, 'Expected pytest.raises.Exception'\n    try:\n        with pytest.raises(ValueError):\n            pass\n    except pytest.fail.Exception as e:\n        assert e.msg == f'DID NOT RAISE {repr(ValueError)}'\n    else:\n        assert False, 'Expected pytest.raises.Exception'",
            "def test_no_raise_message(self) -> None:\n    if False:\n        i = 10\n        while True:\n            print('Mutation')\n    try:\n        pytest.raises(ValueError, int, '0')\n    except pytest.fail.Exception as e:\n        assert e.msg == f'DID NOT RAISE {repr(ValueError)}'\n    else:\n        assert False, 'Expected pytest.raises.Exception'\n    try:\n        with pytest.raises(ValueError):\n            pass\n    except pytest.fail.Exception as e:\n        assert e.msg == f'DID NOT RAISE {repr(ValueError)}'\n    else:\n        assert False, 'Expected pytest.raises.Exception'",
            "def test_no_raise_message(self) -> None:\n    if False:\n        i = 10\n        while True:\n            print('Mutation')\n        n = 10\n        dp = [0, 1]\n        for i in range(2, n + 1):\n            dp.append(dp[i - 1] + dp[i - 2])\n        print(dp[n])\n    try:\n        pytest.raises(ValueError, int, '0')\n    except pytest.fail.Exception as e:\n        assert e.msg == f'DID NOT RAISE {repr(ValueError)}'\n    else:\n        assert False, 'Expected pytest.raises.Exception'\n    try:\n        with pytest.raises(ValueError):\n            pass\n    except pytest.fail.Exception as e:\n        assert e.msg == f'DID NOT RAISE {repr(ValueError)}'\n    else:\n        assert False, 'Expected pytest.raises.Exception'",
            "def test_no_raise_message(self) -> None:\n    if False:\n        i = 10\n        while True:\n            print('Mutation')\n        n = 10\n        dp = [0, 1]\n        for i in range(2, n + 1):\n            dp.append(dp[i - 1] + dp[i - 2])\n        print(dp[n])\n\n        def dfs(node):\n            if node == None:\n                return []\n            left = dfs(node.left)\n            right = dfs(node.right)\n    try:\n        pytest.raises(ValueError, int, '0')\n    except pytest.fail.Exception as e:\n        assert e.msg == f'DID NOT RAISE {repr(ValueError)}'\n    else:\n        assert False, 'Expected pytest.raises.Exception'\n    try:\n        with pytest.raises(ValueError):\n            pass\n    except pytest.fail.Exception as e:\n        assert e.msg == f'DID NOT RAISE {repr(ValueError)}'\n    else:\n        assert False, 'Expected pytest.raises.Exception'",
            "def test_no_raise_message(self) -> None:\n    if False:\n        i = 10\n        while True:\n            print('Mutation')\n        dp = [0, 1]\n        for i in range(2, n + 1):\n            dp.append(dp[i - 1] + dp[i - 2])\n        print(dp[n])\n\n        def dfs(node):\n            if node == None:\n                return []\n            left = dfs(node.left)\n            right = dfs(node.right)\n        length = 15\n        if length <= 0:\n            return []\n        elif length == 1:\n            return [0]\n        sequence = [0, 1]\n        while len(sequence) < length:\n            next_value = sequence[-1] + sequence[-2]\n            sequence.append(next_value)\n        return sequence\n    try:\n        pytest.raises(ValueError, int, '0')\n    except pytest.fail.Exception as e:\n        assert e.msg == f'DID NOT RAISE {repr(ValueError)}'\n    else:\n        assert False, 'Expected pytest.raises.Exception'\n    try:\n        with pytest.raises(ValueError):\n            pass\n    except pytest.fail.Exception as e:\n        assert e.msg == f'DID NOT RAISE {repr(ValueError)}'\n    else:\n        assert False, 'Expected pytest.raises.Exception'"
        ]
    },
    {
        "func_name": "__call__",
        "original": "def __call__(self):\n    raise ValueError",
        "mutated": [
            "def __call__(self):\n    if False:\n        i = 10\n    raise ValueError",
            "def __call__(self):\n    if False:\n        i = 10\n        while True:\n            print('Mutation')\n    raise ValueError",
            "def __call__(self):\n    if False:\n        i = 10\n        while True:\n            print('Mutation')\n        n = 10\n        dp = [0, 1]\n        for i in range(2, n + 1):\n            dp.append(dp[i - 1] + dp[i - 2])\n        print(dp[n])\n    raise ValueError",
            "def __call__(self):\n    if False:\n        i = 10\n        while True:\n            print('Mutation')\n        n = 10\n        dp = [0, 1]\n        for i in range(2, n + 1):\n            dp.append(dp[i - 1] + dp[i - 2])\n        print(dp[n])\n\n        def dfs(node):\n            if node == None:\n                return []\n            left = dfs(node.left)\n            right = dfs(node.right)\n    raise ValueError",
            "def __call__(self):\n    if False:\n        i = 10\n        while True:\n            print('Mutation')\n        dp = [0, 1]\n        for i in range(2, n + 1):\n            dp.append(dp[i - 1] + dp[i - 2])\n        print(dp[n])\n\n        def dfs(node):\n            if node == None:\n                return []\n            left = dfs(node.left)\n            right = dfs(node.right)\n        length = 15\n        if length <= 0:\n            return []\n        elif length == 1:\n            return [0]\n        sequence = [0, 1]\n        while len(sequence) < length:\n            next_value = sequence[-1] + sequence[-2]\n            sequence.append(next_value)\n        return sequence\n    raise ValueError"
        ]
    },
    {
        "func_name": "test_raises_cyclic_reference",
        "original": "@pytest.mark.parametrize('method', ['function', 'function_match', 'with'])\ndef test_raises_cyclic_reference(self, method):\n    \"\"\"Ensure pytest.raises does not leave a reference cycle (#1965).\"\"\"\n    import gc\n\n    class T:\n\n        def __call__(self):\n            raise ValueError\n    t = T()\n    refcount = len(gc.get_referrers(t))\n    if method == 'function':\n        pytest.raises(ValueError, t)\n    elif method == 'function_match':\n        pytest.raises(ValueError, t).match('^$')\n    else:\n        with pytest.raises(ValueError):\n            t()\n    assert sys.exc_info() == (None, None, None)\n    assert refcount == len(gc.get_referrers(t))",
        "mutated": [
            "@pytest.mark.parametrize('method', ['function', 'function_match', 'with'])\ndef test_raises_cyclic_reference(self, method):\n    if False:\n        i = 10\n    'Ensure pytest.raises does not leave a reference cycle (#1965).'\n    import gc\n\n    class T:\n\n        def __call__(self):\n            raise ValueError\n    t = T()\n    refcount = len(gc.get_referrers(t))\n    if method == 'function':\n        pytest.raises(ValueError, t)\n    elif method == 'function_match':\n        pytest.raises(ValueError, t).match('^$')\n    else:\n        with pytest.raises(ValueError):\n            t()\n    assert sys.exc_info() == (None, None, None)\n    assert refcount == len(gc.get_referrers(t))",
            "@pytest.mark.parametrize('method', ['function', 'function_match', 'with'])\ndef test_raises_cyclic_reference(self, method):\n    if False:\n        i = 10\n        while True:\n            print('Mutation')\n    'Ensure pytest.raises does not leave a reference cycle (#1965).'\n    import gc\n\n    class T:\n\n        def __call__(self):\n            raise ValueError\n    t = T()\n    refcount = len(gc.get_referrers(t))\n    if method == 'function':\n        pytest.raises(ValueError, t)\n    elif method == 'function_match':\n        pytest.raises(ValueError, t).match('^$')\n    else:\n        with pytest.raises(ValueError):\n            t()\n    assert sys.exc_info() == (None, None, None)\n    assert refcount == len(gc.get_referrers(t))",
            "@pytest.mark.parametrize('method', ['function', 'function_match', 'with'])\ndef test_raises_cyclic_reference(self, method):\n    if False:\n        i = 10\n        while True:\n            print('Mutation')\n        n = 10\n        dp = [0, 1]\n        for i in range(2, n + 1):\n            dp.append(dp[i - 1] + dp[i - 2])\n        print(dp[n])\n    'Ensure pytest.raises does not leave a reference cycle (#1965).'\n    import gc\n\n    class T:\n\n        def __call__(self):\n            raise ValueError\n    t = T()\n    refcount = len(gc.get_referrers(t))\n    if method == 'function':\n        pytest.raises(ValueError, t)\n    elif method == 'function_match':\n        pytest.raises(ValueError, t).match('^$')\n    else:\n        with pytest.raises(ValueError):\n            t()\n    assert sys.exc_info() == (None, None, None)\n    assert refcount == len(gc.get_referrers(t))",
            "@pytest.mark.parametrize('method', ['function', 'function_match', 'with'])\ndef test_raises_cyclic_reference(self, method):\n    if False:\n        i = 10\n        while True:\n            print('Mutation')\n        n = 10\n        dp = [0, 1]\n        for i in range(2, n + 1):\n            dp.append(dp[i - 1] + dp[i - 2])\n        print(dp[n])\n\n        def dfs(node):\n            if node == None:\n                return []\n            left = dfs(node.left)\n            right = dfs(node.right)\n    'Ensure pytest.raises does not leave a reference cycle (#1965).'\n    import gc\n\n    class T:\n\n        def __call__(self):\n            raise ValueError\n    t = T()\n    refcount = len(gc.get_referrers(t))\n    if method == 'function':\n        pytest.raises(ValueError, t)\n    elif method == 'function_match':\n        pytest.raises(ValueError, t).match('^$')\n    else:\n        with pytest.raises(ValueError):\n            t()\n    assert sys.exc_info() == (None, None, None)\n    assert refcount == len(gc.get_referrers(t))",
            "@pytest.mark.parametrize('method', ['function', 'function_match', 'with'])\ndef test_raises_cyclic_reference(self, method):\n    if False:\n        i = 10\n        while True:\n            print('Mutation')\n        dp = [0, 1]\n        for i in range(2, n + 1):\n            dp.append(dp[i - 1] + dp[i - 2])\n        print(dp[n])\n\n        def dfs(node):\n            if node == None:\n                return []\n            left = dfs(node.left)\n            right = dfs(node.right)\n        length = 15\n        if length <= 0:\n            return []\n        elif length == 1:\n            return [0]\n        sequence = [0, 1]\n        while len(sequence) < length:\n            next_value = sequence[-1] + sequence[-2]\n            sequence.append(next_value)\n        return sequence\n    'Ensure pytest.raises does not leave a reference cycle (#1965).'\n    import gc\n\n    class T:\n\n        def __call__(self):\n            raise ValueError\n    t = T()\n    refcount = len(gc.get_referrers(t))\n    if method == 'function':\n        pytest.raises(ValueError, t)\n    elif method == 'function_match':\n        pytest.raises(ValueError, t).match('^$')\n    else:\n        with pytest.raises(ValueError):\n            t()\n    assert sys.exc_info() == (None, None, None)\n    assert refcount == len(gc.get_referrers(t))"
        ]
    },
    {
        "func_name": "tfunc",
        "original": "def tfunc(match):\n    raise ValueError(f'match={match}')",
        "mutated": [
            "def tfunc(match):\n    if False:\n        i = 10\n    raise ValueError(f'match={match}')",
            "def tfunc(match):\n    if False:\n        i = 10\n        while True:\n            print('Mutation')\n    raise ValueError(f'match={match}')",
            "def tfunc(match):\n    if False:\n        i = 10\n        while True:\n            print('Mutation')\n        n = 10\n        dp = [0, 1]\n        for i in range(2, n + 1):\n            dp.append(dp[i - 1] + dp[i - 2])\n        print(dp[n])\n    raise ValueError(f'match={match}')",
            "def tfunc(match):\n    if False:\n        i = 10\n        while True:\n            print('Mutation')\n        n = 10\n        dp = [0, 1]\n        for i in range(2, n + 1):\n            dp.append(dp[i - 1] + dp[i - 2])\n        print(dp[n])\n\n        def dfs(node):\n            if node == None:\n                return []\n            left = dfs(node.left)\n            right = dfs(node.right)\n    raise ValueError(f'match={match}')",
            "def tfunc(match):\n    if False:\n        i = 10\n        while True:\n            print('Mutation')\n        dp = [0, 1]\n        for i in range(2, n + 1):\n            dp.append(dp[i - 1] + dp[i - 2])\n        print(dp[n])\n\n        def dfs(node):\n            if node == None:\n                return []\n            left = dfs(node.left)\n            right = dfs(node.right)\n        length = 15\n        if length <= 0:\n            return []\n        elif length == 1:\n            return [0]\n        sequence = [0, 1]\n        while len(sequence) < length:\n            next_value = sequence[-1] + sequence[-2]\n            sequence.append(next_value)\n        return sequence\n    raise ValueError(f'match={match}')"
        ]
    },
    {
        "func_name": "test_raises_match",
        "original": "def test_raises_match(self) -> None:\n    msg = 'with base \\\\d+'\n    with pytest.raises(ValueError, match=msg):\n        int('asdf')\n    msg = 'with base 10'\n    with pytest.raises(ValueError, match=msg):\n        int('asdf')\n    msg = 'with base 16'\n    expr = f'''Regex pattern did not match.\\n Regex: {msg!r}\\n Input: \"invalid literal for int() with base 10: 'asdf'\"'''\n    with pytest.raises(AssertionError, match='(?m)' + re.escape(expr)):\n        with pytest.raises(ValueError, match=msg):\n            int('asdf', base=10)\n    pytest.raises(ValueError, int, 'asdf').match('invalid literal')\n    with pytest.raises(AssertionError) as excinfo:\n        pytest.raises(ValueError, int, 'asdf').match(msg)\n    assert str(excinfo.value) == expr\n    pytest.raises(TypeError, int, match='invalid')\n\n    def tfunc(match):\n        raise ValueError(f'match={match}')\n    pytest.raises(ValueError, tfunc, match='asdf').match('match=asdf')\n    pytest.raises(ValueError, tfunc, match='').match('match=')",
        "mutated": [
            "def test_raises_match(self) -> None:\n    if False:\n        i = 10\n    msg = 'with base \\\\d+'\n    with pytest.raises(ValueError, match=msg):\n        int('asdf')\n    msg = 'with base 10'\n    with pytest.raises(ValueError, match=msg):\n        int('asdf')\n    msg = 'with base 16'\n    expr = f'''Regex pattern did not match.\\n Regex: {msg!r}\\n Input: \"invalid literal for int() with base 10: 'asdf'\"'''\n    with pytest.raises(AssertionError, match='(?m)' + re.escape(expr)):\n        with pytest.raises(ValueError, match=msg):\n            int('asdf', base=10)\n    pytest.raises(ValueError, int, 'asdf').match('invalid literal')\n    with pytest.raises(AssertionError) as excinfo:\n        pytest.raises(ValueError, int, 'asdf').match(msg)\n    assert str(excinfo.value) == expr\n    pytest.raises(TypeError, int, match='invalid')\n\n    def tfunc(match):\n        raise ValueError(f'match={match}')\n    pytest.raises(ValueError, tfunc, match='asdf').match('match=asdf')\n    pytest.raises(ValueError, tfunc, match='').match('match=')",
            "def test_raises_match(self) -> None:\n    if False:\n        i = 10\n        while True:\n            print('Mutation')\n    msg = 'with base \\\\d+'\n    with pytest.raises(ValueError, match=msg):\n        int('asdf')\n    msg = 'with base 10'\n    with pytest.raises(ValueError, match=msg):\n        int('asdf')\n    msg = 'with base 16'\n    expr = f'''Regex pattern did not match.\\n Regex: {msg!r}\\n Input: \"invalid literal for int() with base 10: 'asdf'\"'''\n    with pytest.raises(AssertionError, match='(?m)' + re.escape(expr)):\n        with pytest.raises(ValueError, match=msg):\n            int('asdf', base=10)\n    pytest.raises(ValueError, int, 'asdf').match('invalid literal')\n    with pytest.raises(AssertionError) as excinfo:\n        pytest.raises(ValueError, int, 'asdf').match(msg)\n    assert str(excinfo.value) == expr\n    pytest.raises(TypeError, int, match='invalid')\n\n    def tfunc(match):\n        raise ValueError(f'match={match}')\n    pytest.raises(ValueError, tfunc, match='asdf').match('match=asdf')\n    pytest.raises(ValueError, tfunc, match='').match('match=')",
            "def test_raises_match(self) -> None:\n    if False:\n        i = 10\n        while True:\n            print('Mutation')\n        n = 10\n        dp = [0, 1]\n        for i in range(2, n + 1):\n            dp.append(dp[i - 1] + dp[i - 2])\n        print(dp[n])\n    msg = 'with base \\\\d+'\n    with pytest.raises(ValueError, match=msg):\n        int('asdf')\n    msg = 'with base 10'\n    with pytest.raises(ValueError, match=msg):\n        int('asdf')\n    msg = 'with base 16'\n    expr = f'''Regex pattern did not match.\\n Regex: {msg!r}\\n Input: \"invalid literal for int() with base 10: 'asdf'\"'''\n    with pytest.raises(AssertionError, match='(?m)' + re.escape(expr)):\n        with pytest.raises(ValueError, match=msg):\n            int('asdf', base=10)\n    pytest.raises(ValueError, int, 'asdf').match('invalid literal')\n    with pytest.raises(AssertionError) as excinfo:\n        pytest.raises(ValueError, int, 'asdf').match(msg)\n    assert str(excinfo.value) == expr\n    pytest.raises(TypeError, int, match='invalid')\n\n    def tfunc(match):\n        raise ValueError(f'match={match}')\n    pytest.raises(ValueError, tfunc, match='asdf').match('match=asdf')\n    pytest.raises(ValueError, tfunc, match='').match('match=')",
            "def test_raises_match(self) -> None:\n    if False:\n        i = 10\n        while True:\n            print('Mutation')\n        n = 10\n        dp = [0, 1]\n        for i in range(2, n + 1):\n            dp.append(dp[i - 1] + dp[i - 2])\n        print(dp[n])\n\n        def dfs(node):\n            if node == None:\n                return []\n            left = dfs(node.left)\n            right = dfs(node.right)\n    msg = 'with base \\\\d+'\n    with pytest.raises(ValueError, match=msg):\n        int('asdf')\n    msg = 'with base 10'\n    with pytest.raises(ValueError, match=msg):\n        int('asdf')\n    msg = 'with base 16'\n    expr = f'''Regex pattern did not match.\\n Regex: {msg!r}\\n Input: \"invalid literal for int() with base 10: 'asdf'\"'''\n    with pytest.raises(AssertionError, match='(?m)' + re.escape(expr)):\n        with pytest.raises(ValueError, match=msg):\n            int('asdf', base=10)\n    pytest.raises(ValueError, int, 'asdf').match('invalid literal')\n    with pytest.raises(AssertionError) as excinfo:\n        pytest.raises(ValueError, int, 'asdf').match(msg)\n    assert str(excinfo.value) == expr\n    pytest.raises(TypeError, int, match='invalid')\n\n    def tfunc(match):\n        raise ValueError(f'match={match}')\n    pytest.raises(ValueError, tfunc, match='asdf').match('match=asdf')\n    pytest.raises(ValueError, tfunc, match='').match('match=')",
            "def test_raises_match(self) -> None:\n    if False:\n        i = 10\n        while True:\n            print('Mutation')\n        dp = [0, 1]\n        for i in range(2, n + 1):\n            dp.append(dp[i - 1] + dp[i - 2])\n        print(dp[n])\n\n        def dfs(node):\n            if node == None:\n                return []\n            left = dfs(node.left)\n            right = dfs(node.right)\n        length = 15\n        if length <= 0:\n            return []\n        elif length == 1:\n            return [0]\n        sequence = [0, 1]\n        while len(sequence) < length:\n            next_value = sequence[-1] + sequence[-2]\n            sequence.append(next_value)\n        return sequence\n    msg = 'with base \\\\d+'\n    with pytest.raises(ValueError, match=msg):\n        int('asdf')\n    msg = 'with base 10'\n    with pytest.raises(ValueError, match=msg):\n        int('asdf')\n    msg = 'with base 16'\n    expr = f'''Regex pattern did not match.\\n Regex: {msg!r}\\n Input: \"invalid literal for int() with base 10: 'asdf'\"'''\n    with pytest.raises(AssertionError, match='(?m)' + re.escape(expr)):\n        with pytest.raises(ValueError, match=msg):\n            int('asdf', base=10)\n    pytest.raises(ValueError, int, 'asdf').match('invalid literal')\n    with pytest.raises(AssertionError) as excinfo:\n        pytest.raises(ValueError, int, 'asdf').match(msg)\n    assert str(excinfo.value) == expr\n    pytest.raises(TypeError, int, match='invalid')\n\n    def tfunc(match):\n        raise ValueError(f'match={match}')\n    pytest.raises(ValueError, tfunc, match='asdf').match('match=asdf')\n    pytest.raises(ValueError, tfunc, match='').match('match=')"
        ]
    },
    {
        "func_name": "test_match_failure_string_quoting",
        "original": "def test_match_failure_string_quoting(self):\n    with pytest.raises(AssertionError) as excinfo:\n        with pytest.raises(AssertionError, match=\"'foo\"):\n            raise AssertionError(\"'bar\")\n    (msg,) = excinfo.value.args\n    assert msg == 'Regex pattern did not match.\\n Regex: \"\\'foo\"\\n Input: \"\\'bar\"'",
        "mutated": [
            "def test_match_failure_string_quoting(self):\n    if False:\n        i = 10\n    with pytest.raises(AssertionError) as excinfo:\n        with pytest.raises(AssertionError, match=\"'foo\"):\n            raise AssertionError(\"'bar\")\n    (msg,) = excinfo.value.args\n    assert msg == 'Regex pattern did not match.\\n Regex: \"\\'foo\"\\n Input: \"\\'bar\"'",
            "def test_match_failure_string_quoting(self):\n    if False:\n        i = 10\n        while True:\n            print('Mutation')\n    with pytest.raises(AssertionError) as excinfo:\n        with pytest.raises(AssertionError, match=\"'foo\"):\n            raise AssertionError(\"'bar\")\n    (msg,) = excinfo.value.args\n    assert msg == 'Regex pattern did not match.\\n Regex: \"\\'foo\"\\n Input: \"\\'bar\"'",
            "def test_match_failure_string_quoting(self):\n    if False:\n        i = 10\n        while True:\n            print('Mutation')\n        n = 10\n        dp = [0, 1]\n        for i in range(2, n + 1):\n            dp.append(dp[i - 1] + dp[i - 2])\n        print(dp[n])\n    with pytest.raises(AssertionError) as excinfo:\n        with pytest.raises(AssertionError, match=\"'foo\"):\n            raise AssertionError(\"'bar\")\n    (msg,) = excinfo.value.args\n    assert msg == 'Regex pattern did not match.\\n Regex: \"\\'foo\"\\n Input: \"\\'bar\"'",
            "def test_match_failure_string_quoting(self):\n    if False:\n        i = 10\n        while True:\n            print('Mutation')\n        n = 10\n        dp = [0, 1]\n        for i in range(2, n + 1):\n            dp.append(dp[i - 1] + dp[i - 2])\n        print(dp[n])\n\n        def dfs(node):\n            if node == None:\n                return []\n            left = dfs(node.left)\n            right = dfs(node.right)\n    with pytest.raises(AssertionError) as excinfo:\n        with pytest.raises(AssertionError, match=\"'foo\"):\n            raise AssertionError(\"'bar\")\n    (msg,) = excinfo.value.args\n    assert msg == 'Regex pattern did not match.\\n Regex: \"\\'foo\"\\n Input: \"\\'bar\"'",
            "def test_match_failure_string_quoting(self):\n    if False:\n        i = 10\n        while True:\n            print('Mutation')\n        dp = [0, 1]\n        for i in range(2, n + 1):\n            dp.append(dp[i - 1] + dp[i - 2])\n        print(dp[n])\n\n        def dfs(node):\n            if node == None:\n                return []\n            left = dfs(node.left)\n            right = dfs(node.right)\n        length = 15\n        if length <= 0:\n            return []\n        elif length == 1:\n            return [0]\n        sequence = [0, 1]\n        while len(sequence) < length:\n            next_value = sequence[-1] + sequence[-2]\n            sequence.append(next_value)\n        return sequence\n    with pytest.raises(AssertionError) as excinfo:\n        with pytest.raises(AssertionError, match=\"'foo\"):\n            raise AssertionError(\"'bar\")\n    (msg,) = excinfo.value.args\n    assert msg == 'Regex pattern did not match.\\n Regex: \"\\'foo\"\\n Input: \"\\'bar\"'"
        ]
    },
    {
        "func_name": "test_match_failure_exact_string_message",
        "original": "def test_match_failure_exact_string_message(self):\n    message = 'Oh here is a message with (42) numbers in parameters'\n    with pytest.raises(AssertionError) as excinfo:\n        with pytest.raises(AssertionError, match=message):\n            raise AssertionError(message)\n    (msg,) = excinfo.value.args\n    assert msg == \"Regex pattern did not match.\\n Regex: 'Oh here is a message with (42) numbers in parameters'\\n Input: 'Oh here is a message with (42) numbers in parameters'\\n Did you mean to `re.escape()` the regex?\"",
        "mutated": [
            "def test_match_failure_exact_string_message(self):\n    if False:\n        i = 10\n    message = 'Oh here is a message with (42) numbers in parameters'\n    with pytest.raises(AssertionError) as excinfo:\n        with pytest.raises(AssertionError, match=message):\n            raise AssertionError(message)\n    (msg,) = excinfo.value.args\n    assert msg == \"Regex pattern did not match.\\n Regex: 'Oh here is a message with (42) numbers in parameters'\\n Input: 'Oh here is a message with (42) numbers in parameters'\\n Did you mean to `re.escape()` the regex?\"",
            "def test_match_failure_exact_string_message(self):\n    if False:\n        i = 10\n        while True:\n            print('Mutation')\n    message = 'Oh here is a message with (42) numbers in parameters'\n    with pytest.raises(AssertionError) as excinfo:\n        with pytest.raises(AssertionError, match=message):\n            raise AssertionError(message)\n    (msg,) = excinfo.value.args\n    assert msg == \"Regex pattern did not match.\\n Regex: 'Oh here is a message with (42) numbers in parameters'\\n Input: 'Oh here is a message with (42) numbers in parameters'\\n Did you mean to `re.escape()` the regex?\"",
            "def test_match_failure_exact_string_message(self):\n    if False:\n        i = 10\n        while True:\n            print('Mutation')\n        n = 10\n        dp = [0, 1]\n        for i in range(2, n + 1):\n            dp.append(dp[i - 1] + dp[i - 2])\n        print(dp[n])\n    message = 'Oh here is a message with (42) numbers in parameters'\n    with pytest.raises(AssertionError) as excinfo:\n        with pytest.raises(AssertionError, match=message):\n            raise AssertionError(message)\n    (msg,) = excinfo.value.args\n    assert msg == \"Regex pattern did not match.\\n Regex: 'Oh here is a message with (42) numbers in parameters'\\n Input: 'Oh here is a message with (42) numbers in parameters'\\n Did you mean to `re.escape()` the regex?\"",
            "def test_match_failure_exact_string_message(self):\n    if False:\n        i = 10\n        while True:\n            print('Mutation')\n        n = 10\n        dp = [0, 1]\n        for i in range(2, n + 1):\n            dp.append(dp[i - 1] + dp[i - 2])\n        print(dp[n])\n\n        def dfs(node):\n            if node == None:\n                return []\n            left = dfs(node.left)\n            right = dfs(node.right)\n    message = 'Oh here is a message with (42) numbers in parameters'\n    with pytest.raises(AssertionError) as excinfo:\n        with pytest.raises(AssertionError, match=message):\n            raise AssertionError(message)\n    (msg,) = excinfo.value.args\n    assert msg == \"Regex pattern did not match.\\n Regex: 'Oh here is a message with (42) numbers in parameters'\\n Input: 'Oh here is a message with (42) numbers in parameters'\\n Did you mean to `re.escape()` the regex?\"",
            "def test_match_failure_exact_string_message(self):\n    if False:\n        i = 10\n        while True:\n            print('Mutation')\n        dp = [0, 1]\n        for i in range(2, n + 1):\n            dp.append(dp[i - 1] + dp[i - 2])\n        print(dp[n])\n\n        def dfs(node):\n            if node == None:\n                return []\n            left = dfs(node.left)\n            right = dfs(node.right)\n        length = 15\n        if length <= 0:\n            return []\n        elif length == 1:\n            return [0]\n        sequence = [0, 1]\n        while len(sequence) < length:\n            next_value = sequence[-1] + sequence[-2]\n            sequence.append(next_value)\n        return sequence\n    message = 'Oh here is a message with (42) numbers in parameters'\n    with pytest.raises(AssertionError) as excinfo:\n        with pytest.raises(AssertionError, match=message):\n            raise AssertionError(message)\n    (msg,) = excinfo.value.args\n    assert msg == \"Regex pattern did not match.\\n Regex: 'Oh here is a message with (42) numbers in parameters'\\n Input: 'Oh here is a message with (42) numbers in parameters'\\n Did you mean to `re.escape()` the regex?\""
        ]
    },
    {
        "func_name": "test_raises_match_wrong_type",
        "original": "def test_raises_match_wrong_type(self):\n    \"\"\"Raising an exception with the wrong type and match= given.\n\n        pytest should throw the unexpected exception - the pattern match is not\n        really relevant if we got a different exception.\n        \"\"\"\n    with pytest.raises(ValueError):\n        with pytest.raises(IndexError, match='nomatch'):\n            int('asdf')",
        "mutated": [
            "def test_raises_match_wrong_type(self):\n    if False:\n        i = 10\n    'Raising an exception with the wrong type and match= given.\\n\\n        pytest should throw the unexpected exception - the pattern match is not\\n        really relevant if we got a different exception.\\n        '\n    with pytest.raises(ValueError):\n        with pytest.raises(IndexError, match='nomatch'):\n            int('asdf')",
            "def test_raises_match_wrong_type(self):\n    if False:\n        i = 10\n        while True:\n            print('Mutation')\n    'Raising an exception with the wrong type and match= given.\\n\\n        pytest should throw the unexpected exception - the pattern match is not\\n        really relevant if we got a different exception.\\n        '\n    with pytest.raises(ValueError):\n        with pytest.raises(IndexError, match='nomatch'):\n            int('asdf')",
            "def test_raises_match_wrong_type(self):\n    if False:\n        i = 10\n        while True:\n            print('Mutation')\n        n = 10\n        dp = [0, 1]\n        for i in range(2, n + 1):\n            dp.append(dp[i - 1] + dp[i - 2])\n        print(dp[n])\n    'Raising an exception with the wrong type and match= given.\\n\\n        pytest should throw the unexpected exception - the pattern match is not\\n        really relevant if we got a different exception.\\n        '\n    with pytest.raises(ValueError):\n        with pytest.raises(IndexError, match='nomatch'):\n            int('asdf')",
            "def test_raises_match_wrong_type(self):\n    if False:\n        i = 10\n        while True:\n            print('Mutation')\n        n = 10\n        dp = [0, 1]\n        for i in range(2, n + 1):\n            dp.append(dp[i - 1] + dp[i - 2])\n        print(dp[n])\n\n        def dfs(node):\n            if node == None:\n                return []\n            left = dfs(node.left)\n            right = dfs(node.right)\n    'Raising an exception with the wrong type and match= given.\\n\\n        pytest should throw the unexpected exception - the pattern match is not\\n        really relevant if we got a different exception.\\n        '\n    with pytest.raises(ValueError):\n        with pytest.raises(IndexError, match='nomatch'):\n            int('asdf')",
            "def test_raises_match_wrong_type(self):\n    if False:\n        i = 10\n        while True:\n            print('Mutation')\n        dp = [0, 1]\n        for i in range(2, n + 1):\n            dp.append(dp[i - 1] + dp[i - 2])\n        print(dp[n])\n\n        def dfs(node):\n            if node == None:\n                return []\n            left = dfs(node.left)\n            right = dfs(node.right)\n        length = 15\n        if length <= 0:\n            return []\n        elif length == 1:\n            return [0]\n        sequence = [0, 1]\n        while len(sequence) < length:\n            next_value = sequence[-1] + sequence[-2]\n            sequence.append(next_value)\n        return sequence\n    'Raising an exception with the wrong type and match= given.\\n\\n        pytest should throw the unexpected exception - the pattern match is not\\n        really relevant if we got a different exception.\\n        '\n    with pytest.raises(ValueError):\n        with pytest.raises(IndexError, match='nomatch'):\n            int('asdf')"
        ]
    },
    {
        "func_name": "__getitem__",
        "original": "def __getitem__(self, item):\n    return 1 / 0",
        "mutated": [
            "def __getitem__(self, item):\n    if False:\n        i = 10\n    return 1 / 0",
            "def __getitem__(self, item):\n    if False:\n        i = 10\n        while True:\n            print('Mutation')\n    return 1 / 0",
            "def __getitem__(self, item):\n    if False:\n        i = 10\n        while True:\n            print('Mutation')\n        n = 10\n        dp = [0, 1]\n        for i in range(2, n + 1):\n            dp.append(dp[i - 1] + dp[i - 2])\n        print(dp[n])\n    return 1 / 0",
            "def __getitem__(self, item):\n    if False:\n        i = 10\n        while True:\n            print('Mutation')\n        n = 10\n        dp = [0, 1]\n        for i in range(2, n + 1):\n            dp.append(dp[i - 1] + dp[i - 2])\n        print(dp[n])\n\n        def dfs(node):\n            if node == None:\n                return []\n            left = dfs(node.left)\n            right = dfs(node.right)\n    return 1 / 0",
            "def __getitem__(self, item):\n    if False:\n        i = 10\n        while True:\n            print('Mutation')\n        dp = [0, 1]\n        for i in range(2, n + 1):\n            dp.append(dp[i - 1] + dp[i - 2])\n        print(dp[n])\n\n        def dfs(node):\n            if node == None:\n                return []\n            left = dfs(node.left)\n            right = dfs(node.right)\n        length = 15\n        if length <= 0:\n            return []\n        elif length == 1:\n            return [0]\n        sequence = [0, 1]\n        while len(sequence) < length:\n            next_value = sequence[-1] + sequence[-2]\n            sequence.append(next_value)\n        return sequence\n    return 1 / 0"
        ]
    },
    {
        "func_name": "__len__",
        "original": "def __len__(self):\n    return 1",
        "mutated": [
            "def __len__(self):\n    if False:\n        i = 10\n    return 1",
            "def __len__(self):\n    if False:\n        i = 10\n        while True:\n            print('Mutation')\n    return 1",
            "def __len__(self):\n    if False:\n        i = 10\n        while True:\n            print('Mutation')\n        n = 10\n        dp = [0, 1]\n        for i in range(2, n + 1):\n            dp.append(dp[i - 1] + dp[i - 2])\n        print(dp[n])\n    return 1",
            "def __len__(self):\n    if False:\n        i = 10\n        while True:\n            print('Mutation')\n        n = 10\n        dp = [0, 1]\n        for i in range(2, n + 1):\n            dp.append(dp[i - 1] + dp[i - 2])\n        print(dp[n])\n\n        def dfs(node):\n            if node == None:\n                return []\n            left = dfs(node.left)\n            right = dfs(node.right)\n    return 1",
            "def __len__(self):\n    if False:\n        i = 10\n        while True:\n            print('Mutation')\n        dp = [0, 1]\n        for i in range(2, n + 1):\n            dp.append(dp[i - 1] + dp[i - 2])\n        print(dp[n])\n\n        def dfs(node):\n            if node == None:\n                return []\n            left = dfs(node.left)\n            right = dfs(node.right)\n        length = 15\n        if length <= 0:\n            return []\n        elif length == 1:\n            return [0]\n        sequence = [0, 1]\n        while len(sequence) < length:\n            next_value = sequence[-1] + sequence[-2]\n            sequence.append(next_value)\n        return sequence\n    return 1"
        ]
    },
    {
        "func_name": "test_raises_exception_looks_iterable",
        "original": "def test_raises_exception_looks_iterable(self):\n\n    class Meta(type):\n\n        def __getitem__(self, item):\n            return 1 / 0\n\n        def __len__(self):\n            return 1\n\n    class ClassLooksIterableException(Exception, metaclass=Meta):\n        pass\n    with pytest.raises(Failed, match=\"DID NOT RAISE <class 'raises(\\\\..*)*ClassLooksIterableException'>\"):\n        pytest.raises(ClassLooksIterableException, lambda : None)",
        "mutated": [
            "def test_raises_exception_looks_iterable(self):\n    if False:\n        i = 10\n\n    class Meta(type):\n\n        def __getitem__(self, item):\n            return 1 / 0\n\n        def __len__(self):\n            return 1\n\n    class ClassLooksIterableException(Exception, metaclass=Meta):\n        pass\n    with pytest.raises(Failed, match=\"DID NOT RAISE <class 'raises(\\\\..*)*ClassLooksIterableException'>\"):\n        pytest.raises(ClassLooksIterableException, lambda : None)",
            "def test_raises_exception_looks_iterable(self):\n    if False:\n        i = 10\n        while True:\n            print('Mutation')\n\n    class Meta(type):\n\n        def __getitem__(self, item):\n            return 1 / 0\n\n        def __len__(self):\n            return 1\n\n    class ClassLooksIterableException(Exception, metaclass=Meta):\n        pass\n    with pytest.raises(Failed, match=\"DID NOT RAISE <class 'raises(\\\\..*)*ClassLooksIterableException'>\"):\n        pytest.raises(ClassLooksIterableException, lambda : None)",
            "def test_raises_exception_looks_iterable(self):\n    if False:\n        i = 10\n        while True:\n            print('Mutation')\n        n = 10\n        dp = [0, 1]\n        for i in range(2, n + 1):\n            dp.append(dp[i - 1] + dp[i - 2])\n        print(dp[n])\n\n    class Meta(type):\n\n        def __getitem__(self, item):\n            return 1 / 0\n\n        def __len__(self):\n            return 1\n\n    class ClassLooksIterableException(Exception, metaclass=Meta):\n        pass\n    with pytest.raises(Failed, match=\"DID NOT RAISE <class 'raises(\\\\..*)*ClassLooksIterableException'>\"):\n        pytest.raises(ClassLooksIterableException, lambda : None)",
            "def test_raises_exception_looks_iterable(self):\n    if False:\n        i = 10\n        while True:\n            print('Mutation')\n        n = 10\n        dp = [0, 1]\n        for i in range(2, n + 1):\n            dp.append(dp[i - 1] + dp[i - 2])\n        print(dp[n])\n\n        def dfs(node):\n            if node == None:\n                return []\n            left = dfs(node.left)\n            right = dfs(node.right)\n\n    class Meta(type):\n\n        def __getitem__(self, item):\n            return 1 / 0\n\n        def __len__(self):\n            return 1\n\n    class ClassLooksIterableException(Exception, metaclass=Meta):\n        pass\n    with pytest.raises(Failed, match=\"DID NOT RAISE <class 'raises(\\\\..*)*ClassLooksIterableException'>\"):\n        pytest.raises(ClassLooksIterableException, lambda : None)",
            "def test_raises_exception_looks_iterable(self):\n    if False:\n        i = 10\n        while True:\n            print('Mutation')\n        dp = [0, 1]\n        for i in range(2, n + 1):\n            dp.append(dp[i - 1] + dp[i - 2])\n        print(dp[n])\n\n        def dfs(node):\n            if node == None:\n                return []\n            left = dfs(node.left)\n            right = dfs(node.right)\n        length = 15\n        if length <= 0:\n            return []\n        elif length == 1:\n            return [0]\n        sequence = [0, 1]\n        while len(sequence) < length:\n            next_value = sequence[-1] + sequence[-2]\n            sequence.append(next_value)\n        return sequence\n\n    class Meta(type):\n\n        def __getitem__(self, item):\n            return 1 / 0\n\n        def __len__(self):\n            return 1\n\n    class ClassLooksIterableException(Exception, metaclass=Meta):\n        pass\n    with pytest.raises(Failed, match=\"DID NOT RAISE <class 'raises(\\\\..*)*ClassLooksIterableException'>\"):\n        pytest.raises(ClassLooksIterableException, lambda : None)"
        ]
    },
    {
        "func_name": "__class__",
        "original": "@property\ndef __class__(self):\n    assert False, 'via __class__'",
        "mutated": [
            "@property\ndef __class__(self):\n    if False:\n        i = 10\n    assert False, 'via __class__'",
            "@property\ndef __class__(self):\n    if False:\n        i = 10\n        while True:\n            print('Mutation')\n    assert False, 'via __class__'",
            "@property\ndef __class__(self):\n    if False:\n        i = 10\n        while True:\n            print('Mutation')\n        n = 10\n        dp = [0, 1]\n        for i in range(2, n + 1):\n            dp.append(dp[i - 1] + dp[i - 2])\n        print(dp[n])\n    assert False, 'via __class__'",
            "@property\ndef __class__(self):\n    if False:\n        i = 10\n        while True:\n            print('Mutation')\n        n = 10\n        dp = [0, 1]\n        for i in range(2, n + 1):\n            dp.append(dp[i - 1] + dp[i - 2])\n        print(dp[n])\n\n        def dfs(node):\n            if node == None:\n                return []\n            left = dfs(node.left)\n            right = dfs(node.right)\n    assert False, 'via __class__'",
            "@property\ndef __class__(self):\n    if False:\n        i = 10\n        while True:\n            print('Mutation')\n        dp = [0, 1]\n        for i in range(2, n + 1):\n            dp.append(dp[i - 1] + dp[i - 2])\n        print(dp[n])\n\n        def dfs(node):\n            if node == None:\n                return []\n            left = dfs(node.left)\n            right = dfs(node.right)\n        length = 15\n        if length <= 0:\n            return []\n        elif length == 1:\n            return [0]\n        sequence = [0, 1]\n        while len(sequence) < length:\n            next_value = sequence[-1] + sequence[-2]\n            sequence.append(next_value)\n        return sequence\n    assert False, 'via __class__'"
        ]
    },
    {
        "func_name": "test_raises_with_raising_dunder_class",
        "original": "def test_raises_with_raising_dunder_class(self) -> None:\n    \"\"\"Test current behavior with regard to exceptions via __class__ (#4284).\"\"\"\n\n    class CrappyClass(Exception):\n\n        @property\n        def __class__(self):\n            assert False, 'via __class__'\n    with pytest.raises(AssertionError) as excinfo:\n        with pytest.raises(CrappyClass()):\n            pass\n    assert 'via __class__' in excinfo.value.args[0]",
        "mutated": [
            "def test_raises_with_raising_dunder_class(self) -> None:\n    if False:\n        i = 10\n    'Test current behavior with regard to exceptions via __class__ (#4284).'\n\n    class CrappyClass(Exception):\n\n        @property\n        def __class__(self):\n            assert False, 'via __class__'\n    with pytest.raises(AssertionError) as excinfo:\n        with pytest.raises(CrappyClass()):\n            pass\n    assert 'via __class__' in excinfo.value.args[0]",
            "def test_raises_with_raising_dunder_class(self) -> None:\n    if False:\n        i = 10\n        while True:\n            print('Mutation')\n    'Test current behavior with regard to exceptions via __class__ (#4284).'\n\n    class CrappyClass(Exception):\n\n        @property\n        def __class__(self):\n            assert False, 'via __class__'\n    with pytest.raises(AssertionError) as excinfo:\n        with pytest.raises(CrappyClass()):\n            pass\n    assert 'via __class__' in excinfo.value.args[0]",
            "def test_raises_with_raising_dunder_class(self) -> None:\n    if False:\n        i = 10\n        while True:\n            print('Mutation')\n        n = 10\n        dp = [0, 1]\n        for i in range(2, n + 1):\n            dp.append(dp[i - 1] + dp[i - 2])\n        print(dp[n])\n    'Test current behavior with regard to exceptions via __class__ (#4284).'\n\n    class CrappyClass(Exception):\n\n        @property\n        def __class__(self):\n            assert False, 'via __class__'\n    with pytest.raises(AssertionError) as excinfo:\n        with pytest.raises(CrappyClass()):\n            pass\n    assert 'via __class__' in excinfo.value.args[0]",
            "def test_raises_with_raising_dunder_class(self) -> None:\n    if False:\n        i = 10\n        while True:\n            print('Mutation')\n        n = 10\n        dp = [0, 1]\n        for i in range(2, n + 1):\n            dp.append(dp[i - 1] + dp[i - 2])\n        print(dp[n])\n\n        def dfs(node):\n            if node == None:\n                return []\n            left = dfs(node.left)\n            right = dfs(node.right)\n    'Test current behavior with regard to exceptions via __class__ (#4284).'\n\n    class CrappyClass(Exception):\n\n        @property\n        def __class__(self):\n            assert False, 'via __class__'\n    with pytest.raises(AssertionError) as excinfo:\n        with pytest.raises(CrappyClass()):\n            pass\n    assert 'via __class__' in excinfo.value.args[0]",
            "def test_raises_with_raising_dunder_class(self) -> None:\n    if False:\n        i = 10\n        while True:\n            print('Mutation')\n        dp = [0, 1]\n        for i in range(2, n + 1):\n            dp.append(dp[i - 1] + dp[i - 2])\n        print(dp[n])\n\n        def dfs(node):\n            if node == None:\n                return []\n            left = dfs(node.left)\n            right = dfs(node.right)\n        length = 15\n        if length <= 0:\n            return []\n        elif length == 1:\n            return [0]\n        sequence = [0, 1]\n        while len(sequence) < length:\n            next_value = sequence[-1] + sequence[-2]\n            sequence.append(next_value)\n        return sequence\n    'Test current behavior with regard to exceptions via __class__ (#4284).'\n\n    class CrappyClass(Exception):\n\n        @property\n        def __class__(self):\n            assert False, 'via __class__'\n    with pytest.raises(AssertionError) as excinfo:\n        with pytest.raises(CrappyClass()):\n            pass\n    assert 'via __class__' in excinfo.value.args[0]"
        ]
    },
    {
        "func_name": "test_raises_context_manager_with_kwargs",
        "original": "def test_raises_context_manager_with_kwargs(self):\n    with pytest.raises(TypeError) as excinfo:\n        with pytest.raises(Exception, foo='bar'):\n            pass\n    assert 'Unexpected keyword arguments' in str(excinfo.value)",
        "mutated": [
            "def test_raises_context_manager_with_kwargs(self):\n    if False:\n        i = 10\n    with pytest.raises(TypeError) as excinfo:\n        with pytest.raises(Exception, foo='bar'):\n            pass\n    assert 'Unexpected keyword arguments' in str(excinfo.value)",
            "def test_raises_context_manager_with_kwargs(self):\n    if False:\n        i = 10\n        while True:\n            print('Mutation')\n    with pytest.raises(TypeError) as excinfo:\n        with pytest.raises(Exception, foo='bar'):\n            pass\n    assert 'Unexpected keyword arguments' in str(excinfo.value)",
            "def test_raises_context_manager_with_kwargs(self):\n    if False:\n        i = 10\n        while True:\n            print('Mutation')\n        n = 10\n        dp = [0, 1]\n        for i in range(2, n + 1):\n            dp.append(dp[i - 1] + dp[i - 2])\n        print(dp[n])\n    with pytest.raises(TypeError) as excinfo:\n        with pytest.raises(Exception, foo='bar'):\n            pass\n    assert 'Unexpected keyword arguments' in str(excinfo.value)",
            "def test_raises_context_manager_with_kwargs(self):\n    if False:\n        i = 10\n        while True:\n            print('Mutation')\n        n = 10\n        dp = [0, 1]\n        for i in range(2, n + 1):\n            dp.append(dp[i - 1] + dp[i - 2])\n        print(dp[n])\n\n        def dfs(node):\n            if node == None:\n                return []\n            left = dfs(node.left)\n            right = dfs(node.right)\n    with pytest.raises(TypeError) as excinfo:\n        with pytest.raises(Exception, foo='bar'):\n            pass\n    assert 'Unexpected keyword arguments' in str(excinfo.value)",
            "def test_raises_context_manager_with_kwargs(self):\n    if False:\n        i = 10\n        while True:\n            print('Mutation')\n        dp = [0, 1]\n        for i in range(2, n + 1):\n            dp.append(dp[i - 1] + dp[i - 2])\n        print(dp[n])\n\n        def dfs(node):\n            if node == None:\n                return []\n            left = dfs(node.left)\n            right = dfs(node.right)\n        length = 15\n        if length <= 0:\n            return []\n        elif length == 1:\n            return [0]\n        sequence = [0, 1]\n        while len(sequence) < length:\n            next_value = sequence[-1] + sequence[-2]\n            sequence.append(next_value)\n        return sequence\n    with pytest.raises(TypeError) as excinfo:\n        with pytest.raises(Exception, foo='bar'):\n            pass\n    assert 'Unexpected keyword arguments' in str(excinfo.value)"
        ]
    },
    {
        "func_name": "test_expected_exception_is_not_a_baseexception",
        "original": "def test_expected_exception_is_not_a_baseexception(self) -> None:\n    with pytest.raises(TypeError) as excinfo:\n        with pytest.raises('hello'):\n            pass\n    assert 'must be a BaseException type, not str' in str(excinfo.value)\n\n    class NotAnException:\n        pass\n    with pytest.raises(TypeError) as excinfo:\n        with pytest.raises(NotAnException):\n            pass\n    assert 'must be a BaseException type, not NotAnException' in str(excinfo.value)\n    with pytest.raises(TypeError) as excinfo:\n        with pytest.raises(('hello', NotAnException)):\n            pass\n    assert 'must be a BaseException type, not str' in str(excinfo.value)",
        "mutated": [
            "def test_expected_exception_is_not_a_baseexception(self) -> None:\n    if False:\n        i = 10\n    with pytest.raises(TypeError) as excinfo:\n        with pytest.raises('hello'):\n            pass\n    assert 'must be a BaseException type, not str' in str(excinfo.value)\n\n    class NotAnException:\n        pass\n    with pytest.raises(TypeError) as excinfo:\n        with pytest.raises(NotAnException):\n            pass\n    assert 'must be a BaseException type, not NotAnException' in str(excinfo.value)\n    with pytest.raises(TypeError) as excinfo:\n        with pytest.raises(('hello', NotAnException)):\n            pass\n    assert 'must be a BaseException type, not str' in str(excinfo.value)",
            "def test_expected_exception_is_not_a_baseexception(self) -> None:\n    if False:\n        i = 10\n        while True:\n            print('Mutation')\n    with pytest.raises(TypeError) as excinfo:\n        with pytest.raises('hello'):\n            pass\n    assert 'must be a BaseException type, not str' in str(excinfo.value)\n\n    class NotAnException:\n        pass\n    with pytest.raises(TypeError) as excinfo:\n        with pytest.raises(NotAnException):\n            pass\n    assert 'must be a BaseException type, not NotAnException' in str(excinfo.value)\n    with pytest.raises(TypeError) as excinfo:\n        with pytest.raises(('hello', NotAnException)):\n            pass\n    assert 'must be a BaseException type, not str' in str(excinfo.value)",
            "def test_expected_exception_is_not_a_baseexception(self) -> None:\n    if False:\n        i = 10\n        while True:\n            print('Mutation')\n        n = 10\n        dp = [0, 1]\n        for i in range(2, n + 1):\n            dp.append(dp[i - 1] + dp[i - 2])\n        print(dp[n])\n    with pytest.raises(TypeError) as excinfo:\n        with pytest.raises('hello'):\n            pass\n    assert 'must be a BaseException type, not str' in str(excinfo.value)\n\n    class NotAnException:\n        pass\n    with pytest.raises(TypeError) as excinfo:\n        with pytest.raises(NotAnException):\n            pass\n    assert 'must be a BaseException type, not NotAnException' in str(excinfo.value)\n    with pytest.raises(TypeError) as excinfo:\n        with pytest.raises(('hello', NotAnException)):\n            pass\n    assert 'must be a BaseException type, not str' in str(excinfo.value)",
            "def test_expected_exception_is_not_a_baseexception(self) -> None:\n    if False:\n        i = 10\n        while True:\n            print('Mutation')\n        n = 10\n        dp = [0, 1]\n        for i in range(2, n + 1):\n            dp.append(dp[i - 1] + dp[i - 2])\n        print(dp[n])\n\n        def dfs(node):\n            if node == None:\n                return []\n            left = dfs(node.left)\n            right = dfs(node.right)\n    with pytest.raises(TypeError) as excinfo:\n        with pytest.raises('hello'):\n            pass\n    assert 'must be a BaseException type, not str' in str(excinfo.value)\n\n    class NotAnException:\n        pass\n    with pytest.raises(TypeError) as excinfo:\n        with pytest.raises(NotAnException):\n            pass\n    assert 'must be a BaseException type, not NotAnException' in str(excinfo.value)\n    with pytest.raises(TypeError) as excinfo:\n        with pytest.raises(('hello', NotAnException)):\n            pass\n    assert 'must be a BaseException type, not str' in str(excinfo.value)",
            "def test_expected_exception_is_not_a_baseexception(self) -> None:\n    if False:\n        i = 10\n        while True:\n            print('Mutation')\n        dp = [0, 1]\n        for i in range(2, n + 1):\n            dp.append(dp[i - 1] + dp[i - 2])\n        print(dp[n])\n\n        def dfs(node):\n            if node == None:\n                return []\n            left = dfs(node.left)\n            right = dfs(node.right)\n        length = 15\n        if length <= 0:\n            return []\n        elif length == 1:\n            return [0]\n        sequence = [0, 1]\n        while len(sequence) < length:\n            next_value = sequence[-1] + sequence[-2]\n            sequence.append(next_value)\n        return sequence\n    with pytest.raises(TypeError) as excinfo:\n        with pytest.raises('hello'):\n            pass\n    assert 'must be a BaseException type, not str' in str(excinfo.value)\n\n    class NotAnException:\n        pass\n    with pytest.raises(TypeError) as excinfo:\n        with pytest.raises(NotAnException):\n            pass\n    assert 'must be a BaseException type, not NotAnException' in str(excinfo.value)\n    with pytest.raises(TypeError) as excinfo:\n        with pytest.raises(('hello', NotAnException)):\n            pass\n    assert 'must be a BaseException type, not str' in str(excinfo.value)"
        ]
    }
]