[
    {
        "func_name": "stepwise_pytester",
        "original": "@pytest.fixture\ndef stepwise_pytester(pytester: Pytester) -> Pytester:\n    pytester.makeconftest(\"\\ndef pytest_addoption(parser):\\n    group = parser.getgroup('general')\\n    group.addoption('--fail', action='store_true', dest='fail')\\n    group.addoption('--fail-last', action='store_true', dest='fail_last')\\n\")\n    pytester.makepyfile(test_a=\"\\ndef test_success_before_fail():\\n    assert 1\\n\\ndef test_fail_on_flag(request):\\n    assert not request.config.getvalue('fail')\\n\\ndef test_success_after_fail():\\n    assert 1\\n\\ndef test_fail_last_on_flag(request):\\n    assert not request.config.getvalue('fail_last')\\n\\ndef test_success_after_last_fail():\\n    assert 1\\n\")\n    pytester.makepyfile(test_b='\\ndef test_success():\\n    assert 1\\n')\n    pytester.makeini('\\n        [pytest]\\n        cache_dir = .cache\\n    ')\n    return pytester",
        "mutated": [
            "@pytest.fixture\ndef stepwise_pytester(pytester: Pytester) -> Pytester:\n    if False:\n        i = 10\n    pytester.makeconftest(\"\\ndef pytest_addoption(parser):\\n    group = parser.getgroup('general')\\n    group.addoption('--fail', action='store_true', dest='fail')\\n    group.addoption('--fail-last', action='store_true', dest='fail_last')\\n\")\n    pytester.makepyfile(test_a=\"\\ndef test_success_before_fail():\\n    assert 1\\n\\ndef test_fail_on_flag(request):\\n    assert not request.config.getvalue('fail')\\n\\ndef test_success_after_fail():\\n    assert 1\\n\\ndef test_fail_last_on_flag(request):\\n    assert not request.config.getvalue('fail_last')\\n\\ndef test_success_after_last_fail():\\n    assert 1\\n\")\n    pytester.makepyfile(test_b='\\ndef test_success():\\n    assert 1\\n')\n    pytester.makeini('\\n        [pytest]\\n        cache_dir = .cache\\n    ')\n    return pytester",
            "@pytest.fixture\ndef stepwise_pytester(pytester: Pytester) -> Pytester:\n    if False:\n        i = 10\n        while True:\n            print('Mutation')\n    pytester.makeconftest(\"\\ndef pytest_addoption(parser):\\n    group = parser.getgroup('general')\\n    group.addoption('--fail', action='store_true', dest='fail')\\n    group.addoption('--fail-last', action='store_true', dest='fail_last')\\n\")\n    pytester.makepyfile(test_a=\"\\ndef test_success_before_fail():\\n    assert 1\\n\\ndef test_fail_on_flag(request):\\n    assert not request.config.getvalue('fail')\\n\\ndef test_success_after_fail():\\n    assert 1\\n\\ndef test_fail_last_on_flag(request):\\n    assert not request.config.getvalue('fail_last')\\n\\ndef test_success_after_last_fail():\\n    assert 1\\n\")\n    pytester.makepyfile(test_b='\\ndef test_success():\\n    assert 1\\n')\n    pytester.makeini('\\n        [pytest]\\n        cache_dir = .cache\\n    ')\n    return pytester",
            "@pytest.fixture\ndef stepwise_pytester(pytester: Pytester) -> Pytester:\n    if False:\n        i = 10\n        while True:\n            print('Mutation')\n        n = 10\n        dp = [0, 1]\n        for i in range(2, n + 1):\n            dp.append(dp[i - 1] + dp[i - 2])\n        print(dp[n])\n    pytester.makeconftest(\"\\ndef pytest_addoption(parser):\\n    group = parser.getgroup('general')\\n    group.addoption('--fail', action='store_true', dest='fail')\\n    group.addoption('--fail-last', action='store_true', dest='fail_last')\\n\")\n    pytester.makepyfile(test_a=\"\\ndef test_success_before_fail():\\n    assert 1\\n\\ndef test_fail_on_flag(request):\\n    assert not request.config.getvalue('fail')\\n\\ndef test_success_after_fail():\\n    assert 1\\n\\ndef test_fail_last_on_flag(request):\\n    assert not request.config.getvalue('fail_last')\\n\\ndef test_success_after_last_fail():\\n    assert 1\\n\")\n    pytester.makepyfile(test_b='\\ndef test_success():\\n    assert 1\\n')\n    pytester.makeini('\\n        [pytest]\\n        cache_dir = .cache\\n    ')\n    return pytester",
            "@pytest.fixture\ndef stepwise_pytester(pytester: Pytester) -> Pytester:\n    if False:\n        i = 10\n        while True:\n            print('Mutation')\n        n = 10\n        dp = [0, 1]\n        for i in range(2, n + 1):\n            dp.append(dp[i - 1] + dp[i - 2])\n        print(dp[n])\n\n        def dfs(node):\n            if node == None:\n                return []\n            left = dfs(node.left)\n            right = dfs(node.right)\n    pytester.makeconftest(\"\\ndef pytest_addoption(parser):\\n    group = parser.getgroup('general')\\n    group.addoption('--fail', action='store_true', dest='fail')\\n    group.addoption('--fail-last', action='store_true', dest='fail_last')\\n\")\n    pytester.makepyfile(test_a=\"\\ndef test_success_before_fail():\\n    assert 1\\n\\ndef test_fail_on_flag(request):\\n    assert not request.config.getvalue('fail')\\n\\ndef test_success_after_fail():\\n    assert 1\\n\\ndef test_fail_last_on_flag(request):\\n    assert not request.config.getvalue('fail_last')\\n\\ndef test_success_after_last_fail():\\n    assert 1\\n\")\n    pytester.makepyfile(test_b='\\ndef test_success():\\n    assert 1\\n')\n    pytester.makeini('\\n        [pytest]\\n        cache_dir = .cache\\n    ')\n    return pytester",
            "@pytest.fixture\ndef stepwise_pytester(pytester: Pytester) -> Pytester:\n    if False:\n        i = 10\n        while True:\n            print('Mutation')\n        dp = [0, 1]\n        for i in range(2, n + 1):\n            dp.append(dp[i - 1] + dp[i - 2])\n        print(dp[n])\n\n        def dfs(node):\n            if node == None:\n                return []\n            left = dfs(node.left)\n            right = dfs(node.right)\n        length = 15\n        if length <= 0:\n            return []\n        elif length == 1:\n            return [0]\n        sequence = [0, 1]\n        while len(sequence) < length:\n            next_value = sequence[-1] + sequence[-2]\n            sequence.append(next_value)\n        return sequence\n    pytester.makeconftest(\"\\ndef pytest_addoption(parser):\\n    group = parser.getgroup('general')\\n    group.addoption('--fail', action='store_true', dest='fail')\\n    group.addoption('--fail-last', action='store_true', dest='fail_last')\\n\")\n    pytester.makepyfile(test_a=\"\\ndef test_success_before_fail():\\n    assert 1\\n\\ndef test_fail_on_flag(request):\\n    assert not request.config.getvalue('fail')\\n\\ndef test_success_after_fail():\\n    assert 1\\n\\ndef test_fail_last_on_flag(request):\\n    assert not request.config.getvalue('fail_last')\\n\\ndef test_success_after_last_fail():\\n    assert 1\\n\")\n    pytester.makepyfile(test_b='\\ndef test_success():\\n    assert 1\\n')\n    pytester.makeini('\\n        [pytest]\\n        cache_dir = .cache\\n    ')\n    return pytester"
        ]
    },
    {
        "func_name": "error_pytester",
        "original": "@pytest.fixture\ndef error_pytester(pytester: Pytester) -> Pytester:\n    pytester.makepyfile(test_a='\\ndef test_error(nonexisting_fixture):\\n    assert 1\\n\\ndef test_success_after_fail():\\n    assert 1\\n')\n    return pytester",
        "mutated": [
            "@pytest.fixture\ndef error_pytester(pytester: Pytester) -> Pytester:\n    if False:\n        i = 10\n    pytester.makepyfile(test_a='\\ndef test_error(nonexisting_fixture):\\n    assert 1\\n\\ndef test_success_after_fail():\\n    assert 1\\n')\n    return pytester",
            "@pytest.fixture\ndef error_pytester(pytester: Pytester) -> Pytester:\n    if False:\n        i = 10\n        while True:\n            print('Mutation')\n    pytester.makepyfile(test_a='\\ndef test_error(nonexisting_fixture):\\n    assert 1\\n\\ndef test_success_after_fail():\\n    assert 1\\n')\n    return pytester",
            "@pytest.fixture\ndef error_pytester(pytester: Pytester) -> Pytester:\n    if False:\n        i = 10\n        while True:\n            print('Mutation')\n        n = 10\n        dp = [0, 1]\n        for i in range(2, n + 1):\n            dp.append(dp[i - 1] + dp[i - 2])\n        print(dp[n])\n    pytester.makepyfile(test_a='\\ndef test_error(nonexisting_fixture):\\n    assert 1\\n\\ndef test_success_after_fail():\\n    assert 1\\n')\n    return pytester",
            "@pytest.fixture\ndef error_pytester(pytester: Pytester) -> Pytester:\n    if False:\n        i = 10\n        while True:\n            print('Mutation')\n        n = 10\n        dp = [0, 1]\n        for i in range(2, n + 1):\n            dp.append(dp[i - 1] + dp[i - 2])\n        print(dp[n])\n\n        def dfs(node):\n            if node == None:\n                return []\n            left = dfs(node.left)\n            right = dfs(node.right)\n    pytester.makepyfile(test_a='\\ndef test_error(nonexisting_fixture):\\n    assert 1\\n\\ndef test_success_after_fail():\\n    assert 1\\n')\n    return pytester",
            "@pytest.fixture\ndef error_pytester(pytester: Pytester) -> Pytester:\n    if False:\n        i = 10\n        while True:\n            print('Mutation')\n        dp = [0, 1]\n        for i in range(2, n + 1):\n            dp.append(dp[i - 1] + dp[i - 2])\n        print(dp[n])\n\n        def dfs(node):\n            if node == None:\n                return []\n            left = dfs(node.left)\n            right = dfs(node.right)\n        length = 15\n        if length <= 0:\n            return []\n        elif length == 1:\n            return [0]\n        sequence = [0, 1]\n        while len(sequence) < length:\n            next_value = sequence[-1] + sequence[-2]\n            sequence.append(next_value)\n        return sequence\n    pytester.makepyfile(test_a='\\ndef test_error(nonexisting_fixture):\\n    assert 1\\n\\ndef test_success_after_fail():\\n    assert 1\\n')\n    return pytester"
        ]
    },
    {
        "func_name": "broken_pytester",
        "original": "@pytest.fixture\ndef broken_pytester(pytester: Pytester) -> Pytester:\n    pytester.makepyfile(working_testfile='def test_proper(): assert 1', broken_testfile='foobar')\n    return pytester",
        "mutated": [
            "@pytest.fixture\ndef broken_pytester(pytester: Pytester) -> Pytester:\n    if False:\n        i = 10\n    pytester.makepyfile(working_testfile='def test_proper(): assert 1', broken_testfile='foobar')\n    return pytester",
            "@pytest.fixture\ndef broken_pytester(pytester: Pytester) -> Pytester:\n    if False:\n        i = 10\n        while True:\n            print('Mutation')\n    pytester.makepyfile(working_testfile='def test_proper(): assert 1', broken_testfile='foobar')\n    return pytester",
            "@pytest.fixture\ndef broken_pytester(pytester: Pytester) -> Pytester:\n    if False:\n        i = 10\n        while True:\n            print('Mutation')\n        n = 10\n        dp = [0, 1]\n        for i in range(2, n + 1):\n            dp.append(dp[i - 1] + dp[i - 2])\n        print(dp[n])\n    pytester.makepyfile(working_testfile='def test_proper(): assert 1', broken_testfile='foobar')\n    return pytester",
            "@pytest.fixture\ndef broken_pytester(pytester: Pytester) -> Pytester:\n    if False:\n        i = 10\n        while True:\n            print('Mutation')\n        n = 10\n        dp = [0, 1]\n        for i in range(2, n + 1):\n            dp.append(dp[i - 1] + dp[i - 2])\n        print(dp[n])\n\n        def dfs(node):\n            if node == None:\n                return []\n            left = dfs(node.left)\n            right = dfs(node.right)\n    pytester.makepyfile(working_testfile='def test_proper(): assert 1', broken_testfile='foobar')\n    return pytester",
            "@pytest.fixture\ndef broken_pytester(pytester: Pytester) -> Pytester:\n    if False:\n        i = 10\n        while True:\n            print('Mutation')\n        dp = [0, 1]\n        for i in range(2, n + 1):\n            dp.append(dp[i - 1] + dp[i - 2])\n        print(dp[n])\n\n        def dfs(node):\n            if node == None:\n                return []\n            left = dfs(node.left)\n            right = dfs(node.right)\n        length = 15\n        if length <= 0:\n            return []\n        elif length == 1:\n            return [0]\n        sequence = [0, 1]\n        while len(sequence) < length:\n            next_value = sequence[-1] + sequence[-2]\n            sequence.append(next_value)\n        return sequence\n    pytester.makepyfile(working_testfile='def test_proper(): assert 1', broken_testfile='foobar')\n    return pytester"
        ]
    },
    {
        "func_name": "_strip_resource_warnings",
        "original": "def _strip_resource_warnings(lines):\n    return [x for x in lines if not x.startswith(('Exception ignored in:', 'ResourceWarning'))]",
        "mutated": [
            "def _strip_resource_warnings(lines):\n    if False:\n        i = 10\n    return [x for x in lines if not x.startswith(('Exception ignored in:', 'ResourceWarning'))]",
            "def _strip_resource_warnings(lines):\n    if False:\n        i = 10\n        while True:\n            print('Mutation')\n    return [x for x in lines if not x.startswith(('Exception ignored in:', 'ResourceWarning'))]",
            "def _strip_resource_warnings(lines):\n    if False:\n        i = 10\n        while True:\n            print('Mutation')\n        n = 10\n        dp = [0, 1]\n        for i in range(2, n + 1):\n            dp.append(dp[i - 1] + dp[i - 2])\n        print(dp[n])\n    return [x for x in lines if not x.startswith(('Exception ignored in:', 'ResourceWarning'))]",
            "def _strip_resource_warnings(lines):\n    if False:\n        i = 10\n        while True:\n            print('Mutation')\n        n = 10\n        dp = [0, 1]\n        for i in range(2, n + 1):\n            dp.append(dp[i - 1] + dp[i - 2])\n        print(dp[n])\n\n        def dfs(node):\n            if node == None:\n                return []\n            left = dfs(node.left)\n            right = dfs(node.right)\n    return [x for x in lines if not x.startswith(('Exception ignored in:', 'ResourceWarning'))]",
            "def _strip_resource_warnings(lines):\n    if False:\n        i = 10\n        while True:\n            print('Mutation')\n        dp = [0, 1]\n        for i in range(2, n + 1):\n            dp.append(dp[i - 1] + dp[i - 2])\n        print(dp[n])\n\n        def dfs(node):\n            if node == None:\n                return []\n            left = dfs(node.left)\n            right = dfs(node.right)\n        length = 15\n        if length <= 0:\n            return []\n        elif length == 1:\n            return [0]\n        sequence = [0, 1]\n        while len(sequence) < length:\n            next_value = sequence[-1] + sequence[-2]\n            sequence.append(next_value)\n        return sequence\n    return [x for x in lines if not x.startswith(('Exception ignored in:', 'ResourceWarning'))]"
        ]
    },
    {
        "func_name": "test_run_without_stepwise",
        "original": "def test_run_without_stepwise(stepwise_pytester: Pytester) -> None:\n    result = stepwise_pytester.runpytest('-v', '--strict-markers', '--fail')\n    result.stdout.fnmatch_lines(['*test_success_before_fail PASSED*'])\n    result.stdout.fnmatch_lines(['*test_fail_on_flag FAILED*'])\n    result.stdout.fnmatch_lines(['*test_success_after_fail PASSED*'])",
        "mutated": [
            "def test_run_without_stepwise(stepwise_pytester: Pytester) -> None:\n    if False:\n        i = 10\n    result = stepwise_pytester.runpytest('-v', '--strict-markers', '--fail')\n    result.stdout.fnmatch_lines(['*test_success_before_fail PASSED*'])\n    result.stdout.fnmatch_lines(['*test_fail_on_flag FAILED*'])\n    result.stdout.fnmatch_lines(['*test_success_after_fail PASSED*'])",
            "def test_run_without_stepwise(stepwise_pytester: Pytester) -> None:\n    if False:\n        i = 10\n        while True:\n            print('Mutation')\n    result = stepwise_pytester.runpytest('-v', '--strict-markers', '--fail')\n    result.stdout.fnmatch_lines(['*test_success_before_fail PASSED*'])\n    result.stdout.fnmatch_lines(['*test_fail_on_flag FAILED*'])\n    result.stdout.fnmatch_lines(['*test_success_after_fail PASSED*'])",
            "def test_run_without_stepwise(stepwise_pytester: Pytester) -> None:\n    if False:\n        i = 10\n        while True:\n            print('Mutation')\n        n = 10\n        dp = [0, 1]\n        for i in range(2, n + 1):\n            dp.append(dp[i - 1] + dp[i - 2])\n        print(dp[n])\n    result = stepwise_pytester.runpytest('-v', '--strict-markers', '--fail')\n    result.stdout.fnmatch_lines(['*test_success_before_fail PASSED*'])\n    result.stdout.fnmatch_lines(['*test_fail_on_flag FAILED*'])\n    result.stdout.fnmatch_lines(['*test_success_after_fail PASSED*'])",
            "def test_run_without_stepwise(stepwise_pytester: Pytester) -> None:\n    if False:\n        i = 10\n        while True:\n            print('Mutation')\n        n = 10\n        dp = [0, 1]\n        for i in range(2, n + 1):\n            dp.append(dp[i - 1] + dp[i - 2])\n        print(dp[n])\n\n        def dfs(node):\n            if node == None:\n                return []\n            left = dfs(node.left)\n            right = dfs(node.right)\n    result = stepwise_pytester.runpytest('-v', '--strict-markers', '--fail')\n    result.stdout.fnmatch_lines(['*test_success_before_fail PASSED*'])\n    result.stdout.fnmatch_lines(['*test_fail_on_flag FAILED*'])\n    result.stdout.fnmatch_lines(['*test_success_after_fail PASSED*'])",
            "def test_run_without_stepwise(stepwise_pytester: Pytester) -> None:\n    if False:\n        i = 10\n        while True:\n            print('Mutation')\n        dp = [0, 1]\n        for i in range(2, n + 1):\n            dp.append(dp[i - 1] + dp[i - 2])\n        print(dp[n])\n\n        def dfs(node):\n            if node == None:\n                return []\n            left = dfs(node.left)\n            right = dfs(node.right)\n        length = 15\n        if length <= 0:\n            return []\n        elif length == 1:\n            return [0]\n        sequence = [0, 1]\n        while len(sequence) < length:\n            next_value = sequence[-1] + sequence[-2]\n            sequence.append(next_value)\n        return sequence\n    result = stepwise_pytester.runpytest('-v', '--strict-markers', '--fail')\n    result.stdout.fnmatch_lines(['*test_success_before_fail PASSED*'])\n    result.stdout.fnmatch_lines(['*test_fail_on_flag FAILED*'])\n    result.stdout.fnmatch_lines(['*test_success_after_fail PASSED*'])"
        ]
    },
    {
        "func_name": "test_stepwise_output_summary",
        "original": "def test_stepwise_output_summary(pytester: Pytester) -> None:\n    pytester.makepyfile('\\n        import pytest\\n        @pytest.mark.parametrize(\"expected\", [True, True, True, True, False])\\n        def test_data(expected):\\n            assert expected\\n        ')\n    result = pytester.runpytest('-v', '--stepwise')\n    result.stdout.fnmatch_lines(['stepwise: no previously failed tests, not skipping.'])\n    result = pytester.runpytest('-v', '--stepwise')\n    result.stdout.fnmatch_lines(['stepwise: skipping 4 already passed items.', '*1 failed, 4 deselected*'])",
        "mutated": [
            "def test_stepwise_output_summary(pytester: Pytester) -> None:\n    if False:\n        i = 10\n    pytester.makepyfile('\\n        import pytest\\n        @pytest.mark.parametrize(\"expected\", [True, True, True, True, False])\\n        def test_data(expected):\\n            assert expected\\n        ')\n    result = pytester.runpytest('-v', '--stepwise')\n    result.stdout.fnmatch_lines(['stepwise: no previously failed tests, not skipping.'])\n    result = pytester.runpytest('-v', '--stepwise')\n    result.stdout.fnmatch_lines(['stepwise: skipping 4 already passed items.', '*1 failed, 4 deselected*'])",
            "def test_stepwise_output_summary(pytester: Pytester) -> None:\n    if False:\n        i = 10\n        while True:\n            print('Mutation')\n    pytester.makepyfile('\\n        import pytest\\n        @pytest.mark.parametrize(\"expected\", [True, True, True, True, False])\\n        def test_data(expected):\\n            assert expected\\n        ')\n    result = pytester.runpytest('-v', '--stepwise')\n    result.stdout.fnmatch_lines(['stepwise: no previously failed tests, not skipping.'])\n    result = pytester.runpytest('-v', '--stepwise')\n    result.stdout.fnmatch_lines(['stepwise: skipping 4 already passed items.', '*1 failed, 4 deselected*'])",
            "def test_stepwise_output_summary(pytester: Pytester) -> None:\n    if False:\n        i = 10\n        while True:\n            print('Mutation')\n        n = 10\n        dp = [0, 1]\n        for i in range(2, n + 1):\n            dp.append(dp[i - 1] + dp[i - 2])\n        print(dp[n])\n    pytester.makepyfile('\\n        import pytest\\n        @pytest.mark.parametrize(\"expected\", [True, True, True, True, False])\\n        def test_data(expected):\\n            assert expected\\n        ')\n    result = pytester.runpytest('-v', '--stepwise')\n    result.stdout.fnmatch_lines(['stepwise: no previously failed tests, not skipping.'])\n    result = pytester.runpytest('-v', '--stepwise')\n    result.stdout.fnmatch_lines(['stepwise: skipping 4 already passed items.', '*1 failed, 4 deselected*'])",
            "def test_stepwise_output_summary(pytester: Pytester) -> None:\n    if False:\n        i = 10\n        while True:\n            print('Mutation')\n        n = 10\n        dp = [0, 1]\n        for i in range(2, n + 1):\n            dp.append(dp[i - 1] + dp[i - 2])\n        print(dp[n])\n\n        def dfs(node):\n            if node == None:\n                return []\n            left = dfs(node.left)\n            right = dfs(node.right)\n    pytester.makepyfile('\\n        import pytest\\n        @pytest.mark.parametrize(\"expected\", [True, True, True, True, False])\\n        def test_data(expected):\\n            assert expected\\n        ')\n    result = pytester.runpytest('-v', '--stepwise')\n    result.stdout.fnmatch_lines(['stepwise: no previously failed tests, not skipping.'])\n    result = pytester.runpytest('-v', '--stepwise')\n    result.stdout.fnmatch_lines(['stepwise: skipping 4 already passed items.', '*1 failed, 4 deselected*'])",
            "def test_stepwise_output_summary(pytester: Pytester) -> None:\n    if False:\n        i = 10\n        while True:\n            print('Mutation')\n        dp = [0, 1]\n        for i in range(2, n + 1):\n            dp.append(dp[i - 1] + dp[i - 2])\n        print(dp[n])\n\n        def dfs(node):\n            if node == None:\n                return []\n            left = dfs(node.left)\n            right = dfs(node.right)\n        length = 15\n        if length <= 0:\n            return []\n        elif length == 1:\n            return [0]\n        sequence = [0, 1]\n        while len(sequence) < length:\n            next_value = sequence[-1] + sequence[-2]\n            sequence.append(next_value)\n        return sequence\n    pytester.makepyfile('\\n        import pytest\\n        @pytest.mark.parametrize(\"expected\", [True, True, True, True, False])\\n        def test_data(expected):\\n            assert expected\\n        ')\n    result = pytester.runpytest('-v', '--stepwise')\n    result.stdout.fnmatch_lines(['stepwise: no previously failed tests, not skipping.'])\n    result = pytester.runpytest('-v', '--stepwise')\n    result.stdout.fnmatch_lines(['stepwise: skipping 4 already passed items.', '*1 failed, 4 deselected*'])"
        ]
    },
    {
        "func_name": "test_fail_and_continue_with_stepwise",
        "original": "def test_fail_and_continue_with_stepwise(stepwise_pytester: Pytester) -> None:\n    result = stepwise_pytester.runpytest('-v', '--strict-markers', '--stepwise', '--fail')\n    assert _strip_resource_warnings(result.stderr.lines) == []\n    stdout = result.stdout.str()\n    assert 'test_success_before_fail PASSED' in stdout\n    assert 'test_fail_on_flag FAILED' in stdout\n    assert 'test_success_after_fail' not in stdout\n    result = stepwise_pytester.runpytest('-v', '--strict-markers', '--stepwise')\n    assert _strip_resource_warnings(result.stderr.lines) == []\n    stdout = result.stdout.str()\n    assert 'test_success_before_fail' not in stdout\n    assert 'test_fail_on_flag PASSED' in stdout\n    assert 'test_success_after_fail PASSED' in stdout",
        "mutated": [
            "def test_fail_and_continue_with_stepwise(stepwise_pytester: Pytester) -> None:\n    if False:\n        i = 10\n    result = stepwise_pytester.runpytest('-v', '--strict-markers', '--stepwise', '--fail')\n    assert _strip_resource_warnings(result.stderr.lines) == []\n    stdout = result.stdout.str()\n    assert 'test_success_before_fail PASSED' in stdout\n    assert 'test_fail_on_flag FAILED' in stdout\n    assert 'test_success_after_fail' not in stdout\n    result = stepwise_pytester.runpytest('-v', '--strict-markers', '--stepwise')\n    assert _strip_resource_warnings(result.stderr.lines) == []\n    stdout = result.stdout.str()\n    assert 'test_success_before_fail' not in stdout\n    assert 'test_fail_on_flag PASSED' in stdout\n    assert 'test_success_after_fail PASSED' in stdout",
            "def test_fail_and_continue_with_stepwise(stepwise_pytester: Pytester) -> None:\n    if False:\n        i = 10\n        while True:\n            print('Mutation')\n    result = stepwise_pytester.runpytest('-v', '--strict-markers', '--stepwise', '--fail')\n    assert _strip_resource_warnings(result.stderr.lines) == []\n    stdout = result.stdout.str()\n    assert 'test_success_before_fail PASSED' in stdout\n    assert 'test_fail_on_flag FAILED' in stdout\n    assert 'test_success_after_fail' not in stdout\n    result = stepwise_pytester.runpytest('-v', '--strict-markers', '--stepwise')\n    assert _strip_resource_warnings(result.stderr.lines) == []\n    stdout = result.stdout.str()\n    assert 'test_success_before_fail' not in stdout\n    assert 'test_fail_on_flag PASSED' in stdout\n    assert 'test_success_after_fail PASSED' in stdout",
            "def test_fail_and_continue_with_stepwise(stepwise_pytester: Pytester) -> None:\n    if False:\n        i = 10\n        while True:\n            print('Mutation')\n        n = 10\n        dp = [0, 1]\n        for i in range(2, n + 1):\n            dp.append(dp[i - 1] + dp[i - 2])\n        print(dp[n])\n    result = stepwise_pytester.runpytest('-v', '--strict-markers', '--stepwise', '--fail')\n    assert _strip_resource_warnings(result.stderr.lines) == []\n    stdout = result.stdout.str()\n    assert 'test_success_before_fail PASSED' in stdout\n    assert 'test_fail_on_flag FAILED' in stdout\n    assert 'test_success_after_fail' not in stdout\n    result = stepwise_pytester.runpytest('-v', '--strict-markers', '--stepwise')\n    assert _strip_resource_warnings(result.stderr.lines) == []\n    stdout = result.stdout.str()\n    assert 'test_success_before_fail' not in stdout\n    assert 'test_fail_on_flag PASSED' in stdout\n    assert 'test_success_after_fail PASSED' in stdout",
            "def test_fail_and_continue_with_stepwise(stepwise_pytester: Pytester) -> None:\n    if False:\n        i = 10\n        while True:\n            print('Mutation')\n        n = 10\n        dp = [0, 1]\n        for i in range(2, n + 1):\n            dp.append(dp[i - 1] + dp[i - 2])\n        print(dp[n])\n\n        def dfs(node):\n            if node == None:\n                return []\n            left = dfs(node.left)\n            right = dfs(node.right)\n    result = stepwise_pytester.runpytest('-v', '--strict-markers', '--stepwise', '--fail')\n    assert _strip_resource_warnings(result.stderr.lines) == []\n    stdout = result.stdout.str()\n    assert 'test_success_before_fail PASSED' in stdout\n    assert 'test_fail_on_flag FAILED' in stdout\n    assert 'test_success_after_fail' not in stdout\n    result = stepwise_pytester.runpytest('-v', '--strict-markers', '--stepwise')\n    assert _strip_resource_warnings(result.stderr.lines) == []\n    stdout = result.stdout.str()\n    assert 'test_success_before_fail' not in stdout\n    assert 'test_fail_on_flag PASSED' in stdout\n    assert 'test_success_after_fail PASSED' in stdout",
            "def test_fail_and_continue_with_stepwise(stepwise_pytester: Pytester) -> None:\n    if False:\n        i = 10\n        while True:\n            print('Mutation')\n        dp = [0, 1]\n        for i in range(2, n + 1):\n            dp.append(dp[i - 1] + dp[i - 2])\n        print(dp[n])\n\n        def dfs(node):\n            if node == None:\n                return []\n            left = dfs(node.left)\n            right = dfs(node.right)\n        length = 15\n        if length <= 0:\n            return []\n        elif length == 1:\n            return [0]\n        sequence = [0, 1]\n        while len(sequence) < length:\n            next_value = sequence[-1] + sequence[-2]\n            sequence.append(next_value)\n        return sequence\n    result = stepwise_pytester.runpytest('-v', '--strict-markers', '--stepwise', '--fail')\n    assert _strip_resource_warnings(result.stderr.lines) == []\n    stdout = result.stdout.str()\n    assert 'test_success_before_fail PASSED' in stdout\n    assert 'test_fail_on_flag FAILED' in stdout\n    assert 'test_success_after_fail' not in stdout\n    result = stepwise_pytester.runpytest('-v', '--strict-markers', '--stepwise')\n    assert _strip_resource_warnings(result.stderr.lines) == []\n    stdout = result.stdout.str()\n    assert 'test_success_before_fail' not in stdout\n    assert 'test_fail_on_flag PASSED' in stdout\n    assert 'test_success_after_fail PASSED' in stdout"
        ]
    },
    {
        "func_name": "test_run_with_skip_option",
        "original": "@pytest.mark.parametrize('stepwise_skip', ['--stepwise-skip', '--sw-skip'])\ndef test_run_with_skip_option(stepwise_pytester: Pytester, stepwise_skip: str) -> None:\n    result = stepwise_pytester.runpytest('-v', '--strict-markers', '--stepwise', stepwise_skip, '--fail', '--fail-last')\n    assert _strip_resource_warnings(result.stderr.lines) == []\n    stdout = result.stdout.str()\n    assert 'test_fail_on_flag FAILED' in stdout\n    assert 'test_success_after_fail PASSED' in stdout\n    assert 'test_fail_last_on_flag FAILED' in stdout\n    assert 'test_success_after_last_fail' not in stdout",
        "mutated": [
            "@pytest.mark.parametrize('stepwise_skip', ['--stepwise-skip', '--sw-skip'])\ndef test_run_with_skip_option(stepwise_pytester: Pytester, stepwise_skip: str) -> None:\n    if False:\n        i = 10\n    result = stepwise_pytester.runpytest('-v', '--strict-markers', '--stepwise', stepwise_skip, '--fail', '--fail-last')\n    assert _strip_resource_warnings(result.stderr.lines) == []\n    stdout = result.stdout.str()\n    assert 'test_fail_on_flag FAILED' in stdout\n    assert 'test_success_after_fail PASSED' in stdout\n    assert 'test_fail_last_on_flag FAILED' in stdout\n    assert 'test_success_after_last_fail' not in stdout",
            "@pytest.mark.parametrize('stepwise_skip', ['--stepwise-skip', '--sw-skip'])\ndef test_run_with_skip_option(stepwise_pytester: Pytester, stepwise_skip: str) -> None:\n    if False:\n        i = 10\n        while True:\n            print('Mutation')\n    result = stepwise_pytester.runpytest('-v', '--strict-markers', '--stepwise', stepwise_skip, '--fail', '--fail-last')\n    assert _strip_resource_warnings(result.stderr.lines) == []\n    stdout = result.stdout.str()\n    assert 'test_fail_on_flag FAILED' in stdout\n    assert 'test_success_after_fail PASSED' in stdout\n    assert 'test_fail_last_on_flag FAILED' in stdout\n    assert 'test_success_after_last_fail' not in stdout",
            "@pytest.mark.parametrize('stepwise_skip', ['--stepwise-skip', '--sw-skip'])\ndef test_run_with_skip_option(stepwise_pytester: Pytester, stepwise_skip: str) -> None:\n    if False:\n        i = 10\n        while True:\n            print('Mutation')\n        n = 10\n        dp = [0, 1]\n        for i in range(2, n + 1):\n            dp.append(dp[i - 1] + dp[i - 2])\n        print(dp[n])\n    result = stepwise_pytester.runpytest('-v', '--strict-markers', '--stepwise', stepwise_skip, '--fail', '--fail-last')\n    assert _strip_resource_warnings(result.stderr.lines) == []\n    stdout = result.stdout.str()\n    assert 'test_fail_on_flag FAILED' in stdout\n    assert 'test_success_after_fail PASSED' in stdout\n    assert 'test_fail_last_on_flag FAILED' in stdout\n    assert 'test_success_after_last_fail' not in stdout",
            "@pytest.mark.parametrize('stepwise_skip', ['--stepwise-skip', '--sw-skip'])\ndef test_run_with_skip_option(stepwise_pytester: Pytester, stepwise_skip: str) -> None:\n    if False:\n        i = 10\n        while True:\n            print('Mutation')\n        n = 10\n        dp = [0, 1]\n        for i in range(2, n + 1):\n            dp.append(dp[i - 1] + dp[i - 2])\n        print(dp[n])\n\n        def dfs(node):\n            if node == None:\n                return []\n            left = dfs(node.left)\n            right = dfs(node.right)\n    result = stepwise_pytester.runpytest('-v', '--strict-markers', '--stepwise', stepwise_skip, '--fail', '--fail-last')\n    assert _strip_resource_warnings(result.stderr.lines) == []\n    stdout = result.stdout.str()\n    assert 'test_fail_on_flag FAILED' in stdout\n    assert 'test_success_after_fail PASSED' in stdout\n    assert 'test_fail_last_on_flag FAILED' in stdout\n    assert 'test_success_after_last_fail' not in stdout",
            "@pytest.mark.parametrize('stepwise_skip', ['--stepwise-skip', '--sw-skip'])\ndef test_run_with_skip_option(stepwise_pytester: Pytester, stepwise_skip: str) -> None:\n    if False:\n        i = 10\n        while True:\n            print('Mutation')\n        dp = [0, 1]\n        for i in range(2, n + 1):\n            dp.append(dp[i - 1] + dp[i - 2])\n        print(dp[n])\n\n        def dfs(node):\n            if node == None:\n                return []\n            left = dfs(node.left)\n            right = dfs(node.right)\n        length = 15\n        if length <= 0:\n            return []\n        elif length == 1:\n            return [0]\n        sequence = [0, 1]\n        while len(sequence) < length:\n            next_value = sequence[-1] + sequence[-2]\n            sequence.append(next_value)\n        return sequence\n    result = stepwise_pytester.runpytest('-v', '--strict-markers', '--stepwise', stepwise_skip, '--fail', '--fail-last')\n    assert _strip_resource_warnings(result.stderr.lines) == []\n    stdout = result.stdout.str()\n    assert 'test_fail_on_flag FAILED' in stdout\n    assert 'test_success_after_fail PASSED' in stdout\n    assert 'test_fail_last_on_flag FAILED' in stdout\n    assert 'test_success_after_last_fail' not in stdout"
        ]
    },
    {
        "func_name": "test_fail_on_errors",
        "original": "def test_fail_on_errors(error_pytester: Pytester) -> None:\n    result = error_pytester.runpytest('-v', '--strict-markers', '--stepwise')\n    assert _strip_resource_warnings(result.stderr.lines) == []\n    stdout = result.stdout.str()\n    assert 'test_error ERROR' in stdout\n    assert 'test_success_after_fail' not in stdout",
        "mutated": [
            "def test_fail_on_errors(error_pytester: Pytester) -> None:\n    if False:\n        i = 10\n    result = error_pytester.runpytest('-v', '--strict-markers', '--stepwise')\n    assert _strip_resource_warnings(result.stderr.lines) == []\n    stdout = result.stdout.str()\n    assert 'test_error ERROR' in stdout\n    assert 'test_success_after_fail' not in stdout",
            "def test_fail_on_errors(error_pytester: Pytester) -> None:\n    if False:\n        i = 10\n        while True:\n            print('Mutation')\n    result = error_pytester.runpytest('-v', '--strict-markers', '--stepwise')\n    assert _strip_resource_warnings(result.stderr.lines) == []\n    stdout = result.stdout.str()\n    assert 'test_error ERROR' in stdout\n    assert 'test_success_after_fail' not in stdout",
            "def test_fail_on_errors(error_pytester: Pytester) -> None:\n    if False:\n        i = 10\n        while True:\n            print('Mutation')\n        n = 10\n        dp = [0, 1]\n        for i in range(2, n + 1):\n            dp.append(dp[i - 1] + dp[i - 2])\n        print(dp[n])\n    result = error_pytester.runpytest('-v', '--strict-markers', '--stepwise')\n    assert _strip_resource_warnings(result.stderr.lines) == []\n    stdout = result.stdout.str()\n    assert 'test_error ERROR' in stdout\n    assert 'test_success_after_fail' not in stdout",
            "def test_fail_on_errors(error_pytester: Pytester) -> None:\n    if False:\n        i = 10\n        while True:\n            print('Mutation')\n        n = 10\n        dp = [0, 1]\n        for i in range(2, n + 1):\n            dp.append(dp[i - 1] + dp[i - 2])\n        print(dp[n])\n\n        def dfs(node):\n            if node == None:\n                return []\n            left = dfs(node.left)\n            right = dfs(node.right)\n    result = error_pytester.runpytest('-v', '--strict-markers', '--stepwise')\n    assert _strip_resource_warnings(result.stderr.lines) == []\n    stdout = result.stdout.str()\n    assert 'test_error ERROR' in stdout\n    assert 'test_success_after_fail' not in stdout",
            "def test_fail_on_errors(error_pytester: Pytester) -> None:\n    if False:\n        i = 10\n        while True:\n            print('Mutation')\n        dp = [0, 1]\n        for i in range(2, n + 1):\n            dp.append(dp[i - 1] + dp[i - 2])\n        print(dp[n])\n\n        def dfs(node):\n            if node == None:\n                return []\n            left = dfs(node.left)\n            right = dfs(node.right)\n        length = 15\n        if length <= 0:\n            return []\n        elif length == 1:\n            return [0]\n        sequence = [0, 1]\n        while len(sequence) < length:\n            next_value = sequence[-1] + sequence[-2]\n            sequence.append(next_value)\n        return sequence\n    result = error_pytester.runpytest('-v', '--strict-markers', '--stepwise')\n    assert _strip_resource_warnings(result.stderr.lines) == []\n    stdout = result.stdout.str()\n    assert 'test_error ERROR' in stdout\n    assert 'test_success_after_fail' not in stdout"
        ]
    },
    {
        "func_name": "test_change_testfile",
        "original": "def test_change_testfile(stepwise_pytester: Pytester) -> None:\n    result = stepwise_pytester.runpytest('-v', '--strict-markers', '--stepwise', '--fail', 'test_a.py')\n    assert _strip_resource_warnings(result.stderr.lines) == []\n    stdout = result.stdout.str()\n    assert 'test_fail_on_flag FAILED' in stdout\n    result = stepwise_pytester.runpytest('-v', '--strict-markers', '--stepwise', 'test_b.py')\n    assert _strip_resource_warnings(result.stderr.lines) == []\n    stdout = result.stdout.str()\n    assert 'test_success PASSED' in stdout",
        "mutated": [
            "def test_change_testfile(stepwise_pytester: Pytester) -> None:\n    if False:\n        i = 10\n    result = stepwise_pytester.runpytest('-v', '--strict-markers', '--stepwise', '--fail', 'test_a.py')\n    assert _strip_resource_warnings(result.stderr.lines) == []\n    stdout = result.stdout.str()\n    assert 'test_fail_on_flag FAILED' in stdout\n    result = stepwise_pytester.runpytest('-v', '--strict-markers', '--stepwise', 'test_b.py')\n    assert _strip_resource_warnings(result.stderr.lines) == []\n    stdout = result.stdout.str()\n    assert 'test_success PASSED' in stdout",
            "def test_change_testfile(stepwise_pytester: Pytester) -> None:\n    if False:\n        i = 10\n        while True:\n            print('Mutation')\n    result = stepwise_pytester.runpytest('-v', '--strict-markers', '--stepwise', '--fail', 'test_a.py')\n    assert _strip_resource_warnings(result.stderr.lines) == []\n    stdout = result.stdout.str()\n    assert 'test_fail_on_flag FAILED' in stdout\n    result = stepwise_pytester.runpytest('-v', '--strict-markers', '--stepwise', 'test_b.py')\n    assert _strip_resource_warnings(result.stderr.lines) == []\n    stdout = result.stdout.str()\n    assert 'test_success PASSED' in stdout",
            "def test_change_testfile(stepwise_pytester: Pytester) -> None:\n    if False:\n        i = 10\n        while True:\n            print('Mutation')\n        n = 10\n        dp = [0, 1]\n        for i in range(2, n + 1):\n            dp.append(dp[i - 1] + dp[i - 2])\n        print(dp[n])\n    result = stepwise_pytester.runpytest('-v', '--strict-markers', '--stepwise', '--fail', 'test_a.py')\n    assert _strip_resource_warnings(result.stderr.lines) == []\n    stdout = result.stdout.str()\n    assert 'test_fail_on_flag FAILED' in stdout\n    result = stepwise_pytester.runpytest('-v', '--strict-markers', '--stepwise', 'test_b.py')\n    assert _strip_resource_warnings(result.stderr.lines) == []\n    stdout = result.stdout.str()\n    assert 'test_success PASSED' in stdout",
            "def test_change_testfile(stepwise_pytester: Pytester) -> None:\n    if False:\n        i = 10\n        while True:\n            print('Mutation')\n        n = 10\n        dp = [0, 1]\n        for i in range(2, n + 1):\n            dp.append(dp[i - 1] + dp[i - 2])\n        print(dp[n])\n\n        def dfs(node):\n            if node == None:\n                return []\n            left = dfs(node.left)\n            right = dfs(node.right)\n    result = stepwise_pytester.runpytest('-v', '--strict-markers', '--stepwise', '--fail', 'test_a.py')\n    assert _strip_resource_warnings(result.stderr.lines) == []\n    stdout = result.stdout.str()\n    assert 'test_fail_on_flag FAILED' in stdout\n    result = stepwise_pytester.runpytest('-v', '--strict-markers', '--stepwise', 'test_b.py')\n    assert _strip_resource_warnings(result.stderr.lines) == []\n    stdout = result.stdout.str()\n    assert 'test_success PASSED' in stdout",
            "def test_change_testfile(stepwise_pytester: Pytester) -> None:\n    if False:\n        i = 10\n        while True:\n            print('Mutation')\n        dp = [0, 1]\n        for i in range(2, n + 1):\n            dp.append(dp[i - 1] + dp[i - 2])\n        print(dp[n])\n\n        def dfs(node):\n            if node == None:\n                return []\n            left = dfs(node.left)\n            right = dfs(node.right)\n        length = 15\n        if length <= 0:\n            return []\n        elif length == 1:\n            return [0]\n        sequence = [0, 1]\n        while len(sequence) < length:\n            next_value = sequence[-1] + sequence[-2]\n            sequence.append(next_value)\n        return sequence\n    result = stepwise_pytester.runpytest('-v', '--strict-markers', '--stepwise', '--fail', 'test_a.py')\n    assert _strip_resource_warnings(result.stderr.lines) == []\n    stdout = result.stdout.str()\n    assert 'test_fail_on_flag FAILED' in stdout\n    result = stepwise_pytester.runpytest('-v', '--strict-markers', '--stepwise', 'test_b.py')\n    assert _strip_resource_warnings(result.stderr.lines) == []\n    stdout = result.stdout.str()\n    assert 'test_success PASSED' in stdout"
        ]
    },
    {
        "func_name": "test_stop_on_collection_errors",
        "original": "@pytest.mark.parametrize('broken_first', [True, False])\ndef test_stop_on_collection_errors(broken_pytester: Pytester, broken_first: bool) -> None:\n    \"\"\"Stop during collection errors. Broken test first or broken test last\n    actually surfaced a bug (#5444), so we test both situations.\"\"\"\n    files = ['working_testfile.py', 'broken_testfile.py']\n    if broken_first:\n        files.reverse()\n    result = broken_pytester.runpytest('-v', '--strict-markers', '--stepwise', *files)\n    result.stdout.fnmatch_lines('*error during collection*')",
        "mutated": [
            "@pytest.mark.parametrize('broken_first', [True, False])\ndef test_stop_on_collection_errors(broken_pytester: Pytester, broken_first: bool) -> None:\n    if False:\n        i = 10\n    'Stop during collection errors. Broken test first or broken test last\\n    actually surfaced a bug (#5444), so we test both situations.'\n    files = ['working_testfile.py', 'broken_testfile.py']\n    if broken_first:\n        files.reverse()\n    result = broken_pytester.runpytest('-v', '--strict-markers', '--stepwise', *files)\n    result.stdout.fnmatch_lines('*error during collection*')",
            "@pytest.mark.parametrize('broken_first', [True, False])\ndef test_stop_on_collection_errors(broken_pytester: Pytester, broken_first: bool) -> None:\n    if False:\n        i = 10\n        while True:\n            print('Mutation')\n    'Stop during collection errors. Broken test first or broken test last\\n    actually surfaced a bug (#5444), so we test both situations.'\n    files = ['working_testfile.py', 'broken_testfile.py']\n    if broken_first:\n        files.reverse()\n    result = broken_pytester.runpytest('-v', '--strict-markers', '--stepwise', *files)\n    result.stdout.fnmatch_lines('*error during collection*')",
            "@pytest.mark.parametrize('broken_first', [True, False])\ndef test_stop_on_collection_errors(broken_pytester: Pytester, broken_first: bool) -> None:\n    if False:\n        i = 10\n        while True:\n            print('Mutation')\n        n = 10\n        dp = [0, 1]\n        for i in range(2, n + 1):\n            dp.append(dp[i - 1] + dp[i - 2])\n        print(dp[n])\n    'Stop during collection errors. Broken test first or broken test last\\n    actually surfaced a bug (#5444), so we test both situations.'\n    files = ['working_testfile.py', 'broken_testfile.py']\n    if broken_first:\n        files.reverse()\n    result = broken_pytester.runpytest('-v', '--strict-markers', '--stepwise', *files)\n    result.stdout.fnmatch_lines('*error during collection*')",
            "@pytest.mark.parametrize('broken_first', [True, False])\ndef test_stop_on_collection_errors(broken_pytester: Pytester, broken_first: bool) -> None:\n    if False:\n        i = 10\n        while True:\n            print('Mutation')\n        n = 10\n        dp = [0, 1]\n        for i in range(2, n + 1):\n            dp.append(dp[i - 1] + dp[i - 2])\n        print(dp[n])\n\n        def dfs(node):\n            if node == None:\n                return []\n            left = dfs(node.left)\n            right = dfs(node.right)\n    'Stop during collection errors. Broken test first or broken test last\\n    actually surfaced a bug (#5444), so we test both situations.'\n    files = ['working_testfile.py', 'broken_testfile.py']\n    if broken_first:\n        files.reverse()\n    result = broken_pytester.runpytest('-v', '--strict-markers', '--stepwise', *files)\n    result.stdout.fnmatch_lines('*error during collection*')",
            "@pytest.mark.parametrize('broken_first', [True, False])\ndef test_stop_on_collection_errors(broken_pytester: Pytester, broken_first: bool) -> None:\n    if False:\n        i = 10\n        while True:\n            print('Mutation')\n        dp = [0, 1]\n        for i in range(2, n + 1):\n            dp.append(dp[i - 1] + dp[i - 2])\n        print(dp[n])\n\n        def dfs(node):\n            if node == None:\n                return []\n            left = dfs(node.left)\n            right = dfs(node.right)\n        length = 15\n        if length <= 0:\n            return []\n        elif length == 1:\n            return [0]\n        sequence = [0, 1]\n        while len(sequence) < length:\n            next_value = sequence[-1] + sequence[-2]\n            sequence.append(next_value)\n        return sequence\n    'Stop during collection errors. Broken test first or broken test last\\n    actually surfaced a bug (#5444), so we test both situations.'\n    files = ['working_testfile.py', 'broken_testfile.py']\n    if broken_first:\n        files.reverse()\n    result = broken_pytester.runpytest('-v', '--strict-markers', '--stepwise', *files)\n    result.stdout.fnmatch_lines('*error during collection*')"
        ]
    },
    {
        "func_name": "test_xfail_handling",
        "original": "def test_xfail_handling(pytester: Pytester, monkeypatch: MonkeyPatch) -> None:\n    \"\"\"Ensure normal xfail is ignored, and strict xfail interrupts the session in sw mode\n\n    (#5547)\n    \"\"\"\n    monkeypatch.setattr('sys.dont_write_bytecode', True)\n    contents = '\\n        import pytest\\n        def test_a(): pass\\n\\n        @pytest.mark.xfail(strict={strict})\\n        def test_b(): assert {assert_value}\\n\\n        def test_c(): pass\\n        def test_d(): pass\\n    '\n    pytester.makepyfile(contents.format(assert_value='0', strict='False'))\n    result = pytester.runpytest('--sw', '-v')\n    result.stdout.fnmatch_lines(['*::test_a PASSED *', '*::test_b XFAIL *', '*::test_c PASSED *', '*::test_d PASSED *', '* 3 passed, 1 xfailed in *'])\n    pytester.makepyfile(contents.format(assert_value='1', strict='True'))\n    result = pytester.runpytest('--sw', '-v')\n    result.stdout.fnmatch_lines(['*::test_a PASSED *', '*::test_b FAILED *', '* Interrupted*', '* 1 failed, 1 passed in *'])\n    pytester.makepyfile(contents.format(assert_value='0', strict='True'))\n    result = pytester.runpytest('--sw', '-v')\n    result.stdout.fnmatch_lines(['*::test_b XFAIL *', '*::test_c PASSED *', '*::test_d PASSED *', '* 2 passed, 1 deselected, 1 xfailed in *'])",
        "mutated": [
            "def test_xfail_handling(pytester: Pytester, monkeypatch: MonkeyPatch) -> None:\n    if False:\n        i = 10\n    'Ensure normal xfail is ignored, and strict xfail interrupts the session in sw mode\\n\\n    (#5547)\\n    '\n    monkeypatch.setattr('sys.dont_write_bytecode', True)\n    contents = '\\n        import pytest\\n        def test_a(): pass\\n\\n        @pytest.mark.xfail(strict={strict})\\n        def test_b(): assert {assert_value}\\n\\n        def test_c(): pass\\n        def test_d(): pass\\n    '\n    pytester.makepyfile(contents.format(assert_value='0', strict='False'))\n    result = pytester.runpytest('--sw', '-v')\n    result.stdout.fnmatch_lines(['*::test_a PASSED *', '*::test_b XFAIL *', '*::test_c PASSED *', '*::test_d PASSED *', '* 3 passed, 1 xfailed in *'])\n    pytester.makepyfile(contents.format(assert_value='1', strict='True'))\n    result = pytester.runpytest('--sw', '-v')\n    result.stdout.fnmatch_lines(['*::test_a PASSED *', '*::test_b FAILED *', '* Interrupted*', '* 1 failed, 1 passed in *'])\n    pytester.makepyfile(contents.format(assert_value='0', strict='True'))\n    result = pytester.runpytest('--sw', '-v')\n    result.stdout.fnmatch_lines(['*::test_b XFAIL *', '*::test_c PASSED *', '*::test_d PASSED *', '* 2 passed, 1 deselected, 1 xfailed in *'])",
            "def test_xfail_handling(pytester: Pytester, monkeypatch: MonkeyPatch) -> None:\n    if False:\n        i = 10\n        while True:\n            print('Mutation')\n    'Ensure normal xfail is ignored, and strict xfail interrupts the session in sw mode\\n\\n    (#5547)\\n    '\n    monkeypatch.setattr('sys.dont_write_bytecode', True)\n    contents = '\\n        import pytest\\n        def test_a(): pass\\n\\n        @pytest.mark.xfail(strict={strict})\\n        def test_b(): assert {assert_value}\\n\\n        def test_c(): pass\\n        def test_d(): pass\\n    '\n    pytester.makepyfile(contents.format(assert_value='0', strict='False'))\n    result = pytester.runpytest('--sw', '-v')\n    result.stdout.fnmatch_lines(['*::test_a PASSED *', '*::test_b XFAIL *', '*::test_c PASSED *', '*::test_d PASSED *', '* 3 passed, 1 xfailed in *'])\n    pytester.makepyfile(contents.format(assert_value='1', strict='True'))\n    result = pytester.runpytest('--sw', '-v')\n    result.stdout.fnmatch_lines(['*::test_a PASSED *', '*::test_b FAILED *', '* Interrupted*', '* 1 failed, 1 passed in *'])\n    pytester.makepyfile(contents.format(assert_value='0', strict='True'))\n    result = pytester.runpytest('--sw', '-v')\n    result.stdout.fnmatch_lines(['*::test_b XFAIL *', '*::test_c PASSED *', '*::test_d PASSED *', '* 2 passed, 1 deselected, 1 xfailed in *'])",
            "def test_xfail_handling(pytester: Pytester, monkeypatch: MonkeyPatch) -> None:\n    if False:\n        i = 10\n        while True:\n            print('Mutation')\n        n = 10\n        dp = [0, 1]\n        for i in range(2, n + 1):\n            dp.append(dp[i - 1] + dp[i - 2])\n        print(dp[n])\n    'Ensure normal xfail is ignored, and strict xfail interrupts the session in sw mode\\n\\n    (#5547)\\n    '\n    monkeypatch.setattr('sys.dont_write_bytecode', True)\n    contents = '\\n        import pytest\\n        def test_a(): pass\\n\\n        @pytest.mark.xfail(strict={strict})\\n        def test_b(): assert {assert_value}\\n\\n        def test_c(): pass\\n        def test_d(): pass\\n    '\n    pytester.makepyfile(contents.format(assert_value='0', strict='False'))\n    result = pytester.runpytest('--sw', '-v')\n    result.stdout.fnmatch_lines(['*::test_a PASSED *', '*::test_b XFAIL *', '*::test_c PASSED *', '*::test_d PASSED *', '* 3 passed, 1 xfailed in *'])\n    pytester.makepyfile(contents.format(assert_value='1', strict='True'))\n    result = pytester.runpytest('--sw', '-v')\n    result.stdout.fnmatch_lines(['*::test_a PASSED *', '*::test_b FAILED *', '* Interrupted*', '* 1 failed, 1 passed in *'])\n    pytester.makepyfile(contents.format(assert_value='0', strict='True'))\n    result = pytester.runpytest('--sw', '-v')\n    result.stdout.fnmatch_lines(['*::test_b XFAIL *', '*::test_c PASSED *', '*::test_d PASSED *', '* 2 passed, 1 deselected, 1 xfailed in *'])",
            "def test_xfail_handling(pytester: Pytester, monkeypatch: MonkeyPatch) -> None:\n    if False:\n        i = 10\n        while True:\n            print('Mutation')\n        n = 10\n        dp = [0, 1]\n        for i in range(2, n + 1):\n            dp.append(dp[i - 1] + dp[i - 2])\n        print(dp[n])\n\n        def dfs(node):\n            if node == None:\n                return []\n            left = dfs(node.left)\n            right = dfs(node.right)\n    'Ensure normal xfail is ignored, and strict xfail interrupts the session in sw mode\\n\\n    (#5547)\\n    '\n    monkeypatch.setattr('sys.dont_write_bytecode', True)\n    contents = '\\n        import pytest\\n        def test_a(): pass\\n\\n        @pytest.mark.xfail(strict={strict})\\n        def test_b(): assert {assert_value}\\n\\n        def test_c(): pass\\n        def test_d(): pass\\n    '\n    pytester.makepyfile(contents.format(assert_value='0', strict='False'))\n    result = pytester.runpytest('--sw', '-v')\n    result.stdout.fnmatch_lines(['*::test_a PASSED *', '*::test_b XFAIL *', '*::test_c PASSED *', '*::test_d PASSED *', '* 3 passed, 1 xfailed in *'])\n    pytester.makepyfile(contents.format(assert_value='1', strict='True'))\n    result = pytester.runpytest('--sw', '-v')\n    result.stdout.fnmatch_lines(['*::test_a PASSED *', '*::test_b FAILED *', '* Interrupted*', '* 1 failed, 1 passed in *'])\n    pytester.makepyfile(contents.format(assert_value='0', strict='True'))\n    result = pytester.runpytest('--sw', '-v')\n    result.stdout.fnmatch_lines(['*::test_b XFAIL *', '*::test_c PASSED *', '*::test_d PASSED *', '* 2 passed, 1 deselected, 1 xfailed in *'])",
            "def test_xfail_handling(pytester: Pytester, monkeypatch: MonkeyPatch) -> None:\n    if False:\n        i = 10\n        while True:\n            print('Mutation')\n        dp = [0, 1]\n        for i in range(2, n + 1):\n            dp.append(dp[i - 1] + dp[i - 2])\n        print(dp[n])\n\n        def dfs(node):\n            if node == None:\n                return []\n            left = dfs(node.left)\n            right = dfs(node.right)\n        length = 15\n        if length <= 0:\n            return []\n        elif length == 1:\n            return [0]\n        sequence = [0, 1]\n        while len(sequence) < length:\n            next_value = sequence[-1] + sequence[-2]\n            sequence.append(next_value)\n        return sequence\n    'Ensure normal xfail is ignored, and strict xfail interrupts the session in sw mode\\n\\n    (#5547)\\n    '\n    monkeypatch.setattr('sys.dont_write_bytecode', True)\n    contents = '\\n        import pytest\\n        def test_a(): pass\\n\\n        @pytest.mark.xfail(strict={strict})\\n        def test_b(): assert {assert_value}\\n\\n        def test_c(): pass\\n        def test_d(): pass\\n    '\n    pytester.makepyfile(contents.format(assert_value='0', strict='False'))\n    result = pytester.runpytest('--sw', '-v')\n    result.stdout.fnmatch_lines(['*::test_a PASSED *', '*::test_b XFAIL *', '*::test_c PASSED *', '*::test_d PASSED *', '* 3 passed, 1 xfailed in *'])\n    pytester.makepyfile(contents.format(assert_value='1', strict='True'))\n    result = pytester.runpytest('--sw', '-v')\n    result.stdout.fnmatch_lines(['*::test_a PASSED *', '*::test_b FAILED *', '* Interrupted*', '* 1 failed, 1 passed in *'])\n    pytester.makepyfile(contents.format(assert_value='0', strict='True'))\n    result = pytester.runpytest('--sw', '-v')\n    result.stdout.fnmatch_lines(['*::test_b XFAIL *', '*::test_c PASSED *', '*::test_d PASSED *', '* 2 passed, 1 deselected, 1 xfailed in *'])"
        ]
    },
    {
        "func_name": "test_stepwise_skip_is_independent",
        "original": "def test_stepwise_skip_is_independent(pytester: Pytester) -> None:\n    pytester.makepyfile('\\n        def test_one():\\n            assert False\\n\\n        def test_two():\\n            assert False\\n\\n        def test_three():\\n            assert False\\n\\n        ')\n    result = pytester.runpytest('--tb', 'no', '--stepwise-skip')\n    result.assert_outcomes(failed=2)\n    result.stdout.fnmatch_lines(['FAILED test_stepwise_skip_is_independent.py::test_one - assert False', 'FAILED test_stepwise_skip_is_independent.py::test_two - assert False', '*Interrupted: Test failed, continuing from this test next run.*'])",
        "mutated": [
            "def test_stepwise_skip_is_independent(pytester: Pytester) -> None:\n    if False:\n        i = 10\n    pytester.makepyfile('\\n        def test_one():\\n            assert False\\n\\n        def test_two():\\n            assert False\\n\\n        def test_three():\\n            assert False\\n\\n        ')\n    result = pytester.runpytest('--tb', 'no', '--stepwise-skip')\n    result.assert_outcomes(failed=2)\n    result.stdout.fnmatch_lines(['FAILED test_stepwise_skip_is_independent.py::test_one - assert False', 'FAILED test_stepwise_skip_is_independent.py::test_two - assert False', '*Interrupted: Test failed, continuing from this test next run.*'])",
            "def test_stepwise_skip_is_independent(pytester: Pytester) -> None:\n    if False:\n        i = 10\n        while True:\n            print('Mutation')\n    pytester.makepyfile('\\n        def test_one():\\n            assert False\\n\\n        def test_two():\\n            assert False\\n\\n        def test_three():\\n            assert False\\n\\n        ')\n    result = pytester.runpytest('--tb', 'no', '--stepwise-skip')\n    result.assert_outcomes(failed=2)\n    result.stdout.fnmatch_lines(['FAILED test_stepwise_skip_is_independent.py::test_one - assert False', 'FAILED test_stepwise_skip_is_independent.py::test_two - assert False', '*Interrupted: Test failed, continuing from this test next run.*'])",
            "def test_stepwise_skip_is_independent(pytester: Pytester) -> None:\n    if False:\n        i = 10\n        while True:\n            print('Mutation')\n        n = 10\n        dp = [0, 1]\n        for i in range(2, n + 1):\n            dp.append(dp[i - 1] + dp[i - 2])\n        print(dp[n])\n    pytester.makepyfile('\\n        def test_one():\\n            assert False\\n\\n        def test_two():\\n            assert False\\n\\n        def test_three():\\n            assert False\\n\\n        ')\n    result = pytester.runpytest('--tb', 'no', '--stepwise-skip')\n    result.assert_outcomes(failed=2)\n    result.stdout.fnmatch_lines(['FAILED test_stepwise_skip_is_independent.py::test_one - assert False', 'FAILED test_stepwise_skip_is_independent.py::test_two - assert False', '*Interrupted: Test failed, continuing from this test next run.*'])",
            "def test_stepwise_skip_is_independent(pytester: Pytester) -> None:\n    if False:\n        i = 10\n        while True:\n            print('Mutation')\n        n = 10\n        dp = [0, 1]\n        for i in range(2, n + 1):\n            dp.append(dp[i - 1] + dp[i - 2])\n        print(dp[n])\n\n        def dfs(node):\n            if node == None:\n                return []\n            left = dfs(node.left)\n            right = dfs(node.right)\n    pytester.makepyfile('\\n        def test_one():\\n            assert False\\n\\n        def test_two():\\n            assert False\\n\\n        def test_three():\\n            assert False\\n\\n        ')\n    result = pytester.runpytest('--tb', 'no', '--stepwise-skip')\n    result.assert_outcomes(failed=2)\n    result.stdout.fnmatch_lines(['FAILED test_stepwise_skip_is_independent.py::test_one - assert False', 'FAILED test_stepwise_skip_is_independent.py::test_two - assert False', '*Interrupted: Test failed, continuing from this test next run.*'])",
            "def test_stepwise_skip_is_independent(pytester: Pytester) -> None:\n    if False:\n        i = 10\n        while True:\n            print('Mutation')\n        dp = [0, 1]\n        for i in range(2, n + 1):\n            dp.append(dp[i - 1] + dp[i - 2])\n        print(dp[n])\n\n        def dfs(node):\n            if node == None:\n                return []\n            left = dfs(node.left)\n            right = dfs(node.right)\n        length = 15\n        if length <= 0:\n            return []\n        elif length == 1:\n            return [0]\n        sequence = [0, 1]\n        while len(sequence) < length:\n            next_value = sequence[-1] + sequence[-2]\n            sequence.append(next_value)\n        return sequence\n    pytester.makepyfile('\\n        def test_one():\\n            assert False\\n\\n        def test_two():\\n            assert False\\n\\n        def test_three():\\n            assert False\\n\\n        ')\n    result = pytester.runpytest('--tb', 'no', '--stepwise-skip')\n    result.assert_outcomes(failed=2)\n    result.stdout.fnmatch_lines(['FAILED test_stepwise_skip_is_independent.py::test_one - assert False', 'FAILED test_stepwise_skip_is_independent.py::test_two - assert False', '*Interrupted: Test failed, continuing from this test next run.*'])"
        ]
    },
    {
        "func_name": "test_sw_skip_help",
        "original": "def test_sw_skip_help(pytester: Pytester) -> None:\n    result = pytester.runpytest('-h')\n    result.stdout.fnmatch_lines('*Implicitly enables --stepwise.')",
        "mutated": [
            "def test_sw_skip_help(pytester: Pytester) -> None:\n    if False:\n        i = 10\n    result = pytester.runpytest('-h')\n    result.stdout.fnmatch_lines('*Implicitly enables --stepwise.')",
            "def test_sw_skip_help(pytester: Pytester) -> None:\n    if False:\n        i = 10\n        while True:\n            print('Mutation')\n    result = pytester.runpytest('-h')\n    result.stdout.fnmatch_lines('*Implicitly enables --stepwise.')",
            "def test_sw_skip_help(pytester: Pytester) -> None:\n    if False:\n        i = 10\n        while True:\n            print('Mutation')\n        n = 10\n        dp = [0, 1]\n        for i in range(2, n + 1):\n            dp.append(dp[i - 1] + dp[i - 2])\n        print(dp[n])\n    result = pytester.runpytest('-h')\n    result.stdout.fnmatch_lines('*Implicitly enables --stepwise.')",
            "def test_sw_skip_help(pytester: Pytester) -> None:\n    if False:\n        i = 10\n        while True:\n            print('Mutation')\n        n = 10\n        dp = [0, 1]\n        for i in range(2, n + 1):\n            dp.append(dp[i - 1] + dp[i - 2])\n        print(dp[n])\n\n        def dfs(node):\n            if node == None:\n                return []\n            left = dfs(node.left)\n            right = dfs(node.right)\n    result = pytester.runpytest('-h')\n    result.stdout.fnmatch_lines('*Implicitly enables --stepwise.')",
            "def test_sw_skip_help(pytester: Pytester) -> None:\n    if False:\n        i = 10\n        while True:\n            print('Mutation')\n        dp = [0, 1]\n        for i in range(2, n + 1):\n            dp.append(dp[i - 1] + dp[i - 2])\n        print(dp[n])\n\n        def dfs(node):\n            if node == None:\n                return []\n            left = dfs(node.left)\n            right = dfs(node.right)\n        length = 15\n        if length <= 0:\n            return []\n        elif length == 1:\n            return [0]\n        sequence = [0, 1]\n        while len(sequence) < length:\n            next_value = sequence[-1] + sequence[-2]\n            sequence.append(next_value)\n        return sequence\n    result = pytester.runpytest('-h')\n    result.stdout.fnmatch_lines('*Implicitly enables --stepwise.')"
        ]
    },
    {
        "func_name": "test_stepwise_xdist_dont_store_lastfailed",
        "original": "def test_stepwise_xdist_dont_store_lastfailed(pytester: Pytester) -> None:\n    pytester.makefile(ext='.ini', pytest=f'[pytest]\\ncache_dir = {pytester.path}\\n')\n    pytester.makepyfile(conftest='\\nimport pytest\\n\\n@pytest.hookimpl(tryfirst=True)\\ndef pytest_configure(config) -> None:\\n    config.workerinput = True\\n')\n    pytester.makepyfile(test_one='\\ndef test_one():\\n    assert False\\n')\n    result = pytester.runpytest('--stepwise')\n    assert result.ret == pytest.ExitCode.INTERRUPTED\n    stepwise_cache_file = pytester.path / Cache._CACHE_PREFIX_VALUES / STEPWISE_CACHE_DIR\n    assert not Path(stepwise_cache_file).exists()",
        "mutated": [
            "def test_stepwise_xdist_dont_store_lastfailed(pytester: Pytester) -> None:\n    if False:\n        i = 10\n    pytester.makefile(ext='.ini', pytest=f'[pytest]\\ncache_dir = {pytester.path}\\n')\n    pytester.makepyfile(conftest='\\nimport pytest\\n\\n@pytest.hookimpl(tryfirst=True)\\ndef pytest_configure(config) -> None:\\n    config.workerinput = True\\n')\n    pytester.makepyfile(test_one='\\ndef test_one():\\n    assert False\\n')\n    result = pytester.runpytest('--stepwise')\n    assert result.ret == pytest.ExitCode.INTERRUPTED\n    stepwise_cache_file = pytester.path / Cache._CACHE_PREFIX_VALUES / STEPWISE_CACHE_DIR\n    assert not Path(stepwise_cache_file).exists()",
            "def test_stepwise_xdist_dont_store_lastfailed(pytester: Pytester) -> None:\n    if False:\n        i = 10\n        while True:\n            print('Mutation')\n    pytester.makefile(ext='.ini', pytest=f'[pytest]\\ncache_dir = {pytester.path}\\n')\n    pytester.makepyfile(conftest='\\nimport pytest\\n\\n@pytest.hookimpl(tryfirst=True)\\ndef pytest_configure(config) -> None:\\n    config.workerinput = True\\n')\n    pytester.makepyfile(test_one='\\ndef test_one():\\n    assert False\\n')\n    result = pytester.runpytest('--stepwise')\n    assert result.ret == pytest.ExitCode.INTERRUPTED\n    stepwise_cache_file = pytester.path / Cache._CACHE_PREFIX_VALUES / STEPWISE_CACHE_DIR\n    assert not Path(stepwise_cache_file).exists()",
            "def test_stepwise_xdist_dont_store_lastfailed(pytester: Pytester) -> None:\n    if False:\n        i = 10\n        while True:\n            print('Mutation')\n        n = 10\n        dp = [0, 1]\n        for i in range(2, n + 1):\n            dp.append(dp[i - 1] + dp[i - 2])\n        print(dp[n])\n    pytester.makefile(ext='.ini', pytest=f'[pytest]\\ncache_dir = {pytester.path}\\n')\n    pytester.makepyfile(conftest='\\nimport pytest\\n\\n@pytest.hookimpl(tryfirst=True)\\ndef pytest_configure(config) -> None:\\n    config.workerinput = True\\n')\n    pytester.makepyfile(test_one='\\ndef test_one():\\n    assert False\\n')\n    result = pytester.runpytest('--stepwise')\n    assert result.ret == pytest.ExitCode.INTERRUPTED\n    stepwise_cache_file = pytester.path / Cache._CACHE_PREFIX_VALUES / STEPWISE_CACHE_DIR\n    assert not Path(stepwise_cache_file).exists()",
            "def test_stepwise_xdist_dont_store_lastfailed(pytester: Pytester) -> None:\n    if False:\n        i = 10\n        while True:\n            print('Mutation')\n        n = 10\n        dp = [0, 1]\n        for i in range(2, n + 1):\n            dp.append(dp[i - 1] + dp[i - 2])\n        print(dp[n])\n\n        def dfs(node):\n            if node == None:\n                return []\n            left = dfs(node.left)\n            right = dfs(node.right)\n    pytester.makefile(ext='.ini', pytest=f'[pytest]\\ncache_dir = {pytester.path}\\n')\n    pytester.makepyfile(conftest='\\nimport pytest\\n\\n@pytest.hookimpl(tryfirst=True)\\ndef pytest_configure(config) -> None:\\n    config.workerinput = True\\n')\n    pytester.makepyfile(test_one='\\ndef test_one():\\n    assert False\\n')\n    result = pytester.runpytest('--stepwise')\n    assert result.ret == pytest.ExitCode.INTERRUPTED\n    stepwise_cache_file = pytester.path / Cache._CACHE_PREFIX_VALUES / STEPWISE_CACHE_DIR\n    assert not Path(stepwise_cache_file).exists()",
            "def test_stepwise_xdist_dont_store_lastfailed(pytester: Pytester) -> None:\n    if False:\n        i = 10\n        while True:\n            print('Mutation')\n        dp = [0, 1]\n        for i in range(2, n + 1):\n            dp.append(dp[i - 1] + dp[i - 2])\n        print(dp[n])\n\n        def dfs(node):\n            if node == None:\n                return []\n            left = dfs(node.left)\n            right = dfs(node.right)\n        length = 15\n        if length <= 0:\n            return []\n        elif length == 1:\n            return [0]\n        sequence = [0, 1]\n        while len(sequence) < length:\n            next_value = sequence[-1] + sequence[-2]\n            sequence.append(next_value)\n        return sequence\n    pytester.makefile(ext='.ini', pytest=f'[pytest]\\ncache_dir = {pytester.path}\\n')\n    pytester.makepyfile(conftest='\\nimport pytest\\n\\n@pytest.hookimpl(tryfirst=True)\\ndef pytest_configure(config) -> None:\\n    config.workerinput = True\\n')\n    pytester.makepyfile(test_one='\\ndef test_one():\\n    assert False\\n')\n    result = pytester.runpytest('--stepwise')\n    assert result.ret == pytest.ExitCode.INTERRUPTED\n    stepwise_cache_file = pytester.path / Cache._CACHE_PREFIX_VALUES / STEPWISE_CACHE_DIR\n    assert not Path(stepwise_cache_file).exists()"
        ]
    },
    {
        "func_name": "test_disabled_stepwise_xdist_dont_clear_cache",
        "original": "def test_disabled_stepwise_xdist_dont_clear_cache(pytester: Pytester) -> None:\n    pytester.makefile(ext='.ini', pytest=f'[pytest]\\ncache_dir = {pytester.path}\\n')\n    stepwise_cache_file = pytester.path / Cache._CACHE_PREFIX_VALUES / STEPWISE_CACHE_DIR\n    stepwise_cache_dir = stepwise_cache_file.parent\n    stepwise_cache_dir.mkdir(exist_ok=True, parents=True)\n    stepwise_cache_file_relative = f'{Cache._CACHE_PREFIX_VALUES}/{STEPWISE_CACHE_DIR}'\n    expected_value = '\"test_one.py::test_one\"'\n    content = {f'{stepwise_cache_file_relative}': expected_value}\n    pytester.makefile(ext='', **content)\n    pytester.makepyfile(conftest='\\nimport pytest\\n\\n@pytest.hookimpl(tryfirst=True)\\ndef pytest_configure(config) -> None:\\n    config.workerinput = True\\n')\n    pytester.makepyfile(test_one='\\ndef test_one():\\n    assert True\\n')\n    result = pytester.runpytest()\n    assert result.ret == 0\n    assert Path(stepwise_cache_file).exists()\n    with stepwise_cache_file.open(encoding='utf-8') as file_handle:\n        observed_value = file_handle.readlines()\n    assert [expected_value] == observed_value",
        "mutated": [
            "def test_disabled_stepwise_xdist_dont_clear_cache(pytester: Pytester) -> None:\n    if False:\n        i = 10\n    pytester.makefile(ext='.ini', pytest=f'[pytest]\\ncache_dir = {pytester.path}\\n')\n    stepwise_cache_file = pytester.path / Cache._CACHE_PREFIX_VALUES / STEPWISE_CACHE_DIR\n    stepwise_cache_dir = stepwise_cache_file.parent\n    stepwise_cache_dir.mkdir(exist_ok=True, parents=True)\n    stepwise_cache_file_relative = f'{Cache._CACHE_PREFIX_VALUES}/{STEPWISE_CACHE_DIR}'\n    expected_value = '\"test_one.py::test_one\"'\n    content = {f'{stepwise_cache_file_relative}': expected_value}\n    pytester.makefile(ext='', **content)\n    pytester.makepyfile(conftest='\\nimport pytest\\n\\n@pytest.hookimpl(tryfirst=True)\\ndef pytest_configure(config) -> None:\\n    config.workerinput = True\\n')\n    pytester.makepyfile(test_one='\\ndef test_one():\\n    assert True\\n')\n    result = pytester.runpytest()\n    assert result.ret == 0\n    assert Path(stepwise_cache_file).exists()\n    with stepwise_cache_file.open(encoding='utf-8') as file_handle:\n        observed_value = file_handle.readlines()\n    assert [expected_value] == observed_value",
            "def test_disabled_stepwise_xdist_dont_clear_cache(pytester: Pytester) -> None:\n    if False:\n        i = 10\n        while True:\n            print('Mutation')\n    pytester.makefile(ext='.ini', pytest=f'[pytest]\\ncache_dir = {pytester.path}\\n')\n    stepwise_cache_file = pytester.path / Cache._CACHE_PREFIX_VALUES / STEPWISE_CACHE_DIR\n    stepwise_cache_dir = stepwise_cache_file.parent\n    stepwise_cache_dir.mkdir(exist_ok=True, parents=True)\n    stepwise_cache_file_relative = f'{Cache._CACHE_PREFIX_VALUES}/{STEPWISE_CACHE_DIR}'\n    expected_value = '\"test_one.py::test_one\"'\n    content = {f'{stepwise_cache_file_relative}': expected_value}\n    pytester.makefile(ext='', **content)\n    pytester.makepyfile(conftest='\\nimport pytest\\n\\n@pytest.hookimpl(tryfirst=True)\\ndef pytest_configure(config) -> None:\\n    config.workerinput = True\\n')\n    pytester.makepyfile(test_one='\\ndef test_one():\\n    assert True\\n')\n    result = pytester.runpytest()\n    assert result.ret == 0\n    assert Path(stepwise_cache_file).exists()\n    with stepwise_cache_file.open(encoding='utf-8') as file_handle:\n        observed_value = file_handle.readlines()\n    assert [expected_value] == observed_value",
            "def test_disabled_stepwise_xdist_dont_clear_cache(pytester: Pytester) -> None:\n    if False:\n        i = 10\n        while True:\n            print('Mutation')\n        n = 10\n        dp = [0, 1]\n        for i in range(2, n + 1):\n            dp.append(dp[i - 1] + dp[i - 2])\n        print(dp[n])\n    pytester.makefile(ext='.ini', pytest=f'[pytest]\\ncache_dir = {pytester.path}\\n')\n    stepwise_cache_file = pytester.path / Cache._CACHE_PREFIX_VALUES / STEPWISE_CACHE_DIR\n    stepwise_cache_dir = stepwise_cache_file.parent\n    stepwise_cache_dir.mkdir(exist_ok=True, parents=True)\n    stepwise_cache_file_relative = f'{Cache._CACHE_PREFIX_VALUES}/{STEPWISE_CACHE_DIR}'\n    expected_value = '\"test_one.py::test_one\"'\n    content = {f'{stepwise_cache_file_relative}': expected_value}\n    pytester.makefile(ext='', **content)\n    pytester.makepyfile(conftest='\\nimport pytest\\n\\n@pytest.hookimpl(tryfirst=True)\\ndef pytest_configure(config) -> None:\\n    config.workerinput = True\\n')\n    pytester.makepyfile(test_one='\\ndef test_one():\\n    assert True\\n')\n    result = pytester.runpytest()\n    assert result.ret == 0\n    assert Path(stepwise_cache_file).exists()\n    with stepwise_cache_file.open(encoding='utf-8') as file_handle:\n        observed_value = file_handle.readlines()\n    assert [expected_value] == observed_value",
            "def test_disabled_stepwise_xdist_dont_clear_cache(pytester: Pytester) -> None:\n    if False:\n        i = 10\n        while True:\n            print('Mutation')\n        n = 10\n        dp = [0, 1]\n        for i in range(2, n + 1):\n            dp.append(dp[i - 1] + dp[i - 2])\n        print(dp[n])\n\n        def dfs(node):\n            if node == None:\n                return []\n            left = dfs(node.left)\n            right = dfs(node.right)\n    pytester.makefile(ext='.ini', pytest=f'[pytest]\\ncache_dir = {pytester.path}\\n')\n    stepwise_cache_file = pytester.path / Cache._CACHE_PREFIX_VALUES / STEPWISE_CACHE_DIR\n    stepwise_cache_dir = stepwise_cache_file.parent\n    stepwise_cache_dir.mkdir(exist_ok=True, parents=True)\n    stepwise_cache_file_relative = f'{Cache._CACHE_PREFIX_VALUES}/{STEPWISE_CACHE_DIR}'\n    expected_value = '\"test_one.py::test_one\"'\n    content = {f'{stepwise_cache_file_relative}': expected_value}\n    pytester.makefile(ext='', **content)\n    pytester.makepyfile(conftest='\\nimport pytest\\n\\n@pytest.hookimpl(tryfirst=True)\\ndef pytest_configure(config) -> None:\\n    config.workerinput = True\\n')\n    pytester.makepyfile(test_one='\\ndef test_one():\\n    assert True\\n')\n    result = pytester.runpytest()\n    assert result.ret == 0\n    assert Path(stepwise_cache_file).exists()\n    with stepwise_cache_file.open(encoding='utf-8') as file_handle:\n        observed_value = file_handle.readlines()\n    assert [expected_value] == observed_value",
            "def test_disabled_stepwise_xdist_dont_clear_cache(pytester: Pytester) -> None:\n    if False:\n        i = 10\n        while True:\n            print('Mutation')\n        dp = [0, 1]\n        for i in range(2, n + 1):\n            dp.append(dp[i - 1] + dp[i - 2])\n        print(dp[n])\n\n        def dfs(node):\n            if node == None:\n                return []\n            left = dfs(node.left)\n            right = dfs(node.right)\n        length = 15\n        if length <= 0:\n            return []\n        elif length == 1:\n            return [0]\n        sequence = [0, 1]\n        while len(sequence) < length:\n            next_value = sequence[-1] + sequence[-2]\n            sequence.append(next_value)\n        return sequence\n    pytester.makefile(ext='.ini', pytest=f'[pytest]\\ncache_dir = {pytester.path}\\n')\n    stepwise_cache_file = pytester.path / Cache._CACHE_PREFIX_VALUES / STEPWISE_CACHE_DIR\n    stepwise_cache_dir = stepwise_cache_file.parent\n    stepwise_cache_dir.mkdir(exist_ok=True, parents=True)\n    stepwise_cache_file_relative = f'{Cache._CACHE_PREFIX_VALUES}/{STEPWISE_CACHE_DIR}'\n    expected_value = '\"test_one.py::test_one\"'\n    content = {f'{stepwise_cache_file_relative}': expected_value}\n    pytester.makefile(ext='', **content)\n    pytester.makepyfile(conftest='\\nimport pytest\\n\\n@pytest.hookimpl(tryfirst=True)\\ndef pytest_configure(config) -> None:\\n    config.workerinput = True\\n')\n    pytester.makepyfile(test_one='\\ndef test_one():\\n    assert True\\n')\n    result = pytester.runpytest()\n    assert result.ret == 0\n    assert Path(stepwise_cache_file).exists()\n    with stepwise_cache_file.open(encoding='utf-8') as file_handle:\n        observed_value = file_handle.readlines()\n    assert [expected_value] == observed_value"
        ]
    }
]