[
    {
        "func_name": "setup_method",
        "original": "def setup_method(self, method):\n    self.seq_len = 480\n    self.num_samples = 300\n    self.config = {'y_iters': 1, 'init_FX_epoch': 1, 'max_FX_epoch': 1, 'max_TCN_epoch': 1, 'alt_iters': 2}\n    self.model = TCMF()\n    self.Ymat = np.random.rand(self.num_samples, self.seq_len)\n    self.horizon = np.random.randint(2, 50)",
        "mutated": [
            "def setup_method(self, method):\n    if False:\n        i = 10\n    self.seq_len = 480\n    self.num_samples = 300\n    self.config = {'y_iters': 1, 'init_FX_epoch': 1, 'max_FX_epoch': 1, 'max_TCN_epoch': 1, 'alt_iters': 2}\n    self.model = TCMF()\n    self.Ymat = np.random.rand(self.num_samples, self.seq_len)\n    self.horizon = np.random.randint(2, 50)",
            "def setup_method(self, method):\n    if False:\n        i = 10\n        while True:\n            print('Mutation')\n    self.seq_len = 480\n    self.num_samples = 300\n    self.config = {'y_iters': 1, 'init_FX_epoch': 1, 'max_FX_epoch': 1, 'max_TCN_epoch': 1, 'alt_iters': 2}\n    self.model = TCMF()\n    self.Ymat = np.random.rand(self.num_samples, self.seq_len)\n    self.horizon = np.random.randint(2, 50)",
            "def setup_method(self, method):\n    if False:\n        i = 10\n        while True:\n            print('Mutation')\n        n = 10\n        dp = [0, 1]\n        for i in range(2, n + 1):\n            dp.append(dp[i - 1] + dp[i - 2])\n        print(dp[n])\n    self.seq_len = 480\n    self.num_samples = 300\n    self.config = {'y_iters': 1, 'init_FX_epoch': 1, 'max_FX_epoch': 1, 'max_TCN_epoch': 1, 'alt_iters': 2}\n    self.model = TCMF()\n    self.Ymat = np.random.rand(self.num_samples, self.seq_len)\n    self.horizon = np.random.randint(2, 50)",
            "def setup_method(self, method):\n    if False:\n        i = 10\n        while True:\n            print('Mutation')\n        n = 10\n        dp = [0, 1]\n        for i in range(2, n + 1):\n            dp.append(dp[i - 1] + dp[i - 2])\n        print(dp[n])\n\n        def dfs(node):\n            if node == None:\n                return []\n            left = dfs(node.left)\n            right = dfs(node.right)\n    self.seq_len = 480\n    self.num_samples = 300\n    self.config = {'y_iters': 1, 'init_FX_epoch': 1, 'max_FX_epoch': 1, 'max_TCN_epoch': 1, 'alt_iters': 2}\n    self.model = TCMF()\n    self.Ymat = np.random.rand(self.num_samples, self.seq_len)\n    self.horizon = np.random.randint(2, 50)",
            "def setup_method(self, method):\n    if False:\n        i = 10\n        while True:\n            print('Mutation')\n        dp = [0, 1]\n        for i in range(2, n + 1):\n            dp.append(dp[i - 1] + dp[i - 2])\n        print(dp[n])\n\n        def dfs(node):\n            if node == None:\n                return []\n            left = dfs(node.left)\n            right = dfs(node.right)\n        length = 15\n        if length <= 0:\n            return []\n        elif length == 1:\n            return [0]\n        sequence = [0, 1]\n        while len(sequence) < length:\n            next_value = sequence[-1] + sequence[-2]\n            sequence.append(next_value)\n        return sequence\n    self.seq_len = 480\n    self.num_samples = 300\n    self.config = {'y_iters': 1, 'init_FX_epoch': 1, 'max_FX_epoch': 1, 'max_TCN_epoch': 1, 'alt_iters': 2}\n    self.model = TCMF()\n    self.Ymat = np.random.rand(self.num_samples, self.seq_len)\n    self.horizon = np.random.randint(2, 50)"
        ]
    },
    {
        "func_name": "teardown_method",
        "original": "def teardown_method(self, method):\n    del self.model\n    del self.Ymat",
        "mutated": [
            "def teardown_method(self, method):\n    if False:\n        i = 10\n    del self.model\n    del self.Ymat",
            "def teardown_method(self, method):\n    if False:\n        i = 10\n        while True:\n            print('Mutation')\n    del self.model\n    del self.Ymat",
            "def teardown_method(self, method):\n    if False:\n        i = 10\n        while True:\n            print('Mutation')\n        n = 10\n        dp = [0, 1]\n        for i in range(2, n + 1):\n            dp.append(dp[i - 1] + dp[i - 2])\n        print(dp[n])\n    del self.model\n    del self.Ymat",
            "def teardown_method(self, method):\n    if False:\n        i = 10\n        while True:\n            print('Mutation')\n        n = 10\n        dp = [0, 1]\n        for i in range(2, n + 1):\n            dp.append(dp[i - 1] + dp[i - 2])\n        print(dp[n])\n\n        def dfs(node):\n            if node == None:\n                return []\n            left = dfs(node.left)\n            right = dfs(node.right)\n    del self.model\n    del self.Ymat",
            "def teardown_method(self, method):\n    if False:\n        i = 10\n        while True:\n            print('Mutation')\n        dp = [0, 1]\n        for i in range(2, n + 1):\n            dp.append(dp[i - 1] + dp[i - 2])\n        print(dp[n])\n\n        def dfs(node):\n            if node == None:\n                return []\n            left = dfs(node.left)\n            right = dfs(node.right)\n        length = 15\n        if length <= 0:\n            return []\n        elif length == 1:\n            return [0]\n        sequence = [0, 1]\n        while len(sequence) < length:\n            next_value = sequence[-1] + sequence[-2]\n            sequence.append(next_value)\n        return sequence\n    del self.model\n    del self.Ymat"
        ]
    },
    {
        "func_name": "test_tcmf",
        "original": "def test_tcmf(self):\n    self.model.fit_eval(data=(self.Ymat, None), **self.config)\n    result = self.model.predict(horizon=self.horizon)\n    assert result.shape[1] == self.horizon\n    target = np.random.rand(self.num_samples, self.horizon)\n    evaluate_result = self.model.evaluate(y=target, metrics=['mae', 'smape'])\n    assert len(evaluate_result) == 2\n    assert len(evaluate_result[0]) == self.horizon\n    assert len(evaluate_result[1]) == self.horizon\n    Ymat_before = self.model.model.Ymat\n    self.model.fit_incremental(target)\n    Ymat_after = self.model.model.Ymat\n    assert Ymat_after.shape[1] - Ymat_before.shape[1] == self.horizon\n    incr_result = self.model.predict(horizon=self.horizon)\n    np.testing.assert_raises(AssertionError, np.testing.assert_array_equal, result, incr_result)",
        "mutated": [
            "def test_tcmf(self):\n    if False:\n        i = 10\n    self.model.fit_eval(data=(self.Ymat, None), **self.config)\n    result = self.model.predict(horizon=self.horizon)\n    assert result.shape[1] == self.horizon\n    target = np.random.rand(self.num_samples, self.horizon)\n    evaluate_result = self.model.evaluate(y=target, metrics=['mae', 'smape'])\n    assert len(evaluate_result) == 2\n    assert len(evaluate_result[0]) == self.horizon\n    assert len(evaluate_result[1]) == self.horizon\n    Ymat_before = self.model.model.Ymat\n    self.model.fit_incremental(target)\n    Ymat_after = self.model.model.Ymat\n    assert Ymat_after.shape[1] - Ymat_before.shape[1] == self.horizon\n    incr_result = self.model.predict(horizon=self.horizon)\n    np.testing.assert_raises(AssertionError, np.testing.assert_array_equal, result, incr_result)",
            "def test_tcmf(self):\n    if False:\n        i = 10\n        while True:\n            print('Mutation')\n    self.model.fit_eval(data=(self.Ymat, None), **self.config)\n    result = self.model.predict(horizon=self.horizon)\n    assert result.shape[1] == self.horizon\n    target = np.random.rand(self.num_samples, self.horizon)\n    evaluate_result = self.model.evaluate(y=target, metrics=['mae', 'smape'])\n    assert len(evaluate_result) == 2\n    assert len(evaluate_result[0]) == self.horizon\n    assert len(evaluate_result[1]) == self.horizon\n    Ymat_before = self.model.model.Ymat\n    self.model.fit_incremental(target)\n    Ymat_after = self.model.model.Ymat\n    assert Ymat_after.shape[1] - Ymat_before.shape[1] == self.horizon\n    incr_result = self.model.predict(horizon=self.horizon)\n    np.testing.assert_raises(AssertionError, np.testing.assert_array_equal, result, incr_result)",
            "def test_tcmf(self):\n    if False:\n        i = 10\n        while True:\n            print('Mutation')\n        n = 10\n        dp = [0, 1]\n        for i in range(2, n + 1):\n            dp.append(dp[i - 1] + dp[i - 2])\n        print(dp[n])\n    self.model.fit_eval(data=(self.Ymat, None), **self.config)\n    result = self.model.predict(horizon=self.horizon)\n    assert result.shape[1] == self.horizon\n    target = np.random.rand(self.num_samples, self.horizon)\n    evaluate_result = self.model.evaluate(y=target, metrics=['mae', 'smape'])\n    assert len(evaluate_result) == 2\n    assert len(evaluate_result[0]) == self.horizon\n    assert len(evaluate_result[1]) == self.horizon\n    Ymat_before = self.model.model.Ymat\n    self.model.fit_incremental(target)\n    Ymat_after = self.model.model.Ymat\n    assert Ymat_after.shape[1] - Ymat_before.shape[1] == self.horizon\n    incr_result = self.model.predict(horizon=self.horizon)\n    np.testing.assert_raises(AssertionError, np.testing.assert_array_equal, result, incr_result)",
            "def test_tcmf(self):\n    if False:\n        i = 10\n        while True:\n            print('Mutation')\n        n = 10\n        dp = [0, 1]\n        for i in range(2, n + 1):\n            dp.append(dp[i - 1] + dp[i - 2])\n        print(dp[n])\n\n        def dfs(node):\n            if node == None:\n                return []\n            left = dfs(node.left)\n            right = dfs(node.right)\n    self.model.fit_eval(data=(self.Ymat, None), **self.config)\n    result = self.model.predict(horizon=self.horizon)\n    assert result.shape[1] == self.horizon\n    target = np.random.rand(self.num_samples, self.horizon)\n    evaluate_result = self.model.evaluate(y=target, metrics=['mae', 'smape'])\n    assert len(evaluate_result) == 2\n    assert len(evaluate_result[0]) == self.horizon\n    assert len(evaluate_result[1]) == self.horizon\n    Ymat_before = self.model.model.Ymat\n    self.model.fit_incremental(target)\n    Ymat_after = self.model.model.Ymat\n    assert Ymat_after.shape[1] - Ymat_before.shape[1] == self.horizon\n    incr_result = self.model.predict(horizon=self.horizon)\n    np.testing.assert_raises(AssertionError, np.testing.assert_array_equal, result, incr_result)",
            "def test_tcmf(self):\n    if False:\n        i = 10\n        while True:\n            print('Mutation')\n        dp = [0, 1]\n        for i in range(2, n + 1):\n            dp.append(dp[i - 1] + dp[i - 2])\n        print(dp[n])\n\n        def dfs(node):\n            if node == None:\n                return []\n            left = dfs(node.left)\n            right = dfs(node.right)\n        length = 15\n        if length <= 0:\n            return []\n        elif length == 1:\n            return [0]\n        sequence = [0, 1]\n        while len(sequence) < length:\n            next_value = sequence[-1] + sequence[-2]\n            sequence.append(next_value)\n        return sequence\n    self.model.fit_eval(data=(self.Ymat, None), **self.config)\n    result = self.model.predict(horizon=self.horizon)\n    assert result.shape[1] == self.horizon\n    target = np.random.rand(self.num_samples, self.horizon)\n    evaluate_result = self.model.evaluate(y=target, metrics=['mae', 'smape'])\n    assert len(evaluate_result) == 2\n    assert len(evaluate_result[0]) == self.horizon\n    assert len(evaluate_result[1]) == self.horizon\n    Ymat_before = self.model.model.Ymat\n    self.model.fit_incremental(target)\n    Ymat_after = self.model.model.Ymat\n    assert Ymat_after.shape[1] - Ymat_before.shape[1] == self.horizon\n    incr_result = self.model.predict(horizon=self.horizon)\n    np.testing.assert_raises(AssertionError, np.testing.assert_array_equal, result, incr_result)"
        ]
    },
    {
        "func_name": "test_tcmf_covariates_dti",
        "original": "def test_tcmf_covariates_dti(self):\n    with pytest.raises(RuntimeError, match='Input covariates must be a ndarray. Got'):\n        self.model.fit_eval(data=(self.Ymat, None), covariates='None', **self.config)\n    with pytest.raises(RuntimeError, match='The second dimension shape of covariates should be'):\n        self.model.fit_eval(data=(self.Ymat, None), covariates=np.random.randn(3, self.seq_len - 1), **self.config)\n    with pytest.raises(RuntimeError, match='You should input a 2-D ndarray of covariates.'):\n        self.model.fit_eval(data=(self.Ymat, None), covariates=np.random.randn(3, 4, 5), **self.config)\n    with pytest.raises(RuntimeError, match='Input dti must be a pandas DatetimeIndex. Got'):\n        self.model.fit_eval(data=(self.Ymat, None), covariates=np.random.randn(3, self.seq_len), dti='None', **self.config)\n    with pytest.raises(RuntimeError, match='Input dti length should be equal to'):\n        self.model.fit_eval(data=(self.Ymat, None), covariates=np.random.randn(3, self.seq_len), dti=pd.date_range('20130101', periods=self.seq_len - 1), **self.config)\n    self.model.fit_eval(data=(self.Ymat, None), covariates=np.random.rand(3, self.seq_len), dti=pd.date_range('20130101', periods=self.seq_len), **self.config)\n    with pytest.raises(RuntimeError, match='Find valid covariates in fit but invalid covariates in predict.'):\n        self.model.predict(horizon=self.horizon)\n    with pytest.raises(RuntimeError, match='be the same as the input covariates number in fit.'):\n        self.model.predict(horizon=self.horizon, future_covariates=np.random.randn(2, self.horizon))\n    with pytest.raises(RuntimeError, match='Find valid dti in fit but invalid dti in'):\n        self.model.predict(horizon=self.horizon, future_covariates=np.random.randn(3, self.horizon))\n    with pytest.raises(RuntimeError, match='Find valid covariates in fit but invalid covariates in fit_incremental.'):\n        self.model.fit_incremental(x=np.random.rand(self.num_samples, self.horizon))\n    with pytest.raises(RuntimeError, match='be the same as the input covariates number in fit.'):\n        self.model.fit_incremental(x=np.random.rand(self.num_samples, self.horizon), covariates_new=np.random.randn(2, self.horizon))\n    with pytest.raises(RuntimeError, match='Find valid dti in fit but invalid dti in'):\n        self.model.fit_incremental(x=np.random.rand(self.num_samples, self.horizon), covariates_new=np.random.randn(3, self.horizon))\n    self.model.predict(horizon=self.horizon, future_covariates=np.random.randn(3, self.horizon), future_dti=pd.date_range('20130101', periods=self.horizon))\n    self.model.fit_incremental(x=np.random.rand(self.num_samples, self.horizon), covariates_new=np.random.randn(3, self.horizon), dti_new=pd.date_range('20130101', periods=self.horizon))",
        "mutated": [
            "def test_tcmf_covariates_dti(self):\n    if False:\n        i = 10\n    with pytest.raises(RuntimeError, match='Input covariates must be a ndarray. Got'):\n        self.model.fit_eval(data=(self.Ymat, None), covariates='None', **self.config)\n    with pytest.raises(RuntimeError, match='The second dimension shape of covariates should be'):\n        self.model.fit_eval(data=(self.Ymat, None), covariates=np.random.randn(3, self.seq_len - 1), **self.config)\n    with pytest.raises(RuntimeError, match='You should input a 2-D ndarray of covariates.'):\n        self.model.fit_eval(data=(self.Ymat, None), covariates=np.random.randn(3, 4, 5), **self.config)\n    with pytest.raises(RuntimeError, match='Input dti must be a pandas DatetimeIndex. Got'):\n        self.model.fit_eval(data=(self.Ymat, None), covariates=np.random.randn(3, self.seq_len), dti='None', **self.config)\n    with pytest.raises(RuntimeError, match='Input dti length should be equal to'):\n        self.model.fit_eval(data=(self.Ymat, None), covariates=np.random.randn(3, self.seq_len), dti=pd.date_range('20130101', periods=self.seq_len - 1), **self.config)\n    self.model.fit_eval(data=(self.Ymat, None), covariates=np.random.rand(3, self.seq_len), dti=pd.date_range('20130101', periods=self.seq_len), **self.config)\n    with pytest.raises(RuntimeError, match='Find valid covariates in fit but invalid covariates in predict.'):\n        self.model.predict(horizon=self.horizon)\n    with pytest.raises(RuntimeError, match='be the same as the input covariates number in fit.'):\n        self.model.predict(horizon=self.horizon, future_covariates=np.random.randn(2, self.horizon))\n    with pytest.raises(RuntimeError, match='Find valid dti in fit but invalid dti in'):\n        self.model.predict(horizon=self.horizon, future_covariates=np.random.randn(3, self.horizon))\n    with pytest.raises(RuntimeError, match='Find valid covariates in fit but invalid covariates in fit_incremental.'):\n        self.model.fit_incremental(x=np.random.rand(self.num_samples, self.horizon))\n    with pytest.raises(RuntimeError, match='be the same as the input covariates number in fit.'):\n        self.model.fit_incremental(x=np.random.rand(self.num_samples, self.horizon), covariates_new=np.random.randn(2, self.horizon))\n    with pytest.raises(RuntimeError, match='Find valid dti in fit but invalid dti in'):\n        self.model.fit_incremental(x=np.random.rand(self.num_samples, self.horizon), covariates_new=np.random.randn(3, self.horizon))\n    self.model.predict(horizon=self.horizon, future_covariates=np.random.randn(3, self.horizon), future_dti=pd.date_range('20130101', periods=self.horizon))\n    self.model.fit_incremental(x=np.random.rand(self.num_samples, self.horizon), covariates_new=np.random.randn(3, self.horizon), dti_new=pd.date_range('20130101', periods=self.horizon))",
            "def test_tcmf_covariates_dti(self):\n    if False:\n        i = 10\n        while True:\n            print('Mutation')\n    with pytest.raises(RuntimeError, match='Input covariates must be a ndarray. Got'):\n        self.model.fit_eval(data=(self.Ymat, None), covariates='None', **self.config)\n    with pytest.raises(RuntimeError, match='The second dimension shape of covariates should be'):\n        self.model.fit_eval(data=(self.Ymat, None), covariates=np.random.randn(3, self.seq_len - 1), **self.config)\n    with pytest.raises(RuntimeError, match='You should input a 2-D ndarray of covariates.'):\n        self.model.fit_eval(data=(self.Ymat, None), covariates=np.random.randn(3, 4, 5), **self.config)\n    with pytest.raises(RuntimeError, match='Input dti must be a pandas DatetimeIndex. Got'):\n        self.model.fit_eval(data=(self.Ymat, None), covariates=np.random.randn(3, self.seq_len), dti='None', **self.config)\n    with pytest.raises(RuntimeError, match='Input dti length should be equal to'):\n        self.model.fit_eval(data=(self.Ymat, None), covariates=np.random.randn(3, self.seq_len), dti=pd.date_range('20130101', periods=self.seq_len - 1), **self.config)\n    self.model.fit_eval(data=(self.Ymat, None), covariates=np.random.rand(3, self.seq_len), dti=pd.date_range('20130101', periods=self.seq_len), **self.config)\n    with pytest.raises(RuntimeError, match='Find valid covariates in fit but invalid covariates in predict.'):\n        self.model.predict(horizon=self.horizon)\n    with pytest.raises(RuntimeError, match='be the same as the input covariates number in fit.'):\n        self.model.predict(horizon=self.horizon, future_covariates=np.random.randn(2, self.horizon))\n    with pytest.raises(RuntimeError, match='Find valid dti in fit but invalid dti in'):\n        self.model.predict(horizon=self.horizon, future_covariates=np.random.randn(3, self.horizon))\n    with pytest.raises(RuntimeError, match='Find valid covariates in fit but invalid covariates in fit_incremental.'):\n        self.model.fit_incremental(x=np.random.rand(self.num_samples, self.horizon))\n    with pytest.raises(RuntimeError, match='be the same as the input covariates number in fit.'):\n        self.model.fit_incremental(x=np.random.rand(self.num_samples, self.horizon), covariates_new=np.random.randn(2, self.horizon))\n    with pytest.raises(RuntimeError, match='Find valid dti in fit but invalid dti in'):\n        self.model.fit_incremental(x=np.random.rand(self.num_samples, self.horizon), covariates_new=np.random.randn(3, self.horizon))\n    self.model.predict(horizon=self.horizon, future_covariates=np.random.randn(3, self.horizon), future_dti=pd.date_range('20130101', periods=self.horizon))\n    self.model.fit_incremental(x=np.random.rand(self.num_samples, self.horizon), covariates_new=np.random.randn(3, self.horizon), dti_new=pd.date_range('20130101', periods=self.horizon))",
            "def test_tcmf_covariates_dti(self):\n    if False:\n        i = 10\n        while True:\n            print('Mutation')\n        n = 10\n        dp = [0, 1]\n        for i in range(2, n + 1):\n            dp.append(dp[i - 1] + dp[i - 2])\n        print(dp[n])\n    with pytest.raises(RuntimeError, match='Input covariates must be a ndarray. Got'):\n        self.model.fit_eval(data=(self.Ymat, None), covariates='None', **self.config)\n    with pytest.raises(RuntimeError, match='The second dimension shape of covariates should be'):\n        self.model.fit_eval(data=(self.Ymat, None), covariates=np.random.randn(3, self.seq_len - 1), **self.config)\n    with pytest.raises(RuntimeError, match='You should input a 2-D ndarray of covariates.'):\n        self.model.fit_eval(data=(self.Ymat, None), covariates=np.random.randn(3, 4, 5), **self.config)\n    with pytest.raises(RuntimeError, match='Input dti must be a pandas DatetimeIndex. Got'):\n        self.model.fit_eval(data=(self.Ymat, None), covariates=np.random.randn(3, self.seq_len), dti='None', **self.config)\n    with pytest.raises(RuntimeError, match='Input dti length should be equal to'):\n        self.model.fit_eval(data=(self.Ymat, None), covariates=np.random.randn(3, self.seq_len), dti=pd.date_range('20130101', periods=self.seq_len - 1), **self.config)\n    self.model.fit_eval(data=(self.Ymat, None), covariates=np.random.rand(3, self.seq_len), dti=pd.date_range('20130101', periods=self.seq_len), **self.config)\n    with pytest.raises(RuntimeError, match='Find valid covariates in fit but invalid covariates in predict.'):\n        self.model.predict(horizon=self.horizon)\n    with pytest.raises(RuntimeError, match='be the same as the input covariates number in fit.'):\n        self.model.predict(horizon=self.horizon, future_covariates=np.random.randn(2, self.horizon))\n    with pytest.raises(RuntimeError, match='Find valid dti in fit but invalid dti in'):\n        self.model.predict(horizon=self.horizon, future_covariates=np.random.randn(3, self.horizon))\n    with pytest.raises(RuntimeError, match='Find valid covariates in fit but invalid covariates in fit_incremental.'):\n        self.model.fit_incremental(x=np.random.rand(self.num_samples, self.horizon))\n    with pytest.raises(RuntimeError, match='be the same as the input covariates number in fit.'):\n        self.model.fit_incremental(x=np.random.rand(self.num_samples, self.horizon), covariates_new=np.random.randn(2, self.horizon))\n    with pytest.raises(RuntimeError, match='Find valid dti in fit but invalid dti in'):\n        self.model.fit_incremental(x=np.random.rand(self.num_samples, self.horizon), covariates_new=np.random.randn(3, self.horizon))\n    self.model.predict(horizon=self.horizon, future_covariates=np.random.randn(3, self.horizon), future_dti=pd.date_range('20130101', periods=self.horizon))\n    self.model.fit_incremental(x=np.random.rand(self.num_samples, self.horizon), covariates_new=np.random.randn(3, self.horizon), dti_new=pd.date_range('20130101', periods=self.horizon))",
            "def test_tcmf_covariates_dti(self):\n    if False:\n        i = 10\n        while True:\n            print('Mutation')\n        n = 10\n        dp = [0, 1]\n        for i in range(2, n + 1):\n            dp.append(dp[i - 1] + dp[i - 2])\n        print(dp[n])\n\n        def dfs(node):\n            if node == None:\n                return []\n            left = dfs(node.left)\n            right = dfs(node.right)\n    with pytest.raises(RuntimeError, match='Input covariates must be a ndarray. Got'):\n        self.model.fit_eval(data=(self.Ymat, None), covariates='None', **self.config)\n    with pytest.raises(RuntimeError, match='The second dimension shape of covariates should be'):\n        self.model.fit_eval(data=(self.Ymat, None), covariates=np.random.randn(3, self.seq_len - 1), **self.config)\n    with pytest.raises(RuntimeError, match='You should input a 2-D ndarray of covariates.'):\n        self.model.fit_eval(data=(self.Ymat, None), covariates=np.random.randn(3, 4, 5), **self.config)\n    with pytest.raises(RuntimeError, match='Input dti must be a pandas DatetimeIndex. Got'):\n        self.model.fit_eval(data=(self.Ymat, None), covariates=np.random.randn(3, self.seq_len), dti='None', **self.config)\n    with pytest.raises(RuntimeError, match='Input dti length should be equal to'):\n        self.model.fit_eval(data=(self.Ymat, None), covariates=np.random.randn(3, self.seq_len), dti=pd.date_range('20130101', periods=self.seq_len - 1), **self.config)\n    self.model.fit_eval(data=(self.Ymat, None), covariates=np.random.rand(3, self.seq_len), dti=pd.date_range('20130101', periods=self.seq_len), **self.config)\n    with pytest.raises(RuntimeError, match='Find valid covariates in fit but invalid covariates in predict.'):\n        self.model.predict(horizon=self.horizon)\n    with pytest.raises(RuntimeError, match='be the same as the input covariates number in fit.'):\n        self.model.predict(horizon=self.horizon, future_covariates=np.random.randn(2, self.horizon))\n    with pytest.raises(RuntimeError, match='Find valid dti in fit but invalid dti in'):\n        self.model.predict(horizon=self.horizon, future_covariates=np.random.randn(3, self.horizon))\n    with pytest.raises(RuntimeError, match='Find valid covariates in fit but invalid covariates in fit_incremental.'):\n        self.model.fit_incremental(x=np.random.rand(self.num_samples, self.horizon))\n    with pytest.raises(RuntimeError, match='be the same as the input covariates number in fit.'):\n        self.model.fit_incremental(x=np.random.rand(self.num_samples, self.horizon), covariates_new=np.random.randn(2, self.horizon))\n    with pytest.raises(RuntimeError, match='Find valid dti in fit but invalid dti in'):\n        self.model.fit_incremental(x=np.random.rand(self.num_samples, self.horizon), covariates_new=np.random.randn(3, self.horizon))\n    self.model.predict(horizon=self.horizon, future_covariates=np.random.randn(3, self.horizon), future_dti=pd.date_range('20130101', periods=self.horizon))\n    self.model.fit_incremental(x=np.random.rand(self.num_samples, self.horizon), covariates_new=np.random.randn(3, self.horizon), dti_new=pd.date_range('20130101', periods=self.horizon))",
            "def test_tcmf_covariates_dti(self):\n    if False:\n        i = 10\n        while True:\n            print('Mutation')\n        dp = [0, 1]\n        for i in range(2, n + 1):\n            dp.append(dp[i - 1] + dp[i - 2])\n        print(dp[n])\n\n        def dfs(node):\n            if node == None:\n                return []\n            left = dfs(node.left)\n            right = dfs(node.right)\n        length = 15\n        if length <= 0:\n            return []\n        elif length == 1:\n            return [0]\n        sequence = [0, 1]\n        while len(sequence) < length:\n            next_value = sequence[-1] + sequence[-2]\n            sequence.append(next_value)\n        return sequence\n    with pytest.raises(RuntimeError, match='Input covariates must be a ndarray. Got'):\n        self.model.fit_eval(data=(self.Ymat, None), covariates='None', **self.config)\n    with pytest.raises(RuntimeError, match='The second dimension shape of covariates should be'):\n        self.model.fit_eval(data=(self.Ymat, None), covariates=np.random.randn(3, self.seq_len - 1), **self.config)\n    with pytest.raises(RuntimeError, match='You should input a 2-D ndarray of covariates.'):\n        self.model.fit_eval(data=(self.Ymat, None), covariates=np.random.randn(3, 4, 5), **self.config)\n    with pytest.raises(RuntimeError, match='Input dti must be a pandas DatetimeIndex. Got'):\n        self.model.fit_eval(data=(self.Ymat, None), covariates=np.random.randn(3, self.seq_len), dti='None', **self.config)\n    with pytest.raises(RuntimeError, match='Input dti length should be equal to'):\n        self.model.fit_eval(data=(self.Ymat, None), covariates=np.random.randn(3, self.seq_len), dti=pd.date_range('20130101', periods=self.seq_len - 1), **self.config)\n    self.model.fit_eval(data=(self.Ymat, None), covariates=np.random.rand(3, self.seq_len), dti=pd.date_range('20130101', periods=self.seq_len), **self.config)\n    with pytest.raises(RuntimeError, match='Find valid covariates in fit but invalid covariates in predict.'):\n        self.model.predict(horizon=self.horizon)\n    with pytest.raises(RuntimeError, match='be the same as the input covariates number in fit.'):\n        self.model.predict(horizon=self.horizon, future_covariates=np.random.randn(2, self.horizon))\n    with pytest.raises(RuntimeError, match='Find valid dti in fit but invalid dti in'):\n        self.model.predict(horizon=self.horizon, future_covariates=np.random.randn(3, self.horizon))\n    with pytest.raises(RuntimeError, match='Find valid covariates in fit but invalid covariates in fit_incremental.'):\n        self.model.fit_incremental(x=np.random.rand(self.num_samples, self.horizon))\n    with pytest.raises(RuntimeError, match='be the same as the input covariates number in fit.'):\n        self.model.fit_incremental(x=np.random.rand(self.num_samples, self.horizon), covariates_new=np.random.randn(2, self.horizon))\n    with pytest.raises(RuntimeError, match='Find valid dti in fit but invalid dti in'):\n        self.model.fit_incremental(x=np.random.rand(self.num_samples, self.horizon), covariates_new=np.random.randn(3, self.horizon))\n    self.model.predict(horizon=self.horizon, future_covariates=np.random.randn(3, self.horizon), future_dti=pd.date_range('20130101', periods=self.horizon))\n    self.model.fit_incremental(x=np.random.rand(self.num_samples, self.horizon), covariates_new=np.random.randn(3, self.horizon), dti_new=pd.date_range('20130101', periods=self.horizon))"
        ]
    },
    {
        "func_name": "test_error",
        "original": "def test_error(self):\n    with pytest.raises(RuntimeError, match=\"We don't support input x directly\"):\n        self.model.predict(x=1)\n    with pytest.raises(RuntimeError, match=\"We don't support input x directly\"):\n        self.model.evaluate(x=1, y=np.random.rand(self.num_samples, self.horizon))\n    with pytest.raises(RuntimeError, match='Input invalid y of None'):\n        self.model.evaluate(y=None)\n    with pytest.raises(Exception, match='Needs to call fit_eval or restore first before calling predict'):\n        self.model.predict(x=None)\n    with pytest.raises(Exception, match='Needs to call fit_eval or restore first before calling predict'):\n        self.model.evaluate(y=np.random.rand(self.num_samples, self.horizon))\n    with pytest.raises(RuntimeError, match='Input invalid x of None'):\n        self.model.fit_incremental(x=None)\n    with pytest.raises(Exception, match='Needs to call fit_eval or restore first before calling fit_incremental'):\n        self.model.fit_incremental(x=np.random.rand(self.num_samples, self.horizon))\n    self.model.fit_eval(data=(self.Ymat, None), **self.config)\n    with pytest.raises(Exception, match=f'Expected incremental input with {self.num_samples} time series, got {self.num_samples - 1} instead'):\n        self.model.fit_incremental(x=np.random.rand(self.num_samples - 1, self.horizon))\n    with pytest.raises(RuntimeError, match='but invalid covariates in fit. '):\n        self.model.predict(horizon=self.horizon, future_covariates=np.random.randn(3, self.horizon))\n    with pytest.raises(RuntimeError, match='but invalid dti in fit. '):\n        self.model.predict(horizon=self.horizon, future_dti=pd.date_range('20130101', periods=self.horizon))\n    with pytest.raises(RuntimeError, match='but invalid covariates in fit. '):\n        self.model.fit_incremental(x=np.random.rand(self.num_samples, self.horizon), covariates_new=np.random.randn(3, self.horizon))\n    with pytest.raises(RuntimeError, match='but invalid dti in fit. '):\n        self.model.fit_incremental(x=np.random.rand(self.num_samples, self.horizon), dti_new=pd.date_range('20130101', periods=self.horizon))",
        "mutated": [
            "def test_error(self):\n    if False:\n        i = 10\n    with pytest.raises(RuntimeError, match=\"We don't support input x directly\"):\n        self.model.predict(x=1)\n    with pytest.raises(RuntimeError, match=\"We don't support input x directly\"):\n        self.model.evaluate(x=1, y=np.random.rand(self.num_samples, self.horizon))\n    with pytest.raises(RuntimeError, match='Input invalid y of None'):\n        self.model.evaluate(y=None)\n    with pytest.raises(Exception, match='Needs to call fit_eval or restore first before calling predict'):\n        self.model.predict(x=None)\n    with pytest.raises(Exception, match='Needs to call fit_eval or restore first before calling predict'):\n        self.model.evaluate(y=np.random.rand(self.num_samples, self.horizon))\n    with pytest.raises(RuntimeError, match='Input invalid x of None'):\n        self.model.fit_incremental(x=None)\n    with pytest.raises(Exception, match='Needs to call fit_eval or restore first before calling fit_incremental'):\n        self.model.fit_incremental(x=np.random.rand(self.num_samples, self.horizon))\n    self.model.fit_eval(data=(self.Ymat, None), **self.config)\n    with pytest.raises(Exception, match=f'Expected incremental input with {self.num_samples} time series, got {self.num_samples - 1} instead'):\n        self.model.fit_incremental(x=np.random.rand(self.num_samples - 1, self.horizon))\n    with pytest.raises(RuntimeError, match='but invalid covariates in fit. '):\n        self.model.predict(horizon=self.horizon, future_covariates=np.random.randn(3, self.horizon))\n    with pytest.raises(RuntimeError, match='but invalid dti in fit. '):\n        self.model.predict(horizon=self.horizon, future_dti=pd.date_range('20130101', periods=self.horizon))\n    with pytest.raises(RuntimeError, match='but invalid covariates in fit. '):\n        self.model.fit_incremental(x=np.random.rand(self.num_samples, self.horizon), covariates_new=np.random.randn(3, self.horizon))\n    with pytest.raises(RuntimeError, match='but invalid dti in fit. '):\n        self.model.fit_incremental(x=np.random.rand(self.num_samples, self.horizon), dti_new=pd.date_range('20130101', periods=self.horizon))",
            "def test_error(self):\n    if False:\n        i = 10\n        while True:\n            print('Mutation')\n    with pytest.raises(RuntimeError, match=\"We don't support input x directly\"):\n        self.model.predict(x=1)\n    with pytest.raises(RuntimeError, match=\"We don't support input x directly\"):\n        self.model.evaluate(x=1, y=np.random.rand(self.num_samples, self.horizon))\n    with pytest.raises(RuntimeError, match='Input invalid y of None'):\n        self.model.evaluate(y=None)\n    with pytest.raises(Exception, match='Needs to call fit_eval or restore first before calling predict'):\n        self.model.predict(x=None)\n    with pytest.raises(Exception, match='Needs to call fit_eval or restore first before calling predict'):\n        self.model.evaluate(y=np.random.rand(self.num_samples, self.horizon))\n    with pytest.raises(RuntimeError, match='Input invalid x of None'):\n        self.model.fit_incremental(x=None)\n    with pytest.raises(Exception, match='Needs to call fit_eval or restore first before calling fit_incremental'):\n        self.model.fit_incremental(x=np.random.rand(self.num_samples, self.horizon))\n    self.model.fit_eval(data=(self.Ymat, None), **self.config)\n    with pytest.raises(Exception, match=f'Expected incremental input with {self.num_samples} time series, got {self.num_samples - 1} instead'):\n        self.model.fit_incremental(x=np.random.rand(self.num_samples - 1, self.horizon))\n    with pytest.raises(RuntimeError, match='but invalid covariates in fit. '):\n        self.model.predict(horizon=self.horizon, future_covariates=np.random.randn(3, self.horizon))\n    with pytest.raises(RuntimeError, match='but invalid dti in fit. '):\n        self.model.predict(horizon=self.horizon, future_dti=pd.date_range('20130101', periods=self.horizon))\n    with pytest.raises(RuntimeError, match='but invalid covariates in fit. '):\n        self.model.fit_incremental(x=np.random.rand(self.num_samples, self.horizon), covariates_new=np.random.randn(3, self.horizon))\n    with pytest.raises(RuntimeError, match='but invalid dti in fit. '):\n        self.model.fit_incremental(x=np.random.rand(self.num_samples, self.horizon), dti_new=pd.date_range('20130101', periods=self.horizon))",
            "def test_error(self):\n    if False:\n        i = 10\n        while True:\n            print('Mutation')\n        n = 10\n        dp = [0, 1]\n        for i in range(2, n + 1):\n            dp.append(dp[i - 1] + dp[i - 2])\n        print(dp[n])\n    with pytest.raises(RuntimeError, match=\"We don't support input x directly\"):\n        self.model.predict(x=1)\n    with pytest.raises(RuntimeError, match=\"We don't support input x directly\"):\n        self.model.evaluate(x=1, y=np.random.rand(self.num_samples, self.horizon))\n    with pytest.raises(RuntimeError, match='Input invalid y of None'):\n        self.model.evaluate(y=None)\n    with pytest.raises(Exception, match='Needs to call fit_eval or restore first before calling predict'):\n        self.model.predict(x=None)\n    with pytest.raises(Exception, match='Needs to call fit_eval or restore first before calling predict'):\n        self.model.evaluate(y=np.random.rand(self.num_samples, self.horizon))\n    with pytest.raises(RuntimeError, match='Input invalid x of None'):\n        self.model.fit_incremental(x=None)\n    with pytest.raises(Exception, match='Needs to call fit_eval or restore first before calling fit_incremental'):\n        self.model.fit_incremental(x=np.random.rand(self.num_samples, self.horizon))\n    self.model.fit_eval(data=(self.Ymat, None), **self.config)\n    with pytest.raises(Exception, match=f'Expected incremental input with {self.num_samples} time series, got {self.num_samples - 1} instead'):\n        self.model.fit_incremental(x=np.random.rand(self.num_samples - 1, self.horizon))\n    with pytest.raises(RuntimeError, match='but invalid covariates in fit. '):\n        self.model.predict(horizon=self.horizon, future_covariates=np.random.randn(3, self.horizon))\n    with pytest.raises(RuntimeError, match='but invalid dti in fit. '):\n        self.model.predict(horizon=self.horizon, future_dti=pd.date_range('20130101', periods=self.horizon))\n    with pytest.raises(RuntimeError, match='but invalid covariates in fit. '):\n        self.model.fit_incremental(x=np.random.rand(self.num_samples, self.horizon), covariates_new=np.random.randn(3, self.horizon))\n    with pytest.raises(RuntimeError, match='but invalid dti in fit. '):\n        self.model.fit_incremental(x=np.random.rand(self.num_samples, self.horizon), dti_new=pd.date_range('20130101', periods=self.horizon))",
            "def test_error(self):\n    if False:\n        i = 10\n        while True:\n            print('Mutation')\n        n = 10\n        dp = [0, 1]\n        for i in range(2, n + 1):\n            dp.append(dp[i - 1] + dp[i - 2])\n        print(dp[n])\n\n        def dfs(node):\n            if node == None:\n                return []\n            left = dfs(node.left)\n            right = dfs(node.right)\n    with pytest.raises(RuntimeError, match=\"We don't support input x directly\"):\n        self.model.predict(x=1)\n    with pytest.raises(RuntimeError, match=\"We don't support input x directly\"):\n        self.model.evaluate(x=1, y=np.random.rand(self.num_samples, self.horizon))\n    with pytest.raises(RuntimeError, match='Input invalid y of None'):\n        self.model.evaluate(y=None)\n    with pytest.raises(Exception, match='Needs to call fit_eval or restore first before calling predict'):\n        self.model.predict(x=None)\n    with pytest.raises(Exception, match='Needs to call fit_eval or restore first before calling predict'):\n        self.model.evaluate(y=np.random.rand(self.num_samples, self.horizon))\n    with pytest.raises(RuntimeError, match='Input invalid x of None'):\n        self.model.fit_incremental(x=None)\n    with pytest.raises(Exception, match='Needs to call fit_eval or restore first before calling fit_incremental'):\n        self.model.fit_incremental(x=np.random.rand(self.num_samples, self.horizon))\n    self.model.fit_eval(data=(self.Ymat, None), **self.config)\n    with pytest.raises(Exception, match=f'Expected incremental input with {self.num_samples} time series, got {self.num_samples - 1} instead'):\n        self.model.fit_incremental(x=np.random.rand(self.num_samples - 1, self.horizon))\n    with pytest.raises(RuntimeError, match='but invalid covariates in fit. '):\n        self.model.predict(horizon=self.horizon, future_covariates=np.random.randn(3, self.horizon))\n    with pytest.raises(RuntimeError, match='but invalid dti in fit. '):\n        self.model.predict(horizon=self.horizon, future_dti=pd.date_range('20130101', periods=self.horizon))\n    with pytest.raises(RuntimeError, match='but invalid covariates in fit. '):\n        self.model.fit_incremental(x=np.random.rand(self.num_samples, self.horizon), covariates_new=np.random.randn(3, self.horizon))\n    with pytest.raises(RuntimeError, match='but invalid dti in fit. '):\n        self.model.fit_incremental(x=np.random.rand(self.num_samples, self.horizon), dti_new=pd.date_range('20130101', periods=self.horizon))",
            "def test_error(self):\n    if False:\n        i = 10\n        while True:\n            print('Mutation')\n        dp = [0, 1]\n        for i in range(2, n + 1):\n            dp.append(dp[i - 1] + dp[i - 2])\n        print(dp[n])\n\n        def dfs(node):\n            if node == None:\n                return []\n            left = dfs(node.left)\n            right = dfs(node.right)\n        length = 15\n        if length <= 0:\n            return []\n        elif length == 1:\n            return [0]\n        sequence = [0, 1]\n        while len(sequence) < length:\n            next_value = sequence[-1] + sequence[-2]\n            sequence.append(next_value)\n        return sequence\n    with pytest.raises(RuntimeError, match=\"We don't support input x directly\"):\n        self.model.predict(x=1)\n    with pytest.raises(RuntimeError, match=\"We don't support input x directly\"):\n        self.model.evaluate(x=1, y=np.random.rand(self.num_samples, self.horizon))\n    with pytest.raises(RuntimeError, match='Input invalid y of None'):\n        self.model.evaluate(y=None)\n    with pytest.raises(Exception, match='Needs to call fit_eval or restore first before calling predict'):\n        self.model.predict(x=None)\n    with pytest.raises(Exception, match='Needs to call fit_eval or restore first before calling predict'):\n        self.model.evaluate(y=np.random.rand(self.num_samples, self.horizon))\n    with pytest.raises(RuntimeError, match='Input invalid x of None'):\n        self.model.fit_incremental(x=None)\n    with pytest.raises(Exception, match='Needs to call fit_eval or restore first before calling fit_incremental'):\n        self.model.fit_incremental(x=np.random.rand(self.num_samples, self.horizon))\n    self.model.fit_eval(data=(self.Ymat, None), **self.config)\n    with pytest.raises(Exception, match=f'Expected incremental input with {self.num_samples} time series, got {self.num_samples - 1} instead'):\n        self.model.fit_incremental(x=np.random.rand(self.num_samples - 1, self.horizon))\n    with pytest.raises(RuntimeError, match='but invalid covariates in fit. '):\n        self.model.predict(horizon=self.horizon, future_covariates=np.random.randn(3, self.horizon))\n    with pytest.raises(RuntimeError, match='but invalid dti in fit. '):\n        self.model.predict(horizon=self.horizon, future_dti=pd.date_range('20130101', periods=self.horizon))\n    with pytest.raises(RuntimeError, match='but invalid covariates in fit. '):\n        self.model.fit_incremental(x=np.random.rand(self.num_samples, self.horizon), covariates_new=np.random.randn(3, self.horizon))\n    with pytest.raises(RuntimeError, match='but invalid dti in fit. '):\n        self.model.fit_incremental(x=np.random.rand(self.num_samples, self.horizon), dti_new=pd.date_range('20130101', periods=self.horizon))"
        ]
    },
    {
        "func_name": "test_save_restore",
        "original": "def test_save_restore(self):\n    self.model.fit_eval(data=(self.Ymat, None), **self.config)\n    result_save = self.model.predict(horizon=self.horizon)\n    model_file = 'tmp.pkl'\n    self.model.save(model_file)\n    assert os.path.isfile(model_file)\n    new_model = TCMF()\n    new_model.restore(model_file)\n    assert new_model.model\n    result_restore = new_model.predict(horizon=self.horizon)\n    (assert_array_almost_equal(result_save, result_restore, decimal=2), 'Prediction values are not the same after restore: predict before is {}, and predict after is {}'.format(result_save, result_restore))\n    os.remove(model_file)",
        "mutated": [
            "def test_save_restore(self):\n    if False:\n        i = 10\n    self.model.fit_eval(data=(self.Ymat, None), **self.config)\n    result_save = self.model.predict(horizon=self.horizon)\n    model_file = 'tmp.pkl'\n    self.model.save(model_file)\n    assert os.path.isfile(model_file)\n    new_model = TCMF()\n    new_model.restore(model_file)\n    assert new_model.model\n    result_restore = new_model.predict(horizon=self.horizon)\n    (assert_array_almost_equal(result_save, result_restore, decimal=2), 'Prediction values are not the same after restore: predict before is {}, and predict after is {}'.format(result_save, result_restore))\n    os.remove(model_file)",
            "def test_save_restore(self):\n    if False:\n        i = 10\n        while True:\n            print('Mutation')\n    self.model.fit_eval(data=(self.Ymat, None), **self.config)\n    result_save = self.model.predict(horizon=self.horizon)\n    model_file = 'tmp.pkl'\n    self.model.save(model_file)\n    assert os.path.isfile(model_file)\n    new_model = TCMF()\n    new_model.restore(model_file)\n    assert new_model.model\n    result_restore = new_model.predict(horizon=self.horizon)\n    (assert_array_almost_equal(result_save, result_restore, decimal=2), 'Prediction values are not the same after restore: predict before is {}, and predict after is {}'.format(result_save, result_restore))\n    os.remove(model_file)",
            "def test_save_restore(self):\n    if False:\n        i = 10\n        while True:\n            print('Mutation')\n        n = 10\n        dp = [0, 1]\n        for i in range(2, n + 1):\n            dp.append(dp[i - 1] + dp[i - 2])\n        print(dp[n])\n    self.model.fit_eval(data=(self.Ymat, None), **self.config)\n    result_save = self.model.predict(horizon=self.horizon)\n    model_file = 'tmp.pkl'\n    self.model.save(model_file)\n    assert os.path.isfile(model_file)\n    new_model = TCMF()\n    new_model.restore(model_file)\n    assert new_model.model\n    result_restore = new_model.predict(horizon=self.horizon)\n    (assert_array_almost_equal(result_save, result_restore, decimal=2), 'Prediction values are not the same after restore: predict before is {}, and predict after is {}'.format(result_save, result_restore))\n    os.remove(model_file)",
            "def test_save_restore(self):\n    if False:\n        i = 10\n        while True:\n            print('Mutation')\n        n = 10\n        dp = [0, 1]\n        for i in range(2, n + 1):\n            dp.append(dp[i - 1] + dp[i - 2])\n        print(dp[n])\n\n        def dfs(node):\n            if node == None:\n                return []\n            left = dfs(node.left)\n            right = dfs(node.right)\n    self.model.fit_eval(data=(self.Ymat, None), **self.config)\n    result_save = self.model.predict(horizon=self.horizon)\n    model_file = 'tmp.pkl'\n    self.model.save(model_file)\n    assert os.path.isfile(model_file)\n    new_model = TCMF()\n    new_model.restore(model_file)\n    assert new_model.model\n    result_restore = new_model.predict(horizon=self.horizon)\n    (assert_array_almost_equal(result_save, result_restore, decimal=2), 'Prediction values are not the same after restore: predict before is {}, and predict after is {}'.format(result_save, result_restore))\n    os.remove(model_file)",
            "def test_save_restore(self):\n    if False:\n        i = 10\n        while True:\n            print('Mutation')\n        dp = [0, 1]\n        for i in range(2, n + 1):\n            dp.append(dp[i - 1] + dp[i - 2])\n        print(dp[n])\n\n        def dfs(node):\n            if node == None:\n                return []\n            left = dfs(node.left)\n            right = dfs(node.right)\n        length = 15\n        if length <= 0:\n            return []\n        elif length == 1:\n            return [0]\n        sequence = [0, 1]\n        while len(sequence) < length:\n            next_value = sequence[-1] + sequence[-2]\n            sequence.append(next_value)\n        return sequence\n    self.model.fit_eval(data=(self.Ymat, None), **self.config)\n    result_save = self.model.predict(horizon=self.horizon)\n    model_file = 'tmp.pkl'\n    self.model.save(model_file)\n    assert os.path.isfile(model_file)\n    new_model = TCMF()\n    new_model.restore(model_file)\n    assert new_model.model\n    result_restore = new_model.predict(horizon=self.horizon)\n    (assert_array_almost_equal(result_save, result_restore, decimal=2), 'Prediction values are not the same after restore: predict before is {}, and predict after is {}'.format(result_save, result_restore))\n    os.remove(model_file)"
        ]
    }
]