[
    {
        "func_name": "test_product",
        "original": "def test_product(self):\n    assert testing.product(self.actual) == self.expect",
        "mutated": [
            "def test_product(self):\n    if False:\n        i = 10\n    assert testing.product(self.actual) == self.expect",
            "def test_product(self):\n    if False:\n        i = 10\n        while True:\n            print('Mutation')\n    assert testing.product(self.actual) == self.expect",
            "def test_product(self):\n    if False:\n        i = 10\n        while True:\n            print('Mutation')\n        n = 10\n        dp = [0, 1]\n        for i in range(2, n + 1):\n            dp.append(dp[i - 1] + dp[i - 2])\n        print(dp[n])\n    assert testing.product(self.actual) == self.expect",
            "def test_product(self):\n    if False:\n        i = 10\n        while True:\n            print('Mutation')\n        n = 10\n        dp = [0, 1]\n        for i in range(2, n + 1):\n            dp.append(dp[i - 1] + dp[i - 2])\n        print(dp[n])\n\n        def dfs(node):\n            if node == None:\n                return []\n            left = dfs(node.left)\n            right = dfs(node.right)\n    assert testing.product(self.actual) == self.expect",
            "def test_product(self):\n    if False:\n        i = 10\n        while True:\n            print('Mutation')\n        dp = [0, 1]\n        for i in range(2, n + 1):\n            dp.append(dp[i - 1] + dp[i - 2])\n        print(dp[n])\n\n        def dfs(node):\n            if node == None:\n                return []\n            left = dfs(node.left)\n            right = dfs(node.right)\n        length = 15\n        if length <= 0:\n            return []\n        elif length == 1:\n            return [0]\n        sequence = [0, 1]\n        while len(sequence) < length:\n            next_value = sequence[-1] + sequence[-2]\n            sequence.append(next_value)\n        return sequence\n    assert testing.product(self.actual) == self.expect"
        ]
    },
    {
        "func_name": "test_product_dict",
        "original": "def test_product_dict(self):\n    assert testing.product_dict(*self.actual) == self.expect",
        "mutated": [
            "def test_product_dict(self):\n    if False:\n        i = 10\n    assert testing.product_dict(*self.actual) == self.expect",
            "def test_product_dict(self):\n    if False:\n        i = 10\n        while True:\n            print('Mutation')\n    assert testing.product_dict(*self.actual) == self.expect",
            "def test_product_dict(self):\n    if False:\n        i = 10\n        while True:\n            print('Mutation')\n        n = 10\n        dp = [0, 1]\n        for i in range(2, n + 1):\n            dp.append(dp[i - 1] + dp[i - 2])\n        print(dp[n])\n    assert testing.product_dict(*self.actual) == self.expect",
            "def test_product_dict(self):\n    if False:\n        i = 10\n        while True:\n            print('Mutation')\n        n = 10\n        dp = [0, 1]\n        for i in range(2, n + 1):\n            dp.append(dp[i - 1] + dp[i - 2])\n        print(dp[n])\n\n        def dfs(node):\n            if node == None:\n                return []\n            left = dfs(node.left)\n            right = dfs(node.right)\n    assert testing.product_dict(*self.actual) == self.expect",
            "def test_product_dict(self):\n    if False:\n        i = 10\n        while True:\n            print('Mutation')\n        dp = [0, 1]\n        for i in range(2, n + 1):\n            dp.append(dp[i - 1] + dp[i - 2])\n        print(dp[n])\n\n        def dfs(node):\n            if node == None:\n                return []\n            left = dfs(node.left)\n            right = dfs(node.right)\n        length = 15\n        if length <= 0:\n            return []\n        elif length == 1:\n            return [0]\n        sequence = [0, 1]\n        while len(sequence) < length:\n            next_value = sequence[-1] + sequence[-2]\n            sequence.append(next_value)\n        return sequence\n    assert testing.product_dict(*self.actual) == self.expect"
        ]
    },
    {
        "func_name": "f",
        "original": "def f(x):\n    return x",
        "mutated": [
            "def f(x):\n    if False:\n        i = 10\n    return x",
            "def f(x):\n    if False:\n        i = 10\n        while True:\n            print('Mutation')\n    return x",
            "def f(x):\n    if False:\n        i = 10\n        while True:\n            print('Mutation')\n        n = 10\n        dp = [0, 1]\n        for i in range(2, n + 1):\n            dp.append(dp[i - 1] + dp[i - 2])\n        print(dp[n])\n    return x",
            "def f(x):\n    if False:\n        i = 10\n        while True:\n            print('Mutation')\n        n = 10\n        dp = [0, 1]\n        for i in range(2, n + 1):\n            dp.append(dp[i - 1] + dp[i - 2])\n        print(dp[n])\n\n        def dfs(node):\n            if node == None:\n                return []\n            left = dfs(node.left)\n            right = dfs(node.right)\n    return x",
            "def f(x):\n    if False:\n        i = 10\n        while True:\n            print('Mutation')\n        dp = [0, 1]\n        for i in range(2, n + 1):\n            dp.append(dp[i - 1] + dp[i - 2])\n        print(dp[n])\n\n        def dfs(node):\n            if node == None:\n                return []\n            left = dfs(node.left)\n            right = dfs(node.right)\n        length = 15\n        if length <= 0:\n            return []\n        elif length == 1:\n            return [0]\n        sequence = [0, 1]\n        while len(sequence) < length:\n            next_value = sequence[-1] + sequence[-2]\n            sequence.append(next_value)\n        return sequence\n    return x"
        ]
    },
    {
        "func_name": "__repr__",
        "original": "def __repr__(self):\n    return '<C object>'",
        "mutated": [
            "def __repr__(self):\n    if False:\n        i = 10\n    return '<C object>'",
            "def __repr__(self):\n    if False:\n        i = 10\n        while True:\n            print('Mutation')\n    return '<C object>'",
            "def __repr__(self):\n    if False:\n        i = 10\n        while True:\n            print('Mutation')\n        n = 10\n        dp = [0, 1]\n        for i in range(2, n + 1):\n            dp.append(dp[i - 1] + dp[i - 2])\n        print(dp[n])\n    return '<C object>'",
            "def __repr__(self):\n    if False:\n        i = 10\n        while True:\n            print('Mutation')\n        n = 10\n        dp = [0, 1]\n        for i in range(2, n + 1):\n            dp.append(dp[i - 1] + dp[i - 2])\n        print(dp[n])\n\n        def dfs(node):\n            if node == None:\n                return []\n            left = dfs(node.left)\n            right = dfs(node.right)\n    return '<C object>'",
            "def __repr__(self):\n    if False:\n        i = 10\n        while True:\n            print('Mutation')\n        dp = [0, 1]\n        for i in range(2, n + 1):\n            dp.append(dp[i - 1] + dp[i - 2])\n        print(dp[n])\n\n        def dfs(node):\n            if node == None:\n                return []\n            left = dfs(node.left)\n            right = dfs(node.right)\n        length = 15\n        if length <= 0:\n            return []\n        elif length == 1:\n            return [0]\n        sequence = [0, 1]\n        while len(sequence) < length:\n            next_value = sequence[-1] + sequence[-2]\n            sequence.append(next_value)\n        return sequence\n    return '<C object>'"
        ]
    },
    {
        "func_name": "__call__",
        "original": "def __call__(self, x):\n    return x",
        "mutated": [
            "def __call__(self, x):\n    if False:\n        i = 10\n    return x",
            "def __call__(self, x):\n    if False:\n        i = 10\n        while True:\n            print('Mutation')\n    return x",
            "def __call__(self, x):\n    if False:\n        i = 10\n        while True:\n            print('Mutation')\n        n = 10\n        dp = [0, 1]\n        for i in range(2, n + 1):\n            dp.append(dp[i - 1] + dp[i - 2])\n        print(dp[n])\n    return x",
            "def __call__(self, x):\n    if False:\n        i = 10\n        while True:\n            print('Mutation')\n        n = 10\n        dp = [0, 1]\n        for i in range(2, n + 1):\n            dp.append(dp[i - 1] + dp[i - 2])\n        print(dp[n])\n\n        def dfs(node):\n            if node == None:\n                return []\n            left = dfs(node.left)\n            right = dfs(node.right)\n    return x",
            "def __call__(self, x):\n    if False:\n        i = 10\n        while True:\n            print('Mutation')\n        dp = [0, 1]\n        for i in range(2, n + 1):\n            dp.append(dp[i - 1] + dp[i - 2])\n        print(dp[n])\n\n        def dfs(node):\n            if node == None:\n                return []\n            left = dfs(node.left)\n            right = dfs(node.right)\n        length = 15\n        if length <= 0:\n            return []\n        elif length == 1:\n            return [0]\n        sequence = [0, 1]\n        while len(sequence) < length:\n            next_value = sequence[-1] + sequence[-2]\n            sequence.append(next_value)\n        return sequence\n    return x"
        ]
    },
    {
        "func_name": "method",
        "original": "def method(self, x):\n    return x",
        "mutated": [
            "def method(self, x):\n    if False:\n        i = 10\n    return x",
            "def method(self, x):\n    if False:\n        i = 10\n        while True:\n            print('Mutation')\n    return x",
            "def method(self, x):\n    if False:\n        i = 10\n        while True:\n            print('Mutation')\n        n = 10\n        dp = [0, 1]\n        for i in range(2, n + 1):\n            dp.append(dp[i - 1] + dp[i - 2])\n        print(dp[n])\n    return x",
            "def method(self, x):\n    if False:\n        i = 10\n        while True:\n            print('Mutation')\n        n = 10\n        dp = [0, 1]\n        for i in range(2, n + 1):\n            dp.append(dp[i - 1] + dp[i - 2])\n        print(dp[n])\n\n        def dfs(node):\n            if node == None:\n                return []\n            left = dfs(node.left)\n            right = dfs(node.right)\n    return x",
            "def method(self, x):\n    if False:\n        i = 10\n        while True:\n            print('Mutation')\n        dp = [0, 1]\n        for i in range(2, n + 1):\n            dp.append(dp[i - 1] + dp[i - 2])\n        print(dp[n])\n\n        def dfs(node):\n            if node == None:\n                return []\n            left = dfs(node.left)\n            right = dfs(node.right)\n        length = 15\n        if length <= 0:\n            return []\n        elif length == 1:\n            return [0]\n        sequence = [0, 1]\n        while len(sequence) < length:\n            next_value = sequence[-1] + sequence[-2]\n            sequence.append(next_value)\n        return sequence\n    return x"
        ]
    },
    {
        "func_name": "test_callable",
        "original": "def test_callable(self):\n    y = self.callable(1)\n    assert y == 1",
        "mutated": [
            "def test_callable(self):\n    if False:\n        i = 10\n    y = self.callable(1)\n    assert y == 1",
            "def test_callable(self):\n    if False:\n        i = 10\n        while True:\n            print('Mutation')\n    y = self.callable(1)\n    assert y == 1",
            "def test_callable(self):\n    if False:\n        i = 10\n        while True:\n            print('Mutation')\n        n = 10\n        dp = [0, 1]\n        for i in range(2, n + 1):\n            dp.append(dp[i - 1] + dp[i - 2])\n        print(dp[n])\n    y = self.callable(1)\n    assert y == 1",
            "def test_callable(self):\n    if False:\n        i = 10\n        while True:\n            print('Mutation')\n        n = 10\n        dp = [0, 1]\n        for i in range(2, n + 1):\n            dp.append(dp[i - 1] + dp[i - 2])\n        print(dp[n])\n\n        def dfs(node):\n            if node == None:\n                return []\n            left = dfs(node.left)\n            right = dfs(node.right)\n    y = self.callable(1)\n    assert y == 1",
            "def test_callable(self):\n    if False:\n        i = 10\n        while True:\n            print('Mutation')\n        dp = [0, 1]\n        for i in range(2, n + 1):\n            dp.append(dp[i - 1] + dp[i - 2])\n        print(dp[n])\n\n        def dfs(node):\n            if node == None:\n                return []\n            left = dfs(node.left)\n            right = dfs(node.right)\n        length = 15\n        if length <= 0:\n            return []\n        elif length == 1:\n            return [0]\n        sequence = [0, 1]\n        while len(sequence) < length:\n            next_value = sequence[-1] + sequence[-2]\n            sequence.append(next_value)\n        return sequence\n    y = self.callable(1)\n    assert y == 1"
        ]
    },
    {
        "func_name": "test_skip",
        "original": "def test_skip(self):\n    self.skipTest('skip')",
        "mutated": [
            "def test_skip(self):\n    if False:\n        i = 10\n    self.skipTest('skip')",
            "def test_skip(self):\n    if False:\n        i = 10\n        while True:\n            print('Mutation')\n    self.skipTest('skip')",
            "def test_skip(self):\n    if False:\n        i = 10\n        while True:\n            print('Mutation')\n        n = 10\n        dp = [0, 1]\n        for i in range(2, n + 1):\n            dp.append(dp[i - 1] + dp[i - 2])\n        print(dp[n])\n    self.skipTest('skip')",
            "def test_skip(self):\n    if False:\n        i = 10\n        while True:\n            print('Mutation')\n        n = 10\n        dp = [0, 1]\n        for i in range(2, n + 1):\n            dp.append(dp[i - 1] + dp[i - 2])\n        print(dp[n])\n\n        def dfs(node):\n            if node == None:\n                return []\n            left = dfs(node.left)\n            right = dfs(node.right)\n    self.skipTest('skip')",
            "def test_skip(self):\n    if False:\n        i = 10\n        while True:\n            print('Mutation')\n        dp = [0, 1]\n        for i in range(2, n + 1):\n            dp.append(dp[i - 1] + dp[i - 2])\n        print(dp[n])\n\n        def dfs(node):\n            if node == None:\n                return []\n            left = dfs(node.left)\n            right = dfs(node.right)\n        length = 15\n        if length <= 0:\n            return []\n        elif length == 1:\n            return [0]\n        sequence = [0, 1]\n        while len(sequence) < length:\n            next_value = sequence[-1] + sequence[-2]\n            sequence.append(next_value)\n        return sequence\n    self.skipTest('skip')"
        ]
    },
    {
        "func_name": "test_callable",
        "original": "def test_callable(self):\n    y = self.callable(1)\n    assert y == 1",
        "mutated": [
            "def test_callable(self):\n    if False:\n        i = 10\n    y = self.callable(1)\n    assert y == 1",
            "def test_callable(self):\n    if False:\n        i = 10\n        while True:\n            print('Mutation')\n    y = self.callable(1)\n    assert y == 1",
            "def test_callable(self):\n    if False:\n        i = 10\n        while True:\n            print('Mutation')\n        n = 10\n        dp = [0, 1]\n        for i in range(2, n + 1):\n            dp.append(dp[i - 1] + dp[i - 2])\n        print(dp[n])\n    y = self.callable(1)\n    assert y == 1",
            "def test_callable(self):\n    if False:\n        i = 10\n        while True:\n            print('Mutation')\n        n = 10\n        dp = [0, 1]\n        for i in range(2, n + 1):\n            dp.append(dp[i - 1] + dp[i - 2])\n        print(dp[n])\n\n        def dfs(node):\n            if node == None:\n                return []\n            left = dfs(node.left)\n            right = dfs(node.right)\n    y = self.callable(1)\n    assert y == 1",
            "def test_callable(self):\n    if False:\n        i = 10\n        while True:\n            print('Mutation')\n        dp = [0, 1]\n        for i in range(2, n + 1):\n            dp.append(dp[i - 1] + dp[i - 2])\n        print(dp[n])\n\n        def dfs(node):\n            if node == None:\n                return []\n            left = dfs(node.left)\n            right = dfs(node.right)\n        length = 15\n        if length <= 0:\n            return []\n        elif length == 1:\n            return [0]\n        sequence = [0, 1]\n        while len(sequence) < length:\n            next_value = sequence[-1] + sequence[-2]\n            sequence.append(next_value)\n        return sequence\n    y = self.callable(1)\n    assert y == 1"
        ]
    },
    {
        "func_name": "test_skip",
        "original": "def test_skip(self):\n    pytest.skip('skip')",
        "mutated": [
            "def test_skip(self):\n    if False:\n        i = 10\n    pytest.skip('skip')",
            "def test_skip(self):\n    if False:\n        i = 10\n        while True:\n            print('Mutation')\n    pytest.skip('skip')",
            "def test_skip(self):\n    if False:\n        i = 10\n        while True:\n            print('Mutation')\n        n = 10\n        dp = [0, 1]\n        for i in range(2, n + 1):\n            dp.append(dp[i - 1] + dp[i - 2])\n        print(dp[n])\n    pytest.skip('skip')",
            "def test_skip(self):\n    if False:\n        i = 10\n        while True:\n            print('Mutation')\n        n = 10\n        dp = [0, 1]\n        for i in range(2, n + 1):\n            dp.append(dp[i - 1] + dp[i - 2])\n        print(dp[n])\n\n        def dfs(node):\n            if node == None:\n                return []\n            left = dfs(node.left)\n            right = dfs(node.right)\n    pytest.skip('skip')",
            "def test_skip(self):\n    if False:\n        i = 10\n        while True:\n            print('Mutation')\n        dp = [0, 1]\n        for i in range(2, n + 1):\n            dp.append(dp[i - 1] + dp[i - 2])\n        print(dp[n])\n\n        def dfs(node):\n            if node == None:\n                return []\n            left = dfs(node.left)\n            right = dfs(node.right)\n        length = 15\n        if length <= 0:\n            return []\n        elif length == 1:\n            return [0]\n        sequence = [0, 1]\n        while len(sequence) < length:\n            next_value = sequence[-1] + sequence[-2]\n            sequence.append(next_value)\n        return sequence\n    pytest.skip('skip')"
        ]
    },
    {
        "func_name": "test_parameterize_pytest_impl",
        "original": "@pytest.mark.parametrize(('src', 'outcomes'), [(textwrap.dedent(\"        @testing.parameterize({'a': 1}, {'a': 2})\\n        class TestA:\\n            def test_a(self):\\n                assert self.a > 0\\n        \"), [('::TestA::test_a[_param_0_{a=1}]', 'PASSED'), ('::TestA::test_a[_param_1_{a=2}]', 'PASSED')]), (textwrap.dedent(\"        @testing.parameterize({'a': 1}, {'a': 2})\\n        class TestA:\\n            def test_a(self):\\n                assert self.a == 1\\n        \"), [('::TestA::test_a[_param_0_{a=1}]', 'PASSED'), ('::TestA::test_a[_param_1_{a=2}]', 'FAILED')]), (textwrap.dedent(\"        @testing.parameterize({'a': 1}, {'b': 2})\\n        class TestA:\\n            def test_a(self):\\n                a = getattr(self, 'a', 3)\\n                b = getattr(self, 'b', 4)\\n                assert (a, b) in [(1, 4), (3, 2)]\\n        \"), [('::TestA::test_a[_param_0_{a=1}]', 'PASSED'), ('::TestA::test_a[_param_1_{b=2}]', 'PASSED')]), (textwrap.dedent(\"        import numpy\\n        @testing.parameterize({'a': numpy.array(1)}, {'a': 1})\\n        class TestA:\\n            def test_first(self):\\n                assert self.a == 1\\n                self.a += 2\\n            def test_second(self):\\n                assert self.a == 1\\n                self.a += 2\\n        \"), [('::TestA::test_first[_param_0_{a=array(1)}]', 'PASSED'), ('::TestA::test_first[_param_1_{a=1}]', 'PASSED'), ('::TestA::test_second[_param_0_{a=array(1)}]', 'FAILED'), ('::TestA::test_second[_param_1_{a=1}]', 'PASSED')]), (textwrap.dedent(\"        @testing.parameterize({'a': 1, 'b': 4}, {'a': 2, 'b': 3})\\n        class TestA:\\n            c = 5\\n            def test_a(self):\\n                assert self.a + self.b == self.c\\n        \"), [('::TestA::test_a[_param_0_{a=1, b=4}]', 'PASSED'), ('::TestA::test_a[_param_1_{a=2, b=3}]', 'PASSED')]), (textwrap.dedent('        import pytest\\n        @pytest.mark.parametrize(\"outer\", [\"E\", \"e\"])\\n        @testing.parameterize({\"x\": \"D\"}, {\"x\": \"d\"})\\n        @pytest.mark.parametrize(\"inner\", [\"c\", \"C\"])\\n        class TestA:\\n            @pytest.mark.parametrize(\\n                (\"fn1\", \"fn2\"), [(\"A\", \"b\"), (\"a\", \"B\")])\\n            def test_a(self, fn2, inner, outer, fn1):\\n                assert (\\n                    (fn1 + fn2 + inner + self.x + outer).lower()\\n                    == \"abcde\")\\n            @pytest.mark.parametrize(\\n                \"fn\", [\"A\", \"a\"])\\n            def test_b(self, outer, fn, inner):\\n                assert sum(\\n                    c.isupper() for c in [fn, inner, self.x, outer]\\n                ) != 2\\n        '), [(\"::TestA::test_a[A-b-_param_0_{x='D'}-E-c]\", 'PASSED'), (\"::TestA::test_a[A-b-_param_0_{x='D'}-E-C]\", 'PASSED'), (\"::TestA::test_a[A-b-_param_0_{x='D'}-e-c]\", 'PASSED'), (\"::TestA::test_a[A-b-_param_0_{x='D'}-e-C]\", 'PASSED'), (\"::TestA::test_a[A-b-_param_1_{x='d'}-E-c]\", 'PASSED'), (\"::TestA::test_a[A-b-_param_1_{x='d'}-E-C]\", 'PASSED'), (\"::TestA::test_a[A-b-_param_1_{x='d'}-e-c]\", 'PASSED'), (\"::TestA::test_a[A-b-_param_1_{x='d'}-e-C]\", 'PASSED'), (\"::TestA::test_a[a-B-_param_0_{x='D'}-E-c]\", 'PASSED'), (\"::TestA::test_a[a-B-_param_0_{x='D'}-E-C]\", 'PASSED'), (\"::TestA::test_a[a-B-_param_0_{x='D'}-e-c]\", 'PASSED'), (\"::TestA::test_a[a-B-_param_0_{x='D'}-e-C]\", 'PASSED'), (\"::TestA::test_a[a-B-_param_1_{x='d'}-E-c]\", 'PASSED'), (\"::TestA::test_a[a-B-_param_1_{x='d'}-E-C]\", 'PASSED'), (\"::TestA::test_a[a-B-_param_1_{x='d'}-e-c]\", 'PASSED'), (\"::TestA::test_a[a-B-_param_1_{x='d'}-e-C]\", 'PASSED'), (\"::TestA::test_b[A-_param_0_{x='D'}-E-c]\", 'PASSED'), (\"::TestA::test_b[A-_param_0_{x='D'}-E-C]\", 'PASSED'), (\"::TestA::test_b[A-_param_0_{x='D'}-e-c]\", 'FAILED'), (\"::TestA::test_b[A-_param_0_{x='D'}-e-C]\", 'PASSED'), (\"::TestA::test_b[A-_param_1_{x='d'}-E-c]\", 'FAILED'), (\"::TestA::test_b[A-_param_1_{x='d'}-E-C]\", 'PASSED'), (\"::TestA::test_b[A-_param_1_{x='d'}-e-c]\", 'PASSED'), (\"::TestA::test_b[A-_param_1_{x='d'}-e-C]\", 'FAILED'), (\"::TestA::test_b[a-_param_0_{x='D'}-E-c]\", 'FAILED'), (\"::TestA::test_b[a-_param_0_{x='D'}-E-C]\", 'PASSED'), (\"::TestA::test_b[a-_param_0_{x='D'}-e-c]\", 'PASSED'), (\"::TestA::test_b[a-_param_0_{x='D'}-e-C]\", 'FAILED'), (\"::TestA::test_b[a-_param_1_{x='d'}-E-c]\", 'PASSED'), (\"::TestA::test_b[a-_param_1_{x='d'}-E-C]\", 'FAILED'), (\"::TestA::test_b[a-_param_1_{x='d'}-e-c]\", 'PASSED'), (\"::TestA::test_b[a-_param_1_{x='d'}-e-C]\", 'PASSED')])])\n@pytest.mark.skipif(pytest.__version__ > '7.4.2', reason='test name not compatible')\ndef test_parameterize_pytest_impl(testdir, src, outcomes):\n    testdir.makepyfile('from cupy import testing\\n' + src)\n    result = testdir.runpytest('-v', '--tb=no')\n    expected_lines = ['.*{} {}.*'.format(re.escape(name), res) for (name, res) in outcomes]\n    print('Result', pytest.__version__)\n    print('---')\n    print('Expected', '\\n'.join(expected_lines))\n    result.stdout.re_match_lines(expected_lines)\n    expected_count = collections.Counter([res.lower() for (_, res) in outcomes])\n    result.assert_outcomes(**expected_count)",
        "mutated": [
            "@pytest.mark.parametrize(('src', 'outcomes'), [(textwrap.dedent(\"        @testing.parameterize({'a': 1}, {'a': 2})\\n        class TestA:\\n            def test_a(self):\\n                assert self.a > 0\\n        \"), [('::TestA::test_a[_param_0_{a=1}]', 'PASSED'), ('::TestA::test_a[_param_1_{a=2}]', 'PASSED')]), (textwrap.dedent(\"        @testing.parameterize({'a': 1}, {'a': 2})\\n        class TestA:\\n            def test_a(self):\\n                assert self.a == 1\\n        \"), [('::TestA::test_a[_param_0_{a=1}]', 'PASSED'), ('::TestA::test_a[_param_1_{a=2}]', 'FAILED')]), (textwrap.dedent(\"        @testing.parameterize({'a': 1}, {'b': 2})\\n        class TestA:\\n            def test_a(self):\\n                a = getattr(self, 'a', 3)\\n                b = getattr(self, 'b', 4)\\n                assert (a, b) in [(1, 4), (3, 2)]\\n        \"), [('::TestA::test_a[_param_0_{a=1}]', 'PASSED'), ('::TestA::test_a[_param_1_{b=2}]', 'PASSED')]), (textwrap.dedent(\"        import numpy\\n        @testing.parameterize({'a': numpy.array(1)}, {'a': 1})\\n        class TestA:\\n            def test_first(self):\\n                assert self.a == 1\\n                self.a += 2\\n            def test_second(self):\\n                assert self.a == 1\\n                self.a += 2\\n        \"), [('::TestA::test_first[_param_0_{a=array(1)}]', 'PASSED'), ('::TestA::test_first[_param_1_{a=1}]', 'PASSED'), ('::TestA::test_second[_param_0_{a=array(1)}]', 'FAILED'), ('::TestA::test_second[_param_1_{a=1}]', 'PASSED')]), (textwrap.dedent(\"        @testing.parameterize({'a': 1, 'b': 4}, {'a': 2, 'b': 3})\\n        class TestA:\\n            c = 5\\n            def test_a(self):\\n                assert self.a + self.b == self.c\\n        \"), [('::TestA::test_a[_param_0_{a=1, b=4}]', 'PASSED'), ('::TestA::test_a[_param_1_{a=2, b=3}]', 'PASSED')]), (textwrap.dedent('        import pytest\\n        @pytest.mark.parametrize(\"outer\", [\"E\", \"e\"])\\n        @testing.parameterize({\"x\": \"D\"}, {\"x\": \"d\"})\\n        @pytest.mark.parametrize(\"inner\", [\"c\", \"C\"])\\n        class TestA:\\n            @pytest.mark.parametrize(\\n                (\"fn1\", \"fn2\"), [(\"A\", \"b\"), (\"a\", \"B\")])\\n            def test_a(self, fn2, inner, outer, fn1):\\n                assert (\\n                    (fn1 + fn2 + inner + self.x + outer).lower()\\n                    == \"abcde\")\\n            @pytest.mark.parametrize(\\n                \"fn\", [\"A\", \"a\"])\\n            def test_b(self, outer, fn, inner):\\n                assert sum(\\n                    c.isupper() for c in [fn, inner, self.x, outer]\\n                ) != 2\\n        '), [(\"::TestA::test_a[A-b-_param_0_{x='D'}-E-c]\", 'PASSED'), (\"::TestA::test_a[A-b-_param_0_{x='D'}-E-C]\", 'PASSED'), (\"::TestA::test_a[A-b-_param_0_{x='D'}-e-c]\", 'PASSED'), (\"::TestA::test_a[A-b-_param_0_{x='D'}-e-C]\", 'PASSED'), (\"::TestA::test_a[A-b-_param_1_{x='d'}-E-c]\", 'PASSED'), (\"::TestA::test_a[A-b-_param_1_{x='d'}-E-C]\", 'PASSED'), (\"::TestA::test_a[A-b-_param_1_{x='d'}-e-c]\", 'PASSED'), (\"::TestA::test_a[A-b-_param_1_{x='d'}-e-C]\", 'PASSED'), (\"::TestA::test_a[a-B-_param_0_{x='D'}-E-c]\", 'PASSED'), (\"::TestA::test_a[a-B-_param_0_{x='D'}-E-C]\", 'PASSED'), (\"::TestA::test_a[a-B-_param_0_{x='D'}-e-c]\", 'PASSED'), (\"::TestA::test_a[a-B-_param_0_{x='D'}-e-C]\", 'PASSED'), (\"::TestA::test_a[a-B-_param_1_{x='d'}-E-c]\", 'PASSED'), (\"::TestA::test_a[a-B-_param_1_{x='d'}-E-C]\", 'PASSED'), (\"::TestA::test_a[a-B-_param_1_{x='d'}-e-c]\", 'PASSED'), (\"::TestA::test_a[a-B-_param_1_{x='d'}-e-C]\", 'PASSED'), (\"::TestA::test_b[A-_param_0_{x='D'}-E-c]\", 'PASSED'), (\"::TestA::test_b[A-_param_0_{x='D'}-E-C]\", 'PASSED'), (\"::TestA::test_b[A-_param_0_{x='D'}-e-c]\", 'FAILED'), (\"::TestA::test_b[A-_param_0_{x='D'}-e-C]\", 'PASSED'), (\"::TestA::test_b[A-_param_1_{x='d'}-E-c]\", 'FAILED'), (\"::TestA::test_b[A-_param_1_{x='d'}-E-C]\", 'PASSED'), (\"::TestA::test_b[A-_param_1_{x='d'}-e-c]\", 'PASSED'), (\"::TestA::test_b[A-_param_1_{x='d'}-e-C]\", 'FAILED'), (\"::TestA::test_b[a-_param_0_{x='D'}-E-c]\", 'FAILED'), (\"::TestA::test_b[a-_param_0_{x='D'}-E-C]\", 'PASSED'), (\"::TestA::test_b[a-_param_0_{x='D'}-e-c]\", 'PASSED'), (\"::TestA::test_b[a-_param_0_{x='D'}-e-C]\", 'FAILED'), (\"::TestA::test_b[a-_param_1_{x='d'}-E-c]\", 'PASSED'), (\"::TestA::test_b[a-_param_1_{x='d'}-E-C]\", 'FAILED'), (\"::TestA::test_b[a-_param_1_{x='d'}-e-c]\", 'PASSED'), (\"::TestA::test_b[a-_param_1_{x='d'}-e-C]\", 'PASSED')])])\n@pytest.mark.skipif(pytest.__version__ > '7.4.2', reason='test name not compatible')\ndef test_parameterize_pytest_impl(testdir, src, outcomes):\n    if False:\n        i = 10\n    testdir.makepyfile('from cupy import testing\\n' + src)\n    result = testdir.runpytest('-v', '--tb=no')\n    expected_lines = ['.*{} {}.*'.format(re.escape(name), res) for (name, res) in outcomes]\n    print('Result', pytest.__version__)\n    print('---')\n    print('Expected', '\\n'.join(expected_lines))\n    result.stdout.re_match_lines(expected_lines)\n    expected_count = collections.Counter([res.lower() for (_, res) in outcomes])\n    result.assert_outcomes(**expected_count)",
            "@pytest.mark.parametrize(('src', 'outcomes'), [(textwrap.dedent(\"        @testing.parameterize({'a': 1}, {'a': 2})\\n        class TestA:\\n            def test_a(self):\\n                assert self.a > 0\\n        \"), [('::TestA::test_a[_param_0_{a=1}]', 'PASSED'), ('::TestA::test_a[_param_1_{a=2}]', 'PASSED')]), (textwrap.dedent(\"        @testing.parameterize({'a': 1}, {'a': 2})\\n        class TestA:\\n            def test_a(self):\\n                assert self.a == 1\\n        \"), [('::TestA::test_a[_param_0_{a=1}]', 'PASSED'), ('::TestA::test_a[_param_1_{a=2}]', 'FAILED')]), (textwrap.dedent(\"        @testing.parameterize({'a': 1}, {'b': 2})\\n        class TestA:\\n            def test_a(self):\\n                a = getattr(self, 'a', 3)\\n                b = getattr(self, 'b', 4)\\n                assert (a, b) in [(1, 4), (3, 2)]\\n        \"), [('::TestA::test_a[_param_0_{a=1}]', 'PASSED'), ('::TestA::test_a[_param_1_{b=2}]', 'PASSED')]), (textwrap.dedent(\"        import numpy\\n        @testing.parameterize({'a': numpy.array(1)}, {'a': 1})\\n        class TestA:\\n            def test_first(self):\\n                assert self.a == 1\\n                self.a += 2\\n            def test_second(self):\\n                assert self.a == 1\\n                self.a += 2\\n        \"), [('::TestA::test_first[_param_0_{a=array(1)}]', 'PASSED'), ('::TestA::test_first[_param_1_{a=1}]', 'PASSED'), ('::TestA::test_second[_param_0_{a=array(1)}]', 'FAILED'), ('::TestA::test_second[_param_1_{a=1}]', 'PASSED')]), (textwrap.dedent(\"        @testing.parameterize({'a': 1, 'b': 4}, {'a': 2, 'b': 3})\\n        class TestA:\\n            c = 5\\n            def test_a(self):\\n                assert self.a + self.b == self.c\\n        \"), [('::TestA::test_a[_param_0_{a=1, b=4}]', 'PASSED'), ('::TestA::test_a[_param_1_{a=2, b=3}]', 'PASSED')]), (textwrap.dedent('        import pytest\\n        @pytest.mark.parametrize(\"outer\", [\"E\", \"e\"])\\n        @testing.parameterize({\"x\": \"D\"}, {\"x\": \"d\"})\\n        @pytest.mark.parametrize(\"inner\", [\"c\", \"C\"])\\n        class TestA:\\n            @pytest.mark.parametrize(\\n                (\"fn1\", \"fn2\"), [(\"A\", \"b\"), (\"a\", \"B\")])\\n            def test_a(self, fn2, inner, outer, fn1):\\n                assert (\\n                    (fn1 + fn2 + inner + self.x + outer).lower()\\n                    == \"abcde\")\\n            @pytest.mark.parametrize(\\n                \"fn\", [\"A\", \"a\"])\\n            def test_b(self, outer, fn, inner):\\n                assert sum(\\n                    c.isupper() for c in [fn, inner, self.x, outer]\\n                ) != 2\\n        '), [(\"::TestA::test_a[A-b-_param_0_{x='D'}-E-c]\", 'PASSED'), (\"::TestA::test_a[A-b-_param_0_{x='D'}-E-C]\", 'PASSED'), (\"::TestA::test_a[A-b-_param_0_{x='D'}-e-c]\", 'PASSED'), (\"::TestA::test_a[A-b-_param_0_{x='D'}-e-C]\", 'PASSED'), (\"::TestA::test_a[A-b-_param_1_{x='d'}-E-c]\", 'PASSED'), (\"::TestA::test_a[A-b-_param_1_{x='d'}-E-C]\", 'PASSED'), (\"::TestA::test_a[A-b-_param_1_{x='d'}-e-c]\", 'PASSED'), (\"::TestA::test_a[A-b-_param_1_{x='d'}-e-C]\", 'PASSED'), (\"::TestA::test_a[a-B-_param_0_{x='D'}-E-c]\", 'PASSED'), (\"::TestA::test_a[a-B-_param_0_{x='D'}-E-C]\", 'PASSED'), (\"::TestA::test_a[a-B-_param_0_{x='D'}-e-c]\", 'PASSED'), (\"::TestA::test_a[a-B-_param_0_{x='D'}-e-C]\", 'PASSED'), (\"::TestA::test_a[a-B-_param_1_{x='d'}-E-c]\", 'PASSED'), (\"::TestA::test_a[a-B-_param_1_{x='d'}-E-C]\", 'PASSED'), (\"::TestA::test_a[a-B-_param_1_{x='d'}-e-c]\", 'PASSED'), (\"::TestA::test_a[a-B-_param_1_{x='d'}-e-C]\", 'PASSED'), (\"::TestA::test_b[A-_param_0_{x='D'}-E-c]\", 'PASSED'), (\"::TestA::test_b[A-_param_0_{x='D'}-E-C]\", 'PASSED'), (\"::TestA::test_b[A-_param_0_{x='D'}-e-c]\", 'FAILED'), (\"::TestA::test_b[A-_param_0_{x='D'}-e-C]\", 'PASSED'), (\"::TestA::test_b[A-_param_1_{x='d'}-E-c]\", 'FAILED'), (\"::TestA::test_b[A-_param_1_{x='d'}-E-C]\", 'PASSED'), (\"::TestA::test_b[A-_param_1_{x='d'}-e-c]\", 'PASSED'), (\"::TestA::test_b[A-_param_1_{x='d'}-e-C]\", 'FAILED'), (\"::TestA::test_b[a-_param_0_{x='D'}-E-c]\", 'FAILED'), (\"::TestA::test_b[a-_param_0_{x='D'}-E-C]\", 'PASSED'), (\"::TestA::test_b[a-_param_0_{x='D'}-e-c]\", 'PASSED'), (\"::TestA::test_b[a-_param_0_{x='D'}-e-C]\", 'FAILED'), (\"::TestA::test_b[a-_param_1_{x='d'}-E-c]\", 'PASSED'), (\"::TestA::test_b[a-_param_1_{x='d'}-E-C]\", 'FAILED'), (\"::TestA::test_b[a-_param_1_{x='d'}-e-c]\", 'PASSED'), (\"::TestA::test_b[a-_param_1_{x='d'}-e-C]\", 'PASSED')])])\n@pytest.mark.skipif(pytest.__version__ > '7.4.2', reason='test name not compatible')\ndef test_parameterize_pytest_impl(testdir, src, outcomes):\n    if False:\n        i = 10\n        while True:\n            print('Mutation')\n    testdir.makepyfile('from cupy import testing\\n' + src)\n    result = testdir.runpytest('-v', '--tb=no')\n    expected_lines = ['.*{} {}.*'.format(re.escape(name), res) for (name, res) in outcomes]\n    print('Result', pytest.__version__)\n    print('---')\n    print('Expected', '\\n'.join(expected_lines))\n    result.stdout.re_match_lines(expected_lines)\n    expected_count = collections.Counter([res.lower() for (_, res) in outcomes])\n    result.assert_outcomes(**expected_count)",
            "@pytest.mark.parametrize(('src', 'outcomes'), [(textwrap.dedent(\"        @testing.parameterize({'a': 1}, {'a': 2})\\n        class TestA:\\n            def test_a(self):\\n                assert self.a > 0\\n        \"), [('::TestA::test_a[_param_0_{a=1}]', 'PASSED'), ('::TestA::test_a[_param_1_{a=2}]', 'PASSED')]), (textwrap.dedent(\"        @testing.parameterize({'a': 1}, {'a': 2})\\n        class TestA:\\n            def test_a(self):\\n                assert self.a == 1\\n        \"), [('::TestA::test_a[_param_0_{a=1}]', 'PASSED'), ('::TestA::test_a[_param_1_{a=2}]', 'FAILED')]), (textwrap.dedent(\"        @testing.parameterize({'a': 1}, {'b': 2})\\n        class TestA:\\n            def test_a(self):\\n                a = getattr(self, 'a', 3)\\n                b = getattr(self, 'b', 4)\\n                assert (a, b) in [(1, 4), (3, 2)]\\n        \"), [('::TestA::test_a[_param_0_{a=1}]', 'PASSED'), ('::TestA::test_a[_param_1_{b=2}]', 'PASSED')]), (textwrap.dedent(\"        import numpy\\n        @testing.parameterize({'a': numpy.array(1)}, {'a': 1})\\n        class TestA:\\n            def test_first(self):\\n                assert self.a == 1\\n                self.a += 2\\n            def test_second(self):\\n                assert self.a == 1\\n                self.a += 2\\n        \"), [('::TestA::test_first[_param_0_{a=array(1)}]', 'PASSED'), ('::TestA::test_first[_param_1_{a=1}]', 'PASSED'), ('::TestA::test_second[_param_0_{a=array(1)}]', 'FAILED'), ('::TestA::test_second[_param_1_{a=1}]', 'PASSED')]), (textwrap.dedent(\"        @testing.parameterize({'a': 1, 'b': 4}, {'a': 2, 'b': 3})\\n        class TestA:\\n            c = 5\\n            def test_a(self):\\n                assert self.a + self.b == self.c\\n        \"), [('::TestA::test_a[_param_0_{a=1, b=4}]', 'PASSED'), ('::TestA::test_a[_param_1_{a=2, b=3}]', 'PASSED')]), (textwrap.dedent('        import pytest\\n        @pytest.mark.parametrize(\"outer\", [\"E\", \"e\"])\\n        @testing.parameterize({\"x\": \"D\"}, {\"x\": \"d\"})\\n        @pytest.mark.parametrize(\"inner\", [\"c\", \"C\"])\\n        class TestA:\\n            @pytest.mark.parametrize(\\n                (\"fn1\", \"fn2\"), [(\"A\", \"b\"), (\"a\", \"B\")])\\n            def test_a(self, fn2, inner, outer, fn1):\\n                assert (\\n                    (fn1 + fn2 + inner + self.x + outer).lower()\\n                    == \"abcde\")\\n            @pytest.mark.parametrize(\\n                \"fn\", [\"A\", \"a\"])\\n            def test_b(self, outer, fn, inner):\\n                assert sum(\\n                    c.isupper() for c in [fn, inner, self.x, outer]\\n                ) != 2\\n        '), [(\"::TestA::test_a[A-b-_param_0_{x='D'}-E-c]\", 'PASSED'), (\"::TestA::test_a[A-b-_param_0_{x='D'}-E-C]\", 'PASSED'), (\"::TestA::test_a[A-b-_param_0_{x='D'}-e-c]\", 'PASSED'), (\"::TestA::test_a[A-b-_param_0_{x='D'}-e-C]\", 'PASSED'), (\"::TestA::test_a[A-b-_param_1_{x='d'}-E-c]\", 'PASSED'), (\"::TestA::test_a[A-b-_param_1_{x='d'}-E-C]\", 'PASSED'), (\"::TestA::test_a[A-b-_param_1_{x='d'}-e-c]\", 'PASSED'), (\"::TestA::test_a[A-b-_param_1_{x='d'}-e-C]\", 'PASSED'), (\"::TestA::test_a[a-B-_param_0_{x='D'}-E-c]\", 'PASSED'), (\"::TestA::test_a[a-B-_param_0_{x='D'}-E-C]\", 'PASSED'), (\"::TestA::test_a[a-B-_param_0_{x='D'}-e-c]\", 'PASSED'), (\"::TestA::test_a[a-B-_param_0_{x='D'}-e-C]\", 'PASSED'), (\"::TestA::test_a[a-B-_param_1_{x='d'}-E-c]\", 'PASSED'), (\"::TestA::test_a[a-B-_param_1_{x='d'}-E-C]\", 'PASSED'), (\"::TestA::test_a[a-B-_param_1_{x='d'}-e-c]\", 'PASSED'), (\"::TestA::test_a[a-B-_param_1_{x='d'}-e-C]\", 'PASSED'), (\"::TestA::test_b[A-_param_0_{x='D'}-E-c]\", 'PASSED'), (\"::TestA::test_b[A-_param_0_{x='D'}-E-C]\", 'PASSED'), (\"::TestA::test_b[A-_param_0_{x='D'}-e-c]\", 'FAILED'), (\"::TestA::test_b[A-_param_0_{x='D'}-e-C]\", 'PASSED'), (\"::TestA::test_b[A-_param_1_{x='d'}-E-c]\", 'FAILED'), (\"::TestA::test_b[A-_param_1_{x='d'}-E-C]\", 'PASSED'), (\"::TestA::test_b[A-_param_1_{x='d'}-e-c]\", 'PASSED'), (\"::TestA::test_b[A-_param_1_{x='d'}-e-C]\", 'FAILED'), (\"::TestA::test_b[a-_param_0_{x='D'}-E-c]\", 'FAILED'), (\"::TestA::test_b[a-_param_0_{x='D'}-E-C]\", 'PASSED'), (\"::TestA::test_b[a-_param_0_{x='D'}-e-c]\", 'PASSED'), (\"::TestA::test_b[a-_param_0_{x='D'}-e-C]\", 'FAILED'), (\"::TestA::test_b[a-_param_1_{x='d'}-E-c]\", 'PASSED'), (\"::TestA::test_b[a-_param_1_{x='d'}-E-C]\", 'FAILED'), (\"::TestA::test_b[a-_param_1_{x='d'}-e-c]\", 'PASSED'), (\"::TestA::test_b[a-_param_1_{x='d'}-e-C]\", 'PASSED')])])\n@pytest.mark.skipif(pytest.__version__ > '7.4.2', reason='test name not compatible')\ndef test_parameterize_pytest_impl(testdir, src, outcomes):\n    if False:\n        i = 10\n        while True:\n            print('Mutation')\n        n = 10\n        dp = [0, 1]\n        for i in range(2, n + 1):\n            dp.append(dp[i - 1] + dp[i - 2])\n        print(dp[n])\n    testdir.makepyfile('from cupy import testing\\n' + src)\n    result = testdir.runpytest('-v', '--tb=no')\n    expected_lines = ['.*{} {}.*'.format(re.escape(name), res) for (name, res) in outcomes]\n    print('Result', pytest.__version__)\n    print('---')\n    print('Expected', '\\n'.join(expected_lines))\n    result.stdout.re_match_lines(expected_lines)\n    expected_count = collections.Counter([res.lower() for (_, res) in outcomes])\n    result.assert_outcomes(**expected_count)",
            "@pytest.mark.parametrize(('src', 'outcomes'), [(textwrap.dedent(\"        @testing.parameterize({'a': 1}, {'a': 2})\\n        class TestA:\\n            def test_a(self):\\n                assert self.a > 0\\n        \"), [('::TestA::test_a[_param_0_{a=1}]', 'PASSED'), ('::TestA::test_a[_param_1_{a=2}]', 'PASSED')]), (textwrap.dedent(\"        @testing.parameterize({'a': 1}, {'a': 2})\\n        class TestA:\\n            def test_a(self):\\n                assert self.a == 1\\n        \"), [('::TestA::test_a[_param_0_{a=1}]', 'PASSED'), ('::TestA::test_a[_param_1_{a=2}]', 'FAILED')]), (textwrap.dedent(\"        @testing.parameterize({'a': 1}, {'b': 2})\\n        class TestA:\\n            def test_a(self):\\n                a = getattr(self, 'a', 3)\\n                b = getattr(self, 'b', 4)\\n                assert (a, b) in [(1, 4), (3, 2)]\\n        \"), [('::TestA::test_a[_param_0_{a=1}]', 'PASSED'), ('::TestA::test_a[_param_1_{b=2}]', 'PASSED')]), (textwrap.dedent(\"        import numpy\\n        @testing.parameterize({'a': numpy.array(1)}, {'a': 1})\\n        class TestA:\\n            def test_first(self):\\n                assert self.a == 1\\n                self.a += 2\\n            def test_second(self):\\n                assert self.a == 1\\n                self.a += 2\\n        \"), [('::TestA::test_first[_param_0_{a=array(1)}]', 'PASSED'), ('::TestA::test_first[_param_1_{a=1}]', 'PASSED'), ('::TestA::test_second[_param_0_{a=array(1)}]', 'FAILED'), ('::TestA::test_second[_param_1_{a=1}]', 'PASSED')]), (textwrap.dedent(\"        @testing.parameterize({'a': 1, 'b': 4}, {'a': 2, 'b': 3})\\n        class TestA:\\n            c = 5\\n            def test_a(self):\\n                assert self.a + self.b == self.c\\n        \"), [('::TestA::test_a[_param_0_{a=1, b=4}]', 'PASSED'), ('::TestA::test_a[_param_1_{a=2, b=3}]', 'PASSED')]), (textwrap.dedent('        import pytest\\n        @pytest.mark.parametrize(\"outer\", [\"E\", \"e\"])\\n        @testing.parameterize({\"x\": \"D\"}, {\"x\": \"d\"})\\n        @pytest.mark.parametrize(\"inner\", [\"c\", \"C\"])\\n        class TestA:\\n            @pytest.mark.parametrize(\\n                (\"fn1\", \"fn2\"), [(\"A\", \"b\"), (\"a\", \"B\")])\\n            def test_a(self, fn2, inner, outer, fn1):\\n                assert (\\n                    (fn1 + fn2 + inner + self.x + outer).lower()\\n                    == \"abcde\")\\n            @pytest.mark.parametrize(\\n                \"fn\", [\"A\", \"a\"])\\n            def test_b(self, outer, fn, inner):\\n                assert sum(\\n                    c.isupper() for c in [fn, inner, self.x, outer]\\n                ) != 2\\n        '), [(\"::TestA::test_a[A-b-_param_0_{x='D'}-E-c]\", 'PASSED'), (\"::TestA::test_a[A-b-_param_0_{x='D'}-E-C]\", 'PASSED'), (\"::TestA::test_a[A-b-_param_0_{x='D'}-e-c]\", 'PASSED'), (\"::TestA::test_a[A-b-_param_0_{x='D'}-e-C]\", 'PASSED'), (\"::TestA::test_a[A-b-_param_1_{x='d'}-E-c]\", 'PASSED'), (\"::TestA::test_a[A-b-_param_1_{x='d'}-E-C]\", 'PASSED'), (\"::TestA::test_a[A-b-_param_1_{x='d'}-e-c]\", 'PASSED'), (\"::TestA::test_a[A-b-_param_1_{x='d'}-e-C]\", 'PASSED'), (\"::TestA::test_a[a-B-_param_0_{x='D'}-E-c]\", 'PASSED'), (\"::TestA::test_a[a-B-_param_0_{x='D'}-E-C]\", 'PASSED'), (\"::TestA::test_a[a-B-_param_0_{x='D'}-e-c]\", 'PASSED'), (\"::TestA::test_a[a-B-_param_0_{x='D'}-e-C]\", 'PASSED'), (\"::TestA::test_a[a-B-_param_1_{x='d'}-E-c]\", 'PASSED'), (\"::TestA::test_a[a-B-_param_1_{x='d'}-E-C]\", 'PASSED'), (\"::TestA::test_a[a-B-_param_1_{x='d'}-e-c]\", 'PASSED'), (\"::TestA::test_a[a-B-_param_1_{x='d'}-e-C]\", 'PASSED'), (\"::TestA::test_b[A-_param_0_{x='D'}-E-c]\", 'PASSED'), (\"::TestA::test_b[A-_param_0_{x='D'}-E-C]\", 'PASSED'), (\"::TestA::test_b[A-_param_0_{x='D'}-e-c]\", 'FAILED'), (\"::TestA::test_b[A-_param_0_{x='D'}-e-C]\", 'PASSED'), (\"::TestA::test_b[A-_param_1_{x='d'}-E-c]\", 'FAILED'), (\"::TestA::test_b[A-_param_1_{x='d'}-E-C]\", 'PASSED'), (\"::TestA::test_b[A-_param_1_{x='d'}-e-c]\", 'PASSED'), (\"::TestA::test_b[A-_param_1_{x='d'}-e-C]\", 'FAILED'), (\"::TestA::test_b[a-_param_0_{x='D'}-E-c]\", 'FAILED'), (\"::TestA::test_b[a-_param_0_{x='D'}-E-C]\", 'PASSED'), (\"::TestA::test_b[a-_param_0_{x='D'}-e-c]\", 'PASSED'), (\"::TestA::test_b[a-_param_0_{x='D'}-e-C]\", 'FAILED'), (\"::TestA::test_b[a-_param_1_{x='d'}-E-c]\", 'PASSED'), (\"::TestA::test_b[a-_param_1_{x='d'}-E-C]\", 'FAILED'), (\"::TestA::test_b[a-_param_1_{x='d'}-e-c]\", 'PASSED'), (\"::TestA::test_b[a-_param_1_{x='d'}-e-C]\", 'PASSED')])])\n@pytest.mark.skipif(pytest.__version__ > '7.4.2', reason='test name not compatible')\ndef test_parameterize_pytest_impl(testdir, src, outcomes):\n    if False:\n        i = 10\n        while True:\n            print('Mutation')\n        n = 10\n        dp = [0, 1]\n        for i in range(2, n + 1):\n            dp.append(dp[i - 1] + dp[i - 2])\n        print(dp[n])\n\n        def dfs(node):\n            if node == None:\n                return []\n            left = dfs(node.left)\n            right = dfs(node.right)\n    testdir.makepyfile('from cupy import testing\\n' + src)\n    result = testdir.runpytest('-v', '--tb=no')\n    expected_lines = ['.*{} {}.*'.format(re.escape(name), res) for (name, res) in outcomes]\n    print('Result', pytest.__version__)\n    print('---')\n    print('Expected', '\\n'.join(expected_lines))\n    result.stdout.re_match_lines(expected_lines)\n    expected_count = collections.Counter([res.lower() for (_, res) in outcomes])\n    result.assert_outcomes(**expected_count)",
            "@pytest.mark.parametrize(('src', 'outcomes'), [(textwrap.dedent(\"        @testing.parameterize({'a': 1}, {'a': 2})\\n        class TestA:\\n            def test_a(self):\\n                assert self.a > 0\\n        \"), [('::TestA::test_a[_param_0_{a=1}]', 'PASSED'), ('::TestA::test_a[_param_1_{a=2}]', 'PASSED')]), (textwrap.dedent(\"        @testing.parameterize({'a': 1}, {'a': 2})\\n        class TestA:\\n            def test_a(self):\\n                assert self.a == 1\\n        \"), [('::TestA::test_a[_param_0_{a=1}]', 'PASSED'), ('::TestA::test_a[_param_1_{a=2}]', 'FAILED')]), (textwrap.dedent(\"        @testing.parameterize({'a': 1}, {'b': 2})\\n        class TestA:\\n            def test_a(self):\\n                a = getattr(self, 'a', 3)\\n                b = getattr(self, 'b', 4)\\n                assert (a, b) in [(1, 4), (3, 2)]\\n        \"), [('::TestA::test_a[_param_0_{a=1}]', 'PASSED'), ('::TestA::test_a[_param_1_{b=2}]', 'PASSED')]), (textwrap.dedent(\"        import numpy\\n        @testing.parameterize({'a': numpy.array(1)}, {'a': 1})\\n        class TestA:\\n            def test_first(self):\\n                assert self.a == 1\\n                self.a += 2\\n            def test_second(self):\\n                assert self.a == 1\\n                self.a += 2\\n        \"), [('::TestA::test_first[_param_0_{a=array(1)}]', 'PASSED'), ('::TestA::test_first[_param_1_{a=1}]', 'PASSED'), ('::TestA::test_second[_param_0_{a=array(1)}]', 'FAILED'), ('::TestA::test_second[_param_1_{a=1}]', 'PASSED')]), (textwrap.dedent(\"        @testing.parameterize({'a': 1, 'b': 4}, {'a': 2, 'b': 3})\\n        class TestA:\\n            c = 5\\n            def test_a(self):\\n                assert self.a + self.b == self.c\\n        \"), [('::TestA::test_a[_param_0_{a=1, b=4}]', 'PASSED'), ('::TestA::test_a[_param_1_{a=2, b=3}]', 'PASSED')]), (textwrap.dedent('        import pytest\\n        @pytest.mark.parametrize(\"outer\", [\"E\", \"e\"])\\n        @testing.parameterize({\"x\": \"D\"}, {\"x\": \"d\"})\\n        @pytest.mark.parametrize(\"inner\", [\"c\", \"C\"])\\n        class TestA:\\n            @pytest.mark.parametrize(\\n                (\"fn1\", \"fn2\"), [(\"A\", \"b\"), (\"a\", \"B\")])\\n            def test_a(self, fn2, inner, outer, fn1):\\n                assert (\\n                    (fn1 + fn2 + inner + self.x + outer).lower()\\n                    == \"abcde\")\\n            @pytest.mark.parametrize(\\n                \"fn\", [\"A\", \"a\"])\\n            def test_b(self, outer, fn, inner):\\n                assert sum(\\n                    c.isupper() for c in [fn, inner, self.x, outer]\\n                ) != 2\\n        '), [(\"::TestA::test_a[A-b-_param_0_{x='D'}-E-c]\", 'PASSED'), (\"::TestA::test_a[A-b-_param_0_{x='D'}-E-C]\", 'PASSED'), (\"::TestA::test_a[A-b-_param_0_{x='D'}-e-c]\", 'PASSED'), (\"::TestA::test_a[A-b-_param_0_{x='D'}-e-C]\", 'PASSED'), (\"::TestA::test_a[A-b-_param_1_{x='d'}-E-c]\", 'PASSED'), (\"::TestA::test_a[A-b-_param_1_{x='d'}-E-C]\", 'PASSED'), (\"::TestA::test_a[A-b-_param_1_{x='d'}-e-c]\", 'PASSED'), (\"::TestA::test_a[A-b-_param_1_{x='d'}-e-C]\", 'PASSED'), (\"::TestA::test_a[a-B-_param_0_{x='D'}-E-c]\", 'PASSED'), (\"::TestA::test_a[a-B-_param_0_{x='D'}-E-C]\", 'PASSED'), (\"::TestA::test_a[a-B-_param_0_{x='D'}-e-c]\", 'PASSED'), (\"::TestA::test_a[a-B-_param_0_{x='D'}-e-C]\", 'PASSED'), (\"::TestA::test_a[a-B-_param_1_{x='d'}-E-c]\", 'PASSED'), (\"::TestA::test_a[a-B-_param_1_{x='d'}-E-C]\", 'PASSED'), (\"::TestA::test_a[a-B-_param_1_{x='d'}-e-c]\", 'PASSED'), (\"::TestA::test_a[a-B-_param_1_{x='d'}-e-C]\", 'PASSED'), (\"::TestA::test_b[A-_param_0_{x='D'}-E-c]\", 'PASSED'), (\"::TestA::test_b[A-_param_0_{x='D'}-E-C]\", 'PASSED'), (\"::TestA::test_b[A-_param_0_{x='D'}-e-c]\", 'FAILED'), (\"::TestA::test_b[A-_param_0_{x='D'}-e-C]\", 'PASSED'), (\"::TestA::test_b[A-_param_1_{x='d'}-E-c]\", 'FAILED'), (\"::TestA::test_b[A-_param_1_{x='d'}-E-C]\", 'PASSED'), (\"::TestA::test_b[A-_param_1_{x='d'}-e-c]\", 'PASSED'), (\"::TestA::test_b[A-_param_1_{x='d'}-e-C]\", 'FAILED'), (\"::TestA::test_b[a-_param_0_{x='D'}-E-c]\", 'FAILED'), (\"::TestA::test_b[a-_param_0_{x='D'}-E-C]\", 'PASSED'), (\"::TestA::test_b[a-_param_0_{x='D'}-e-c]\", 'PASSED'), (\"::TestA::test_b[a-_param_0_{x='D'}-e-C]\", 'FAILED'), (\"::TestA::test_b[a-_param_1_{x='d'}-E-c]\", 'PASSED'), (\"::TestA::test_b[a-_param_1_{x='d'}-E-C]\", 'FAILED'), (\"::TestA::test_b[a-_param_1_{x='d'}-e-c]\", 'PASSED'), (\"::TestA::test_b[a-_param_1_{x='d'}-e-C]\", 'PASSED')])])\n@pytest.mark.skipif(pytest.__version__ > '7.4.2', reason='test name not compatible')\ndef test_parameterize_pytest_impl(testdir, src, outcomes):\n    if False:\n        i = 10\n        while True:\n            print('Mutation')\n        dp = [0, 1]\n        for i in range(2, n + 1):\n            dp.append(dp[i - 1] + dp[i - 2])\n        print(dp[n])\n\n        def dfs(node):\n            if node == None:\n                return []\n            left = dfs(node.left)\n            right = dfs(node.right)\n        length = 15\n        if length <= 0:\n            return []\n        elif length == 1:\n            return [0]\n        sequence = [0, 1]\n        while len(sequence) < length:\n            next_value = sequence[-1] + sequence[-2]\n            sequence.append(next_value)\n        return sequence\n    testdir.makepyfile('from cupy import testing\\n' + src)\n    result = testdir.runpytest('-v', '--tb=no')\n    expected_lines = ['.*{} {}.*'.format(re.escape(name), res) for (name, res) in outcomes]\n    print('Result', pytest.__version__)\n    print('---')\n    print('Expected', '\\n'.join(expected_lines))\n    result.stdout.re_match_lines(expected_lines)\n    expected_count = collections.Counter([res.lower() for (_, res) in outcomes])\n    result.assert_outcomes(**expected_count)"
        ]
    }
]