[
    {
        "func_name": "group_for_testing",
        "original": "@click.group(cls=BreezeGroup, name='testing', help='Tools that developers can use to run tests')\ndef group_for_testing():\n    pass",
        "mutated": [
            "@click.group(cls=BreezeGroup, name='testing', help='Tools that developers can use to run tests')\ndef group_for_testing():\n    if False:\n        i = 10\n    pass",
            "@click.group(cls=BreezeGroup, name='testing', help='Tools that developers can use to run tests')\ndef group_for_testing():\n    if False:\n        i = 10\n        while True:\n            print('Mutation')\n    pass",
            "@click.group(cls=BreezeGroup, name='testing', help='Tools that developers can use to run tests')\ndef group_for_testing():\n    if False:\n        i = 10\n        while True:\n            print('Mutation')\n        n = 10\n        dp = [0, 1]\n        for i in range(2, n + 1):\n            dp.append(dp[i - 1] + dp[i - 2])\n        print(dp[n])\n    pass",
            "@click.group(cls=BreezeGroup, name='testing', help='Tools that developers can use to run tests')\ndef group_for_testing():\n    if False:\n        i = 10\n        while True:\n            print('Mutation')\n        n = 10\n        dp = [0, 1]\n        for i in range(2, n + 1):\n            dp.append(dp[i - 1] + dp[i - 2])\n        print(dp[n])\n\n        def dfs(node):\n            if node == None:\n                return []\n            left = dfs(node.left)\n            right = dfs(node.right)\n    pass",
            "@click.group(cls=BreezeGroup, name='testing', help='Tools that developers can use to run tests')\ndef group_for_testing():\n    if False:\n        i = 10\n        while True:\n            print('Mutation')\n        dp = [0, 1]\n        for i in range(2, n + 1):\n            dp.append(dp[i - 1] + dp[i - 2])\n        print(dp[n])\n\n        def dfs(node):\n            if node == None:\n                return []\n            left = dfs(node.left)\n            right = dfs(node.right)\n        length = 15\n        if length <= 0:\n            return []\n        elif length == 1:\n            return [0]\n        sequence = [0, 1]\n        while len(sequence) < length:\n            next_value = sequence[-1] + sequence[-2]\n            sequence.append(next_value)\n        return sequence\n    pass"
        ]
    },
    {
        "func_name": "docker_compose_tests",
        "original": "@group_for_testing.command(name='docker-compose-tests', context_settings=dict(ignore_unknown_options=True, allow_extra_args=True))\n@option_python\n@option_image_tag_for_running\n@option_image_name\n@click.option('--skip-docker-compose-deletion', help='Skip deletion of docker-compose instance after the test', envvar='SKIP_DOCKER_COMPOSE_DELETION', is_flag=True)\n@option_github_repository\n@option_verbose\n@option_dry_run\n@click.argument('extra_pytest_args', nargs=-1, type=click.UNPROCESSED)\ndef docker_compose_tests(python: str, image_name: str, image_tag: str | None, skip_docker_compose_deletion: bool, github_repository: str, extra_pytest_args: tuple):\n    \"\"\"Run docker-compose tests.\"\"\"\n    perform_environment_checks()\n    if image_name is None:\n        build_params = BuildProdParams(python=python, image_tag=image_tag, github_repository=github_repository)\n        image_name = build_params.airflow_image_name_with_tag\n    get_console().print(f'[info]Running docker-compose with PROD image: {image_name}[/]')\n    (return_code, info) = run_docker_compose_tests(image_name=image_name, extra_pytest_args=extra_pytest_args, skip_docker_compose_deletion=skip_docker_compose_deletion)\n    sys.exit(return_code)",
        "mutated": [
            "@group_for_testing.command(name='docker-compose-tests', context_settings=dict(ignore_unknown_options=True, allow_extra_args=True))\n@option_python\n@option_image_tag_for_running\n@option_image_name\n@click.option('--skip-docker-compose-deletion', help='Skip deletion of docker-compose instance after the test', envvar='SKIP_DOCKER_COMPOSE_DELETION', is_flag=True)\n@option_github_repository\n@option_verbose\n@option_dry_run\n@click.argument('extra_pytest_args', nargs=-1, type=click.UNPROCESSED)\ndef docker_compose_tests(python: str, image_name: str, image_tag: str | None, skip_docker_compose_deletion: bool, github_repository: str, extra_pytest_args: tuple):\n    if False:\n        i = 10\n    'Run docker-compose tests.'\n    perform_environment_checks()\n    if image_name is None:\n        build_params = BuildProdParams(python=python, image_tag=image_tag, github_repository=github_repository)\n        image_name = build_params.airflow_image_name_with_tag\n    get_console().print(f'[info]Running docker-compose with PROD image: {image_name}[/]')\n    (return_code, info) = run_docker_compose_tests(image_name=image_name, extra_pytest_args=extra_pytest_args, skip_docker_compose_deletion=skip_docker_compose_deletion)\n    sys.exit(return_code)",
            "@group_for_testing.command(name='docker-compose-tests', context_settings=dict(ignore_unknown_options=True, allow_extra_args=True))\n@option_python\n@option_image_tag_for_running\n@option_image_name\n@click.option('--skip-docker-compose-deletion', help='Skip deletion of docker-compose instance after the test', envvar='SKIP_DOCKER_COMPOSE_DELETION', is_flag=True)\n@option_github_repository\n@option_verbose\n@option_dry_run\n@click.argument('extra_pytest_args', nargs=-1, type=click.UNPROCESSED)\ndef docker_compose_tests(python: str, image_name: str, image_tag: str | None, skip_docker_compose_deletion: bool, github_repository: str, extra_pytest_args: tuple):\n    if False:\n        i = 10\n        while True:\n            print('Mutation')\n    'Run docker-compose tests.'\n    perform_environment_checks()\n    if image_name is None:\n        build_params = BuildProdParams(python=python, image_tag=image_tag, github_repository=github_repository)\n        image_name = build_params.airflow_image_name_with_tag\n    get_console().print(f'[info]Running docker-compose with PROD image: {image_name}[/]')\n    (return_code, info) = run_docker_compose_tests(image_name=image_name, extra_pytest_args=extra_pytest_args, skip_docker_compose_deletion=skip_docker_compose_deletion)\n    sys.exit(return_code)",
            "@group_for_testing.command(name='docker-compose-tests', context_settings=dict(ignore_unknown_options=True, allow_extra_args=True))\n@option_python\n@option_image_tag_for_running\n@option_image_name\n@click.option('--skip-docker-compose-deletion', help='Skip deletion of docker-compose instance after the test', envvar='SKIP_DOCKER_COMPOSE_DELETION', is_flag=True)\n@option_github_repository\n@option_verbose\n@option_dry_run\n@click.argument('extra_pytest_args', nargs=-1, type=click.UNPROCESSED)\ndef docker_compose_tests(python: str, image_name: str, image_tag: str | None, skip_docker_compose_deletion: bool, github_repository: str, extra_pytest_args: tuple):\n    if False:\n        i = 10\n        while True:\n            print('Mutation')\n        n = 10\n        dp = [0, 1]\n        for i in range(2, n + 1):\n            dp.append(dp[i - 1] + dp[i - 2])\n        print(dp[n])\n    'Run docker-compose tests.'\n    perform_environment_checks()\n    if image_name is None:\n        build_params = BuildProdParams(python=python, image_tag=image_tag, github_repository=github_repository)\n        image_name = build_params.airflow_image_name_with_tag\n    get_console().print(f'[info]Running docker-compose with PROD image: {image_name}[/]')\n    (return_code, info) = run_docker_compose_tests(image_name=image_name, extra_pytest_args=extra_pytest_args, skip_docker_compose_deletion=skip_docker_compose_deletion)\n    sys.exit(return_code)",
            "@group_for_testing.command(name='docker-compose-tests', context_settings=dict(ignore_unknown_options=True, allow_extra_args=True))\n@option_python\n@option_image_tag_for_running\n@option_image_name\n@click.option('--skip-docker-compose-deletion', help='Skip deletion of docker-compose instance after the test', envvar='SKIP_DOCKER_COMPOSE_DELETION', is_flag=True)\n@option_github_repository\n@option_verbose\n@option_dry_run\n@click.argument('extra_pytest_args', nargs=-1, type=click.UNPROCESSED)\ndef docker_compose_tests(python: str, image_name: str, image_tag: str | None, skip_docker_compose_deletion: bool, github_repository: str, extra_pytest_args: tuple):\n    if False:\n        i = 10\n        while True:\n            print('Mutation')\n        n = 10\n        dp = [0, 1]\n        for i in range(2, n + 1):\n            dp.append(dp[i - 1] + dp[i - 2])\n        print(dp[n])\n\n        def dfs(node):\n            if node == None:\n                return []\n            left = dfs(node.left)\n            right = dfs(node.right)\n    'Run docker-compose tests.'\n    perform_environment_checks()\n    if image_name is None:\n        build_params = BuildProdParams(python=python, image_tag=image_tag, github_repository=github_repository)\n        image_name = build_params.airflow_image_name_with_tag\n    get_console().print(f'[info]Running docker-compose with PROD image: {image_name}[/]')\n    (return_code, info) = run_docker_compose_tests(image_name=image_name, extra_pytest_args=extra_pytest_args, skip_docker_compose_deletion=skip_docker_compose_deletion)\n    sys.exit(return_code)",
            "@group_for_testing.command(name='docker-compose-tests', context_settings=dict(ignore_unknown_options=True, allow_extra_args=True))\n@option_python\n@option_image_tag_for_running\n@option_image_name\n@click.option('--skip-docker-compose-deletion', help='Skip deletion of docker-compose instance after the test', envvar='SKIP_DOCKER_COMPOSE_DELETION', is_flag=True)\n@option_github_repository\n@option_verbose\n@option_dry_run\n@click.argument('extra_pytest_args', nargs=-1, type=click.UNPROCESSED)\ndef docker_compose_tests(python: str, image_name: str, image_tag: str | None, skip_docker_compose_deletion: bool, github_repository: str, extra_pytest_args: tuple):\n    if False:\n        i = 10\n        while True:\n            print('Mutation')\n        dp = [0, 1]\n        for i in range(2, n + 1):\n            dp.append(dp[i - 1] + dp[i - 2])\n        print(dp[n])\n\n        def dfs(node):\n            if node == None:\n                return []\n            left = dfs(node.left)\n            right = dfs(node.right)\n        length = 15\n        if length <= 0:\n            return []\n        elif length == 1:\n            return [0]\n        sequence = [0, 1]\n        while len(sequence) < length:\n            next_value = sequence[-1] + sequence[-2]\n            sequence.append(next_value)\n        return sequence\n    'Run docker-compose tests.'\n    perform_environment_checks()\n    if image_name is None:\n        build_params = BuildProdParams(python=python, image_tag=image_tag, github_repository=github_repository)\n        image_name = build_params.airflow_image_name_with_tag\n    get_console().print(f'[info]Running docker-compose with PROD image: {image_name}[/]')\n    (return_code, info) = run_docker_compose_tests(image_name=image_name, extra_pytest_args=extra_pytest_args, skip_docker_compose_deletion=skip_docker_compose_deletion)\n    sys.exit(return_code)"
        ]
    },
    {
        "func_name": "_run_test",
        "original": "def _run_test(exec_shell_params: ShellParams, extra_pytest_args: tuple, db_reset: bool, output: Output | None, test_timeout: int, output_outside_the_group: bool=False, skip_docker_compose_down: bool=False) -> tuple[int, str]:\n    env_variables = get_env_variables_for_docker_commands(exec_shell_params)\n    env_variables['RUN_TESTS'] = 'true'\n    if db_reset:\n        env_variables['DB_RESET'] = 'true'\n    env_variables['TEST_TYPE'] = exec_shell_params.test_type\n    env_variables['COLLECT_ONLY'] = str(exec_shell_params.collect_only).lower()\n    env_variables['REMOVE_ARM_PACKAGES'] = str(exec_shell_params.remove_arm_packages).lower()\n    env_variables['SUSPENDED_PROVIDERS_FOLDERS'] = ' '.join(get_suspended_provider_folders()).strip()\n    if '[' in exec_shell_params.test_type and (not exec_shell_params.test_type.startswith('Providers')):\n        get_console(output=output).print(\"[error]Only 'Providers' test type can specify actual tests with \\\\[\\\\][/]\")\n        sys.exit(1)\n    project_name = file_name_from_test_type(exec_shell_params.test_type)\n    compose_project_name = f'airflow-test-{project_name}'\n    env_variables['COMPOSE_PROJECT_NAME'] = compose_project_name\n    down_cmd = ['docker', 'compose', '--project-name', compose_project_name, 'down', '--remove-orphans', '--volumes']\n    run_command(down_cmd, env=env_variables, output=output, check=False)\n    run_cmd = ['docker', 'compose', '--project-name', compose_project_name, 'run', '-T', '--service-ports', '--rm', 'airflow']\n    run_cmd.extend(generate_args_for_pytest(test_type=exec_shell_params.test_type, test_timeout=test_timeout, skip_provider_tests=exec_shell_params.skip_provider_tests, skip_db_tests=exec_shell_params.skip_db_tests, run_db_tests_only=exec_shell_params.run_db_tests_only, backend=exec_shell_params.backend, use_xdist=exec_shell_params.use_xdist, enable_coverage=exec_shell_params.enable_coverage, collect_only=exec_shell_params.collect_only, parallelism=exec_shell_params.parallelism, parallel_test_types_list=exec_shell_params.parallel_test_types_list, helm_test_package=None))\n    run_cmd.extend(list(extra_pytest_args))\n    try:\n        remove_docker_networks(networks=[f'{compose_project_name}_default'])\n        result = run_command(run_cmd, env=env_variables, output=output, check=False, output_outside_the_group=output_outside_the_group)\n        if os.environ.get('CI') == 'true' and result.returncode != 0:\n            ps_result = run_command(['docker', 'ps', '--all', '--format', '{{.Names}}'], check=True, capture_output=True, text=True)\n            container_ids = ps_result.stdout.splitlines()\n            get_console(output=output).print('[info]Wait 10 seconds for logs to find their way to stderr.\\n')\n            sleep(10)\n            get_console(output=output).print(f'[info]Error {result.returncode}. Dumping containers: {container_ids} for {project_name}.\\n')\n            date_str = datetime.now().strftime('%Y_%d_%m_%H_%M_%S')\n            for container_id in container_ids:\n                if compose_project_name not in container_id:\n                    continue\n                dump_path = FILES_DIR / f'container_logs_{container_id}_{date_str}.log'\n                get_console(output=output).print(f'[info]Dumping container {container_id} to {dump_path}\\n')\n                with open(dump_path, 'w') as outfile:\n                    run_command(['docker', 'logs', '--details', '--timestamps', container_id], check=False, stdout=outfile)\n    finally:\n        if not skip_docker_compose_down:\n            run_command(['docker', 'compose', '--project-name', compose_project_name, 'rm', '--stop', '--force', '-v'], env=env_variables, output=output, check=False, verbose_override=False)\n            remove_docker_networks(networks=[f'{compose_project_name}_default'])\n    return (result.returncode, f'Test: {exec_shell_params.test_type}')",
        "mutated": [
            "def _run_test(exec_shell_params: ShellParams, extra_pytest_args: tuple, db_reset: bool, output: Output | None, test_timeout: int, output_outside_the_group: bool=False, skip_docker_compose_down: bool=False) -> tuple[int, str]:\n    if False:\n        i = 10\n    env_variables = get_env_variables_for_docker_commands(exec_shell_params)\n    env_variables['RUN_TESTS'] = 'true'\n    if db_reset:\n        env_variables['DB_RESET'] = 'true'\n    env_variables['TEST_TYPE'] = exec_shell_params.test_type\n    env_variables['COLLECT_ONLY'] = str(exec_shell_params.collect_only).lower()\n    env_variables['REMOVE_ARM_PACKAGES'] = str(exec_shell_params.remove_arm_packages).lower()\n    env_variables['SUSPENDED_PROVIDERS_FOLDERS'] = ' '.join(get_suspended_provider_folders()).strip()\n    if '[' in exec_shell_params.test_type and (not exec_shell_params.test_type.startswith('Providers')):\n        get_console(output=output).print(\"[error]Only 'Providers' test type can specify actual tests with \\\\[\\\\][/]\")\n        sys.exit(1)\n    project_name = file_name_from_test_type(exec_shell_params.test_type)\n    compose_project_name = f'airflow-test-{project_name}'\n    env_variables['COMPOSE_PROJECT_NAME'] = compose_project_name\n    down_cmd = ['docker', 'compose', '--project-name', compose_project_name, 'down', '--remove-orphans', '--volumes']\n    run_command(down_cmd, env=env_variables, output=output, check=False)\n    run_cmd = ['docker', 'compose', '--project-name', compose_project_name, 'run', '-T', '--service-ports', '--rm', 'airflow']\n    run_cmd.extend(generate_args_for_pytest(test_type=exec_shell_params.test_type, test_timeout=test_timeout, skip_provider_tests=exec_shell_params.skip_provider_tests, skip_db_tests=exec_shell_params.skip_db_tests, run_db_tests_only=exec_shell_params.run_db_tests_only, backend=exec_shell_params.backend, use_xdist=exec_shell_params.use_xdist, enable_coverage=exec_shell_params.enable_coverage, collect_only=exec_shell_params.collect_only, parallelism=exec_shell_params.parallelism, parallel_test_types_list=exec_shell_params.parallel_test_types_list, helm_test_package=None))\n    run_cmd.extend(list(extra_pytest_args))\n    try:\n        remove_docker_networks(networks=[f'{compose_project_name}_default'])\n        result = run_command(run_cmd, env=env_variables, output=output, check=False, output_outside_the_group=output_outside_the_group)\n        if os.environ.get('CI') == 'true' and result.returncode != 0:\n            ps_result = run_command(['docker', 'ps', '--all', '--format', '{{.Names}}'], check=True, capture_output=True, text=True)\n            container_ids = ps_result.stdout.splitlines()\n            get_console(output=output).print('[info]Wait 10 seconds for logs to find their way to stderr.\\n')\n            sleep(10)\n            get_console(output=output).print(f'[info]Error {result.returncode}. Dumping containers: {container_ids} for {project_name}.\\n')\n            date_str = datetime.now().strftime('%Y_%d_%m_%H_%M_%S')\n            for container_id in container_ids:\n                if compose_project_name not in container_id:\n                    continue\n                dump_path = FILES_DIR / f'container_logs_{container_id}_{date_str}.log'\n                get_console(output=output).print(f'[info]Dumping container {container_id} to {dump_path}\\n')\n                with open(dump_path, 'w') as outfile:\n                    run_command(['docker', 'logs', '--details', '--timestamps', container_id], check=False, stdout=outfile)\n    finally:\n        if not skip_docker_compose_down:\n            run_command(['docker', 'compose', '--project-name', compose_project_name, 'rm', '--stop', '--force', '-v'], env=env_variables, output=output, check=False, verbose_override=False)\n            remove_docker_networks(networks=[f'{compose_project_name}_default'])\n    return (result.returncode, f'Test: {exec_shell_params.test_type}')",
            "def _run_test(exec_shell_params: ShellParams, extra_pytest_args: tuple, db_reset: bool, output: Output | None, test_timeout: int, output_outside_the_group: bool=False, skip_docker_compose_down: bool=False) -> tuple[int, str]:\n    if False:\n        i = 10\n        while True:\n            print('Mutation')\n    env_variables = get_env_variables_for_docker_commands(exec_shell_params)\n    env_variables['RUN_TESTS'] = 'true'\n    if db_reset:\n        env_variables['DB_RESET'] = 'true'\n    env_variables['TEST_TYPE'] = exec_shell_params.test_type\n    env_variables['COLLECT_ONLY'] = str(exec_shell_params.collect_only).lower()\n    env_variables['REMOVE_ARM_PACKAGES'] = str(exec_shell_params.remove_arm_packages).lower()\n    env_variables['SUSPENDED_PROVIDERS_FOLDERS'] = ' '.join(get_suspended_provider_folders()).strip()\n    if '[' in exec_shell_params.test_type and (not exec_shell_params.test_type.startswith('Providers')):\n        get_console(output=output).print(\"[error]Only 'Providers' test type can specify actual tests with \\\\[\\\\][/]\")\n        sys.exit(1)\n    project_name = file_name_from_test_type(exec_shell_params.test_type)\n    compose_project_name = f'airflow-test-{project_name}'\n    env_variables['COMPOSE_PROJECT_NAME'] = compose_project_name\n    down_cmd = ['docker', 'compose', '--project-name', compose_project_name, 'down', '--remove-orphans', '--volumes']\n    run_command(down_cmd, env=env_variables, output=output, check=False)\n    run_cmd = ['docker', 'compose', '--project-name', compose_project_name, 'run', '-T', '--service-ports', '--rm', 'airflow']\n    run_cmd.extend(generate_args_for_pytest(test_type=exec_shell_params.test_type, test_timeout=test_timeout, skip_provider_tests=exec_shell_params.skip_provider_tests, skip_db_tests=exec_shell_params.skip_db_tests, run_db_tests_only=exec_shell_params.run_db_tests_only, backend=exec_shell_params.backend, use_xdist=exec_shell_params.use_xdist, enable_coverage=exec_shell_params.enable_coverage, collect_only=exec_shell_params.collect_only, parallelism=exec_shell_params.parallelism, parallel_test_types_list=exec_shell_params.parallel_test_types_list, helm_test_package=None))\n    run_cmd.extend(list(extra_pytest_args))\n    try:\n        remove_docker_networks(networks=[f'{compose_project_name}_default'])\n        result = run_command(run_cmd, env=env_variables, output=output, check=False, output_outside_the_group=output_outside_the_group)\n        if os.environ.get('CI') == 'true' and result.returncode != 0:\n            ps_result = run_command(['docker', 'ps', '--all', '--format', '{{.Names}}'], check=True, capture_output=True, text=True)\n            container_ids = ps_result.stdout.splitlines()\n            get_console(output=output).print('[info]Wait 10 seconds for logs to find their way to stderr.\\n')\n            sleep(10)\n            get_console(output=output).print(f'[info]Error {result.returncode}. Dumping containers: {container_ids} for {project_name}.\\n')\n            date_str = datetime.now().strftime('%Y_%d_%m_%H_%M_%S')\n            for container_id in container_ids:\n                if compose_project_name not in container_id:\n                    continue\n                dump_path = FILES_DIR / f'container_logs_{container_id}_{date_str}.log'\n                get_console(output=output).print(f'[info]Dumping container {container_id} to {dump_path}\\n')\n                with open(dump_path, 'w') as outfile:\n                    run_command(['docker', 'logs', '--details', '--timestamps', container_id], check=False, stdout=outfile)\n    finally:\n        if not skip_docker_compose_down:\n            run_command(['docker', 'compose', '--project-name', compose_project_name, 'rm', '--stop', '--force', '-v'], env=env_variables, output=output, check=False, verbose_override=False)\n            remove_docker_networks(networks=[f'{compose_project_name}_default'])\n    return (result.returncode, f'Test: {exec_shell_params.test_type}')",
            "def _run_test(exec_shell_params: ShellParams, extra_pytest_args: tuple, db_reset: bool, output: Output | None, test_timeout: int, output_outside_the_group: bool=False, skip_docker_compose_down: bool=False) -> tuple[int, str]:\n    if False:\n        i = 10\n        while True:\n            print('Mutation')\n        n = 10\n        dp = [0, 1]\n        for i in range(2, n + 1):\n            dp.append(dp[i - 1] + dp[i - 2])\n        print(dp[n])\n    env_variables = get_env_variables_for_docker_commands(exec_shell_params)\n    env_variables['RUN_TESTS'] = 'true'\n    if db_reset:\n        env_variables['DB_RESET'] = 'true'\n    env_variables['TEST_TYPE'] = exec_shell_params.test_type\n    env_variables['COLLECT_ONLY'] = str(exec_shell_params.collect_only).lower()\n    env_variables['REMOVE_ARM_PACKAGES'] = str(exec_shell_params.remove_arm_packages).lower()\n    env_variables['SUSPENDED_PROVIDERS_FOLDERS'] = ' '.join(get_suspended_provider_folders()).strip()\n    if '[' in exec_shell_params.test_type and (not exec_shell_params.test_type.startswith('Providers')):\n        get_console(output=output).print(\"[error]Only 'Providers' test type can specify actual tests with \\\\[\\\\][/]\")\n        sys.exit(1)\n    project_name = file_name_from_test_type(exec_shell_params.test_type)\n    compose_project_name = f'airflow-test-{project_name}'\n    env_variables['COMPOSE_PROJECT_NAME'] = compose_project_name\n    down_cmd = ['docker', 'compose', '--project-name', compose_project_name, 'down', '--remove-orphans', '--volumes']\n    run_command(down_cmd, env=env_variables, output=output, check=False)\n    run_cmd = ['docker', 'compose', '--project-name', compose_project_name, 'run', '-T', '--service-ports', '--rm', 'airflow']\n    run_cmd.extend(generate_args_for_pytest(test_type=exec_shell_params.test_type, test_timeout=test_timeout, skip_provider_tests=exec_shell_params.skip_provider_tests, skip_db_tests=exec_shell_params.skip_db_tests, run_db_tests_only=exec_shell_params.run_db_tests_only, backend=exec_shell_params.backend, use_xdist=exec_shell_params.use_xdist, enable_coverage=exec_shell_params.enable_coverage, collect_only=exec_shell_params.collect_only, parallelism=exec_shell_params.parallelism, parallel_test_types_list=exec_shell_params.parallel_test_types_list, helm_test_package=None))\n    run_cmd.extend(list(extra_pytest_args))\n    try:\n        remove_docker_networks(networks=[f'{compose_project_name}_default'])\n        result = run_command(run_cmd, env=env_variables, output=output, check=False, output_outside_the_group=output_outside_the_group)\n        if os.environ.get('CI') == 'true' and result.returncode != 0:\n            ps_result = run_command(['docker', 'ps', '--all', '--format', '{{.Names}}'], check=True, capture_output=True, text=True)\n            container_ids = ps_result.stdout.splitlines()\n            get_console(output=output).print('[info]Wait 10 seconds for logs to find their way to stderr.\\n')\n            sleep(10)\n            get_console(output=output).print(f'[info]Error {result.returncode}. Dumping containers: {container_ids} for {project_name}.\\n')\n            date_str = datetime.now().strftime('%Y_%d_%m_%H_%M_%S')\n            for container_id in container_ids:\n                if compose_project_name not in container_id:\n                    continue\n                dump_path = FILES_DIR / f'container_logs_{container_id}_{date_str}.log'\n                get_console(output=output).print(f'[info]Dumping container {container_id} to {dump_path}\\n')\n                with open(dump_path, 'w') as outfile:\n                    run_command(['docker', 'logs', '--details', '--timestamps', container_id], check=False, stdout=outfile)\n    finally:\n        if not skip_docker_compose_down:\n            run_command(['docker', 'compose', '--project-name', compose_project_name, 'rm', '--stop', '--force', '-v'], env=env_variables, output=output, check=False, verbose_override=False)\n            remove_docker_networks(networks=[f'{compose_project_name}_default'])\n    return (result.returncode, f'Test: {exec_shell_params.test_type}')",
            "def _run_test(exec_shell_params: ShellParams, extra_pytest_args: tuple, db_reset: bool, output: Output | None, test_timeout: int, output_outside_the_group: bool=False, skip_docker_compose_down: bool=False) -> tuple[int, str]:\n    if False:\n        i = 10\n        while True:\n            print('Mutation')\n        n = 10\n        dp = [0, 1]\n        for i in range(2, n + 1):\n            dp.append(dp[i - 1] + dp[i - 2])\n        print(dp[n])\n\n        def dfs(node):\n            if node == None:\n                return []\n            left = dfs(node.left)\n            right = dfs(node.right)\n    env_variables = get_env_variables_for_docker_commands(exec_shell_params)\n    env_variables['RUN_TESTS'] = 'true'\n    if db_reset:\n        env_variables['DB_RESET'] = 'true'\n    env_variables['TEST_TYPE'] = exec_shell_params.test_type\n    env_variables['COLLECT_ONLY'] = str(exec_shell_params.collect_only).lower()\n    env_variables['REMOVE_ARM_PACKAGES'] = str(exec_shell_params.remove_arm_packages).lower()\n    env_variables['SUSPENDED_PROVIDERS_FOLDERS'] = ' '.join(get_suspended_provider_folders()).strip()\n    if '[' in exec_shell_params.test_type and (not exec_shell_params.test_type.startswith('Providers')):\n        get_console(output=output).print(\"[error]Only 'Providers' test type can specify actual tests with \\\\[\\\\][/]\")\n        sys.exit(1)\n    project_name = file_name_from_test_type(exec_shell_params.test_type)\n    compose_project_name = f'airflow-test-{project_name}'\n    env_variables['COMPOSE_PROJECT_NAME'] = compose_project_name\n    down_cmd = ['docker', 'compose', '--project-name', compose_project_name, 'down', '--remove-orphans', '--volumes']\n    run_command(down_cmd, env=env_variables, output=output, check=False)\n    run_cmd = ['docker', 'compose', '--project-name', compose_project_name, 'run', '-T', '--service-ports', '--rm', 'airflow']\n    run_cmd.extend(generate_args_for_pytest(test_type=exec_shell_params.test_type, test_timeout=test_timeout, skip_provider_tests=exec_shell_params.skip_provider_tests, skip_db_tests=exec_shell_params.skip_db_tests, run_db_tests_only=exec_shell_params.run_db_tests_only, backend=exec_shell_params.backend, use_xdist=exec_shell_params.use_xdist, enable_coverage=exec_shell_params.enable_coverage, collect_only=exec_shell_params.collect_only, parallelism=exec_shell_params.parallelism, parallel_test_types_list=exec_shell_params.parallel_test_types_list, helm_test_package=None))\n    run_cmd.extend(list(extra_pytest_args))\n    try:\n        remove_docker_networks(networks=[f'{compose_project_name}_default'])\n        result = run_command(run_cmd, env=env_variables, output=output, check=False, output_outside_the_group=output_outside_the_group)\n        if os.environ.get('CI') == 'true' and result.returncode != 0:\n            ps_result = run_command(['docker', 'ps', '--all', '--format', '{{.Names}}'], check=True, capture_output=True, text=True)\n            container_ids = ps_result.stdout.splitlines()\n            get_console(output=output).print('[info]Wait 10 seconds for logs to find their way to stderr.\\n')\n            sleep(10)\n            get_console(output=output).print(f'[info]Error {result.returncode}. Dumping containers: {container_ids} for {project_name}.\\n')\n            date_str = datetime.now().strftime('%Y_%d_%m_%H_%M_%S')\n            for container_id in container_ids:\n                if compose_project_name not in container_id:\n                    continue\n                dump_path = FILES_DIR / f'container_logs_{container_id}_{date_str}.log'\n                get_console(output=output).print(f'[info]Dumping container {container_id} to {dump_path}\\n')\n                with open(dump_path, 'w') as outfile:\n                    run_command(['docker', 'logs', '--details', '--timestamps', container_id], check=False, stdout=outfile)\n    finally:\n        if not skip_docker_compose_down:\n            run_command(['docker', 'compose', '--project-name', compose_project_name, 'rm', '--stop', '--force', '-v'], env=env_variables, output=output, check=False, verbose_override=False)\n            remove_docker_networks(networks=[f'{compose_project_name}_default'])\n    return (result.returncode, f'Test: {exec_shell_params.test_type}')",
            "def _run_test(exec_shell_params: ShellParams, extra_pytest_args: tuple, db_reset: bool, output: Output | None, test_timeout: int, output_outside_the_group: bool=False, skip_docker_compose_down: bool=False) -> tuple[int, str]:\n    if False:\n        i = 10\n        while True:\n            print('Mutation')\n        dp = [0, 1]\n        for i in range(2, n + 1):\n            dp.append(dp[i - 1] + dp[i - 2])\n        print(dp[n])\n\n        def dfs(node):\n            if node == None:\n                return []\n            left = dfs(node.left)\n            right = dfs(node.right)\n        length = 15\n        if length <= 0:\n            return []\n        elif length == 1:\n            return [0]\n        sequence = [0, 1]\n        while len(sequence) < length:\n            next_value = sequence[-1] + sequence[-2]\n            sequence.append(next_value)\n        return sequence\n    env_variables = get_env_variables_for_docker_commands(exec_shell_params)\n    env_variables['RUN_TESTS'] = 'true'\n    if db_reset:\n        env_variables['DB_RESET'] = 'true'\n    env_variables['TEST_TYPE'] = exec_shell_params.test_type\n    env_variables['COLLECT_ONLY'] = str(exec_shell_params.collect_only).lower()\n    env_variables['REMOVE_ARM_PACKAGES'] = str(exec_shell_params.remove_arm_packages).lower()\n    env_variables['SUSPENDED_PROVIDERS_FOLDERS'] = ' '.join(get_suspended_provider_folders()).strip()\n    if '[' in exec_shell_params.test_type and (not exec_shell_params.test_type.startswith('Providers')):\n        get_console(output=output).print(\"[error]Only 'Providers' test type can specify actual tests with \\\\[\\\\][/]\")\n        sys.exit(1)\n    project_name = file_name_from_test_type(exec_shell_params.test_type)\n    compose_project_name = f'airflow-test-{project_name}'\n    env_variables['COMPOSE_PROJECT_NAME'] = compose_project_name\n    down_cmd = ['docker', 'compose', '--project-name', compose_project_name, 'down', '--remove-orphans', '--volumes']\n    run_command(down_cmd, env=env_variables, output=output, check=False)\n    run_cmd = ['docker', 'compose', '--project-name', compose_project_name, 'run', '-T', '--service-ports', '--rm', 'airflow']\n    run_cmd.extend(generate_args_for_pytest(test_type=exec_shell_params.test_type, test_timeout=test_timeout, skip_provider_tests=exec_shell_params.skip_provider_tests, skip_db_tests=exec_shell_params.skip_db_tests, run_db_tests_only=exec_shell_params.run_db_tests_only, backend=exec_shell_params.backend, use_xdist=exec_shell_params.use_xdist, enable_coverage=exec_shell_params.enable_coverage, collect_only=exec_shell_params.collect_only, parallelism=exec_shell_params.parallelism, parallel_test_types_list=exec_shell_params.parallel_test_types_list, helm_test_package=None))\n    run_cmd.extend(list(extra_pytest_args))\n    try:\n        remove_docker_networks(networks=[f'{compose_project_name}_default'])\n        result = run_command(run_cmd, env=env_variables, output=output, check=False, output_outside_the_group=output_outside_the_group)\n        if os.environ.get('CI') == 'true' and result.returncode != 0:\n            ps_result = run_command(['docker', 'ps', '--all', '--format', '{{.Names}}'], check=True, capture_output=True, text=True)\n            container_ids = ps_result.stdout.splitlines()\n            get_console(output=output).print('[info]Wait 10 seconds for logs to find their way to stderr.\\n')\n            sleep(10)\n            get_console(output=output).print(f'[info]Error {result.returncode}. Dumping containers: {container_ids} for {project_name}.\\n')\n            date_str = datetime.now().strftime('%Y_%d_%m_%H_%M_%S')\n            for container_id in container_ids:\n                if compose_project_name not in container_id:\n                    continue\n                dump_path = FILES_DIR / f'container_logs_{container_id}_{date_str}.log'\n                get_console(output=output).print(f'[info]Dumping container {container_id} to {dump_path}\\n')\n                with open(dump_path, 'w') as outfile:\n                    run_command(['docker', 'logs', '--details', '--timestamps', container_id], check=False, stdout=outfile)\n    finally:\n        if not skip_docker_compose_down:\n            run_command(['docker', 'compose', '--project-name', compose_project_name, 'rm', '--stop', '--force', '-v'], env=env_variables, output=output, check=False, verbose_override=False)\n            remove_docker_networks(networks=[f'{compose_project_name}_default'])\n    return (result.returncode, f'Test: {exec_shell_params.test_type}')"
        ]
    },
    {
        "func_name": "_run_tests_in_pool",
        "original": "def _run_tests_in_pool(tests_to_run: list[str], parallelism: int, exec_shell_params: ShellParams, extra_pytest_args: tuple, test_timeout: int, db_reset: bool, include_success_outputs: bool, debug_resources: bool, skip_cleanup: bool, skip_docker_compose_down: bool):\n    if not tests_to_run:\n        return\n    sorting_order = ['Providers', 'Providers[-amazon,google]', 'Core', 'WWW', 'CLI', 'Other', 'Serialization', 'Always', 'PythonVenv']\n    sort_key = {item: i for (i, item) in enumerate(sorting_order)}\n    tests_to_run = sorted(tests_to_run, key=lambda x: (sort_key.get(x, len(sorting_order)), x))\n    escaped_tests = [test.replace('[', '\\\\[') for test in tests_to_run]\n    with ci_group(f\"Testing {' '.join(escaped_tests)}\"):\n        all_params = [f'{test_type}' for test_type in tests_to_run]\n        with run_with_pool(parallelism=parallelism, all_params=all_params, debug_resources=debug_resources, progress_matcher=GenericRegexpProgressMatcher(regexp=TEST_PROGRESS_REGEXP, regexp_for_joined_line=PERCENT_TEST_PROGRESS_REGEXP, lines_to_search=400)) as (pool, outputs):\n            results = [pool.apply_async(_run_test, kwds={'exec_shell_params': exec_shell_params.clone_with_test(test_type=test_type), 'extra_pytest_args': extra_pytest_args, 'db_reset': db_reset, 'output': outputs[index], 'test_timeout': test_timeout, 'skip_docker_compose_down': skip_docker_compose_down}) for (index, test_type) in enumerate(tests_to_run)]\n    escaped_tests = [test.replace('[', '\\\\[') for test in tests_to_run]\n    check_async_run_results(results=results, success=f\"Tests {' '.join(escaped_tests)} completed successfully\", outputs=outputs, include_success_outputs=include_success_outputs, skip_cleanup=skip_cleanup, summarize_on_ci=SummarizeAfter.FAILURE, summary_start_regexp='.*= FAILURES.*|.*= ERRORS.*')",
        "mutated": [
            "def _run_tests_in_pool(tests_to_run: list[str], parallelism: int, exec_shell_params: ShellParams, extra_pytest_args: tuple, test_timeout: int, db_reset: bool, include_success_outputs: bool, debug_resources: bool, skip_cleanup: bool, skip_docker_compose_down: bool):\n    if False:\n        i = 10\n    if not tests_to_run:\n        return\n    sorting_order = ['Providers', 'Providers[-amazon,google]', 'Core', 'WWW', 'CLI', 'Other', 'Serialization', 'Always', 'PythonVenv']\n    sort_key = {item: i for (i, item) in enumerate(sorting_order)}\n    tests_to_run = sorted(tests_to_run, key=lambda x: (sort_key.get(x, len(sorting_order)), x))\n    escaped_tests = [test.replace('[', '\\\\[') for test in tests_to_run]\n    with ci_group(f\"Testing {' '.join(escaped_tests)}\"):\n        all_params = [f'{test_type}' for test_type in tests_to_run]\n        with run_with_pool(parallelism=parallelism, all_params=all_params, debug_resources=debug_resources, progress_matcher=GenericRegexpProgressMatcher(regexp=TEST_PROGRESS_REGEXP, regexp_for_joined_line=PERCENT_TEST_PROGRESS_REGEXP, lines_to_search=400)) as (pool, outputs):\n            results = [pool.apply_async(_run_test, kwds={'exec_shell_params': exec_shell_params.clone_with_test(test_type=test_type), 'extra_pytest_args': extra_pytest_args, 'db_reset': db_reset, 'output': outputs[index], 'test_timeout': test_timeout, 'skip_docker_compose_down': skip_docker_compose_down}) for (index, test_type) in enumerate(tests_to_run)]\n    escaped_tests = [test.replace('[', '\\\\[') for test in tests_to_run]\n    check_async_run_results(results=results, success=f\"Tests {' '.join(escaped_tests)} completed successfully\", outputs=outputs, include_success_outputs=include_success_outputs, skip_cleanup=skip_cleanup, summarize_on_ci=SummarizeAfter.FAILURE, summary_start_regexp='.*= FAILURES.*|.*= ERRORS.*')",
            "def _run_tests_in_pool(tests_to_run: list[str], parallelism: int, exec_shell_params: ShellParams, extra_pytest_args: tuple, test_timeout: int, db_reset: bool, include_success_outputs: bool, debug_resources: bool, skip_cleanup: bool, skip_docker_compose_down: bool):\n    if False:\n        i = 10\n        while True:\n            print('Mutation')\n    if not tests_to_run:\n        return\n    sorting_order = ['Providers', 'Providers[-amazon,google]', 'Core', 'WWW', 'CLI', 'Other', 'Serialization', 'Always', 'PythonVenv']\n    sort_key = {item: i for (i, item) in enumerate(sorting_order)}\n    tests_to_run = sorted(tests_to_run, key=lambda x: (sort_key.get(x, len(sorting_order)), x))\n    escaped_tests = [test.replace('[', '\\\\[') for test in tests_to_run]\n    with ci_group(f\"Testing {' '.join(escaped_tests)}\"):\n        all_params = [f'{test_type}' for test_type in tests_to_run]\n        with run_with_pool(parallelism=parallelism, all_params=all_params, debug_resources=debug_resources, progress_matcher=GenericRegexpProgressMatcher(regexp=TEST_PROGRESS_REGEXP, regexp_for_joined_line=PERCENT_TEST_PROGRESS_REGEXP, lines_to_search=400)) as (pool, outputs):\n            results = [pool.apply_async(_run_test, kwds={'exec_shell_params': exec_shell_params.clone_with_test(test_type=test_type), 'extra_pytest_args': extra_pytest_args, 'db_reset': db_reset, 'output': outputs[index], 'test_timeout': test_timeout, 'skip_docker_compose_down': skip_docker_compose_down}) for (index, test_type) in enumerate(tests_to_run)]\n    escaped_tests = [test.replace('[', '\\\\[') for test in tests_to_run]\n    check_async_run_results(results=results, success=f\"Tests {' '.join(escaped_tests)} completed successfully\", outputs=outputs, include_success_outputs=include_success_outputs, skip_cleanup=skip_cleanup, summarize_on_ci=SummarizeAfter.FAILURE, summary_start_regexp='.*= FAILURES.*|.*= ERRORS.*')",
            "def _run_tests_in_pool(tests_to_run: list[str], parallelism: int, exec_shell_params: ShellParams, extra_pytest_args: tuple, test_timeout: int, db_reset: bool, include_success_outputs: bool, debug_resources: bool, skip_cleanup: bool, skip_docker_compose_down: bool):\n    if False:\n        i = 10\n        while True:\n            print('Mutation')\n        n = 10\n        dp = [0, 1]\n        for i in range(2, n + 1):\n            dp.append(dp[i - 1] + dp[i - 2])\n        print(dp[n])\n    if not tests_to_run:\n        return\n    sorting_order = ['Providers', 'Providers[-amazon,google]', 'Core', 'WWW', 'CLI', 'Other', 'Serialization', 'Always', 'PythonVenv']\n    sort_key = {item: i for (i, item) in enumerate(sorting_order)}\n    tests_to_run = sorted(tests_to_run, key=lambda x: (sort_key.get(x, len(sorting_order)), x))\n    escaped_tests = [test.replace('[', '\\\\[') for test in tests_to_run]\n    with ci_group(f\"Testing {' '.join(escaped_tests)}\"):\n        all_params = [f'{test_type}' for test_type in tests_to_run]\n        with run_with_pool(parallelism=parallelism, all_params=all_params, debug_resources=debug_resources, progress_matcher=GenericRegexpProgressMatcher(regexp=TEST_PROGRESS_REGEXP, regexp_for_joined_line=PERCENT_TEST_PROGRESS_REGEXP, lines_to_search=400)) as (pool, outputs):\n            results = [pool.apply_async(_run_test, kwds={'exec_shell_params': exec_shell_params.clone_with_test(test_type=test_type), 'extra_pytest_args': extra_pytest_args, 'db_reset': db_reset, 'output': outputs[index], 'test_timeout': test_timeout, 'skip_docker_compose_down': skip_docker_compose_down}) for (index, test_type) in enumerate(tests_to_run)]\n    escaped_tests = [test.replace('[', '\\\\[') for test in tests_to_run]\n    check_async_run_results(results=results, success=f\"Tests {' '.join(escaped_tests)} completed successfully\", outputs=outputs, include_success_outputs=include_success_outputs, skip_cleanup=skip_cleanup, summarize_on_ci=SummarizeAfter.FAILURE, summary_start_regexp='.*= FAILURES.*|.*= ERRORS.*')",
            "def _run_tests_in_pool(tests_to_run: list[str], parallelism: int, exec_shell_params: ShellParams, extra_pytest_args: tuple, test_timeout: int, db_reset: bool, include_success_outputs: bool, debug_resources: bool, skip_cleanup: bool, skip_docker_compose_down: bool):\n    if False:\n        i = 10\n        while True:\n            print('Mutation')\n        n = 10\n        dp = [0, 1]\n        for i in range(2, n + 1):\n            dp.append(dp[i - 1] + dp[i - 2])\n        print(dp[n])\n\n        def dfs(node):\n            if node == None:\n                return []\n            left = dfs(node.left)\n            right = dfs(node.right)\n    if not tests_to_run:\n        return\n    sorting_order = ['Providers', 'Providers[-amazon,google]', 'Core', 'WWW', 'CLI', 'Other', 'Serialization', 'Always', 'PythonVenv']\n    sort_key = {item: i for (i, item) in enumerate(sorting_order)}\n    tests_to_run = sorted(tests_to_run, key=lambda x: (sort_key.get(x, len(sorting_order)), x))\n    escaped_tests = [test.replace('[', '\\\\[') for test in tests_to_run]\n    with ci_group(f\"Testing {' '.join(escaped_tests)}\"):\n        all_params = [f'{test_type}' for test_type in tests_to_run]\n        with run_with_pool(parallelism=parallelism, all_params=all_params, debug_resources=debug_resources, progress_matcher=GenericRegexpProgressMatcher(regexp=TEST_PROGRESS_REGEXP, regexp_for_joined_line=PERCENT_TEST_PROGRESS_REGEXP, lines_to_search=400)) as (pool, outputs):\n            results = [pool.apply_async(_run_test, kwds={'exec_shell_params': exec_shell_params.clone_with_test(test_type=test_type), 'extra_pytest_args': extra_pytest_args, 'db_reset': db_reset, 'output': outputs[index], 'test_timeout': test_timeout, 'skip_docker_compose_down': skip_docker_compose_down}) for (index, test_type) in enumerate(tests_to_run)]\n    escaped_tests = [test.replace('[', '\\\\[') for test in tests_to_run]\n    check_async_run_results(results=results, success=f\"Tests {' '.join(escaped_tests)} completed successfully\", outputs=outputs, include_success_outputs=include_success_outputs, skip_cleanup=skip_cleanup, summarize_on_ci=SummarizeAfter.FAILURE, summary_start_regexp='.*= FAILURES.*|.*= ERRORS.*')",
            "def _run_tests_in_pool(tests_to_run: list[str], parallelism: int, exec_shell_params: ShellParams, extra_pytest_args: tuple, test_timeout: int, db_reset: bool, include_success_outputs: bool, debug_resources: bool, skip_cleanup: bool, skip_docker_compose_down: bool):\n    if False:\n        i = 10\n        while True:\n            print('Mutation')\n        dp = [0, 1]\n        for i in range(2, n + 1):\n            dp.append(dp[i - 1] + dp[i - 2])\n        print(dp[n])\n\n        def dfs(node):\n            if node == None:\n                return []\n            left = dfs(node.left)\n            right = dfs(node.right)\n        length = 15\n        if length <= 0:\n            return []\n        elif length == 1:\n            return [0]\n        sequence = [0, 1]\n        while len(sequence) < length:\n            next_value = sequence[-1] + sequence[-2]\n            sequence.append(next_value)\n        return sequence\n    if not tests_to_run:\n        return\n    sorting_order = ['Providers', 'Providers[-amazon,google]', 'Core', 'WWW', 'CLI', 'Other', 'Serialization', 'Always', 'PythonVenv']\n    sort_key = {item: i for (i, item) in enumerate(sorting_order)}\n    tests_to_run = sorted(tests_to_run, key=lambda x: (sort_key.get(x, len(sorting_order)), x))\n    escaped_tests = [test.replace('[', '\\\\[') for test in tests_to_run]\n    with ci_group(f\"Testing {' '.join(escaped_tests)}\"):\n        all_params = [f'{test_type}' for test_type in tests_to_run]\n        with run_with_pool(parallelism=parallelism, all_params=all_params, debug_resources=debug_resources, progress_matcher=GenericRegexpProgressMatcher(regexp=TEST_PROGRESS_REGEXP, regexp_for_joined_line=PERCENT_TEST_PROGRESS_REGEXP, lines_to_search=400)) as (pool, outputs):\n            results = [pool.apply_async(_run_test, kwds={'exec_shell_params': exec_shell_params.clone_with_test(test_type=test_type), 'extra_pytest_args': extra_pytest_args, 'db_reset': db_reset, 'output': outputs[index], 'test_timeout': test_timeout, 'skip_docker_compose_down': skip_docker_compose_down}) for (index, test_type) in enumerate(tests_to_run)]\n    escaped_tests = [test.replace('[', '\\\\[') for test in tests_to_run]\n    check_async_run_results(results=results, success=f\"Tests {' '.join(escaped_tests)} completed successfully\", outputs=outputs, include_success_outputs=include_success_outputs, skip_cleanup=skip_cleanup, summarize_on_ci=SummarizeAfter.FAILURE, summary_start_regexp='.*= FAILURES.*|.*= ERRORS.*')"
        ]
    },
    {
        "func_name": "run_tests_in_parallel",
        "original": "def run_tests_in_parallel(exec_shell_params: ShellParams, extra_pytest_args: tuple, db_reset: bool, test_timeout: int, include_success_outputs: bool, debug_resources: bool, parallelism: int, skip_cleanup: bool, skio_docker_compose_down: bool) -> None:\n    _run_tests_in_pool(tests_to_run=exec_shell_params.parallel_test_types_list, parallelism=parallelism, exec_shell_params=exec_shell_params, extra_pytest_args=extra_pytest_args, test_timeout=test_timeout, db_reset=db_reset, include_success_outputs=include_success_outputs, debug_resources=debug_resources, skip_cleanup=skip_cleanup, skip_docker_compose_down=skio_docker_compose_down)",
        "mutated": [
            "def run_tests_in_parallel(exec_shell_params: ShellParams, extra_pytest_args: tuple, db_reset: bool, test_timeout: int, include_success_outputs: bool, debug_resources: bool, parallelism: int, skip_cleanup: bool, skio_docker_compose_down: bool) -> None:\n    if False:\n        i = 10\n    _run_tests_in_pool(tests_to_run=exec_shell_params.parallel_test_types_list, parallelism=parallelism, exec_shell_params=exec_shell_params, extra_pytest_args=extra_pytest_args, test_timeout=test_timeout, db_reset=db_reset, include_success_outputs=include_success_outputs, debug_resources=debug_resources, skip_cleanup=skip_cleanup, skip_docker_compose_down=skio_docker_compose_down)",
            "def run_tests_in_parallel(exec_shell_params: ShellParams, extra_pytest_args: tuple, db_reset: bool, test_timeout: int, include_success_outputs: bool, debug_resources: bool, parallelism: int, skip_cleanup: bool, skio_docker_compose_down: bool) -> None:\n    if False:\n        i = 10\n        while True:\n            print('Mutation')\n    _run_tests_in_pool(tests_to_run=exec_shell_params.parallel_test_types_list, parallelism=parallelism, exec_shell_params=exec_shell_params, extra_pytest_args=extra_pytest_args, test_timeout=test_timeout, db_reset=db_reset, include_success_outputs=include_success_outputs, debug_resources=debug_resources, skip_cleanup=skip_cleanup, skip_docker_compose_down=skio_docker_compose_down)",
            "def run_tests_in_parallel(exec_shell_params: ShellParams, extra_pytest_args: tuple, db_reset: bool, test_timeout: int, include_success_outputs: bool, debug_resources: bool, parallelism: int, skip_cleanup: bool, skio_docker_compose_down: bool) -> None:\n    if False:\n        i = 10\n        while True:\n            print('Mutation')\n        n = 10\n        dp = [0, 1]\n        for i in range(2, n + 1):\n            dp.append(dp[i - 1] + dp[i - 2])\n        print(dp[n])\n    _run_tests_in_pool(tests_to_run=exec_shell_params.parallel_test_types_list, parallelism=parallelism, exec_shell_params=exec_shell_params, extra_pytest_args=extra_pytest_args, test_timeout=test_timeout, db_reset=db_reset, include_success_outputs=include_success_outputs, debug_resources=debug_resources, skip_cleanup=skip_cleanup, skip_docker_compose_down=skio_docker_compose_down)",
            "def run_tests_in_parallel(exec_shell_params: ShellParams, extra_pytest_args: tuple, db_reset: bool, test_timeout: int, include_success_outputs: bool, debug_resources: bool, parallelism: int, skip_cleanup: bool, skio_docker_compose_down: bool) -> None:\n    if False:\n        i = 10\n        while True:\n            print('Mutation')\n        n = 10\n        dp = [0, 1]\n        for i in range(2, n + 1):\n            dp.append(dp[i - 1] + dp[i - 2])\n        print(dp[n])\n\n        def dfs(node):\n            if node == None:\n                return []\n            left = dfs(node.left)\n            right = dfs(node.right)\n    _run_tests_in_pool(tests_to_run=exec_shell_params.parallel_test_types_list, parallelism=parallelism, exec_shell_params=exec_shell_params, extra_pytest_args=extra_pytest_args, test_timeout=test_timeout, db_reset=db_reset, include_success_outputs=include_success_outputs, debug_resources=debug_resources, skip_cleanup=skip_cleanup, skip_docker_compose_down=skio_docker_compose_down)",
            "def run_tests_in_parallel(exec_shell_params: ShellParams, extra_pytest_args: tuple, db_reset: bool, test_timeout: int, include_success_outputs: bool, debug_resources: bool, parallelism: int, skip_cleanup: bool, skio_docker_compose_down: bool) -> None:\n    if False:\n        i = 10\n        while True:\n            print('Mutation')\n        dp = [0, 1]\n        for i in range(2, n + 1):\n            dp.append(dp[i - 1] + dp[i - 2])\n        print(dp[n])\n\n        def dfs(node):\n            if node == None:\n                return []\n            left = dfs(node.left)\n            right = dfs(node.right)\n        length = 15\n        if length <= 0:\n            return []\n        elif length == 1:\n            return [0]\n        sequence = [0, 1]\n        while len(sequence) < length:\n            next_value = sequence[-1] + sequence[-2]\n            sequence.append(next_value)\n        return sequence\n    _run_tests_in_pool(tests_to_run=exec_shell_params.parallel_test_types_list, parallelism=parallelism, exec_shell_params=exec_shell_params, extra_pytest_args=extra_pytest_args, test_timeout=test_timeout, db_reset=db_reset, include_success_outputs=include_success_outputs, debug_resources=debug_resources, skip_cleanup=skip_cleanup, skip_docker_compose_down=skio_docker_compose_down)"
        ]
    },
    {
        "func_name": "_verify_parallelism_parameters",
        "original": "def _verify_parallelism_parameters(excluded_parallel_test_types: str, run_db_tests_only: bool, run_in_parallel: bool, use_xdist: bool):\n    if excluded_parallel_test_types and (not (run_in_parallel or use_xdist)):\n        get_console().print('\\n[error]You can only specify --excluded-parallel-test-types when --run-in-parallel or --use-xdist are set[/]\\n')\n        sys.exit(1)\n    if use_xdist and run_in_parallel:\n        get_console().print('\\n[error]You can only specify one of --use-xdist, --run-in-parallel[/]\\n')\n        sys.exit(1)\n    if use_xdist and run_db_tests_only:\n        get_console().print('\\n[error]You can only specify one of --use-xdist, --run-db-tests-only[/]\\n')\n        sys.exit(1)",
        "mutated": [
            "def _verify_parallelism_parameters(excluded_parallel_test_types: str, run_db_tests_only: bool, run_in_parallel: bool, use_xdist: bool):\n    if False:\n        i = 10\n    if excluded_parallel_test_types and (not (run_in_parallel or use_xdist)):\n        get_console().print('\\n[error]You can only specify --excluded-parallel-test-types when --run-in-parallel or --use-xdist are set[/]\\n')\n        sys.exit(1)\n    if use_xdist and run_in_parallel:\n        get_console().print('\\n[error]You can only specify one of --use-xdist, --run-in-parallel[/]\\n')\n        sys.exit(1)\n    if use_xdist and run_db_tests_only:\n        get_console().print('\\n[error]You can only specify one of --use-xdist, --run-db-tests-only[/]\\n')\n        sys.exit(1)",
            "def _verify_parallelism_parameters(excluded_parallel_test_types: str, run_db_tests_only: bool, run_in_parallel: bool, use_xdist: bool):\n    if False:\n        i = 10\n        while True:\n            print('Mutation')\n    if excluded_parallel_test_types and (not (run_in_parallel or use_xdist)):\n        get_console().print('\\n[error]You can only specify --excluded-parallel-test-types when --run-in-parallel or --use-xdist are set[/]\\n')\n        sys.exit(1)\n    if use_xdist and run_in_parallel:\n        get_console().print('\\n[error]You can only specify one of --use-xdist, --run-in-parallel[/]\\n')\n        sys.exit(1)\n    if use_xdist and run_db_tests_only:\n        get_console().print('\\n[error]You can only specify one of --use-xdist, --run-db-tests-only[/]\\n')\n        sys.exit(1)",
            "def _verify_parallelism_parameters(excluded_parallel_test_types: str, run_db_tests_only: bool, run_in_parallel: bool, use_xdist: bool):\n    if False:\n        i = 10\n        while True:\n            print('Mutation')\n        n = 10\n        dp = [0, 1]\n        for i in range(2, n + 1):\n            dp.append(dp[i - 1] + dp[i - 2])\n        print(dp[n])\n    if excluded_parallel_test_types and (not (run_in_parallel or use_xdist)):\n        get_console().print('\\n[error]You can only specify --excluded-parallel-test-types when --run-in-parallel or --use-xdist are set[/]\\n')\n        sys.exit(1)\n    if use_xdist and run_in_parallel:\n        get_console().print('\\n[error]You can only specify one of --use-xdist, --run-in-parallel[/]\\n')\n        sys.exit(1)\n    if use_xdist and run_db_tests_only:\n        get_console().print('\\n[error]You can only specify one of --use-xdist, --run-db-tests-only[/]\\n')\n        sys.exit(1)",
            "def _verify_parallelism_parameters(excluded_parallel_test_types: str, run_db_tests_only: bool, run_in_parallel: bool, use_xdist: bool):\n    if False:\n        i = 10\n        while True:\n            print('Mutation')\n        n = 10\n        dp = [0, 1]\n        for i in range(2, n + 1):\n            dp.append(dp[i - 1] + dp[i - 2])\n        print(dp[n])\n\n        def dfs(node):\n            if node == None:\n                return []\n            left = dfs(node.left)\n            right = dfs(node.right)\n    if excluded_parallel_test_types and (not (run_in_parallel or use_xdist)):\n        get_console().print('\\n[error]You can only specify --excluded-parallel-test-types when --run-in-parallel or --use-xdist are set[/]\\n')\n        sys.exit(1)\n    if use_xdist and run_in_parallel:\n        get_console().print('\\n[error]You can only specify one of --use-xdist, --run-in-parallel[/]\\n')\n        sys.exit(1)\n    if use_xdist and run_db_tests_only:\n        get_console().print('\\n[error]You can only specify one of --use-xdist, --run-db-tests-only[/]\\n')\n        sys.exit(1)",
            "def _verify_parallelism_parameters(excluded_parallel_test_types: str, run_db_tests_only: bool, run_in_parallel: bool, use_xdist: bool):\n    if False:\n        i = 10\n        while True:\n            print('Mutation')\n        dp = [0, 1]\n        for i in range(2, n + 1):\n            dp.append(dp[i - 1] + dp[i - 2])\n        print(dp[n])\n\n        def dfs(node):\n            if node == None:\n                return []\n            left = dfs(node.left)\n            right = dfs(node.right)\n        length = 15\n        if length <= 0:\n            return []\n        elif length == 1:\n            return [0]\n        sequence = [0, 1]\n        while len(sequence) < length:\n            next_value = sequence[-1] + sequence[-2]\n            sequence.append(next_value)\n        return sequence\n    if excluded_parallel_test_types and (not (run_in_parallel or use_xdist)):\n        get_console().print('\\n[error]You can only specify --excluded-parallel-test-types when --run-in-parallel or --use-xdist are set[/]\\n')\n        sys.exit(1)\n    if use_xdist and run_in_parallel:\n        get_console().print('\\n[error]You can only specify one of --use-xdist, --run-in-parallel[/]\\n')\n        sys.exit(1)\n    if use_xdist and run_db_tests_only:\n        get_console().print('\\n[error]You can only specify one of --use-xdist, --run-db-tests-only[/]\\n')\n        sys.exit(1)"
        ]
    },
    {
        "func_name": "command_for_tests",
        "original": "@group_for_testing.command(name='tests', help='Run the specified unit tests. This is a low level testing command that allows you to run various kind of tests subset with a number of options. You can also use dedicated commands suchus db_tests, non_db_tests, integration_tests for more opinionated test suite execution.', context_settings=dict(ignore_unknown_options=True, allow_extra_args=True))\n@option_python\n@option_backend\n@option_postgres_version\n@option_mysql_version\n@option_mssql_version\n@option_integration\n@option_image_tag_for_running\n@option_use_airflow_version\n@option_mount_sources\n@option_test_type\n@option_test_timeout\n@option_run_db_tests_only\n@option_skip_db_tests\n@option_db_reset\n@option_run_in_parallel\n@option_parallelism\n@option_skip_cleanup\n@option_debug_resources\n@option_include_success_outputs\n@option_parallel_test_types\n@option_excluded_parallel_test_types\n@option_upgrade_boto\n@option_downgrade_sqlalchemy\n@option_collect_only\n@option_remove_arm_packages\n@option_skip_docker_compose_down\n@option_use_xdist\n@option_skip_provider_tests\n@option_enable_coverage\n@option_verbose\n@option_dry_run\n@option_github_repository\n@click.argument('extra_pytest_args', nargs=-1, type=click.UNPROCESSED)\ndef command_for_tests(**kwargs):\n    _run_test_command(**kwargs)",
        "mutated": [
            "@group_for_testing.command(name='tests', help='Run the specified unit tests. This is a low level testing command that allows you to run various kind of tests subset with a number of options. You can also use dedicated commands suchus db_tests, non_db_tests, integration_tests for more opinionated test suite execution.', context_settings=dict(ignore_unknown_options=True, allow_extra_args=True))\n@option_python\n@option_backend\n@option_postgres_version\n@option_mysql_version\n@option_mssql_version\n@option_integration\n@option_image_tag_for_running\n@option_use_airflow_version\n@option_mount_sources\n@option_test_type\n@option_test_timeout\n@option_run_db_tests_only\n@option_skip_db_tests\n@option_db_reset\n@option_run_in_parallel\n@option_parallelism\n@option_skip_cleanup\n@option_debug_resources\n@option_include_success_outputs\n@option_parallel_test_types\n@option_excluded_parallel_test_types\n@option_upgrade_boto\n@option_downgrade_sqlalchemy\n@option_collect_only\n@option_remove_arm_packages\n@option_skip_docker_compose_down\n@option_use_xdist\n@option_skip_provider_tests\n@option_enable_coverage\n@option_verbose\n@option_dry_run\n@option_github_repository\n@click.argument('extra_pytest_args', nargs=-1, type=click.UNPROCESSED)\ndef command_for_tests(**kwargs):\n    if False:\n        i = 10\n    _run_test_command(**kwargs)",
            "@group_for_testing.command(name='tests', help='Run the specified unit tests. This is a low level testing command that allows you to run various kind of tests subset with a number of options. You can also use dedicated commands suchus db_tests, non_db_tests, integration_tests for more opinionated test suite execution.', context_settings=dict(ignore_unknown_options=True, allow_extra_args=True))\n@option_python\n@option_backend\n@option_postgres_version\n@option_mysql_version\n@option_mssql_version\n@option_integration\n@option_image_tag_for_running\n@option_use_airflow_version\n@option_mount_sources\n@option_test_type\n@option_test_timeout\n@option_run_db_tests_only\n@option_skip_db_tests\n@option_db_reset\n@option_run_in_parallel\n@option_parallelism\n@option_skip_cleanup\n@option_debug_resources\n@option_include_success_outputs\n@option_parallel_test_types\n@option_excluded_parallel_test_types\n@option_upgrade_boto\n@option_downgrade_sqlalchemy\n@option_collect_only\n@option_remove_arm_packages\n@option_skip_docker_compose_down\n@option_use_xdist\n@option_skip_provider_tests\n@option_enable_coverage\n@option_verbose\n@option_dry_run\n@option_github_repository\n@click.argument('extra_pytest_args', nargs=-1, type=click.UNPROCESSED)\ndef command_for_tests(**kwargs):\n    if False:\n        i = 10\n        while True:\n            print('Mutation')\n    _run_test_command(**kwargs)",
            "@group_for_testing.command(name='tests', help='Run the specified unit tests. This is a low level testing command that allows you to run various kind of tests subset with a number of options. You can also use dedicated commands suchus db_tests, non_db_tests, integration_tests for more opinionated test suite execution.', context_settings=dict(ignore_unknown_options=True, allow_extra_args=True))\n@option_python\n@option_backend\n@option_postgres_version\n@option_mysql_version\n@option_mssql_version\n@option_integration\n@option_image_tag_for_running\n@option_use_airflow_version\n@option_mount_sources\n@option_test_type\n@option_test_timeout\n@option_run_db_tests_only\n@option_skip_db_tests\n@option_db_reset\n@option_run_in_parallel\n@option_parallelism\n@option_skip_cleanup\n@option_debug_resources\n@option_include_success_outputs\n@option_parallel_test_types\n@option_excluded_parallel_test_types\n@option_upgrade_boto\n@option_downgrade_sqlalchemy\n@option_collect_only\n@option_remove_arm_packages\n@option_skip_docker_compose_down\n@option_use_xdist\n@option_skip_provider_tests\n@option_enable_coverage\n@option_verbose\n@option_dry_run\n@option_github_repository\n@click.argument('extra_pytest_args', nargs=-1, type=click.UNPROCESSED)\ndef command_for_tests(**kwargs):\n    if False:\n        i = 10\n        while True:\n            print('Mutation')\n        n = 10\n        dp = [0, 1]\n        for i in range(2, n + 1):\n            dp.append(dp[i - 1] + dp[i - 2])\n        print(dp[n])\n    _run_test_command(**kwargs)",
            "@group_for_testing.command(name='tests', help='Run the specified unit tests. This is a low level testing command that allows you to run various kind of tests subset with a number of options. You can also use dedicated commands suchus db_tests, non_db_tests, integration_tests for more opinionated test suite execution.', context_settings=dict(ignore_unknown_options=True, allow_extra_args=True))\n@option_python\n@option_backend\n@option_postgres_version\n@option_mysql_version\n@option_mssql_version\n@option_integration\n@option_image_tag_for_running\n@option_use_airflow_version\n@option_mount_sources\n@option_test_type\n@option_test_timeout\n@option_run_db_tests_only\n@option_skip_db_tests\n@option_db_reset\n@option_run_in_parallel\n@option_parallelism\n@option_skip_cleanup\n@option_debug_resources\n@option_include_success_outputs\n@option_parallel_test_types\n@option_excluded_parallel_test_types\n@option_upgrade_boto\n@option_downgrade_sqlalchemy\n@option_collect_only\n@option_remove_arm_packages\n@option_skip_docker_compose_down\n@option_use_xdist\n@option_skip_provider_tests\n@option_enable_coverage\n@option_verbose\n@option_dry_run\n@option_github_repository\n@click.argument('extra_pytest_args', nargs=-1, type=click.UNPROCESSED)\ndef command_for_tests(**kwargs):\n    if False:\n        i = 10\n        while True:\n            print('Mutation')\n        n = 10\n        dp = [0, 1]\n        for i in range(2, n + 1):\n            dp.append(dp[i - 1] + dp[i - 2])\n        print(dp[n])\n\n        def dfs(node):\n            if node == None:\n                return []\n            left = dfs(node.left)\n            right = dfs(node.right)\n    _run_test_command(**kwargs)",
            "@group_for_testing.command(name='tests', help='Run the specified unit tests. This is a low level testing command that allows you to run various kind of tests subset with a number of options. You can also use dedicated commands suchus db_tests, non_db_tests, integration_tests for more opinionated test suite execution.', context_settings=dict(ignore_unknown_options=True, allow_extra_args=True))\n@option_python\n@option_backend\n@option_postgres_version\n@option_mysql_version\n@option_mssql_version\n@option_integration\n@option_image_tag_for_running\n@option_use_airflow_version\n@option_mount_sources\n@option_test_type\n@option_test_timeout\n@option_run_db_tests_only\n@option_skip_db_tests\n@option_db_reset\n@option_run_in_parallel\n@option_parallelism\n@option_skip_cleanup\n@option_debug_resources\n@option_include_success_outputs\n@option_parallel_test_types\n@option_excluded_parallel_test_types\n@option_upgrade_boto\n@option_downgrade_sqlalchemy\n@option_collect_only\n@option_remove_arm_packages\n@option_skip_docker_compose_down\n@option_use_xdist\n@option_skip_provider_tests\n@option_enable_coverage\n@option_verbose\n@option_dry_run\n@option_github_repository\n@click.argument('extra_pytest_args', nargs=-1, type=click.UNPROCESSED)\ndef command_for_tests(**kwargs):\n    if False:\n        i = 10\n        while True:\n            print('Mutation')\n        dp = [0, 1]\n        for i in range(2, n + 1):\n            dp.append(dp[i - 1] + dp[i - 2])\n        print(dp[n])\n\n        def dfs(node):\n            if node == None:\n                return []\n            left = dfs(node.left)\n            right = dfs(node.right)\n        length = 15\n        if length <= 0:\n            return []\n        elif length == 1:\n            return [0]\n        sequence = [0, 1]\n        while len(sequence) < length:\n            next_value = sequence[-1] + sequence[-2]\n            sequence.append(next_value)\n        return sequence\n    _run_test_command(**kwargs)"
        ]
    },
    {
        "func_name": "command_for_db_tests",
        "original": "@group_for_testing.command(name='db-tests', help='Run all (default) or specified DB-bound unit tests. This is a dedicated command that only runs DB tests and it runs them in parallel via splitting tests by test types into separate containers with separate database started for each container.', context_settings=dict(ignore_unknown_options=False, allow_extra_args=False))\n@option_python\n@option_backend\n@option_postgres_version\n@option_mysql_version\n@option_mssql_version\n@option_image_tag_for_running\n@option_use_airflow_version\n@option_mount_sources\n@option_test_timeout\n@option_parallelism\n@option_skip_cleanup\n@option_debug_resources\n@option_include_success_outputs\n@option_parallel_test_types\n@option_excluded_parallel_test_types\n@option_upgrade_boto\n@option_downgrade_sqlalchemy\n@option_collect_only\n@option_remove_arm_packages\n@option_skip_docker_compose_down\n@option_skip_provider_tests\n@option_enable_coverage\n@option_verbose\n@option_dry_run\n@option_github_repository\ndef command_for_db_tests(**kwargs):\n    _run_test_command(integration=(), run_in_parallel=True, use_xdist=False, skip_db_tests=False, run_db_tests_only=True, test_type='Default', db_reset=True, extra_pytest_args=(), **kwargs)",
        "mutated": [
            "@group_for_testing.command(name='db-tests', help='Run all (default) or specified DB-bound unit tests. This is a dedicated command that only runs DB tests and it runs them in parallel via splitting tests by test types into separate containers with separate database started for each container.', context_settings=dict(ignore_unknown_options=False, allow_extra_args=False))\n@option_python\n@option_backend\n@option_postgres_version\n@option_mysql_version\n@option_mssql_version\n@option_image_tag_for_running\n@option_use_airflow_version\n@option_mount_sources\n@option_test_timeout\n@option_parallelism\n@option_skip_cleanup\n@option_debug_resources\n@option_include_success_outputs\n@option_parallel_test_types\n@option_excluded_parallel_test_types\n@option_upgrade_boto\n@option_downgrade_sqlalchemy\n@option_collect_only\n@option_remove_arm_packages\n@option_skip_docker_compose_down\n@option_skip_provider_tests\n@option_enable_coverage\n@option_verbose\n@option_dry_run\n@option_github_repository\ndef command_for_db_tests(**kwargs):\n    if False:\n        i = 10\n    _run_test_command(integration=(), run_in_parallel=True, use_xdist=False, skip_db_tests=False, run_db_tests_only=True, test_type='Default', db_reset=True, extra_pytest_args=(), **kwargs)",
            "@group_for_testing.command(name='db-tests', help='Run all (default) or specified DB-bound unit tests. This is a dedicated command that only runs DB tests and it runs them in parallel via splitting tests by test types into separate containers with separate database started for each container.', context_settings=dict(ignore_unknown_options=False, allow_extra_args=False))\n@option_python\n@option_backend\n@option_postgres_version\n@option_mysql_version\n@option_mssql_version\n@option_image_tag_for_running\n@option_use_airflow_version\n@option_mount_sources\n@option_test_timeout\n@option_parallelism\n@option_skip_cleanup\n@option_debug_resources\n@option_include_success_outputs\n@option_parallel_test_types\n@option_excluded_parallel_test_types\n@option_upgrade_boto\n@option_downgrade_sqlalchemy\n@option_collect_only\n@option_remove_arm_packages\n@option_skip_docker_compose_down\n@option_skip_provider_tests\n@option_enable_coverage\n@option_verbose\n@option_dry_run\n@option_github_repository\ndef command_for_db_tests(**kwargs):\n    if False:\n        i = 10\n        while True:\n            print('Mutation')\n    _run_test_command(integration=(), run_in_parallel=True, use_xdist=False, skip_db_tests=False, run_db_tests_only=True, test_type='Default', db_reset=True, extra_pytest_args=(), **kwargs)",
            "@group_for_testing.command(name='db-tests', help='Run all (default) or specified DB-bound unit tests. This is a dedicated command that only runs DB tests and it runs them in parallel via splitting tests by test types into separate containers with separate database started for each container.', context_settings=dict(ignore_unknown_options=False, allow_extra_args=False))\n@option_python\n@option_backend\n@option_postgres_version\n@option_mysql_version\n@option_mssql_version\n@option_image_tag_for_running\n@option_use_airflow_version\n@option_mount_sources\n@option_test_timeout\n@option_parallelism\n@option_skip_cleanup\n@option_debug_resources\n@option_include_success_outputs\n@option_parallel_test_types\n@option_excluded_parallel_test_types\n@option_upgrade_boto\n@option_downgrade_sqlalchemy\n@option_collect_only\n@option_remove_arm_packages\n@option_skip_docker_compose_down\n@option_skip_provider_tests\n@option_enable_coverage\n@option_verbose\n@option_dry_run\n@option_github_repository\ndef command_for_db_tests(**kwargs):\n    if False:\n        i = 10\n        while True:\n            print('Mutation')\n        n = 10\n        dp = [0, 1]\n        for i in range(2, n + 1):\n            dp.append(dp[i - 1] + dp[i - 2])\n        print(dp[n])\n    _run_test_command(integration=(), run_in_parallel=True, use_xdist=False, skip_db_tests=False, run_db_tests_only=True, test_type='Default', db_reset=True, extra_pytest_args=(), **kwargs)",
            "@group_for_testing.command(name='db-tests', help='Run all (default) or specified DB-bound unit tests. This is a dedicated command that only runs DB tests and it runs them in parallel via splitting tests by test types into separate containers with separate database started for each container.', context_settings=dict(ignore_unknown_options=False, allow_extra_args=False))\n@option_python\n@option_backend\n@option_postgres_version\n@option_mysql_version\n@option_mssql_version\n@option_image_tag_for_running\n@option_use_airflow_version\n@option_mount_sources\n@option_test_timeout\n@option_parallelism\n@option_skip_cleanup\n@option_debug_resources\n@option_include_success_outputs\n@option_parallel_test_types\n@option_excluded_parallel_test_types\n@option_upgrade_boto\n@option_downgrade_sqlalchemy\n@option_collect_only\n@option_remove_arm_packages\n@option_skip_docker_compose_down\n@option_skip_provider_tests\n@option_enable_coverage\n@option_verbose\n@option_dry_run\n@option_github_repository\ndef command_for_db_tests(**kwargs):\n    if False:\n        i = 10\n        while True:\n            print('Mutation')\n        n = 10\n        dp = [0, 1]\n        for i in range(2, n + 1):\n            dp.append(dp[i - 1] + dp[i - 2])\n        print(dp[n])\n\n        def dfs(node):\n            if node == None:\n                return []\n            left = dfs(node.left)\n            right = dfs(node.right)\n    _run_test_command(integration=(), run_in_parallel=True, use_xdist=False, skip_db_tests=False, run_db_tests_only=True, test_type='Default', db_reset=True, extra_pytest_args=(), **kwargs)",
            "@group_for_testing.command(name='db-tests', help='Run all (default) or specified DB-bound unit tests. This is a dedicated command that only runs DB tests and it runs them in parallel via splitting tests by test types into separate containers with separate database started for each container.', context_settings=dict(ignore_unknown_options=False, allow_extra_args=False))\n@option_python\n@option_backend\n@option_postgres_version\n@option_mysql_version\n@option_mssql_version\n@option_image_tag_for_running\n@option_use_airflow_version\n@option_mount_sources\n@option_test_timeout\n@option_parallelism\n@option_skip_cleanup\n@option_debug_resources\n@option_include_success_outputs\n@option_parallel_test_types\n@option_excluded_parallel_test_types\n@option_upgrade_boto\n@option_downgrade_sqlalchemy\n@option_collect_only\n@option_remove_arm_packages\n@option_skip_docker_compose_down\n@option_skip_provider_tests\n@option_enable_coverage\n@option_verbose\n@option_dry_run\n@option_github_repository\ndef command_for_db_tests(**kwargs):\n    if False:\n        i = 10\n        while True:\n            print('Mutation')\n        dp = [0, 1]\n        for i in range(2, n + 1):\n            dp.append(dp[i - 1] + dp[i - 2])\n        print(dp[n])\n\n        def dfs(node):\n            if node == None:\n                return []\n            left = dfs(node.left)\n            right = dfs(node.right)\n        length = 15\n        if length <= 0:\n            return []\n        elif length == 1:\n            return [0]\n        sequence = [0, 1]\n        while len(sequence) < length:\n            next_value = sequence[-1] + sequence[-2]\n            sequence.append(next_value)\n        return sequence\n    _run_test_command(integration=(), run_in_parallel=True, use_xdist=False, skip_db_tests=False, run_db_tests_only=True, test_type='Default', db_reset=True, extra_pytest_args=(), **kwargs)"
        ]
    },
    {
        "func_name": "command_for_non_db_tests",
        "original": "@group_for_testing.command(name='non-db-tests', help='Run all (default) or specified Non-DB unit tests. This is a dedicated command that onlyruns Non-DB tests and it runs them in parallel via pytest-xdist in single container, with `none` backend set.', context_settings=dict(ignore_unknown_options=False, allow_extra_args=False))\n@option_python\n@option_image_tag_for_running\n@option_use_airflow_version\n@option_mount_sources\n@option_test_timeout\n@option_parallelism\n@option_skip_cleanup\n@option_debug_resources\n@option_include_success_outputs\n@option_parallel_test_types\n@option_excluded_parallel_test_types\n@option_upgrade_boto\n@option_downgrade_sqlalchemy\n@option_collect_only\n@option_remove_arm_packages\n@option_skip_docker_compose_down\n@option_skip_provider_tests\n@option_enable_coverage\n@option_verbose\n@option_dry_run\n@option_github_repository\ndef command_for_non_db_tests(**kwargs):\n    _run_test_command(integration=(), run_in_parallel=False, use_xdist=True, skip_db_tests=True, run_db_tests_only=False, test_type='Default', db_reset=False, backend='none', extra_pytest_args=(), **kwargs)",
        "mutated": [
            "@group_for_testing.command(name='non-db-tests', help='Run all (default) or specified Non-DB unit tests. This is a dedicated command that onlyruns Non-DB tests and it runs them in parallel via pytest-xdist in single container, with `none` backend set.', context_settings=dict(ignore_unknown_options=False, allow_extra_args=False))\n@option_python\n@option_image_tag_for_running\n@option_use_airflow_version\n@option_mount_sources\n@option_test_timeout\n@option_parallelism\n@option_skip_cleanup\n@option_debug_resources\n@option_include_success_outputs\n@option_parallel_test_types\n@option_excluded_parallel_test_types\n@option_upgrade_boto\n@option_downgrade_sqlalchemy\n@option_collect_only\n@option_remove_arm_packages\n@option_skip_docker_compose_down\n@option_skip_provider_tests\n@option_enable_coverage\n@option_verbose\n@option_dry_run\n@option_github_repository\ndef command_for_non_db_tests(**kwargs):\n    if False:\n        i = 10\n    _run_test_command(integration=(), run_in_parallel=False, use_xdist=True, skip_db_tests=True, run_db_tests_only=False, test_type='Default', db_reset=False, backend='none', extra_pytest_args=(), **kwargs)",
            "@group_for_testing.command(name='non-db-tests', help='Run all (default) or specified Non-DB unit tests. This is a dedicated command that onlyruns Non-DB tests and it runs them in parallel via pytest-xdist in single container, with `none` backend set.', context_settings=dict(ignore_unknown_options=False, allow_extra_args=False))\n@option_python\n@option_image_tag_for_running\n@option_use_airflow_version\n@option_mount_sources\n@option_test_timeout\n@option_parallelism\n@option_skip_cleanup\n@option_debug_resources\n@option_include_success_outputs\n@option_parallel_test_types\n@option_excluded_parallel_test_types\n@option_upgrade_boto\n@option_downgrade_sqlalchemy\n@option_collect_only\n@option_remove_arm_packages\n@option_skip_docker_compose_down\n@option_skip_provider_tests\n@option_enable_coverage\n@option_verbose\n@option_dry_run\n@option_github_repository\ndef command_for_non_db_tests(**kwargs):\n    if False:\n        i = 10\n        while True:\n            print('Mutation')\n    _run_test_command(integration=(), run_in_parallel=False, use_xdist=True, skip_db_tests=True, run_db_tests_only=False, test_type='Default', db_reset=False, backend='none', extra_pytest_args=(), **kwargs)",
            "@group_for_testing.command(name='non-db-tests', help='Run all (default) or specified Non-DB unit tests. This is a dedicated command that onlyruns Non-DB tests and it runs them in parallel via pytest-xdist in single container, with `none` backend set.', context_settings=dict(ignore_unknown_options=False, allow_extra_args=False))\n@option_python\n@option_image_tag_for_running\n@option_use_airflow_version\n@option_mount_sources\n@option_test_timeout\n@option_parallelism\n@option_skip_cleanup\n@option_debug_resources\n@option_include_success_outputs\n@option_parallel_test_types\n@option_excluded_parallel_test_types\n@option_upgrade_boto\n@option_downgrade_sqlalchemy\n@option_collect_only\n@option_remove_arm_packages\n@option_skip_docker_compose_down\n@option_skip_provider_tests\n@option_enable_coverage\n@option_verbose\n@option_dry_run\n@option_github_repository\ndef command_for_non_db_tests(**kwargs):\n    if False:\n        i = 10\n        while True:\n            print('Mutation')\n        n = 10\n        dp = [0, 1]\n        for i in range(2, n + 1):\n            dp.append(dp[i - 1] + dp[i - 2])\n        print(dp[n])\n    _run_test_command(integration=(), run_in_parallel=False, use_xdist=True, skip_db_tests=True, run_db_tests_only=False, test_type='Default', db_reset=False, backend='none', extra_pytest_args=(), **kwargs)",
            "@group_for_testing.command(name='non-db-tests', help='Run all (default) or specified Non-DB unit tests. This is a dedicated command that onlyruns Non-DB tests and it runs them in parallel via pytest-xdist in single container, with `none` backend set.', context_settings=dict(ignore_unknown_options=False, allow_extra_args=False))\n@option_python\n@option_image_tag_for_running\n@option_use_airflow_version\n@option_mount_sources\n@option_test_timeout\n@option_parallelism\n@option_skip_cleanup\n@option_debug_resources\n@option_include_success_outputs\n@option_parallel_test_types\n@option_excluded_parallel_test_types\n@option_upgrade_boto\n@option_downgrade_sqlalchemy\n@option_collect_only\n@option_remove_arm_packages\n@option_skip_docker_compose_down\n@option_skip_provider_tests\n@option_enable_coverage\n@option_verbose\n@option_dry_run\n@option_github_repository\ndef command_for_non_db_tests(**kwargs):\n    if False:\n        i = 10\n        while True:\n            print('Mutation')\n        n = 10\n        dp = [0, 1]\n        for i in range(2, n + 1):\n            dp.append(dp[i - 1] + dp[i - 2])\n        print(dp[n])\n\n        def dfs(node):\n            if node == None:\n                return []\n            left = dfs(node.left)\n            right = dfs(node.right)\n    _run_test_command(integration=(), run_in_parallel=False, use_xdist=True, skip_db_tests=True, run_db_tests_only=False, test_type='Default', db_reset=False, backend='none', extra_pytest_args=(), **kwargs)",
            "@group_for_testing.command(name='non-db-tests', help='Run all (default) or specified Non-DB unit tests. This is a dedicated command that onlyruns Non-DB tests and it runs them in parallel via pytest-xdist in single container, with `none` backend set.', context_settings=dict(ignore_unknown_options=False, allow_extra_args=False))\n@option_python\n@option_image_tag_for_running\n@option_use_airflow_version\n@option_mount_sources\n@option_test_timeout\n@option_parallelism\n@option_skip_cleanup\n@option_debug_resources\n@option_include_success_outputs\n@option_parallel_test_types\n@option_excluded_parallel_test_types\n@option_upgrade_boto\n@option_downgrade_sqlalchemy\n@option_collect_only\n@option_remove_arm_packages\n@option_skip_docker_compose_down\n@option_skip_provider_tests\n@option_enable_coverage\n@option_verbose\n@option_dry_run\n@option_github_repository\ndef command_for_non_db_tests(**kwargs):\n    if False:\n        i = 10\n        while True:\n            print('Mutation')\n        dp = [0, 1]\n        for i in range(2, n + 1):\n            dp.append(dp[i - 1] + dp[i - 2])\n        print(dp[n])\n\n        def dfs(node):\n            if node == None:\n                return []\n            left = dfs(node.left)\n            right = dfs(node.right)\n        length = 15\n        if length <= 0:\n            return []\n        elif length == 1:\n            return [0]\n        sequence = [0, 1]\n        while len(sequence) < length:\n            next_value = sequence[-1] + sequence[-2]\n            sequence.append(next_value)\n        return sequence\n    _run_test_command(integration=(), run_in_parallel=False, use_xdist=True, skip_db_tests=True, run_db_tests_only=False, test_type='Default', db_reset=False, backend='none', extra_pytest_args=(), **kwargs)"
        ]
    },
    {
        "func_name": "_run_test_command",
        "original": "def _run_test_command(*, backend: str, collect_only: bool, db_reset: bool, debug_resources: bool, downgrade_sqlalchemy: bool, enable_coverage: bool, excluded_parallel_test_types: str, extra_pytest_args: tuple, github_repository: str, image_tag: str | None, include_success_outputs: bool, integration: tuple[str, ...], mount_sources: str, parallel_test_types: str, parallelism: int, python: str, remove_arm_packages: bool, run_db_tests_only: bool, run_in_parallel: bool, skip_cleanup: bool, skip_db_tests: bool, skip_docker_compose_down: bool, skip_provider_tests: bool, test_timeout: int, test_type: str, upgrade_boto: bool, use_airflow_version: str | None, use_xdist: bool, mssql_version: str='', mysql_version: str='', postgres_version: str=''):\n    docker_filesystem = get_filesystem_type('/var/lib/docker')\n    get_console().print(f'Docker filesystem: {docker_filesystem}')\n    _verify_parallelism_parameters(excluded_parallel_test_types, run_db_tests_only, run_in_parallel, use_xdist)\n    test_list = parallel_test_types.split(' ')\n    excluded_test_list = excluded_parallel_test_types.split(' ')\n    if excluded_test_list:\n        test_list = [test for test in test_list if test not in excluded_test_list]\n    if skip_provider_tests or 'Providers' in excluded_test_list:\n        test_list = [test for test in test_list if not test.startswith('Providers')]\n    exec_shell_params = ShellParams(python=python, backend=backend, integration=integration, postgres_version=postgres_version, mysql_version=mysql_version, mssql_version=mssql_version, image_tag=image_tag, use_airflow_version=use_airflow_version, mount_sources=mount_sources, forward_ports=False, test_type=test_type, upgrade_boto=upgrade_boto, downgrade_sqlalchemy=downgrade_sqlalchemy, collect_only=collect_only, remove_arm_packages=remove_arm_packages, github_repository=github_repository, run_db_tests_only=run_db_tests_only, skip_db_tests=skip_db_tests, use_xdist=use_xdist, enable_coverage=enable_coverage, parallelism=parallelism, skip_provider_tests=skip_provider_tests, parallel_test_types_list=test_list)\n    rebuild_or_pull_ci_image_if_needed(command_params=exec_shell_params)\n    cleanup_python_generated_files()\n    perform_environment_checks()\n    if run_in_parallel:\n        if test_type != 'Default':\n            get_console().print(f'[error]You should not specify --test-type when --run-in-parallel is set[/]. Your test type = {test_type}\\n')\n            sys.exit(1)\n        run_tests_in_parallel(exec_shell_params=exec_shell_params, extra_pytest_args=extra_pytest_args, db_reset=db_reset, test_timeout=test_timeout, include_success_outputs=include_success_outputs, parallelism=parallelism, skip_cleanup=skip_cleanup, debug_resources=debug_resources, skio_docker_compose_down=skip_docker_compose_down)\n    else:\n        if exec_shell_params.test_type == 'Default':\n            if any([arg.startswith('tests') for arg in extra_pytest_args]):\n                exec_shell_params.test_type = 'None'\n                exec_shell_params.parallel_test_types_list = []\n            else:\n                exec_shell_params.test_type = 'All'\n        (returncode, _) = _run_test(exec_shell_params=exec_shell_params, extra_pytest_args=extra_pytest_args, db_reset=db_reset, output=None, test_timeout=test_timeout, output_outside_the_group=True, skip_docker_compose_down=skip_docker_compose_down)\n        sys.exit(returncode)",
        "mutated": [
            "def _run_test_command(*, backend: str, collect_only: bool, db_reset: bool, debug_resources: bool, downgrade_sqlalchemy: bool, enable_coverage: bool, excluded_parallel_test_types: str, extra_pytest_args: tuple, github_repository: str, image_tag: str | None, include_success_outputs: bool, integration: tuple[str, ...], mount_sources: str, parallel_test_types: str, parallelism: int, python: str, remove_arm_packages: bool, run_db_tests_only: bool, run_in_parallel: bool, skip_cleanup: bool, skip_db_tests: bool, skip_docker_compose_down: bool, skip_provider_tests: bool, test_timeout: int, test_type: str, upgrade_boto: bool, use_airflow_version: str | None, use_xdist: bool, mssql_version: str='', mysql_version: str='', postgres_version: str=''):\n    if False:\n        i = 10\n    docker_filesystem = get_filesystem_type('/var/lib/docker')\n    get_console().print(f'Docker filesystem: {docker_filesystem}')\n    _verify_parallelism_parameters(excluded_parallel_test_types, run_db_tests_only, run_in_parallel, use_xdist)\n    test_list = parallel_test_types.split(' ')\n    excluded_test_list = excluded_parallel_test_types.split(' ')\n    if excluded_test_list:\n        test_list = [test for test in test_list if test not in excluded_test_list]\n    if skip_provider_tests or 'Providers' in excluded_test_list:\n        test_list = [test for test in test_list if not test.startswith('Providers')]\n    exec_shell_params = ShellParams(python=python, backend=backend, integration=integration, postgres_version=postgres_version, mysql_version=mysql_version, mssql_version=mssql_version, image_tag=image_tag, use_airflow_version=use_airflow_version, mount_sources=mount_sources, forward_ports=False, test_type=test_type, upgrade_boto=upgrade_boto, downgrade_sqlalchemy=downgrade_sqlalchemy, collect_only=collect_only, remove_arm_packages=remove_arm_packages, github_repository=github_repository, run_db_tests_only=run_db_tests_only, skip_db_tests=skip_db_tests, use_xdist=use_xdist, enable_coverage=enable_coverage, parallelism=parallelism, skip_provider_tests=skip_provider_tests, parallel_test_types_list=test_list)\n    rebuild_or_pull_ci_image_if_needed(command_params=exec_shell_params)\n    cleanup_python_generated_files()\n    perform_environment_checks()\n    if run_in_parallel:\n        if test_type != 'Default':\n            get_console().print(f'[error]You should not specify --test-type when --run-in-parallel is set[/]. Your test type = {test_type}\\n')\n            sys.exit(1)\n        run_tests_in_parallel(exec_shell_params=exec_shell_params, extra_pytest_args=extra_pytest_args, db_reset=db_reset, test_timeout=test_timeout, include_success_outputs=include_success_outputs, parallelism=parallelism, skip_cleanup=skip_cleanup, debug_resources=debug_resources, skio_docker_compose_down=skip_docker_compose_down)\n    else:\n        if exec_shell_params.test_type == 'Default':\n            if any([arg.startswith('tests') for arg in extra_pytest_args]):\n                exec_shell_params.test_type = 'None'\n                exec_shell_params.parallel_test_types_list = []\n            else:\n                exec_shell_params.test_type = 'All'\n        (returncode, _) = _run_test(exec_shell_params=exec_shell_params, extra_pytest_args=extra_pytest_args, db_reset=db_reset, output=None, test_timeout=test_timeout, output_outside_the_group=True, skip_docker_compose_down=skip_docker_compose_down)\n        sys.exit(returncode)",
            "def _run_test_command(*, backend: str, collect_only: bool, db_reset: bool, debug_resources: bool, downgrade_sqlalchemy: bool, enable_coverage: bool, excluded_parallel_test_types: str, extra_pytest_args: tuple, github_repository: str, image_tag: str | None, include_success_outputs: bool, integration: tuple[str, ...], mount_sources: str, parallel_test_types: str, parallelism: int, python: str, remove_arm_packages: bool, run_db_tests_only: bool, run_in_parallel: bool, skip_cleanup: bool, skip_db_tests: bool, skip_docker_compose_down: bool, skip_provider_tests: bool, test_timeout: int, test_type: str, upgrade_boto: bool, use_airflow_version: str | None, use_xdist: bool, mssql_version: str='', mysql_version: str='', postgres_version: str=''):\n    if False:\n        i = 10\n        while True:\n            print('Mutation')\n    docker_filesystem = get_filesystem_type('/var/lib/docker')\n    get_console().print(f'Docker filesystem: {docker_filesystem}')\n    _verify_parallelism_parameters(excluded_parallel_test_types, run_db_tests_only, run_in_parallel, use_xdist)\n    test_list = parallel_test_types.split(' ')\n    excluded_test_list = excluded_parallel_test_types.split(' ')\n    if excluded_test_list:\n        test_list = [test for test in test_list if test not in excluded_test_list]\n    if skip_provider_tests or 'Providers' in excluded_test_list:\n        test_list = [test for test in test_list if not test.startswith('Providers')]\n    exec_shell_params = ShellParams(python=python, backend=backend, integration=integration, postgres_version=postgres_version, mysql_version=mysql_version, mssql_version=mssql_version, image_tag=image_tag, use_airflow_version=use_airflow_version, mount_sources=mount_sources, forward_ports=False, test_type=test_type, upgrade_boto=upgrade_boto, downgrade_sqlalchemy=downgrade_sqlalchemy, collect_only=collect_only, remove_arm_packages=remove_arm_packages, github_repository=github_repository, run_db_tests_only=run_db_tests_only, skip_db_tests=skip_db_tests, use_xdist=use_xdist, enable_coverage=enable_coverage, parallelism=parallelism, skip_provider_tests=skip_provider_tests, parallel_test_types_list=test_list)\n    rebuild_or_pull_ci_image_if_needed(command_params=exec_shell_params)\n    cleanup_python_generated_files()\n    perform_environment_checks()\n    if run_in_parallel:\n        if test_type != 'Default':\n            get_console().print(f'[error]You should not specify --test-type when --run-in-parallel is set[/]. Your test type = {test_type}\\n')\n            sys.exit(1)\n        run_tests_in_parallel(exec_shell_params=exec_shell_params, extra_pytest_args=extra_pytest_args, db_reset=db_reset, test_timeout=test_timeout, include_success_outputs=include_success_outputs, parallelism=parallelism, skip_cleanup=skip_cleanup, debug_resources=debug_resources, skio_docker_compose_down=skip_docker_compose_down)\n    else:\n        if exec_shell_params.test_type == 'Default':\n            if any([arg.startswith('tests') for arg in extra_pytest_args]):\n                exec_shell_params.test_type = 'None'\n                exec_shell_params.parallel_test_types_list = []\n            else:\n                exec_shell_params.test_type = 'All'\n        (returncode, _) = _run_test(exec_shell_params=exec_shell_params, extra_pytest_args=extra_pytest_args, db_reset=db_reset, output=None, test_timeout=test_timeout, output_outside_the_group=True, skip_docker_compose_down=skip_docker_compose_down)\n        sys.exit(returncode)",
            "def _run_test_command(*, backend: str, collect_only: bool, db_reset: bool, debug_resources: bool, downgrade_sqlalchemy: bool, enable_coverage: bool, excluded_parallel_test_types: str, extra_pytest_args: tuple, github_repository: str, image_tag: str | None, include_success_outputs: bool, integration: tuple[str, ...], mount_sources: str, parallel_test_types: str, parallelism: int, python: str, remove_arm_packages: bool, run_db_tests_only: bool, run_in_parallel: bool, skip_cleanup: bool, skip_db_tests: bool, skip_docker_compose_down: bool, skip_provider_tests: bool, test_timeout: int, test_type: str, upgrade_boto: bool, use_airflow_version: str | None, use_xdist: bool, mssql_version: str='', mysql_version: str='', postgres_version: str=''):\n    if False:\n        i = 10\n        while True:\n            print('Mutation')\n        n = 10\n        dp = [0, 1]\n        for i in range(2, n + 1):\n            dp.append(dp[i - 1] + dp[i - 2])\n        print(dp[n])\n    docker_filesystem = get_filesystem_type('/var/lib/docker')\n    get_console().print(f'Docker filesystem: {docker_filesystem}')\n    _verify_parallelism_parameters(excluded_parallel_test_types, run_db_tests_only, run_in_parallel, use_xdist)\n    test_list = parallel_test_types.split(' ')\n    excluded_test_list = excluded_parallel_test_types.split(' ')\n    if excluded_test_list:\n        test_list = [test for test in test_list if test not in excluded_test_list]\n    if skip_provider_tests or 'Providers' in excluded_test_list:\n        test_list = [test for test in test_list if not test.startswith('Providers')]\n    exec_shell_params = ShellParams(python=python, backend=backend, integration=integration, postgres_version=postgres_version, mysql_version=mysql_version, mssql_version=mssql_version, image_tag=image_tag, use_airflow_version=use_airflow_version, mount_sources=mount_sources, forward_ports=False, test_type=test_type, upgrade_boto=upgrade_boto, downgrade_sqlalchemy=downgrade_sqlalchemy, collect_only=collect_only, remove_arm_packages=remove_arm_packages, github_repository=github_repository, run_db_tests_only=run_db_tests_only, skip_db_tests=skip_db_tests, use_xdist=use_xdist, enable_coverage=enable_coverage, parallelism=parallelism, skip_provider_tests=skip_provider_tests, parallel_test_types_list=test_list)\n    rebuild_or_pull_ci_image_if_needed(command_params=exec_shell_params)\n    cleanup_python_generated_files()\n    perform_environment_checks()\n    if run_in_parallel:\n        if test_type != 'Default':\n            get_console().print(f'[error]You should not specify --test-type when --run-in-parallel is set[/]. Your test type = {test_type}\\n')\n            sys.exit(1)\n        run_tests_in_parallel(exec_shell_params=exec_shell_params, extra_pytest_args=extra_pytest_args, db_reset=db_reset, test_timeout=test_timeout, include_success_outputs=include_success_outputs, parallelism=parallelism, skip_cleanup=skip_cleanup, debug_resources=debug_resources, skio_docker_compose_down=skip_docker_compose_down)\n    else:\n        if exec_shell_params.test_type == 'Default':\n            if any([arg.startswith('tests') for arg in extra_pytest_args]):\n                exec_shell_params.test_type = 'None'\n                exec_shell_params.parallel_test_types_list = []\n            else:\n                exec_shell_params.test_type = 'All'\n        (returncode, _) = _run_test(exec_shell_params=exec_shell_params, extra_pytest_args=extra_pytest_args, db_reset=db_reset, output=None, test_timeout=test_timeout, output_outside_the_group=True, skip_docker_compose_down=skip_docker_compose_down)\n        sys.exit(returncode)",
            "def _run_test_command(*, backend: str, collect_only: bool, db_reset: bool, debug_resources: bool, downgrade_sqlalchemy: bool, enable_coverage: bool, excluded_parallel_test_types: str, extra_pytest_args: tuple, github_repository: str, image_tag: str | None, include_success_outputs: bool, integration: tuple[str, ...], mount_sources: str, parallel_test_types: str, parallelism: int, python: str, remove_arm_packages: bool, run_db_tests_only: bool, run_in_parallel: bool, skip_cleanup: bool, skip_db_tests: bool, skip_docker_compose_down: bool, skip_provider_tests: bool, test_timeout: int, test_type: str, upgrade_boto: bool, use_airflow_version: str | None, use_xdist: bool, mssql_version: str='', mysql_version: str='', postgres_version: str=''):\n    if False:\n        i = 10\n        while True:\n            print('Mutation')\n        n = 10\n        dp = [0, 1]\n        for i in range(2, n + 1):\n            dp.append(dp[i - 1] + dp[i - 2])\n        print(dp[n])\n\n        def dfs(node):\n            if node == None:\n                return []\n            left = dfs(node.left)\n            right = dfs(node.right)\n    docker_filesystem = get_filesystem_type('/var/lib/docker')\n    get_console().print(f'Docker filesystem: {docker_filesystem}')\n    _verify_parallelism_parameters(excluded_parallel_test_types, run_db_tests_only, run_in_parallel, use_xdist)\n    test_list = parallel_test_types.split(' ')\n    excluded_test_list = excluded_parallel_test_types.split(' ')\n    if excluded_test_list:\n        test_list = [test for test in test_list if test not in excluded_test_list]\n    if skip_provider_tests or 'Providers' in excluded_test_list:\n        test_list = [test for test in test_list if not test.startswith('Providers')]\n    exec_shell_params = ShellParams(python=python, backend=backend, integration=integration, postgres_version=postgres_version, mysql_version=mysql_version, mssql_version=mssql_version, image_tag=image_tag, use_airflow_version=use_airflow_version, mount_sources=mount_sources, forward_ports=False, test_type=test_type, upgrade_boto=upgrade_boto, downgrade_sqlalchemy=downgrade_sqlalchemy, collect_only=collect_only, remove_arm_packages=remove_arm_packages, github_repository=github_repository, run_db_tests_only=run_db_tests_only, skip_db_tests=skip_db_tests, use_xdist=use_xdist, enable_coverage=enable_coverage, parallelism=parallelism, skip_provider_tests=skip_provider_tests, parallel_test_types_list=test_list)\n    rebuild_or_pull_ci_image_if_needed(command_params=exec_shell_params)\n    cleanup_python_generated_files()\n    perform_environment_checks()\n    if run_in_parallel:\n        if test_type != 'Default':\n            get_console().print(f'[error]You should not specify --test-type when --run-in-parallel is set[/]. Your test type = {test_type}\\n')\n            sys.exit(1)\n        run_tests_in_parallel(exec_shell_params=exec_shell_params, extra_pytest_args=extra_pytest_args, db_reset=db_reset, test_timeout=test_timeout, include_success_outputs=include_success_outputs, parallelism=parallelism, skip_cleanup=skip_cleanup, debug_resources=debug_resources, skio_docker_compose_down=skip_docker_compose_down)\n    else:\n        if exec_shell_params.test_type == 'Default':\n            if any([arg.startswith('tests') for arg in extra_pytest_args]):\n                exec_shell_params.test_type = 'None'\n                exec_shell_params.parallel_test_types_list = []\n            else:\n                exec_shell_params.test_type = 'All'\n        (returncode, _) = _run_test(exec_shell_params=exec_shell_params, extra_pytest_args=extra_pytest_args, db_reset=db_reset, output=None, test_timeout=test_timeout, output_outside_the_group=True, skip_docker_compose_down=skip_docker_compose_down)\n        sys.exit(returncode)",
            "def _run_test_command(*, backend: str, collect_only: bool, db_reset: bool, debug_resources: bool, downgrade_sqlalchemy: bool, enable_coverage: bool, excluded_parallel_test_types: str, extra_pytest_args: tuple, github_repository: str, image_tag: str | None, include_success_outputs: bool, integration: tuple[str, ...], mount_sources: str, parallel_test_types: str, parallelism: int, python: str, remove_arm_packages: bool, run_db_tests_only: bool, run_in_parallel: bool, skip_cleanup: bool, skip_db_tests: bool, skip_docker_compose_down: bool, skip_provider_tests: bool, test_timeout: int, test_type: str, upgrade_boto: bool, use_airflow_version: str | None, use_xdist: bool, mssql_version: str='', mysql_version: str='', postgres_version: str=''):\n    if False:\n        i = 10\n        while True:\n            print('Mutation')\n        dp = [0, 1]\n        for i in range(2, n + 1):\n            dp.append(dp[i - 1] + dp[i - 2])\n        print(dp[n])\n\n        def dfs(node):\n            if node == None:\n                return []\n            left = dfs(node.left)\n            right = dfs(node.right)\n        length = 15\n        if length <= 0:\n            return []\n        elif length == 1:\n            return [0]\n        sequence = [0, 1]\n        while len(sequence) < length:\n            next_value = sequence[-1] + sequence[-2]\n            sequence.append(next_value)\n        return sequence\n    docker_filesystem = get_filesystem_type('/var/lib/docker')\n    get_console().print(f'Docker filesystem: {docker_filesystem}')\n    _verify_parallelism_parameters(excluded_parallel_test_types, run_db_tests_only, run_in_parallel, use_xdist)\n    test_list = parallel_test_types.split(' ')\n    excluded_test_list = excluded_parallel_test_types.split(' ')\n    if excluded_test_list:\n        test_list = [test for test in test_list if test not in excluded_test_list]\n    if skip_provider_tests or 'Providers' in excluded_test_list:\n        test_list = [test for test in test_list if not test.startswith('Providers')]\n    exec_shell_params = ShellParams(python=python, backend=backend, integration=integration, postgres_version=postgres_version, mysql_version=mysql_version, mssql_version=mssql_version, image_tag=image_tag, use_airflow_version=use_airflow_version, mount_sources=mount_sources, forward_ports=False, test_type=test_type, upgrade_boto=upgrade_boto, downgrade_sqlalchemy=downgrade_sqlalchemy, collect_only=collect_only, remove_arm_packages=remove_arm_packages, github_repository=github_repository, run_db_tests_only=run_db_tests_only, skip_db_tests=skip_db_tests, use_xdist=use_xdist, enable_coverage=enable_coverage, parallelism=parallelism, skip_provider_tests=skip_provider_tests, parallel_test_types_list=test_list)\n    rebuild_or_pull_ci_image_if_needed(command_params=exec_shell_params)\n    cleanup_python_generated_files()\n    perform_environment_checks()\n    if run_in_parallel:\n        if test_type != 'Default':\n            get_console().print(f'[error]You should not specify --test-type when --run-in-parallel is set[/]. Your test type = {test_type}\\n')\n            sys.exit(1)\n        run_tests_in_parallel(exec_shell_params=exec_shell_params, extra_pytest_args=extra_pytest_args, db_reset=db_reset, test_timeout=test_timeout, include_success_outputs=include_success_outputs, parallelism=parallelism, skip_cleanup=skip_cleanup, debug_resources=debug_resources, skio_docker_compose_down=skip_docker_compose_down)\n    else:\n        if exec_shell_params.test_type == 'Default':\n            if any([arg.startswith('tests') for arg in extra_pytest_args]):\n                exec_shell_params.test_type = 'None'\n                exec_shell_params.parallel_test_types_list = []\n            else:\n                exec_shell_params.test_type = 'All'\n        (returncode, _) = _run_test(exec_shell_params=exec_shell_params, extra_pytest_args=extra_pytest_args, db_reset=db_reset, output=None, test_timeout=test_timeout, output_outside_the_group=True, skip_docker_compose_down=skip_docker_compose_down)\n        sys.exit(returncode)"
        ]
    },
    {
        "func_name": "integration_tests",
        "original": "@group_for_testing.command(name='integration-tests', help='Run the specified integration tests.', context_settings=dict(ignore_unknown_options=True, allow_extra_args=True))\n@option_python\n@option_backend\n@option_postgres_version\n@option_mysql_version\n@option_mssql_version\n@option_image_tag_for_running\n@option_mount_sources\n@option_integration\n@option_enable_coverage\n@option_github_repository\n@click.option('--test-timeout', help='Test timeout. Set the pytest setup, execution and teardown timeouts to this value', default=60, type=IntRange(min=0), show_default=True)\n@option_skip_provider_tests\n@option_db_reset\n@option_verbose\n@option_dry_run\n@click.argument('extra_pytest_args', nargs=-1, type=click.UNPROCESSED)\ndef integration_tests(python: str, backend: str, postgres_version: str, mysql_version: str, mssql_version: str, integration: tuple, github_repository: str, test_timeout: int, skip_provider_tests: bool, db_reset: bool, image_tag: str | None, mount_sources: str, extra_pytest_args: tuple, enable_coverage: bool):\n    docker_filesystem = get_filesystem_type('/var/lib/docker')\n    get_console().print(f'Docker filesystem: {docker_filesystem}')\n    exec_shell_params = ShellParams(python=python, backend=backend, integration=integration, postgres_version=postgres_version, mysql_version=mysql_version, mssql_version=mssql_version, image_tag=image_tag, mount_sources=mount_sources, forward_ports=False, test_type='Integration', skip_provider_tests=skip_provider_tests, github_repository=github_repository, enable_coverage=enable_coverage)\n    cleanup_python_generated_files()\n    perform_environment_checks()\n    (returncode, _) = _run_test(exec_shell_params=exec_shell_params, extra_pytest_args=extra_pytest_args, db_reset=db_reset, output=None, test_timeout=test_timeout, output_outside_the_group=True)\n    sys.exit(returncode)",
        "mutated": [
            "@group_for_testing.command(name='integration-tests', help='Run the specified integration tests.', context_settings=dict(ignore_unknown_options=True, allow_extra_args=True))\n@option_python\n@option_backend\n@option_postgres_version\n@option_mysql_version\n@option_mssql_version\n@option_image_tag_for_running\n@option_mount_sources\n@option_integration\n@option_enable_coverage\n@option_github_repository\n@click.option('--test-timeout', help='Test timeout. Set the pytest setup, execution and teardown timeouts to this value', default=60, type=IntRange(min=0), show_default=True)\n@option_skip_provider_tests\n@option_db_reset\n@option_verbose\n@option_dry_run\n@click.argument('extra_pytest_args', nargs=-1, type=click.UNPROCESSED)\ndef integration_tests(python: str, backend: str, postgres_version: str, mysql_version: str, mssql_version: str, integration: tuple, github_repository: str, test_timeout: int, skip_provider_tests: bool, db_reset: bool, image_tag: str | None, mount_sources: str, extra_pytest_args: tuple, enable_coverage: bool):\n    if False:\n        i = 10\n    docker_filesystem = get_filesystem_type('/var/lib/docker')\n    get_console().print(f'Docker filesystem: {docker_filesystem}')\n    exec_shell_params = ShellParams(python=python, backend=backend, integration=integration, postgres_version=postgres_version, mysql_version=mysql_version, mssql_version=mssql_version, image_tag=image_tag, mount_sources=mount_sources, forward_ports=False, test_type='Integration', skip_provider_tests=skip_provider_tests, github_repository=github_repository, enable_coverage=enable_coverage)\n    cleanup_python_generated_files()\n    perform_environment_checks()\n    (returncode, _) = _run_test(exec_shell_params=exec_shell_params, extra_pytest_args=extra_pytest_args, db_reset=db_reset, output=None, test_timeout=test_timeout, output_outside_the_group=True)\n    sys.exit(returncode)",
            "@group_for_testing.command(name='integration-tests', help='Run the specified integration tests.', context_settings=dict(ignore_unknown_options=True, allow_extra_args=True))\n@option_python\n@option_backend\n@option_postgres_version\n@option_mysql_version\n@option_mssql_version\n@option_image_tag_for_running\n@option_mount_sources\n@option_integration\n@option_enable_coverage\n@option_github_repository\n@click.option('--test-timeout', help='Test timeout. Set the pytest setup, execution and teardown timeouts to this value', default=60, type=IntRange(min=0), show_default=True)\n@option_skip_provider_tests\n@option_db_reset\n@option_verbose\n@option_dry_run\n@click.argument('extra_pytest_args', nargs=-1, type=click.UNPROCESSED)\ndef integration_tests(python: str, backend: str, postgres_version: str, mysql_version: str, mssql_version: str, integration: tuple, github_repository: str, test_timeout: int, skip_provider_tests: bool, db_reset: bool, image_tag: str | None, mount_sources: str, extra_pytest_args: tuple, enable_coverage: bool):\n    if False:\n        i = 10\n        while True:\n            print('Mutation')\n    docker_filesystem = get_filesystem_type('/var/lib/docker')\n    get_console().print(f'Docker filesystem: {docker_filesystem}')\n    exec_shell_params = ShellParams(python=python, backend=backend, integration=integration, postgres_version=postgres_version, mysql_version=mysql_version, mssql_version=mssql_version, image_tag=image_tag, mount_sources=mount_sources, forward_ports=False, test_type='Integration', skip_provider_tests=skip_provider_tests, github_repository=github_repository, enable_coverage=enable_coverage)\n    cleanup_python_generated_files()\n    perform_environment_checks()\n    (returncode, _) = _run_test(exec_shell_params=exec_shell_params, extra_pytest_args=extra_pytest_args, db_reset=db_reset, output=None, test_timeout=test_timeout, output_outside_the_group=True)\n    sys.exit(returncode)",
            "@group_for_testing.command(name='integration-tests', help='Run the specified integration tests.', context_settings=dict(ignore_unknown_options=True, allow_extra_args=True))\n@option_python\n@option_backend\n@option_postgres_version\n@option_mysql_version\n@option_mssql_version\n@option_image_tag_for_running\n@option_mount_sources\n@option_integration\n@option_enable_coverage\n@option_github_repository\n@click.option('--test-timeout', help='Test timeout. Set the pytest setup, execution and teardown timeouts to this value', default=60, type=IntRange(min=0), show_default=True)\n@option_skip_provider_tests\n@option_db_reset\n@option_verbose\n@option_dry_run\n@click.argument('extra_pytest_args', nargs=-1, type=click.UNPROCESSED)\ndef integration_tests(python: str, backend: str, postgres_version: str, mysql_version: str, mssql_version: str, integration: tuple, github_repository: str, test_timeout: int, skip_provider_tests: bool, db_reset: bool, image_tag: str | None, mount_sources: str, extra_pytest_args: tuple, enable_coverage: bool):\n    if False:\n        i = 10\n        while True:\n            print('Mutation')\n        n = 10\n        dp = [0, 1]\n        for i in range(2, n + 1):\n            dp.append(dp[i - 1] + dp[i - 2])\n        print(dp[n])\n    docker_filesystem = get_filesystem_type('/var/lib/docker')\n    get_console().print(f'Docker filesystem: {docker_filesystem}')\n    exec_shell_params = ShellParams(python=python, backend=backend, integration=integration, postgres_version=postgres_version, mysql_version=mysql_version, mssql_version=mssql_version, image_tag=image_tag, mount_sources=mount_sources, forward_ports=False, test_type='Integration', skip_provider_tests=skip_provider_tests, github_repository=github_repository, enable_coverage=enable_coverage)\n    cleanup_python_generated_files()\n    perform_environment_checks()\n    (returncode, _) = _run_test(exec_shell_params=exec_shell_params, extra_pytest_args=extra_pytest_args, db_reset=db_reset, output=None, test_timeout=test_timeout, output_outside_the_group=True)\n    sys.exit(returncode)",
            "@group_for_testing.command(name='integration-tests', help='Run the specified integration tests.', context_settings=dict(ignore_unknown_options=True, allow_extra_args=True))\n@option_python\n@option_backend\n@option_postgres_version\n@option_mysql_version\n@option_mssql_version\n@option_image_tag_for_running\n@option_mount_sources\n@option_integration\n@option_enable_coverage\n@option_github_repository\n@click.option('--test-timeout', help='Test timeout. Set the pytest setup, execution and teardown timeouts to this value', default=60, type=IntRange(min=0), show_default=True)\n@option_skip_provider_tests\n@option_db_reset\n@option_verbose\n@option_dry_run\n@click.argument('extra_pytest_args', nargs=-1, type=click.UNPROCESSED)\ndef integration_tests(python: str, backend: str, postgres_version: str, mysql_version: str, mssql_version: str, integration: tuple, github_repository: str, test_timeout: int, skip_provider_tests: bool, db_reset: bool, image_tag: str | None, mount_sources: str, extra_pytest_args: tuple, enable_coverage: bool):\n    if False:\n        i = 10\n        while True:\n            print('Mutation')\n        n = 10\n        dp = [0, 1]\n        for i in range(2, n + 1):\n            dp.append(dp[i - 1] + dp[i - 2])\n        print(dp[n])\n\n        def dfs(node):\n            if node == None:\n                return []\n            left = dfs(node.left)\n            right = dfs(node.right)\n    docker_filesystem = get_filesystem_type('/var/lib/docker')\n    get_console().print(f'Docker filesystem: {docker_filesystem}')\n    exec_shell_params = ShellParams(python=python, backend=backend, integration=integration, postgres_version=postgres_version, mysql_version=mysql_version, mssql_version=mssql_version, image_tag=image_tag, mount_sources=mount_sources, forward_ports=False, test_type='Integration', skip_provider_tests=skip_provider_tests, github_repository=github_repository, enable_coverage=enable_coverage)\n    cleanup_python_generated_files()\n    perform_environment_checks()\n    (returncode, _) = _run_test(exec_shell_params=exec_shell_params, extra_pytest_args=extra_pytest_args, db_reset=db_reset, output=None, test_timeout=test_timeout, output_outside_the_group=True)\n    sys.exit(returncode)",
            "@group_for_testing.command(name='integration-tests', help='Run the specified integration tests.', context_settings=dict(ignore_unknown_options=True, allow_extra_args=True))\n@option_python\n@option_backend\n@option_postgres_version\n@option_mysql_version\n@option_mssql_version\n@option_image_tag_for_running\n@option_mount_sources\n@option_integration\n@option_enable_coverage\n@option_github_repository\n@click.option('--test-timeout', help='Test timeout. Set the pytest setup, execution and teardown timeouts to this value', default=60, type=IntRange(min=0), show_default=True)\n@option_skip_provider_tests\n@option_db_reset\n@option_verbose\n@option_dry_run\n@click.argument('extra_pytest_args', nargs=-1, type=click.UNPROCESSED)\ndef integration_tests(python: str, backend: str, postgres_version: str, mysql_version: str, mssql_version: str, integration: tuple, github_repository: str, test_timeout: int, skip_provider_tests: bool, db_reset: bool, image_tag: str | None, mount_sources: str, extra_pytest_args: tuple, enable_coverage: bool):\n    if False:\n        i = 10\n        while True:\n            print('Mutation')\n        dp = [0, 1]\n        for i in range(2, n + 1):\n            dp.append(dp[i - 1] + dp[i - 2])\n        print(dp[n])\n\n        def dfs(node):\n            if node == None:\n                return []\n            left = dfs(node.left)\n            right = dfs(node.right)\n        length = 15\n        if length <= 0:\n            return []\n        elif length == 1:\n            return [0]\n        sequence = [0, 1]\n        while len(sequence) < length:\n            next_value = sequence[-1] + sequence[-2]\n            sequence.append(next_value)\n        return sequence\n    docker_filesystem = get_filesystem_type('/var/lib/docker')\n    get_console().print(f'Docker filesystem: {docker_filesystem}')\n    exec_shell_params = ShellParams(python=python, backend=backend, integration=integration, postgres_version=postgres_version, mysql_version=mysql_version, mssql_version=mssql_version, image_tag=image_tag, mount_sources=mount_sources, forward_ports=False, test_type='Integration', skip_provider_tests=skip_provider_tests, github_repository=github_repository, enable_coverage=enable_coverage)\n    cleanup_python_generated_files()\n    perform_environment_checks()\n    (returncode, _) = _run_test(exec_shell_params=exec_shell_params, extra_pytest_args=extra_pytest_args, db_reset=db_reset, output=None, test_timeout=test_timeout, output_outside_the_group=True)\n    sys.exit(returncode)"
        ]
    },
    {
        "func_name": "helm_tests",
        "original": "@group_for_testing.command(name='helm-tests', help='Run Helm chart tests.', context_settings=dict(ignore_unknown_options=True, allow_extra_args=True))\n@option_image_tag_for_running\n@option_mount_sources\n@option_github_repository\n@option_test_timeout\n@option_parallelism\n@option_use_xdist\n@option_verbose\n@option_dry_run\n@click.option('--helm-test-package', help='Package to tests', default='all', type=BetterChoice(ALLOWED_HELM_TEST_PACKAGES))\n@click.argument('extra_pytest_args', nargs=-1, type=click.UNPROCESSED)\ndef helm_tests(extra_pytest_args: tuple, image_tag: str | None, mount_sources: str, helm_test_package: str, github_repository: str, test_timeout: int, parallelism: int, use_xdist: bool):\n    exec_shell_params = ShellParams(image_tag=image_tag, mount_sources=mount_sources, github_repository=github_repository)\n    env_variables = get_env_variables_for_docker_commands(exec_shell_params)\n    env_variables['RUN_TESTS'] = 'true'\n    env_variables['TEST_TYPE'] = 'Helm'\n    if helm_test_package != 'all':\n        env_variables['HELM_TEST_PACKAGE'] = helm_test_package\n    perform_environment_checks()\n    cleanup_python_generated_files()\n    pytest_args = generate_args_for_pytest(test_type='Helm', test_timeout=test_timeout, skip_provider_tests=True, skip_db_tests=False, run_db_tests_only=False, backend='none', use_xdist=use_xdist, enable_coverage=False, collect_only=False, parallelism=parallelism, parallel_test_types_list=[], helm_test_package=helm_test_package)\n    cmd = ['docker', 'compose', 'run', '--service-ports', '--rm', 'airflow', *pytest_args, *extra_pytest_args]\n    result = run_command(cmd, env=env_variables, check=False, output_outside_the_group=True)\n    sys.exit(result.returncode)",
        "mutated": [
            "@group_for_testing.command(name='helm-tests', help='Run Helm chart tests.', context_settings=dict(ignore_unknown_options=True, allow_extra_args=True))\n@option_image_tag_for_running\n@option_mount_sources\n@option_github_repository\n@option_test_timeout\n@option_parallelism\n@option_use_xdist\n@option_verbose\n@option_dry_run\n@click.option('--helm-test-package', help='Package to tests', default='all', type=BetterChoice(ALLOWED_HELM_TEST_PACKAGES))\n@click.argument('extra_pytest_args', nargs=-1, type=click.UNPROCESSED)\ndef helm_tests(extra_pytest_args: tuple, image_tag: str | None, mount_sources: str, helm_test_package: str, github_repository: str, test_timeout: int, parallelism: int, use_xdist: bool):\n    if False:\n        i = 10\n    exec_shell_params = ShellParams(image_tag=image_tag, mount_sources=mount_sources, github_repository=github_repository)\n    env_variables = get_env_variables_for_docker_commands(exec_shell_params)\n    env_variables['RUN_TESTS'] = 'true'\n    env_variables['TEST_TYPE'] = 'Helm'\n    if helm_test_package != 'all':\n        env_variables['HELM_TEST_PACKAGE'] = helm_test_package\n    perform_environment_checks()\n    cleanup_python_generated_files()\n    pytest_args = generate_args_for_pytest(test_type='Helm', test_timeout=test_timeout, skip_provider_tests=True, skip_db_tests=False, run_db_tests_only=False, backend='none', use_xdist=use_xdist, enable_coverage=False, collect_only=False, parallelism=parallelism, parallel_test_types_list=[], helm_test_package=helm_test_package)\n    cmd = ['docker', 'compose', 'run', '--service-ports', '--rm', 'airflow', *pytest_args, *extra_pytest_args]\n    result = run_command(cmd, env=env_variables, check=False, output_outside_the_group=True)\n    sys.exit(result.returncode)",
            "@group_for_testing.command(name='helm-tests', help='Run Helm chart tests.', context_settings=dict(ignore_unknown_options=True, allow_extra_args=True))\n@option_image_tag_for_running\n@option_mount_sources\n@option_github_repository\n@option_test_timeout\n@option_parallelism\n@option_use_xdist\n@option_verbose\n@option_dry_run\n@click.option('--helm-test-package', help='Package to tests', default='all', type=BetterChoice(ALLOWED_HELM_TEST_PACKAGES))\n@click.argument('extra_pytest_args', nargs=-1, type=click.UNPROCESSED)\ndef helm_tests(extra_pytest_args: tuple, image_tag: str | None, mount_sources: str, helm_test_package: str, github_repository: str, test_timeout: int, parallelism: int, use_xdist: bool):\n    if False:\n        i = 10\n        while True:\n            print('Mutation')\n    exec_shell_params = ShellParams(image_tag=image_tag, mount_sources=mount_sources, github_repository=github_repository)\n    env_variables = get_env_variables_for_docker_commands(exec_shell_params)\n    env_variables['RUN_TESTS'] = 'true'\n    env_variables['TEST_TYPE'] = 'Helm'\n    if helm_test_package != 'all':\n        env_variables['HELM_TEST_PACKAGE'] = helm_test_package\n    perform_environment_checks()\n    cleanup_python_generated_files()\n    pytest_args = generate_args_for_pytest(test_type='Helm', test_timeout=test_timeout, skip_provider_tests=True, skip_db_tests=False, run_db_tests_only=False, backend='none', use_xdist=use_xdist, enable_coverage=False, collect_only=False, parallelism=parallelism, parallel_test_types_list=[], helm_test_package=helm_test_package)\n    cmd = ['docker', 'compose', 'run', '--service-ports', '--rm', 'airflow', *pytest_args, *extra_pytest_args]\n    result = run_command(cmd, env=env_variables, check=False, output_outside_the_group=True)\n    sys.exit(result.returncode)",
            "@group_for_testing.command(name='helm-tests', help='Run Helm chart tests.', context_settings=dict(ignore_unknown_options=True, allow_extra_args=True))\n@option_image_tag_for_running\n@option_mount_sources\n@option_github_repository\n@option_test_timeout\n@option_parallelism\n@option_use_xdist\n@option_verbose\n@option_dry_run\n@click.option('--helm-test-package', help='Package to tests', default='all', type=BetterChoice(ALLOWED_HELM_TEST_PACKAGES))\n@click.argument('extra_pytest_args', nargs=-1, type=click.UNPROCESSED)\ndef helm_tests(extra_pytest_args: tuple, image_tag: str | None, mount_sources: str, helm_test_package: str, github_repository: str, test_timeout: int, parallelism: int, use_xdist: bool):\n    if False:\n        i = 10\n        while True:\n            print('Mutation')\n        n = 10\n        dp = [0, 1]\n        for i in range(2, n + 1):\n            dp.append(dp[i - 1] + dp[i - 2])\n        print(dp[n])\n    exec_shell_params = ShellParams(image_tag=image_tag, mount_sources=mount_sources, github_repository=github_repository)\n    env_variables = get_env_variables_for_docker_commands(exec_shell_params)\n    env_variables['RUN_TESTS'] = 'true'\n    env_variables['TEST_TYPE'] = 'Helm'\n    if helm_test_package != 'all':\n        env_variables['HELM_TEST_PACKAGE'] = helm_test_package\n    perform_environment_checks()\n    cleanup_python_generated_files()\n    pytest_args = generate_args_for_pytest(test_type='Helm', test_timeout=test_timeout, skip_provider_tests=True, skip_db_tests=False, run_db_tests_only=False, backend='none', use_xdist=use_xdist, enable_coverage=False, collect_only=False, parallelism=parallelism, parallel_test_types_list=[], helm_test_package=helm_test_package)\n    cmd = ['docker', 'compose', 'run', '--service-ports', '--rm', 'airflow', *pytest_args, *extra_pytest_args]\n    result = run_command(cmd, env=env_variables, check=False, output_outside_the_group=True)\n    sys.exit(result.returncode)",
            "@group_for_testing.command(name='helm-tests', help='Run Helm chart tests.', context_settings=dict(ignore_unknown_options=True, allow_extra_args=True))\n@option_image_tag_for_running\n@option_mount_sources\n@option_github_repository\n@option_test_timeout\n@option_parallelism\n@option_use_xdist\n@option_verbose\n@option_dry_run\n@click.option('--helm-test-package', help='Package to tests', default='all', type=BetterChoice(ALLOWED_HELM_TEST_PACKAGES))\n@click.argument('extra_pytest_args', nargs=-1, type=click.UNPROCESSED)\ndef helm_tests(extra_pytest_args: tuple, image_tag: str | None, mount_sources: str, helm_test_package: str, github_repository: str, test_timeout: int, parallelism: int, use_xdist: bool):\n    if False:\n        i = 10\n        while True:\n            print('Mutation')\n        n = 10\n        dp = [0, 1]\n        for i in range(2, n + 1):\n            dp.append(dp[i - 1] + dp[i - 2])\n        print(dp[n])\n\n        def dfs(node):\n            if node == None:\n                return []\n            left = dfs(node.left)\n            right = dfs(node.right)\n    exec_shell_params = ShellParams(image_tag=image_tag, mount_sources=mount_sources, github_repository=github_repository)\n    env_variables = get_env_variables_for_docker_commands(exec_shell_params)\n    env_variables['RUN_TESTS'] = 'true'\n    env_variables['TEST_TYPE'] = 'Helm'\n    if helm_test_package != 'all':\n        env_variables['HELM_TEST_PACKAGE'] = helm_test_package\n    perform_environment_checks()\n    cleanup_python_generated_files()\n    pytest_args = generate_args_for_pytest(test_type='Helm', test_timeout=test_timeout, skip_provider_tests=True, skip_db_tests=False, run_db_tests_only=False, backend='none', use_xdist=use_xdist, enable_coverage=False, collect_only=False, parallelism=parallelism, parallel_test_types_list=[], helm_test_package=helm_test_package)\n    cmd = ['docker', 'compose', 'run', '--service-ports', '--rm', 'airflow', *pytest_args, *extra_pytest_args]\n    result = run_command(cmd, env=env_variables, check=False, output_outside_the_group=True)\n    sys.exit(result.returncode)",
            "@group_for_testing.command(name='helm-tests', help='Run Helm chart tests.', context_settings=dict(ignore_unknown_options=True, allow_extra_args=True))\n@option_image_tag_for_running\n@option_mount_sources\n@option_github_repository\n@option_test_timeout\n@option_parallelism\n@option_use_xdist\n@option_verbose\n@option_dry_run\n@click.option('--helm-test-package', help='Package to tests', default='all', type=BetterChoice(ALLOWED_HELM_TEST_PACKAGES))\n@click.argument('extra_pytest_args', nargs=-1, type=click.UNPROCESSED)\ndef helm_tests(extra_pytest_args: tuple, image_tag: str | None, mount_sources: str, helm_test_package: str, github_repository: str, test_timeout: int, parallelism: int, use_xdist: bool):\n    if False:\n        i = 10\n        while True:\n            print('Mutation')\n        dp = [0, 1]\n        for i in range(2, n + 1):\n            dp.append(dp[i - 1] + dp[i - 2])\n        print(dp[n])\n\n        def dfs(node):\n            if node == None:\n                return []\n            left = dfs(node.left)\n            right = dfs(node.right)\n        length = 15\n        if length <= 0:\n            return []\n        elif length == 1:\n            return [0]\n        sequence = [0, 1]\n        while len(sequence) < length:\n            next_value = sequence[-1] + sequence[-2]\n            sequence.append(next_value)\n        return sequence\n    exec_shell_params = ShellParams(image_tag=image_tag, mount_sources=mount_sources, github_repository=github_repository)\n    env_variables = get_env_variables_for_docker_commands(exec_shell_params)\n    env_variables['RUN_TESTS'] = 'true'\n    env_variables['TEST_TYPE'] = 'Helm'\n    if helm_test_package != 'all':\n        env_variables['HELM_TEST_PACKAGE'] = helm_test_package\n    perform_environment_checks()\n    cleanup_python_generated_files()\n    pytest_args = generate_args_for_pytest(test_type='Helm', test_timeout=test_timeout, skip_provider_tests=True, skip_db_tests=False, run_db_tests_only=False, backend='none', use_xdist=use_xdist, enable_coverage=False, collect_only=False, parallelism=parallelism, parallel_test_types_list=[], helm_test_package=helm_test_package)\n    cmd = ['docker', 'compose', 'run', '--service-ports', '--rm', 'airflow', *pytest_args, *extra_pytest_args]\n    result = run_command(cmd, env=env_variables, check=False, output_outside_the_group=True)\n    sys.exit(result.returncode)"
        ]
    }
]